Mar 12 |21:12:45| 2022: 'Altair' used the 'Airstrike' command on 'Altair'
Mar 12 |21:13:11| 2022: 'Altair' used the 'Switch Health Style' command on 'Altair'
Mar 12 |21:13:13| 2022: 'Altair' used the 'Switch Health Style' command on 'Altair'
Mar 12 |21:13:37| 2022: Altair used the 'Set Health' command on 'Altair' with value <200>
Mar 12 |21:13:40| 2022: Altair used the 'Set Health' command on 'Altair' with value <400>
Mar 12 |21:13:52| 2022: Altair used the 'Set Health' command on 'Altair' with value <1600>
Mar 12 |21:13:54| 2022: Altair used the 'Set Health' command on 'Altair' with value <6400>
Mar 12 |21:13:56| 2022: Altair used the 'Set Health' command on 'Altair' with value <25600>
Mar 12 |21:13:57| 2022: Altair used the 'Set Health' command on 'Altair' with value <102400>
Mar 12 |21:13:58| 2022: Altair used the 'Set Health' command on 'Altair' with value <147456>
Mar 12 |21:15:41| 2022: Altair used the 'Charger' command on 'Tank'
Mar 12 |21:15:53| 2022: Altair used the 'Charger' command on 'Tank'
Mar 12 |21:15:56| 2022: Altair used the 'Charger' command on 'Tank'
Mar 12 |21:15:58| 2022: Altair used the 'Charger' command on 'Tank'
Mar 12 |21:15:58| 2022: Altair used the 'Charger' command on 'Tank'
Mar 12 |21:15:59| 2022: Altair used the 'Charger' command on 'Tank'
Mar 12 |21:16:02| 2022: Altair used the 'Charger' command on 'Tank'
Mar 12 |21:16:04| 2022: Altair used the 'Charger' command on 'Tank'
Mar 12 |21:16:04| 2022: Altair used the 'Charger' command on 'Tank'
Mar 12 |21:16:05| 2022: Altair used the 'Charger' command on 'Tank'
Mar 12 |21:16:07| 2022: Altair used the 'Charger' command on 'Tank'
Mar 12 |21:16:07| 2022: Altair used the 'Charger' command on 'Tank'
Mar 12 |21:16:07| 2022: Altair used the 'Charger' command on 'Tank'
Mar 12 |21:16:08| 2022: Altair used the 'Charger' command on 'Tank'
Mar 12 |21:16:08| 2022: Altair used the 'Charger' command on 'Tank'
Mar 12 |21:16:08| 2022: Altair used the 'Charger' command on 'Tank'
Mar 12 |21:16:08| 2022: Altair used the 'Charger' command on 'Tank'
Mar 12 |21:16:09| 2022: Altair used the 'Charger' command on 'Tank'
Mar 12 |21:16:09| 2022: Altair used the 'Charger' command on 'Tank'
Mar 12 |21:16:09| 2022: Altair used the 'Charger' command on 'Tank'
Mar 12 |21:16:10| 2022: Altair used the 'Charger' command on 'Tank'
Mar 12 |21:16:10| 2022: Altair used the 'Charger' command on 'Tank'
Mar 12 |21:16:10| 2022: Altair used the 'Charger' command on 'Tank'
Mar 12 |21:16:10| 2022: Altair used the 'Charger' command on 'Tank'
Mar 12 |21:16:10| 2022: Altair used the 'Charger' command on 'Tank'
Mar 12 |21:16:10| 2022: Altair used the 'Charger' command on 'Tank'
Mar 12 |21:16:11| 2022: Altair used the 'Charger' command on 'Tank'
Mar 12 |21:16:11| 2022: Altair used the 'Charger' command on 'Tank'
Mar 12 |21:16:11| 2022: Altair used the 'Charger' command on 'Tank'
Mar 12 |21:16:54| 2022: 'Altair' used the 'Antirush' command on 'Altair'
Mar 12 |21:17:09| 2022: 'Altair' used the 'Antirush' command on 'Altair'
Mar 12 |21:19:52| 2022: Altair used the 'Set Health' command on 'Altair' with value <337>
Mar 12 |21:23:46| 2022: Altair used the 'Charger' command on 'Tank'
Mar 12 |21:23:47| 2022: Altair used the 'Charger' command on 'Tank'
Mar 12 |21:23:49| 2022: Altair used the 'Charger' command on 'Tank'
Mar 12 |21:23:50| 2022: Altair used the 'Charger' command on 'Tank'
Mar 12 |21:23:51| 2022: Altair used the 'Charger' command on 'Tank'
Mar 12 |21:23:51| 2022: Altair used the 'Charger' command on 'Tank'
Mar 12 |21:23:51| 2022: Altair used the 'Charger' command on 'Tank'
Mar 12 |21:23:51| 2022: Altair used the 'Charger' command on 'Tank'
Mar 12 |21:23:51| 2022: Altair used the 'Charger' command on 'Tank'
Mar 12 |21:23:51| 2022: Altair used the 'Charger' command on 'Tank'
Mar 12 |21:23:52| 2022: Altair used the 'Charger' command on 'Tank'
Mar 12 |21:23:52| 2022: Altair used the 'Charger' command on 'Tank'
Mar 12 |21:23:52| 2022: Altair used the 'Charger' command on 'Tank'
Mar 12 |21:23:52| 2022: Altair used the 'Charger' command on 'Tank'
Mar 12 |21:23:58| 2022: Altair used the 'Charger' command on 'Tank'
Mar 12 |21:23:58| 2022: Altair used the 'Charger' command on 'Tank'
Mar 12 |21:23:58| 2022: Altair used the 'Charger' command on 'Tank'
Mar 12 |21:23:59| 2022: Altair used the 'Charger' command on 'Tank'
Mar 12 |21:23:59| 2022: Altair used the 'Charger' command on 'Tank'
Mar 12 |21:24:00| 2022: Altair used the 'Charger' command on 'Tank'
Mar 12 |21:24:00| 2022: Altair used the 'Charger' command on 'Tank'
Mar 12 |21:24:00| 2022: Altair used the 'Charger' command on 'Tank'
Mar 12 |21:24:00| 2022: Altair used the 'Charger' command on 'Tank'
Mar 12 |21:24:01| 2022: Altair used the 'Charger' command on 'Tank'
Mar 12 |21:24:02| 2022: Altair used the 'Charger' command on 'Tank'
Mar 12 |21:24:03| 2022: Altair used the 'Charger' command on '(1)Tank'
Mar 12 |21:24:03| 2022: Altair used the 'Charger' command on '(1)Tank'
Mar 12 |21:24:03| 2022: Altair used the 'Charger' command on 'Hen'
Mar 12 |21:24:04| 2022: Altair used the 'Charger' command on 'Hen'
Mar 12 |21:24:04| 2022: Altair used the 'Charger' command on 'Hen'
Mar 12 |21:24:04| 2022: Altair used the 'Charger' command on 'Hen'
Mar 12 |21:24:04| 2022: Altair used the 'Charger' command on 'Hen'
Mar 12 |21:24:05| 2022: Altair used the 'Charger' command on 'Hen'
Mar 12 |21:24:05| 2022: Altair used the 'Charger' command on 'Hen'
Mar 12 |21:24:05| 2022: Altair used the 'Charger' command on 'Hen'
Mar 12 |21:24:06| 2022: Altair used the 'Charger' command on 'Hen'
Mar 12 |21:24:06| 2022: Altair used the 'Charger' command on 'Hen'
Mar 12 |21:24:06| 2022: Altair used the 'Charger' command on 'Hen'
Mar 12 |21:24:06| 2022: Altair used the 'Charger' command on '(2)Tank'
Mar 12 |21:24:07| 2022: Altair used the 'Charger' command on '(2)Tank'
Mar 12 |21:24:07| 2022: Altair used the 'Charger' command on '(2)Tank'
Mar 12 |21:24:07| 2022: Altair used the 'Charger' command on '(2)Tank'
Mar 12 |21:24:07| 2022: Altair used the 'Charger' command on '(2)Tank'
Mar 12 |21:24:07| 2022: Altair used the 'Charger' command on '(2)Tank'
