Apr 23 |03:21:15| 2022: 'mind' used the 'Antirush' command on 'The valley of shit'
Apr 23 |03:22:03| 2022: mind used the 'Set Health' command on 'The valley of shit' with value <101>
Apr 23 |03:23:37| 2022: Altair used the 'Set Health' command on 'The valley of shit' with value <100>
Apr 23 |03:23:41| 2022: mind used the 'Set Health' command on 'The valley of shit' with value <200>
Apr 23 |03:23:41| 2022: Altair used the 'Set Health' command on 'Cristhian' with value <82>
Apr 23 |03:33:54| 2022: 'mind' used the 'Teleport' command on 'kyoko.c'
Apr 23 |03:33:58| 2022: 'mind' used the 'Teleport' command on 'kyoko.c'
Apr 23 |03:34:01| 2022: 'mind' used the 'Teleport' command on 'kyoko.c'
Apr 23 |03:34:11| 2022: 'mind' used the 'Teleport' command on 'Ezquizoide Esquisitinho'
Apr 23 |03:34:22| 2022: 'mind' used the 'Teleport' command on 'Torneio de L4D2'
Apr 23 |03:34:25| 2022: 'mind' used the 'Teleport' command on 'kyoko.c'
Apr 23 |03:34:29| 2022: 'mind' used the 'Teleport' command on 'Bill'
Apr 23 |03:34:32| 2022: 'mind' used the 'Teleport' command on 'Zoey'
Apr 23 |03:34:33| 2022: 'mind' used the 'Teleport' command on 'Francis'
Apr 23 |03:34:33| 2022: 'mind' used the 'Teleport' command on 'Louis'
Apr 23 |03:34:38| 2022: 'mind' used the 'Teleport' command on 'kyoko.c'
Apr 23 |03:34:41| 2022: 'mind' used the 'Teleport' command on 'kyoko.c'
Apr 23 |03:34:42| 2022: 'mind' used the 'Teleport' command on 'kyoko.c'
Apr 23 |03:34:44| 2022: 'mind' used the 'Teleport' command on 'kyoko.c'
Apr 23 |03:35:02| 2022: 'mind' used the 'Set Explosion' command
Apr 23 |03:35:05| 2022: 'mind' used the 'Set Explosion' command
Apr 23 |03:35:05| 2022: 'mind' used the 'Set Explosion' command
Apr 23 |03:35:06| 2022: 'mind' used the 'Set Explosion' command
Apr 23 |03:35:07| 2022: 'mind' used the 'Set Explosion' command
Apr 23 |03:35:07| 2022: 'mind' used the 'Set Explosion' command
Apr 23 |03:35:08| 2022: 'mind' used the 'Set Explosion' command
Apr 23 |03:35:08| 2022: 'mind' used the 'Set Explosion' command
Apr 23 |03:35:08| 2022: 'mind' used the 'Set Explosion' command
Apr 23 |03:35:09| 2022: 'mind' used the 'Set Explosion' command
Apr 23 |03:35:09| 2022: 'mind' used the 'Set Explosion' command
Apr 23 |03:35:09| 2022: 'mind' used the 'Set Explosion' command
Apr 23 |03:35:09| 2022: 'mind' used the 'Set Explosion' command
Apr 23 |03:35:10| 2022: 'mind' used the 'Set Explosion' command
Apr 23 |03:35:10| 2022: 'mind' used the 'Set Explosion' command
Apr 23 |03:35:10| 2022: 'mind' used the 'Set Explosion' command
Apr 23 |03:35:10| 2022: 'mind' used the 'Set Explosion' command
Apr 23 |03:35:11| 2022: 'mind' used the 'Set Explosion' command
Apr 23 |03:35:11| 2022: 'mind' used the 'Set Explosion' command
