May 01 |21:27:04| 2022: "Altair" used the "Vomit Player" command on "Charger"
May 01 |21:27:10| 2022: "Altair" used the "Vomit Player" command on "Louis"
May 01 |21:27:12| 2022: "Altair" used the "Vomit Player" command on "Francis"
May 01 |21:27:13| 2022: "Altair" used the "Vomit Player" command on "Bill"
May 01 |21:27:15| 2022: "Altair" used the "Vomit Player" command on "Spitter"
May 01 |21:27:17| 2022: "Altair" used the "Vomit Player" command on "Spitter"
May 01 |21:27:22| 2022: "Altair" used the "Vomit Player" command on "Louis"
May 01 |21:27:22| 2022: "Altair" used the "Vomit Player" command on "Altair"
May 01 |21:27:23| 2022: "Altair" used the "Vomit Player" command on "Altair"
May 01 |21:27:23| 2022: "Altair" used the "Vomit Player" command on "Altair"
May 01 |21:27:23| 2022: "Altair" used the "Vomit Player" command on "Altair"
May 01 |21:27:23| 2022: "Altair" used the "Vomit Player" command on "Altair"
May 01 |21:27:24| 2022: "Altair" used the "Vomit Player" command on "Louis"
May 01 |21:27:24| 2022: "Altair" used the "Vomit Player" command on "Louis"
May 01 |21:27:24| 2022: "Altair" used the "Vomit Player" command on "Louis"
May 01 |21:27:24| 2022: "Altair" used the "Vomit Player" command on "Louis"
May 01 |21:27:24| 2022: "Altair" used the "Vomit Player" command on "Louis"
May 01 |21:27:25| 2022: "Altair" used the "Vomit Player" command on "Louis"
May 01 |21:27:25| 2022: "Altair" used the "Vomit Player" command on "Louis"
May 01 |21:27:25| 2022: "Altair" used the "Vomit Player" command on "Louis"
May 01 |21:27:25| 2022: "Altair" used the "Vomit Player" command on "Louis"
May 01 |21:27:26| 2022: "Altair" used the "Vomit Player" command on "Louis"
May 01 |21:27:26| 2022: "Altair" used the "Vomit Player" command on "Louis"
May 01 |21:27:26| 2022: "Altair" used the "Vomit Player" command on "Louis"
May 01 |21:27:26| 2022: "Altair" used the "Vomit Player" command on "Louis"
May 01 |21:27:26| 2022: "Altair" used the "Vomit Player" command on "Louis"
May 01 |21:27:27| 2022: "Altair" used the "Vomit Player" command on "Louis"
May 01 |21:27:27| 2022: "Altair" used the "Vomit Player" command on "Louis"
May 01 |21:27:27| 2022: "Altair" used the "Vomit Player" command on "Louis"
May 01 |21:27:28| 2022: "Altair" used the "Vomit Player" command on "Louis"
May 01 |21:27:28| 2022: "Altair" used the "Vomit Player" command on "Louis"
May 01 |21:27:28| 2022: "Altair" used the "Vomit Player" command on "Louis"
May 01 |21:27:29| 2022: "Altair" used the "Vomit Player" command on "Louis"
May 01 |21:27:29| 2022: "Altair" used the "Vomit Player" command on "Louis"
May 01 |21:27:47| 2022: "Altair" used the "Vomit Player" command on "Console"
