May 04 |19:21:29| 2022: mind used the 'Charger' command on 'DrPanicBR'
May 04 |19:21:33| 2022: mind used the 'Charger' command on 'DrPanicBR'
May 04 |19:21:40| 2022: mind used the 'Charger' command on 'mind'
May 04 |19:21:43| 2022: mind used the 'Charger' command on 'mind'
May 04 |19:21:43| 2022: mind used the 'Charger' command on 'mind'
May 04 |19:21:44| 2022: mind used the 'Charger' command on 'mind'
May 04 |19:21:44| 2022: mind used the 'Charger' command on 'mind'
May 04 |19:21:45| 2022: mind used the 'Charger' command on 'mind'
May 04 |19:21:46| 2022: mind used the 'Charger' command on 'Jean'
May 04 |19:21:47| 2022: mind used the 'Charger' command on 'Jean'
May 04 |19:21:47| 2022: mind used the 'Charger' command on 'Jean'
May 04 |19:21:47| 2022: mind used the 'Charger' command on 'Jean'
May 04 |19:21:47| 2022: mind used the 'Charger' command on 'Jean'
May 04 |19:21:47| 2022: mind used the 'Charger' command on 'Jean'
May 04 |19:21:47| 2022: mind used the 'Charger' command on 'Jean'
May 04 |19:21:48| 2022: mind used the 'Charger' command on 'Jean'
May 04 |19:21:49| 2022: mind used the 'Charger' command on 'Jean'
May 04 |19:21:49| 2022: mind used the 'Charger' command on 'Jean'
May 04 |19:21:49| 2022: mind used the 'Charger' command on 'Jean'
May 04 |19:21:57| 2022: mind used the 'Charger' command on 'Jean'
May 04 |19:21:57| 2022: mind used the 'Charger' command on 'Jean'
May 04 |19:21:57| 2022: mind used the 'Charger' command on 'Jean'
May 04 |19:21:57| 2022: mind used the 'Charger' command on 'Jean'
May 04 |19:21:58| 2022: mind used the 'Charger' command on 'Jean'
May 04 |19:21:58| 2022: mind used the 'Charger' command on 'Jean'
May 04 |19:21:58| 2022: mind used the 'Charger' command on 'Jean'
May 04 |19:21:58| 2022: mind used the 'Charger' command on 'Jean'
May 04 |19:22:28| 2022: mind used the 'Charger' command on 'DrPanicBR'
May 04 |19:22:28| 2022: mind used the 'Charger' command on 'DrPanicBR'
May 04 |19:22:28| 2022: mind used the 'Charger' command on 'DrPanicBR'
May 04 |19:22:29| 2022: mind used the 'Charger' command on 'DrPanicBR'
May 04 |19:22:29| 2022: mind used the 'Charger' command on 'DrPanicBR'
May 04 |19:22:29| 2022: mind used the 'Charger' command on 'DrPanicBR'
May 04 |19:22:29| 2022: mind used the 'Charger' command on 'DrPanicBR'
May 04 |19:22:29| 2022: mind used the 'Charger' command on 'DrPanicBR'
May 04 |19:22:30| 2022: mind used the 'Charger' command on 'DrPanicBR'
May 04 |19:22:30| 2022: mind used the 'Charger' command on 'DrPanicBR'
May 04 |19:22:30| 2022: mind used the 'Charger' command on 'DrPanicBR'
May 04 |19:22:30| 2022: mind used the 'Charger' command on 'DrPanicBR'
May 04 |19:22:30| 2022: mind used the 'Charger' command on 'DrPanicBR'
May 04 |19:22:36| 2022: mind used the 'Charger' command on 'Jean'
May 04 |19:22:36| 2022: mind used the 'Charger' command on 'Jean'
May 04 |19:22:36| 2022: mind used the 'Charger' command on 'Jean'
May 04 |19:22:36| 2022: mind used the 'Charger' command on 'Jean'
May 04 |19:22:36| 2022: mind used the 'Charger' command on 'Jean'
May 04 |19:22:37| 2022: mind used the 'Charger' command on 'Jean'
May 04 |19:22:37| 2022: mind used the 'Charger' command on 'Jean'
May 04 |19:22:37| 2022: mind used the 'Charger' command on 'Jean'
May 04 |19:22:37| 2022: mind used the 'Charger' command on 'Jean'
May 04 |19:22:37| 2022: mind used the 'Charger' command on 'Jean'
May 04 |19:22:37| 2022: mind used the 'Charger' command on 'Jean'
May 04 |19:22:38| 2022: mind used the 'Charger' command on 'Jean'
May 04 |19:22:38| 2022: mind used the 'Charger' command on 'Jean'
May 04 |19:22:40| 2022: mind used the 'Charger' command on 'Jean'
May 04 |19:22:41| 2022: mind used the 'Charger' command on 'Jean'
May 04 |19:22:41| 2022: mind used the 'Charger' command on 'Jean'
May 04 |19:22:41| 2022: mind used the 'Charger' command on 'Jean'
May 04 |19:22:41| 2022: mind used the 'Charger' command on 'Jean'
May 04 |19:22:41| 2022: mind used the 'Charger' command on 'Jean'
May 04 |19:22:42| 2022: mind used the 'Charger' command on 'Jean'
May 04 |19:22:44| 2022: mind used the 'Charger' command on 'DrPanicBR'
May 04 |19:22:44| 2022: mind used the 'Charger' command on 'DrPanicBR'
May 04 |19:25:47| 2022: 'mind' used the 'Set Explosion' command
May 04 |19:25:52| 2022: 'mind' used the 'Set Explosion' command
May 04 |19:26:05| 2022: 'mind' used the 'Set Explosion' command
May 04 |19:26:22| 2022: mind used the 'Gpd Mode' command on 'Altair'
May 04 |19:27:08| 2022: mind used the 'Gpd Mode' command on 'Jean'
May 04 |19:27:09| 2022: mind used the 'Gpd Mode' command on 'mind'
May 04 |19:27:31| 2022: "mind" used the "Vomit Player" command on "DrPanicBR"
May 04 |19:27:35| 2022: "mind" used the "Vomit Player" command on "Jean"
May 04 |19:28:02| 2022: "mind" used the "Vomit Player" command on "DrPanicBR"
May 04 |19:28:12| 2022: "mind" used the "Vomit Player" command on "DrPanicBR"
May 04 |19:28:19| 2022: 'mind' used the 'Teleport' command on 'DrPanicBR'
May 04 |19:30:12| 2022: 'mind' used the 'Teleport' command on 'Jean'
May 04 |19:30:36| 2022: 'mind' used the 'Teleport' command on 'Torneio de L4D2'
May 04 |19:30:43| 2022: 'mind' used the 'Teleport' command on 'Torneio de L4D2'
May 04 |19:30:46| 2022: 'mind' used the 'Teleport' command on 'Charger'
May 04 |19:31:03| 2022: mind used the 'Gnome Wipe' command
May 04 |19:32:46| 2022: "mind" used the "Vomit Player" command on "Altair"
May 04 |19:34:43| 2022: mind used the 'Gnome Wipe' command
