Jul 09 |19:44:52| 2022: Altair used the 'Set Health' command on 'Altair' with value <298>
Jul 09 |20:12:09| 2022: 'Altair' used the 'Set Heealth' command on 'Altair' with value <100>
Jul 09 |20:12:14| 2022: 'Altair' used the 'Set Heealth' command on 'Altair' with value <50>
Jul 09 |20:13:19| 2022: 'Altair' used the 'Set Heealth' command on '#2' with value <100>
Jul 09 |20:14:31| 2022: 'Altair' used the 'Weapon Rain' command
Jul 09 |20:14:43| 2022: 'Altair' used the 'Weapon Rain' command
Jul 09 |20:25:44| 2022: 'Altair' used the 'Anti Rush' command on '#2'
Jul 09 |21:53:47| 2022: 'Altair' used the 'Set Heealth' command on 'Vinni Vicius' with value <100>
Jul 09 |21:54:02| 2022: 'Altair' used the 'Set Heealth' command on 'Vinni Vicius' with value <250>
Jul 09 |21:54:29| 2022: 'Altair' used the 'Anti Rush' command on 'Vinni Vicius'
Jul 09 |21:56:42| 2022: 'Altair' used the 'Set Heealth' command on 'Altair' with value <100>
Jul 09 |21:56:48| 2022: 'Altair' used the 'Set Heealth' command on 'Yuma' with value <100>
Jul 09 |21:56:54| 2022: 'Altair' used the 'Set Heealth' command on 'Sapuz' with value <100>
Jul 09 |21:56:59| 2022: 'Altair' used the 'Set Heealth' command on 'RasnerBR' with value <100>
Jul 09 |23:16:06| 2022: A command was executed from the server console, but is not permitted
Jul 09 |23:17:44| 2022: 'Altair' used the 'Anti Rush' command on '@humans'
Jul 09 |23:26:01| 2022: 'Altair' used the 'Anti Rush' command on '@humans'
Jul 09 |23:26:09| 2022: 'Altair' used the 'Anti Rush' command on '@humans'
Jul 09 |23:26:23| 2022: 'Altair' used the 'Anti Rush' command on '@humans'
Jul 09 |23:26:37| 2022: 'Altair' used the 'Anti Rush' command on '@alive'
Jul 09 |23:28:08| 2022: 'Altair' used the 'Set Heealth' command on '@humans' with value <100>
Jul 09 |23:28:50| 2022: 'Altair' used the 'Set Heealth' command on '@humans' with value <100>
