L 05/22/2022 - 16:09:17: SourceMod error session started
L 05/22/2022 - 16:09:17: Info (map "c1m1_hotel") (file "/home/steam/l4d2/left4dead2/addons/sourcemod/logs/errors_20220522.log")
L 05/22/2022 - 16:09:17: [SM] Failed to load plugin "nextmap.smx": Nextmap is incompatible with this game.
L 05/22/2022 - 16:09:17: [SM] Unrecognized library "matchmaking_ds" (gameconf "/home/steam/l4d2/left4dead2/addons/sourcemod/gamedata/l4dslots.txt")
L 05/22/2022 - 16:09:24: [l4dslots.smx] sv_maxplayers MS init error
L 05/22/2022 - 16:10:08: Error log file session closed.
L 05/22/2022 - 17:46:21: SourceMod error session started
L 05/22/2022 - 17:46:21: Info (map "c1m1_hotel") (file "/home/steam/l4d2/left4dead2/addons/sourcemod/logs/errors_20220522.log")
L 05/22/2022 - 17:46:21: [SM] Failed to load plugin "nextmap.smx": Nextmap is incompatible with this game.
L 05/22/2022 - 17:46:21: [SM] Unrecognized library "matchmaking_ds" (gameconf "/home/steam/l4d2/left4dead2/addons/sourcemod/gamedata/l4dslots.txt")
L 05/22/2022 - 17:46:28: [l4dslots.smx] sv_maxplayers MS init error
L 05/22/2022 - 17:46:49: Error log file session closed.
L 05/22/2022 - 19:29:28: SourceMod error session started
L 05/22/2022 - 19:29:28: Info (map "c1m1_hotel") (file "/home/steam/l4d2/left4dead2/addons/sourcemod/logs/errors_20220522.log")
L 05/22/2022 - 19:29:28: [SM] Failed to load plugin "nextmap.smx": Nextmap is incompatible with this game.
L 05/22/2022 - 19:29:28: [SM] Unrecognized library "matchmaking_ds" (gameconf "/home/steam/l4d2/left4dead2/addons/sourcemod/gamedata/l4dslots.txt")
L 05/22/2022 - 19:29:35: [l4dslots.smx] sv_maxplayers MS init error
L 05/22/2022 - 19:32:24: SourceMod error session started
L 05/22/2022 - 19:32:24: Info (map "c1m1_hotel") (file "/home/steam/l4d2/left4dead2/addons/sourcemod/logs/errors_20220522.log")
L 05/22/2022 - 19:32:24: [SM] Failed to load plugin "nextmap.smx": Nextmap is incompatible with this game.
L 05/22/2022 - 19:32:24: [SM] Unrecognized library "matchmaking_ds" (gameconf "/home/steam/l4d2/left4dead2/addons/sourcemod/gamedata/l4dslots.txt")
L 05/22/2022 - 19:32:26: [l4dslots.smx] sv_maxplayers MS init error
L 05/22/2022 - 19:32:46: Error log file session closed.
L 05/22/2022 - 22:04:28: SourceMod error session started
L 05/22/2022 - 22:04:28: Info (map "c1m1_hotel") (file "/home/steam/l4d2/left4dead2/addons/sourcemod/logs/errors_20220522.log")
L 05/22/2022 - 22:04:28: [SM] Failed to load plugin "nextmap.smx": Nextmap is incompatible with this game.
L 05/22/2022 - 22:04:28: [SM] Unrecognized library "matchmaking_ds" (gameconf "/home/steam/l4d2/left4dead2/addons/sourcemod/gamedata/l4dslots.txt")
L 05/22/2022 - 22:04:35: [l4dslots.smx] sv_maxplayers MS init error
L 05/22/2022 - 22:09:14: Error log file session closed.
