L 05/19/2022 - 01:46:16: SourceMod error session started
L 05/19/2022 - 01:46:16: Info (map "c1m1_hotel") (file "/home/steam/l4d2/left4dead2/addons/sourcemod/logs/errors_20220519.log")
L 05/19/2022 - 01:46:16: [SM] Failed to load plugin "nextmap.smx": Nextmap is incompatible with this game.
L 05/19/2022 - 01:46:16: [SM] Unrecognized library "matchmaking_ds" (gameconf "/home/steam/l4d2/left4dead2/addons/sourcemod/gamedata/l4dslots.txt")
L 05/19/2022 - 01:46:35: [l4dslots.smx] sv_maxplayers MS init error
L 05/19/2022 - 01:47:07: SourceMod error session started
L 05/19/2022 - 01:47:07: Info (map "c1m1_hotel") (file "/home/steam/l4d2/left4dead2/addons/sourcemod/logs/errors_20220519.log")
L 05/19/2022 - 01:47:07: [SM] Failed to load plugin "nextmap.smx": Nextmap is incompatible with this game.
L 05/19/2022 - 01:47:07: [SM] Unrecognized library "matchmaking_ds" (gameconf "/home/steam/l4d2/left4dead2/addons/sourcemod/gamedata/l4dslots.txt")
L 05/19/2022 - 01:47:25: [l4dslots.smx] sv_maxplayers MS init error
L 05/19/2022 - 01:47:55: SourceMod error session started
L 05/19/2022 - 01:47:55: Info (map "c1m1_hotel") (file "/home/steam/l4d2/left4dead2/addons/sourcemod/logs/errors_20220519.log")
L 05/19/2022 - 01:47:55: [SM] Failed to load plugin "nextmap.smx": Nextmap is incompatible with this game.
L 05/19/2022 - 01:47:55: [SM] Unrecognized library "matchmaking_ds" (gameconf "/home/steam/l4d2/left4dead2/addons/sourcemod/gamedata/l4dslots.txt")
L 05/19/2022 - 01:48:13: [l4dslots.smx] sv_maxplayers MS init error
L 05/19/2022 - 01:48:45: SourceMod error session started
L 05/19/2022 - 01:48:45: Info (map "c1m1_hotel") (file "/home/steam/l4d2/left4dead2/addons/sourcemod/logs/errors_20220519.log")
L 05/19/2022 - 01:48:45: [SM] Failed to load plugin "nextmap.smx": Nextmap is incompatible with this game.
L 05/19/2022 - 01:48:45: [SM] Unrecognized library "matchmaking_ds" (gameconf "/home/steam/l4d2/left4dead2/addons/sourcemod/gamedata/l4dslots.txt")
L 05/19/2022 - 01:49:03: [l4dslots.smx] sv_maxplayers MS init error
L 05/19/2022 - 01:49:34: SourceMod error session started
L 05/19/2022 - 01:49:34: Info (map "c1m1_hotel") (file "/home/steam/l4d2/left4dead2/addons/sourcemod/logs/errors_20220519.log")
L 05/19/2022 - 01:49:34: [SM] Failed to load plugin "nextmap.smx": Nextmap is incompatible with this game.
L 05/19/2022 - 01:49:34: [SM] Unrecognized library "matchmaking_ds" (gameconf "/home/steam/l4d2/left4dead2/addons/sourcemod/gamedata/l4dslots.txt")
L 05/19/2022 - 01:49:54: [l4dslots.smx] sv_maxplayers MS init error
L 05/19/2022 - 01:50:24: SourceMod error session started
L 05/19/2022 - 01:50:24: Info (map "c1m1_hotel") (file "/home/steam/l4d2/left4dead2/addons/sourcemod/logs/errors_20220519.log")
L 05/19/2022 - 01:50:24: [SM] Failed to load plugin "nextmap.smx": Nextmap is incompatible with this game.
L 05/19/2022 - 01:50:24: [SM] Unrecognized library "matchmaking_ds" (gameconf "/home/steam/l4d2/left4dead2/addons/sourcemod/gamedata/l4dslots.txt")
L 05/19/2022 - 01:50:44: [l4dslots.smx] sv_maxplayers MS init error
L 05/19/2022 - 01:51:15: SourceMod error session started
L 05/19/2022 - 01:51:15: Info (map "c1m1_hotel") (file "/home/steam/l4d2/left4dead2/addons/sourcemod/logs/errors_20220519.log")
L 05/19/2022 - 01:51:15: [SM] Failed to load plugin "nextmap.smx": Nextmap is incompatible with this game.
L 05/19/2022 - 01:51:15: [SM] Unrecognized library "matchmaking_ds" (gameconf "/home/steam/l4d2/left4dead2/addons/sourcemod/gamedata/l4dslots.txt")
L 05/19/2022 - 01:51:33: [l4dslots.smx] sv_maxplayers MS init error
L 05/19/2022 - 01:52:03: SourceMod error session started
L 05/19/2022 - 01:52:03: Info (map "c1m1_hotel") (file "/home/steam/l4d2/left4dead2/addons/sourcemod/logs/errors_20220519.log")
L 05/19/2022 - 01:52:03: [SM] Failed to load plugin "nextmap.smx": Nextmap is incompatible with this game.
L 05/19/2022 - 01:52:04: [SM] Unrecognized library "matchmaking_ds" (gameconf "/home/steam/l4d2/left4dead2/addons/sourcemod/gamedata/l4dslots.txt")
L 05/19/2022 - 01:52:21: [l4dslots.smx] sv_maxplayers MS init error
L 05/19/2022 - 01:52:52: SourceMod error session started
L 05/19/2022 - 01:52:52: Info (map "c1m1_hotel") (file "/home/steam/l4d2/left4dead2/addons/sourcemod/logs/errors_20220519.log")
L 05/19/2022 - 01:52:52: [SM] Failed to load plugin "nextmap.smx": Nextmap is incompatible with this game.
L 05/19/2022 - 01:52:52: [SM] Unrecognized library "matchmaking_ds" (gameconf "/home/steam/l4d2/left4dead2/addons/sourcemod/gamedata/l4dslots.txt")
L 05/19/2022 - 01:53:10: [l4dslots.smx] sv_maxplayers MS init error
L 05/19/2022 - 01:53:43: SourceMod error session started
L 05/19/2022 - 01:53:43: Info (map "c1m1_hotel") (file "/home/steam/l4d2/left4dead2/addons/sourcemod/logs/errors_20220519.log")
L 05/19/2022 - 01:53:43: [SM] Failed to load plugin "nextmap.smx": Nextmap is incompatible with this game.
L 05/19/2022 - 01:53:43: [SM] Unrecognized library "matchmaking_ds" (gameconf "/home/steam/l4d2/left4dead2/addons/sourcemod/gamedata/l4dslots.txt")
L 05/19/2022 - 01:54:01: [l4dslots.smx] sv_maxplayers MS init error
L 05/19/2022 - 01:54:31: SourceMod error session started
L 05/19/2022 - 01:54:31: Info (map "c1m1_hotel") (file "/home/steam/l4d2/left4dead2/addons/sourcemod/logs/errors_20220519.log")
L 05/19/2022 - 01:54:31: [SM] Failed to load plugin "nextmap.smx": Nextmap is incompatible with this game.
L 05/19/2022 - 01:54:31: [SM] Unrecognized library "matchmaking_ds" (gameconf "/home/steam/l4d2/left4dead2/addons/sourcemod/gamedata/l4dslots.txt")
L 05/19/2022 - 01:54:50: [l4dslots.smx] sv_maxplayers MS init error
L 05/19/2022 - 01:55:22: SourceMod error session started
L 05/19/2022 - 01:55:22: Info (map "c1m1_hotel") (file "/home/steam/l4d2/left4dead2/addons/sourcemod/logs/errors_20220519.log")
L 05/19/2022 - 01:55:22: [SM] Failed to load plugin "nextmap.smx": Nextmap is incompatible with this game.
L 05/19/2022 - 01:55:22: [SM] Unrecognized library "matchmaking_ds" (gameconf "/home/steam/l4d2/left4dead2/addons/sourcemod/gamedata/l4dslots.txt")
L 05/19/2022 - 01:55:41: [l4dslots.smx] sv_maxplayers MS init error
L 05/19/2022 - 01:56:00: SourceMod error session started
L 05/19/2022 - 01:56:00: Info (map "c1m1_hotel") (file "/home/steam/l4d2/left4dead2/addons/sourcemod/logs/errors_20220519.log")
L 05/19/2022 - 01:56:00: [SM] Failed to load plugin "nextmap.smx": Nextmap is incompatible with this game.
L 05/19/2022 - 01:56:00: [SM] Unrecognized library "matchmaking_ds" (gameconf "/home/steam/l4d2/left4dead2/addons/sourcemod/gamedata/l4dslots.txt")
L 05/19/2022 - 01:56:02: [l4dslots.smx] sv_maxplayers MS init error
L 05/19/2022 - 01:57:17: Error log file session closed.
