L 04/23/2022 - 00:45:17: SourceMod error session started
L 04/23/2022 - 00:45:17: Info (map "c1m1_hotel") (file "/home/steam/l4d2/left4dead2/addons/sourcemod/logs/errors_20220423.log")
L 04/23/2022 - 00:45:17: [SM] Failed to load plugin "nextmap.smx": Nextmap is incompatible with this game.
L 04/23/2022 - 00:45:17: [SM] Unrecognized library "matchmaking_ds" (gameconf "/home/steam/l4d2/left4dead2/addons/sourcemod/gamedata/l4dslots.txt")
L 04/23/2022 - 00:45:20: [l4dslots.smx] sv_maxplayers MS init error
L 04/23/2022 - 00:45:36: Error log file session closed.
L 04/23/2022 - 00:46:47: SourceMod error session started
L 04/23/2022 - 00:46:47: Info (map "c1m1_hotel") (file "/home/steam/l4d2/left4dead2/addons/sourcemod/logs/errors_20220423.log")
L 04/23/2022 - 00:46:47: [SM] Failed to load plugin "nextmap.smx": Nextmap is incompatible with this game.
L 04/23/2022 - 00:46:47: [SM] Unrecognized library "matchmaking_ds" (gameconf "/home/steam/l4d2/left4dead2/addons/sourcemod/gamedata/l4dslots.txt")
L 04/23/2022 - 00:46:49: [l4dslots.smx] sv_maxplayers MS init error
L 04/23/2022 - 00:46:51: Error log file session closed.
L 04/23/2022 - 02:46:11: SourceMod error session started
L 04/23/2022 - 02:46:11: Info (map "c1m1_hotel") (file "/home/steam/l4d2/left4dead2/addons/sourcemod/logs/errors_20220423.log")
L 04/23/2022 - 02:46:11: [SM] Failed to load plugin "nextmap.smx": Nextmap is incompatible with this game.
L 04/23/2022 - 02:46:11: [SM] Unrecognized library "matchmaking_ds" (gameconf "/home/steam/l4d2/left4dead2/addons/sourcemod/gamedata/l4dslots.txt")
L 04/23/2022 - 02:46:13: [l4dslots.smx] sv_maxplayers MS init error
L 04/23/2022 - 02:46:24: Error log file session closed.
L 04/23/2022 - 03:27:45: SourceMod error session started
L 04/23/2022 - 03:27:45: Info (map "c1m1_hotel") (file "/home/steam/l4d2/left4dead2/addons/sourcemod/logs/errors_20220423.log")
L 04/23/2022 - 03:27:45: [SM] Failed to load plugin "nextmap.smx": Nextmap is incompatible with this game.
L 04/23/2022 - 03:27:45: [SM] Unrecognized library "matchmaking_ds" (gameconf "/home/steam/l4d2/left4dead2/addons/sourcemod/gamedata/l4dslots.txt")
L 04/23/2022 - 03:27:46: [l4dslots.smx] sv_maxplayers MS init error
L 04/23/2022 - 03:28:11: Error log file session closed.
