L 01/29/2022 - 18:19:34: SourceMod error session started
L 01/29/2022 - 18:19:34: Info (map "c1m1_hotel") (file "/home/steam/l4d2/left4dead2/addons/sourcemod/logs/errors_20220129.log")
L 01/29/2022 - 18:19:34: [SM] Failed to load plugin "nextmap.smx": Nextmap is incompatible with this game.
L 01/29/2022 - 18:19:34: [SM] Unrecognized library "matchmaking_ds" (gameconf "/home/steam/l4d2/left4dead2/addons/sourcemod/gamedata/l4dslots.txt")
L 01/29/2022 - 18:19:40: [l4dslots.smx] sv_maxplayers MS init error
L 01/29/2022 - 18:25:18: Error log file session closed.
L 01/29/2022 - 18:26:32: SourceMod error session started
L 01/29/2022 - 18:26:32: Info (map "c1m1_hotel") (file "/home/steam/l4d2/left4dead2/addons/sourcemod/logs/errors_20220129.log")
L 01/29/2022 - 18:26:32: [SM] Failed to load plugin "nextmap.smx": Nextmap is incompatible with this game.
L 01/29/2022 - 18:26:32: [SM] Unrecognized library "matchmaking_ds" (gameconf "/home/steam/l4d2/left4dead2/addons/sourcemod/gamedata/l4dslots.txt")
L 01/29/2022 - 18:26:33: [l4dslots.smx] sv_maxplayers MS init error
L 01/29/2022 - 18:27:06: Error log file session closed.
L 01/29/2022 - 18:28:39: SourceMod error session started
L 01/29/2022 - 18:28:39: Info (map "c1m1_hotel") (file "/home/steam/l4d2/left4dead2/addons/sourcemod/logs/errors_20220129.log")
L 01/29/2022 - 18:28:39: [SM] Failed to load plugin "nextmap.smx": Nextmap is incompatible with this game.
L 01/29/2022 - 18:28:39: [SM] Unrecognized library "matchmaking_ds" (gameconf "/home/steam/l4d2/left4dead2/addons/sourcemod/gamedata/l4dslots.txt")
L 01/29/2022 - 18:28:40: [l4dslots.smx] sv_maxplayers MS init error
L 01/29/2022 - 18:28:41: Error log file session closed.
L 01/29/2022 - 18:39:58: SourceMod error session started
L 01/29/2022 - 18:39:58: Info (map "c1m1_hotel") (file "/home/steam/l4d2/left4dead2/addons/sourcemod/logs/errors_20220129.log")
L 01/29/2022 - 18:39:58: [SM] Failed to load plugin "nextmap.smx": Nextmap is incompatible with this game.
L 01/29/2022 - 18:39:58: [SM] Unrecognized library "matchmaking_ds" (gameconf "/home/steam/l4d2/left4dead2/addons/sourcemod/gamedata/l4dslots.txt")
L 01/29/2022 - 18:39:59: [l4dslots.smx] sv_maxplayers MS init error
L 01/29/2022 - 18:43:07: Error log file session closed.
L 01/29/2022 - 19:47:54: SourceMod error session started
L 01/29/2022 - 19:47:54: Info (map "c8m1_apartment") (file "/home/steam/l4d2/left4dead2/addons/sourcemod/logs/errors_20220129.log")
L 01/29/2022 - 19:47:54: [SM] Exception reported: Client index 19 is invalid
L 01/29/2022 - 19:47:54: [SM] Blaming: l4d2_bwa_teamspanel.smx
L 01/29/2022 - 19:47:54: [SM] Call stack trace:
L 01/29/2022 - 19:47:54: [SM]   [0] IsClientConnected
L 01/29/2022 - 19:47:54: [SM]   [1] Line 1740, /home/forums/content/files/9/9/8/5/2/95471.attach::PerformSwitch
L 01/29/2022 - 19:47:54: [SM]   [2] Line 1593, /home/forums/content/files/9/9/8/5/2/95471.attach::JoinRandomTeam
L 01/29/2022 - 19:47:55: [SM] Exception reported: Client index 19 is invalid
L 01/29/2022 - 19:47:55: [SM] Blaming: l4d2_bwa_teamspanel.smx
L 01/29/2022 - 19:47:55: [SM] Call stack trace:
L 01/29/2022 - 19:47:55: [SM]   [0] IsClientConnected
L 01/29/2022 - 19:47:55: [SM]   [1] Line 1740, /home/forums/content/files/9/9/8/5/2/95471.attach::PerformSwitch
L 01/29/2022 - 19:47:55: [SM]   [2] Line 1593, /home/forums/content/files/9/9/8/5/2/95471.attach::JoinRandomTeam
L 01/29/2022 - 19:48:03: [SM] Exception reported: Client index 19 is invalid
L 01/29/2022 - 19:48:03: [SM] Blaming: l4d2_bwa_teamspanel.smx
L 01/29/2022 - 19:48:03: [SM] Call stack trace:
L 01/29/2022 - 19:48:03: [SM]   [0] IsClientConnected
L 01/29/2022 - 19:48:03: [SM]   [1] Line 1740, /home/forums/content/files/9/9/8/5/2/95471.attach::PerformSwitch
L 01/29/2022 - 19:48:03: [SM]   [2] Line 1550, /home/forums/content/files/9/9/8/5/2/95471.attach::JoinSurvivorTeam
L 01/29/2022 - 20:02:20: Error log file session closed.
