L 06/19/2022 - 02:11:03: SourceMod error session started
L 06/19/2022 - 02:11:03: Info (map "c1m1_hotel") (file "/home/steam/l4d2/left4dead2/addons/sourcemod/logs/errors_20220619.log")
L 06/19/2022 - 02:11:03: [SM] Failed to load plugin "nextmap.smx": Nextmap is incompatible with this game.
L 06/19/2022 - 02:11:03: [SM] Unrecognized library "matchmaking_ds" (gameconf "/home/steam/l4d2/left4dead2/addons/sourcemod/gamedata/l4dslots.txt")
L 06/19/2022 - 02:11:10: [l4dslots.smx] sv_maxplayers MS init error
L 06/19/2022 - 02:23:11: SourceMod error session started
L 06/19/2022 - 02:23:11: Info (map "c1m1_hotel") (file "/home/steam/l4d2/left4dead2/addons/sourcemod/logs/errors_20220619.log")
L 06/19/2022 - 02:23:11: [SM] Failed to load plugin "nextmap.smx": Nextmap is incompatible with this game.
L 06/19/2022 - 02:23:12: [SM] Unrecognized library "matchmaking_ds" (gameconf "/home/steam/l4d2/left4dead2/addons/sourcemod/gamedata/l4dslots.txt")
L 06/19/2022 - 02:23:13: [l4dslots.smx] sv_maxplayers MS init error
L 06/19/2022 - 02:23:24: Error log file session closed.
L 06/19/2022 - 02:53:57: SourceMod error session started
L 06/19/2022 - 02:53:57: Info (map "c1m1_hotel") (file "/home/steam/l4d2/left4dead2/addons/sourcemod/logs/errors_20220619.log")
L 06/19/2022 - 02:53:57: [SM] Failed to load plugin "nextmap.smx": Nextmap is incompatible with this game.
L 06/19/2022 - 02:53:57: [SM] Unrecognized library "matchmaking_ds" (gameconf "/home/steam/l4d2/left4dead2/addons/sourcemod/gamedata/l4dslots.txt")
L 06/19/2022 - 02:53:58: [l4dslots.smx] sv_maxplayers MS init error
L 06/19/2022 - 02:54:32: Error log file session closed.
L 06/19/2022 - 03:50:45: SourceMod error session started
L 06/19/2022 - 03:50:45: Info (map "c1m1_hotel") (file "/home/steam/l4d2/left4dead2/addons/sourcemod/logs/errors_20220619.log")
L 06/19/2022 - 03:50:45: [SM] Failed to load plugin "nextmap.smx": Nextmap is incompatible with this game.
L 06/19/2022 - 03:50:45: [SM] Unrecognized library "matchmaking_ds" (gameconf "/home/steam/l4d2/left4dead2/addons/sourcemod/gamedata/l4dslots.txt")
L 06/19/2022 - 03:50:53: [l4dslots.smx] sv_maxplayers MS init error
L 06/19/2022 - 03:51:09: Error log file session closed.
L 06/19/2022 - 20:30:40: SourceMod error session started
L 06/19/2022 - 20:30:40: Info (map "c1m1_hotel") (file "/home/steam/l4d2/left4dead2/addons/sourcemod/logs/errors_20220619.log")
L 06/19/2022 - 20:30:40: [SM] Failed to load plugin "nextmap.smx": Nextmap is incompatible with this game.
L 06/19/2022 - 20:30:40: [SM] Unrecognized library "matchmaking_ds" (gameconf "/home/steam/l4d2/left4dead2/addons/sourcemod/gamedata/l4dslots.txt")
L 06/19/2022 - 20:30:48: [l4dslots.smx] sv_maxplayers MS init error
L 06/19/2022 - 20:31:07: Error log file session closed.
L 06/19/2022 - 23:05:23: SourceMod error session started
L 06/19/2022 - 23:05:23: Info (map "c1m1_hotel") (file "/home/steam/l4d2/left4dead2/addons/sourcemod/logs/errors_20220619.log")
L 06/19/2022 - 23:05:23: [SM] Failed to load plugin "nextmap.smx": Nextmap is incompatible with this game.
L 06/19/2022 - 23:05:23: [SM] Unrecognized library "matchmaking_ds" (gameconf "/home/steam/l4d2/left4dead2/addons/sourcemod/gamedata/l4dslots.txt")
L 06/19/2022 - 23:05:31: [l4dslots.smx] sv_maxplayers MS init error
L 06/19/2022 - 23:05:55: Error log file session closed.
