L 01/23/2022 - 17:36:29: SourceMod error session started
L 01/23/2022 - 17:36:29: Info (map "c1m4_atrium") (file "/home/steam/l4d2/left4dead2/addons/sourcemod/logs/errors_20220123.log")
L 01/23/2022 - 17:36:29: [SM] Unable to load extension "left4downtown.ext": vstdlib_linux.so: cannot open shared object file: No such file or directory
L 01/23/2022 - 17:36:29: [SM] Failed to load plugin "nextmap.smx": Nextmap is incompatible with this game.
L 01/23/2022 - 17:37:40: SourceMod error session started
L 01/23/2022 - 17:37:40: Info (map "c1m4_atrium") (file "/home/steam/l4d2/left4dead2/addons/sourcemod/logs/errors_20220123.log")
L 01/23/2022 - 17:37:40: [SM] Unable to load extension "left4downtown.ext": vstdlib_linux.so: cannot open shared object file: No such file or directory
L 01/23/2022 - 17:37:40: [SM] Failed to load plugin "nextmap.smx": Nextmap is incompatible with this game.
L 01/23/2022 - 17:41:13: Error log file session closed.
L 01/23/2022 - 17:43:55: SourceMod error session started
L 01/23/2022 - 17:43:55: Info (map "c1m4_atrium") (file "/home/steam/l4d2/left4dead2/addons/sourcemod/logs/errors_20220123.log")
L 01/23/2022 - 17:43:55: [SM] Unable to load extension "left4downtown.ext": vstdlib_linux.so: cannot open shared object file: No such file or directory
L 01/23/2022 - 17:43:55: [SM] Failed to load plugin "nextmap.smx": Nextmap is incompatible with this game.
L 01/23/2022 - 17:46:41: SourceMod error session started
L 01/23/2022 - 17:46:41: Info (map "c1m4_atrium") (file "/home/steam/l4d2/left4dead2/addons/sourcemod/logs/errors_20220123.log")
L 01/23/2022 - 17:46:41: [SM] Unable to load extension "left4downtown.ext": /home/steam/l4d2/left4dead2/addons/sourcemod/extensions/left4downtown.ext.2.l4d2.so: undefined symbol: g_pMemAlloc
L 01/23/2022 - 17:46:41: [SM] Failed to load plugin "nextmap.smx": Nextmap is incompatible with this game.
L 01/23/2022 - 17:51:51: SourceMod error session started
L 01/23/2022 - 17:51:51: Info (map "c1m1_hotel") (file "/home/steam/l4d2/left4dead2/addons/sourcemod/logs/errors_20220123.log")
L 01/23/2022 - 17:51:51: [SM] Unable to load extension "left4downtown.ext": /home/steam/l4d2/left4dead2/addons/sourcemod/extensions/left4downtown.ext.2.l4d2.so: undefined symbol: g_pMemAlloc
L 01/23/2022 - 17:51:51: [SM] Failed to load plugin "nextmap.smx": Nextmap is incompatible with this game.
L 01/23/2022 - 17:53:07: Error log file session closed.
L 01/23/2022 - 18:01:44: SourceMod error session started
L 01/23/2022 - 18:01:44: Info (map "c1m1_hotel") (file "/home/steam/l4d2/left4dead2/addons/sourcemod/logs/errors_20220123.log")
L 01/23/2022 - 18:01:44: [SM] Failed to load plugin "nextmap.smx": Nextmap is incompatible with this game.
L 01/23/2022 - 18:03:21: Error log file session closed.
L 01/23/2022 - 18:18:43: SourceMod error session started
L 01/23/2022 - 18:18:43: Info (map "c1m1_hotel") (file "/home/steam/l4d2/left4dead2/addons/sourcemod/logs/errors_20220123.log")
L 01/23/2022 - 18:18:43: [SM] Failed to load plugin "nextmap.smx": Nextmap is incompatible with this game.
L 01/23/2022 - 18:19:20: Error log file session closed.
L 01/23/2022 - 18:26:20: SourceMod error session started
L 01/23/2022 - 18:26:20: Info (map "c1m1_hotel") (file "/home/steam/l4d2/left4dead2/addons/sourcemod/logs/errors_20220123.log")
L 01/23/2022 - 18:26:20: [SM] Failed to load plugin "nextmap.smx": Nextmap is incompatible with this game.
L 01/23/2022 - 18:27:38: Error log file session closed.
L 01/23/2022 - 18:29:13: SourceMod error session started
L 01/23/2022 - 18:29:13: Info (map "c1m1_hotel") (file "/home/steam/l4d2/left4dead2/addons/sourcemod/logs/errors_20220123.log")
L 01/23/2022 - 18:29:13: [SM] Failed to load plugin "nextmap.smx": Nextmap is incompatible with this game.
L 01/23/2022 - 18:36:36: Error log file session closed.
L 01/23/2022 - 18:39:47: SourceMod error session started
L 01/23/2022 - 18:39:47: Info (map "c1m1_hotel") (file "/home/steam/l4d2/left4dead2/addons/sourcemod/logs/errors_20220123.log")
L 01/23/2022 - 18:39:47: [SM] Failed to load plugin "nextmap.smx": Nextmap is incompatible with this game.
L 01/23/2022 - 18:39:47: [SM] Unrecognized library "matchmaking_ds" (gameconf "/home/steam/l4d2/left4dead2/addons/sourcemod/gamedata/l4dslots.txt")
L 01/23/2022 - 18:43:43: [l4dslots.smx] sv_maxplayers MS init error
L 01/23/2022 - 18:43:49: [l4dslots.smx] sv_maxplayers MS init error
L 01/23/2022 - 18:44:21: SourceMod error session started
L 01/23/2022 - 18:44:21: Info (map "c1m1_hotel") (file "/home/steam/l4d2/left4dead2/addons/sourcemod/logs/errors_20220123.log")
L 01/23/2022 - 18:44:21: [SM] Failed to load plugin "nextmap.smx": Nextmap is incompatible with this game.
L 01/23/2022 - 18:44:21: [SM] Unrecognized library "matchmaking_ds" (gameconf "/home/steam/l4d2/left4dead2/addons/sourcemod/gamedata/l4dslots.txt")
L 01/23/2022 - 18:44:49: Error log file session closed.
L 01/23/2022 - 18:45:01: SourceMod error session started
L 01/23/2022 - 18:45:01: Info (map "c8m1_apartment") (file "/home/steam/l4d2/left4dead2/addons/sourcemod/logs/errors_20220123.log")
L 01/23/2022 - 18:45:01: [l4dslots.smx] sv_maxplayers MS init error
L 01/23/2022 - 18:45:06: [l4dslots.smx] sv_maxplayers MS init error
L 01/23/2022 - 18:47:51: SourceMod error session started
L 01/23/2022 - 18:47:51: Info (map "c1m1_hotel") (file "/home/steam/l4d2/left4dead2/addons/sourcemod/logs/errors_20220123.log")
L 01/23/2022 - 18:47:51: [SM] Failed to load plugin "nextmap.smx": Nextmap is incompatible with this game.
L 01/23/2022 - 18:47:51: [SM] Unrecognized library "matchmaking_ds" (gameconf "/home/steam/l4d2/left4dead2/addons/sourcemod/gamedata/l4dslots.txt")
L 01/23/2022 - 18:47:52: [l4dslots.smx] sv_maxplayers MS init error
L 01/23/2022 - 18:48:27: Error log file session closed.
L 01/23/2022 - 18:49:16: SourceMod error session started
L 01/23/2022 - 18:49:16: Info (map "c1m1_hotel") (file "/home/steam/l4d2/left4dead2/addons/sourcemod/logs/errors_20220123.log")
L 01/23/2022 - 18:49:16: [SM] Failed to load plugin "nextmap.smx": Nextmap is incompatible with this game.
L 01/23/2022 - 18:49:16: [SM] Unrecognized library "matchmaking_ds" (gameconf "/home/steam/l4d2/left4dead2/addons/sourcemod/gamedata/l4dslots.txt")
L 01/23/2022 - 18:49:17: [l4dslots.smx] sv_maxplayers MS init error
L 01/23/2022 - 18:49:21: Error log file session closed.
L 01/23/2022 - 18:57:41: SourceMod error session started
L 01/23/2022 - 18:57:41: Info (map "c1m1_hotel") (file "/home/steam/l4d2/left4dead2/addons/sourcemod/logs/errors_20220123.log")
L 01/23/2022 - 18:57:41: [SM] Failed to load plugin "nextmap.smx": Nextmap is incompatible with this game.
L 01/23/2022 - 18:57:41: [SM] Unrecognized library "matchmaking_ds" (gameconf "/home/steam/l4d2/left4dead2/addons/sourcemod/gamedata/l4dslots.txt")
L 01/23/2022 - 18:57:43: [l4dslots.smx] sv_maxplayers MS init error
L 01/23/2022 - 18:58:06: Error log file session closed.
L 01/23/2022 - 18:59:42: SourceMod error session started
L 01/23/2022 - 18:59:42: Info (map "c1m1_hotel") (file "/home/steam/l4d2/left4dead2/addons/sourcemod/logs/errors_20220123.log")
L 01/23/2022 - 18:59:42: [SM] Failed to load plugin "nextmap.smx": Nextmap is incompatible with this game.
L 01/23/2022 - 18:59:42: [SM] Unrecognized library "matchmaking_ds" (gameconf "/home/steam/l4d2/left4dead2/addons/sourcemod/gamedata/l4dslots.txt")
L 01/23/2022 - 18:59:44: [l4dslots.smx] sv_maxplayers MS init error
L 01/23/2022 - 19:00:12: Error log file session closed.
L 01/23/2022 - 19:04:35: SourceMod error session started
L 01/23/2022 - 19:04:35: Info (map "c1m1_hotel") (file "/home/steam/l4d2/left4dead2/addons/sourcemod/logs/errors_20220123.log")
L 01/23/2022 - 19:04:35: [SM] Failed to load plugin "nextmap.smx": Nextmap is incompatible with this game.
L 01/23/2022 - 19:04:35: [SM] Unrecognized library "matchmaking_ds" (gameconf "/home/steam/l4d2/left4dead2/addons/sourcemod/gamedata/l4dslots.txt")
L 01/23/2022 - 19:04:36: [l4dslots.smx] sv_maxplayers MS init error
L 01/23/2022 - 19:05:07: Error log file session closed.
L 01/23/2022 - 19:13:25: SourceMod error session started
L 01/23/2022 - 19:13:25: Info (map "c1m1_hotel") (file "/home/steam/l4d2/left4dead2/addons/sourcemod/logs/errors_20220123.log")
L 01/23/2022 - 19:13:25: [SM] Failed to load plugin "nextmap.smx": Nextmap is incompatible with this game.
L 01/23/2022 - 19:13:25: [SM] Unrecognized library "matchmaking_ds" (gameconf "/home/steam/l4d2/left4dead2/addons/sourcemod/gamedata/l4dslots.txt")
L 01/23/2022 - 19:13:26: [l4dslots.smx] sv_maxplayers MS init error
L 01/23/2022 - 19:13:37: Error log file session closed.
L 01/23/2022 - 19:20:58: SourceMod error session started
L 01/23/2022 - 19:20:58: Info (map "c1m1_hotel") (file "/home/steam/l4d2/left4dead2/addons/sourcemod/logs/errors_20220123.log")
L 01/23/2022 - 19:20:58: [SM] Failed to load plugin "nextmap.smx": Nextmap is incompatible with this game.
L 01/23/2022 - 19:20:58: [SM] Unrecognized library "matchmaking_ds" (gameconf "/home/steam/l4d2/left4dead2/addons/sourcemod/gamedata/l4dslots.txt")
L 01/23/2022 - 19:20:59: [l4dslots.smx] sv_maxplayers MS init error
L 01/23/2022 - 19:21:18: Error log file session closed.
L 01/23/2022 - 19:27:16: SourceMod error session started
L 01/23/2022 - 19:27:16: Info (map "c1m1_hotel") (file "/home/steam/l4d2/left4dead2/addons/sourcemod/logs/errors_20220123.log")
L 01/23/2022 - 19:27:16: [SM] Failed to load plugin "nextmap.smx": Nextmap is incompatible with this game.
L 01/23/2022 - 19:27:16: [SM] Unrecognized library "matchmaking_ds" (gameconf "/home/steam/l4d2/left4dead2/addons/sourcemod/gamedata/l4dslots.txt")
L 01/23/2022 - 19:27:19: [l4dslots.smx] sv_maxplayers MS init error
L 01/23/2022 - 19:27:25: Error log file session closed.
L 01/23/2022 - 19:34:49: SourceMod error session started
L 01/23/2022 - 19:34:49: Info (map "c1m1_hotel") (file "/home/steam/l4d2/left4dead2/addons/sourcemod/logs/errors_20220123.log")
L 01/23/2022 - 19:34:49: [SM] Failed to load plugin "nextmap.smx": Nextmap is incompatible with this game.
L 01/23/2022 - 19:34:49: [SM] Unrecognized library "matchmaking_ds" (gameconf "/home/steam/l4d2/left4dead2/addons/sourcemod/gamedata/l4dslots.txt")
L 01/23/2022 - 19:34:51: [l4dslots.smx] sv_maxplayers MS init error
L 01/23/2022 - 19:35:03: Error log file session closed.
L 01/23/2022 - 19:44:18: SourceMod error session started
L 01/23/2022 - 19:44:18: Info (map "c1m1_hotel") (file "/home/steam/l4d2/left4dead2/addons/sourcemod/logs/errors_20220123.log")
L 01/23/2022 - 19:44:18: [SM] Failed to load plugin "nextmap.smx": Nextmap is incompatible with this game.
L 01/23/2022 - 19:44:18: [SM] Unrecognized library "matchmaking_ds" (gameconf "/home/steam/l4d2/left4dead2/addons/sourcemod/gamedata/l4dslots.txt")
L 01/23/2022 - 19:44:20: [l4dslots.smx] sv_maxplayers MS init error
L 01/23/2022 - 19:44:23: Error log file session closed.
L 01/23/2022 - 20:12:12: SourceMod error session started
L 01/23/2022 - 20:12:12: Info (map "c1m1_hotel") (file "/home/steam/l4d2/left4dead2/addons/sourcemod/logs/errors_20220123.log")
L 01/23/2022 - 20:12:12: [SM] Failed to load plugin "nextmap.smx": Nextmap is incompatible with this game.
L 01/23/2022 - 20:12:12: [SM] Unrecognized library "matchmaking_ds" (gameconf "/home/steam/l4d2/left4dead2/addons/sourcemod/gamedata/l4dslots.txt")
L 01/23/2022 - 20:12:15: [l4dslots.smx] sv_maxplayers MS init error
L 01/23/2022 - 20:14:41: Error log file session closed.
