L 02/23/2022 - 23:25:38: SourceMod error session started
L 02/23/2022 - 23:25:38: Info (map "c1m1_hotel") (file "/home/steam/l4d2/left4dead2/addons/sourcemod/logs/errors_20220223.log")
L 02/23/2022 - 23:25:38: [SM] Failed to load plugin "nextmap.smx": Nextmap is incompatible with this game.
L 02/23/2022 - 23:25:38: [SM] Unrecognized library "matchmaking_ds" (gameconf "/home/steam/l4d2/left4dead2/addons/sourcemod/gamedata/l4dslots.txt")
L 02/23/2022 - 23:25:44: [l4dslots.smx] sv_maxplayers MS init error
L 02/23/2022 - 23:27:46: SourceMod error session started
L 02/23/2022 - 23:27:46: Info (map "c1m1_hotel") (file "/home/steam/l4d2/left4dead2/addons/sourcemod/logs/errors_20220223.log")
L 02/23/2022 - 23:27:46: [SM] Failed to load plugin "nextmap.smx": Nextmap is incompatible with this game.
L 02/23/2022 - 23:27:46: [SM] Unrecognized library "matchmaking_ds" (gameconf "/home/steam/l4d2/left4dead2/addons/sourcemod/gamedata/l4dslots.txt")
L 02/23/2022 - 23:27:47: [l4dslots.smx] sv_maxplayers MS init error
L 02/23/2022 - 23:30:20: SourceMod error session started
L 02/23/2022 - 23:30:20: Info (map "c1m1_hotel") (file "/home/steam/l4d2/left4dead2/addons/sourcemod/logs/errors_20220223.log")
L 02/23/2022 - 23:30:20: [SM] Failed to load plugin "nextmap.smx": Nextmap is incompatible with this game.
L 02/23/2022 - 23:30:20: [SM] Unrecognized library "matchmaking_ds" (gameconf "/home/steam/l4d2/left4dead2/addons/sourcemod/gamedata/l4dslots.txt")
L 02/23/2022 - 23:30:23: [l4dslots.smx] sv_maxplayers MS init error
L 02/23/2022 - 23:30:40: Error log file session closed.
L 02/23/2022 - 23:42:48: SourceMod error session started
L 02/23/2022 - 23:42:48: Info (map "c1m1_hotel") (file "/home/steam/l4d2/left4dead2/addons/sourcemod/logs/errors_20220223.log")
L 02/23/2022 - 23:42:48: [SM] Failed to load plugin "nextmap.smx": Nextmap is incompatible with this game.
L 02/23/2022 - 23:42:48: [SM] Unrecognized library "matchmaking_ds" (gameconf "/home/steam/l4d2/left4dead2/addons/sourcemod/gamedata/l4dslots.txt")
L 02/23/2022 - 23:42:50: [l4dslots.smx] sv_maxplayers MS init error
L 02/23/2022 - 23:43:06: Error log file session closed.
