L 05/02/2022 - 00:08:52: SourceMod error session started
L 05/02/2022 - 00:08:52: Info (map "c1m1_hotel") (file "/home/steam/l4d2/left4dead2/addons/sourcemod/logs/errors_20220502.log")
L 05/02/2022 - 00:08:52: [SM] Failed to load plugin "nextmap.smx": Nextmap is incompatible with this game.
L 05/02/2022 - 00:08:52: [SM] Unrecognized library "matchmaking_ds" (gameconf "/home/steam/l4d2/left4dead2/addons/sourcemod/gamedata/l4dslots.txt")
L 05/02/2022 - 00:08:57: [l4dslots.smx] sv_maxplayers MS init error
L 05/02/2022 - 00:09:42: Error log file session closed.
L 05/02/2022 - 12:37:47: SourceMod error session started
L 05/02/2022 - 12:37:47: Info (map "c1m1_hotel") (file "/home/steam/l4d2/left4dead2/addons/sourcemod/logs/errors_20220502.log")
L 05/02/2022 - 12:37:47: [SM] Failed to load plugin "nextmap.smx": Nextmap is incompatible with this game.
L 05/02/2022 - 12:37:47: [SM] Unrecognized library "matchmaking_ds" (gameconf "/home/steam/l4d2/left4dead2/addons/sourcemod/gamedata/l4dslots.txt")
L 05/02/2022 - 12:37:52: [l4dslots.smx] sv_maxplayers MS init error
L 05/02/2022 - 12:52:29: SourceMod error session started
L 05/02/2022 - 12:52:29: Info (map "c1m1_hotel") (file "/home/steam/l4d2/left4dead2/addons/sourcemod/logs/errors_20220502.log")
L 05/02/2022 - 12:52:29: [SM] Failed to load plugin "nextmap.smx": Nextmap is incompatible with this game.
L 05/02/2022 - 12:52:29: [SM] Unrecognized library "matchmaking_ds" (gameconf "/home/steam/l4d2/left4dead2/addons/sourcemod/gamedata/l4dslots.txt")
L 05/02/2022 - 12:52:31: [l4dslots.smx] sv_maxplayers MS init error
L 05/02/2022 - 12:53:26: SourceMod error session started
L 05/02/2022 - 12:53:26: Info (map "c1m1_hotel") (file "/home/steam/l4d2/left4dead2/addons/sourcemod/logs/errors_20220502.log")
L 05/02/2022 - 12:53:26: [SM] Failed to load plugin "nextmap.smx": Nextmap is incompatible with this game.
L 05/02/2022 - 12:53:26: [SM] Unrecognized library "matchmaking_ds" (gameconf "/home/steam/l4d2/left4dead2/addons/sourcemod/gamedata/l4dslots.txt")
L 05/02/2022 - 12:53:28: [l4dslots.smx] sv_maxplayers MS init error
