L 01/27/2022 - 00:32:09: SourceMod error session started
L 01/27/2022 - 00:32:09: Info (map "c1m1_hotel") (file "/home/steam/l4d2/left4dead2/addons/sourcemod/logs/errors_20220127.log")
L 01/27/2022 - 00:32:09: [SM] Failed to load plugin "nextmap.smx": Nextmap is incompatible with this game.
L 01/27/2022 - 00:32:09: [SM] Unrecognized library "matchmaking_ds" (gameconf "/home/steam/l4d2/left4dead2/addons/sourcemod/gamedata/l4dslots.txt")
L 01/27/2022 - 00:32:15: [l4dslots.smx] sv_maxplayers MS init error
L 01/27/2022 - 00:33:26: Error log file session closed.
L 01/27/2022 - 00:48:05: SourceMod error session started
L 01/27/2022 - 00:48:05: Info (map "c1m1_hotel") (file "/home/steam/l4d2/left4dead2/addons/sourcemod/logs/errors_20220127.log")
L 01/27/2022 - 00:48:05: [SM] Failed to load plugin "nextmap.smx": Nextmap is incompatible with this game.
L 01/27/2022 - 00:48:05: [SM] Unrecognized library "matchmaking_ds" (gameconf "/home/steam/l4d2/left4dead2/addons/sourcemod/gamedata/l4dslots.txt")
L 01/27/2022 - 00:48:07: [l4dslots.smx] sv_maxplayers MS init error
L 01/27/2022 - 00:48:11: Error log file session closed.
L 01/27/2022 - 00:50:05: SourceMod error session started
L 01/27/2022 - 00:50:05: Info (map "c1m1_hotel") (file "/home/steam/l4d2/left4dead2/addons/sourcemod/logs/errors_20220127.log")
L 01/27/2022 - 00:50:05: [SM] Failed to load plugin "nextmap.smx": Nextmap is incompatible with this game.
L 01/27/2022 - 00:50:05: [SM] Unrecognized library "matchmaking_ds" (gameconf "/home/steam/l4d2/left4dead2/addons/sourcemod/gamedata/l4dslots.txt")
L 01/27/2022 - 00:50:07: [l4dslots.smx] sv_maxplayers MS init error
L 01/27/2022 - 00:50:28: Error log file session closed.
L 01/27/2022 - 00:55:47: SourceMod error session started
L 01/27/2022 - 00:55:47: Info (map "c1m1_hotel") (file "/home/steam/l4d2/left4dead2/addons/sourcemod/logs/errors_20220127.log")
L 01/27/2022 - 00:55:47: [SM] Failed to load plugin "nextmap.smx": Nextmap is incompatible with this game.
L 01/27/2022 - 00:55:47: [SM] Unrecognized library "matchmaking_ds" (gameconf "/home/steam/l4d2/left4dead2/addons/sourcemod/gamedata/l4dslots.txt")
L 01/27/2022 - 00:55:49: [l4dslots.smx] sv_maxplayers MS init error
L 01/27/2022 - 00:58:38: SourceMod error session started
L 01/27/2022 - 00:58:38: Info (map "c1m1_hotel") (file "/home/steam/l4d2/left4dead2/addons/sourcemod/logs/errors_20220127.log")
L 01/27/2022 - 00:58:38: [SM] Failed to load plugin "nextmap.smx": Nextmap is incompatible with this game.
L 01/27/2022 - 00:58:38: [SM] Unrecognized library "matchmaking_ds" (gameconf "/home/steam/l4d2/left4dead2/addons/sourcemod/gamedata/l4dslots.txt")
L 01/27/2022 - 00:58:41: [l4dslots.smx] sv_maxplayers MS init error
L 01/27/2022 - 01:00:31: Error log file session closed.
L 01/27/2022 - 01:15:40: SourceMod error session started
L 01/27/2022 - 01:15:40: Info (map "c1m1_hotel") (file "/home/steam/l4d2/left4dead2/addons/sourcemod/logs/errors_20220127.log")
L 01/27/2022 - 01:15:40: [SM] Failed to load plugin "nextmap.smx": Nextmap is incompatible with this game.
L 01/27/2022 - 01:15:40: [SM] Unrecognized library "matchmaking_ds" (gameconf "/home/steam/l4d2/left4dead2/addons/sourcemod/gamedata/l4dslots.txt")
L 01/27/2022 - 01:15:41: [l4dslots.smx] sv_maxplayers MS init error
L 01/27/2022 - 01:16:21: Error log file session closed.
L 01/27/2022 - 12:11:37: SourceMod error session started
L 01/27/2022 - 12:11:37: Info (map "c1m1_hotel") (file "/home/steam/l4d2/left4dead2/addons/sourcemod/logs/errors_20220127.log")
L 01/27/2022 - 12:11:37: [SM] Failed to load plugin "nextmap.smx": Nextmap is incompatible with this game.
L 01/27/2022 - 12:11:37: [SM] Unrecognized library "matchmaking_ds" (gameconf "/home/steam/l4d2/left4dead2/addons/sourcemod/gamedata/l4dslots.txt")
L 01/27/2022 - 12:11:43: [l4dslots.smx] sv_maxplayers MS init error
L 01/27/2022 - 12:12:50: SourceMod error session started
L 01/27/2022 - 12:12:50: Info (map "c1m1_hotel") (file "/home/steam/l4d2/left4dead2/addons/sourcemod/logs/errors_20220127.log")
L 01/27/2022 - 12:12:50: [SM] Failed to load plugin "nextmap.smx": Nextmap is incompatible with this game.
L 01/27/2022 - 12:12:50: [SM] Unrecognized library "matchmaking_ds" (gameconf "/home/steam/l4d2/left4dead2/addons/sourcemod/gamedata/l4dslots.txt")
L 01/27/2022 - 12:12:51: [l4dslots.smx] sv_maxplayers MS init error
L 01/27/2022 - 12:14:55: SourceMod error session started
L 01/27/2022 - 12:14:55: Info (map "c1m1_hotel") (file "/home/steam/l4d2/left4dead2/addons/sourcemod/logs/errors_20220127.log")
L 01/27/2022 - 12:14:55: [SM] Failed to load plugin "nextmap.smx": Nextmap is incompatible with this game.
L 01/27/2022 - 12:14:55: [SM] Unrecognized library "matchmaking_ds" (gameconf "/home/steam/l4d2/left4dead2/addons/sourcemod/gamedata/l4dslots.txt")
L 01/27/2022 - 12:14:56: [l4dslots.smx] sv_maxplayers MS init error
L 01/27/2022 - 12:17:00: [l4dslots.smx] sv_maxplayers MS init error
L 01/27/2022 - 20:17:43: SourceMod error session started
L 01/27/2022 - 20:17:43: Info (map "c1m1_hotel") (file "/home/steam/l4d2/left4dead2/addons/sourcemod/logs/errors_20220127.log")
L 01/27/2022 - 20:17:43: [SM] Failed to load plugin "nextmap.smx": Nextmap is incompatible with this game.
L 01/27/2022 - 20:17:43: [SM] Unrecognized library "matchmaking_ds" (gameconf "/home/steam/l4d2/left4dead2/addons/sourcemod/gamedata/l4dslots.txt")
L 01/27/2022 - 20:17:49: [l4dslots.smx] sv_maxplayers MS init error
L 01/27/2022 - 20:21:17: SourceMod error session started
L 01/27/2022 - 20:21:17: Info (map "c1m1_hotel") (file "/home/steam/l4d2/left4dead2/addons/sourcemod/logs/errors_20220127.log")
L 01/27/2022 - 20:21:17: [SM] Failed to load plugin "nextmap.smx": Nextmap is incompatible with this game.
L 01/27/2022 - 20:21:17: [SM] Unrecognized library "matchmaking_ds" (gameconf "/home/steam/l4d2/left4dead2/addons/sourcemod/gamedata/l4dslots.txt")
L 01/27/2022 - 20:21:19: [l4dslots.smx] sv_maxplayers MS init error
L 01/27/2022 - 20:22:56: Error log file session closed.
L 01/27/2022 - 20:38:00: SourceMod error session started
L 01/27/2022 - 20:38:00: Info (map "c1m1_hotel") (file "/home/steam/l4d2/left4dead2/addons/sourcemod/logs/errors_20220127.log")
L 01/27/2022 - 20:38:00: [SM] Failed to load plugin "nextmap.smx": Nextmap is incompatible with this game.
L 01/27/2022 - 20:38:00: [SM] Unrecognized library "matchmaking_ds" (gameconf "/home/steam/l4d2/left4dead2/addons/sourcemod/gamedata/l4dslots.txt")
L 01/27/2022 - 20:38:02: [l4dslots.smx] sv_maxplayers MS init error
L 01/27/2022 - 20:38:25: Error log file session closed.
L 01/27/2022 - 20:39:47: SourceMod error session started
L 01/27/2022 - 20:39:47: Info (map "c8m1_apartment") (file "/home/steam/l4d2/left4dead2/addons/sourcemod/logs/errors_20220127.log")
L 01/27/2022 - 20:39:47: [SM] Exception reported: Invalid convar handle 0 (error 4)
L 01/27/2022 - 20:39:47: [SM] Blaming: l4dready.smx
L 01/27/2022 - 20:39:47: [SM] Call stack trace:
L 01/27/2022 - 20:39:47: [SM]   [0] SetConVarInt
L 01/27/2022 - 20:39:47: [SM]   [1] Line 1580, l4dready.sp::directorStop
L 01/27/2022 - 20:39:47: [SM]   [2] Line 1634, l4dready.sp::readyOn
L 01/27/2022 - 20:39:47: [SM]   [3] Line 1868, l4dready.sp::compReady
L 01/27/2022 - 20:39:47: [SM]   [4] Line 613, l4dready.sp::eventRSLiveCallback
L 01/27/2022 - 20:40:47: Error log file session closed.
L 01/27/2022 - 20:40:47: SourceMod error session started
L 01/27/2022 - 20:40:47: Info (map "c8m1_apartment") (file "/home/steam/l4d2/left4dead2/addons/sourcemod/logs/errors_20220127.log")
L 01/27/2022 - 20:40:47: [SM] Exception reported: Invalid convar handle 0 (error 4)
L 01/27/2022 - 20:40:47: [SM] Blaming: l4dready.smx
L 01/27/2022 - 20:40:47: [SM] Call stack trace:
L 01/27/2022 - 20:40:47: [SM]   [0] SetConVarInt
L 01/27/2022 - 20:40:47: [SM]   [1] Line 1580, l4dready.sp::directorStop
L 01/27/2022 - 20:40:47: [SM]   [2] Line 1634, l4dready.sp::readyOn
L 01/27/2022 - 20:40:47: [SM]   [3] Line 1868, l4dready.sp::compReady
L 01/27/2022 - 20:40:47: [SM]   [4] Line 613, l4dready.sp::eventRSLiveCallback
L 01/27/2022 - 20:43:49: Error log file session closed.
L 01/27/2022 - 20:52:23: SourceMod error session started
L 01/27/2022 - 20:52:23: Info (map "c8m2_subway") (file "/home/steam/l4d2/left4dead2/addons/sourcemod/logs/errors_20220127.log")
L 01/27/2022 - 20:52:23: [SM] Exception reported: Invalid convar handle 0 (error 4)
L 01/27/2022 - 20:52:23: [SM] Blaming: l4dready.smx
L 01/27/2022 - 20:52:23: [SM] Call stack trace:
L 01/27/2022 - 20:52:23: [SM]   [0] SetConVarInt
L 01/27/2022 - 20:52:23: [SM]   [1] Line 1580, l4dready.sp::directorStop
L 01/27/2022 - 20:52:23: [SM]   [2] Line 1634, l4dready.sp::readyOn
L 01/27/2022 - 20:52:23: [SM]   [3] Line 1868, l4dready.sp::compReady
L 01/27/2022 - 20:52:23: [SM]   [4] Line 613, l4dready.sp::eventRSLiveCallback
L 01/27/2022 - 20:53:41: SourceMod error session started
L 01/27/2022 - 20:53:41: Info (map "c1m1_hotel") (file "/home/steam/l4d2/left4dead2/addons/sourcemod/logs/errors_20220127.log")
L 01/27/2022 - 20:53:41: [SM] Failed to load plugin "nextmap.smx": Nextmap is incompatible with this game.
L 01/27/2022 - 20:53:42: [SM] Unrecognized library "matchmaking_ds" (gameconf "/home/steam/l4d2/left4dead2/addons/sourcemod/gamedata/l4dslots.txt")
L 01/27/2022 - 20:53:43: [l4dslots.smx] sv_maxplayers MS init error
L 01/27/2022 - 20:55:39: Error log file session closed.
L 01/27/2022 - 20:55:40: SourceMod error session started
L 01/27/2022 - 20:55:40: Info (map "c1m1_hotel") (file "/home/steam/l4d2/left4dead2/addons/sourcemod/logs/errors_20220127.log")
L 01/27/2022 - 20:55:40: [SM] Exception reported: Invalid convar handle 0 (error 4)
L 01/27/2022 - 20:55:40: [SM] Blaming: l4dready.smx
L 01/27/2022 - 20:55:40: [SM] Call stack trace:
L 01/27/2022 - 20:55:40: [SM]   [0] SetConVarInt
L 01/27/2022 - 20:55:40: [SM]   [1] Line 1580, l4dready.sp::directorStop
L 01/27/2022 - 20:55:40: [SM]   [2] Line 1634, l4dready.sp::readyOn
L 01/27/2022 - 20:55:40: [SM]   [3] Line 1868, l4dready.sp::compReady
L 01/27/2022 - 20:55:40: [SM]   [4] Line 613, l4dready.sp::eventRSLiveCallback
L 01/27/2022 - 21:03:41: SourceMod error session started
L 01/27/2022 - 21:03:41: Info (map "c1m1_hotel") (file "/home/steam/l4d2/left4dead2/addons/sourcemod/logs/errors_20220127.log")
L 01/27/2022 - 21:03:41: [SM] Failed to load plugin "nextmap.smx": Nextmap is incompatible with this game.
L 01/27/2022 - 21:03:41: [SM] Unrecognized library "matchmaking_ds" (gameconf "/home/steam/l4d2/left4dead2/addons/sourcemod/gamedata/l4dslots.txt")
L 01/27/2022 - 21:03:42: [l4dslots.smx] sv_maxplayers MS init error
L 01/27/2022 - 21:03:48: Error log file session closed.
L 01/27/2022 - 21:06:44: SourceMod error session started
L 01/27/2022 - 21:06:44: Info (map "c8m1_apartment") (file "/home/steam/l4d2/left4dead2/addons/sourcemod/logs/errors_20220127.log")
L 01/27/2022 - 21:06:44: [SM] Exception reported: Invalid convar handle 0 (error 4)
L 01/27/2022 - 21:06:44: [SM] Blaming: l4dready.smx
L 01/27/2022 - 21:06:44: [SM] Call stack trace:
L 01/27/2022 - 21:06:44: [SM]   [0] SetConVarInt
L 01/27/2022 - 21:06:44: [SM]   [1] Line 1580, l4dready.sp::directorStop
L 01/27/2022 - 21:06:44: [SM]   [2] Line 1634, l4dready.sp::readyOn
L 01/27/2022 - 21:06:44: [SM]   [3] Line 1868, l4dready.sp::compReady
L 01/27/2022 - 21:06:44: [SM]   [4] Line 613, l4dready.sp::eventRSLiveCallback
L 01/27/2022 - 21:06:44: [SM] Exception reported: Invalid convar handle 0 (error 4)
L 01/27/2022 - 21:06:44: [SM] Blaming: l4dready.smx
L 01/27/2022 - 21:06:44: [SM] Call stack trace:
L 01/27/2022 - 21:06:44: [SM]   [0] SetConVarInt
L 01/27/2022 - 21:06:44: [SM]   [1] Line 1580, l4dready.sp::directorStop
L 01/27/2022 - 21:06:44: [SM]   [2] Line 1634, l4dready.sp::readyOn
L 01/27/2022 - 21:06:44: [SM]   [3] Line 1868, l4dready.sp::compReady
L 01/27/2022 - 21:06:44: [SM]   [4] Line 613, l4dready.sp::eventRSLiveCallback
L 01/27/2022 - 21:17:21: SourceMod error session started
L 01/27/2022 - 21:17:21: Info (map "c1m1_hotel") (file "/home/steam/l4d2/left4dead2/addons/sourcemod/logs/errors_20220127.log")
L 01/27/2022 - 21:17:21: [SM] Failed to load plugin "nextmap.smx": Nextmap is incompatible with this game.
L 01/27/2022 - 21:17:21: [SM] Unrecognized library "matchmaking_ds" (gameconf "/home/steam/l4d2/left4dead2/addons/sourcemod/gamedata/l4dslots.txt")
L 01/27/2022 - 21:17:23: [l4dslots.smx] sv_maxplayers MS init error
L 01/27/2022 - 21:17:55: Error log file session closed.
L 01/27/2022 - 21:17:56: SourceMod error session started
L 01/27/2022 - 21:17:56: Info (map "c8m1_apartment") (file "/home/steam/l4d2/left4dead2/addons/sourcemod/logs/errors_20220127.log")
L 01/27/2022 - 21:17:56: [SM] Exception reported: Invalid convar handle 0 (error 4)
L 01/27/2022 - 21:17:56: [SM] Blaming: l4dready.smx
L 01/27/2022 - 21:17:56: [SM] Call stack trace:
L 01/27/2022 - 21:17:56: [SM]   [0] SetConVarInt
L 01/27/2022 - 21:17:56: [SM]   [1] Line 1580, l4dready.sp::directorStop
L 01/27/2022 - 21:17:56: [SM]   [2] Line 1634, l4dready.sp::readyOn
L 01/27/2022 - 21:17:56: [SM]   [3] Line 1868, l4dready.sp::compReady
L 01/27/2022 - 21:17:56: [SM]   [4] Line 613, l4dready.sp::eventRSLiveCallback
L 01/27/2022 - 21:22:07: SourceMod error session started
L 01/27/2022 - 21:22:07: Info (map "c1m1_hotel") (file "/home/steam/l4d2/left4dead2/addons/sourcemod/logs/errors_20220127.log")
L 01/27/2022 - 21:22:07: [SM] Failed to load plugin "nextmap.smx": Nextmap is incompatible with this game.
L 01/27/2022 - 21:22:07: [SM] Unrecognized library "matchmaking_ds" (gameconf "/home/steam/l4d2/left4dead2/addons/sourcemod/gamedata/l4dslots.txt")
L 01/27/2022 - 21:22:09: [l4dslots.smx] sv_maxplayers MS init error
L 01/27/2022 - 21:22:12: Error log file session closed.
