L 06/05/2022 - 19:17:44: SourceMod error session started
L 06/05/2022 - 19:17:44: Info (map "c1m1_hotel") (file "/home/steam/l4d2/left4dead2/addons/sourcemod/logs/errors_20220605.log")
L 06/05/2022 - 19:17:44: [SM] Failed to load plugin "nextmap.smx": Nextmap is incompatible with this game.
L 06/05/2022 - 19:17:44: [SM] Unrecognized library "matchmaking_ds" (gameconf "/home/steam/l4d2/left4dead2/addons/sourcemod/gamedata/l4dslots.txt")
L 06/05/2022 - 19:17:51: [l4dslots.smx] sv_maxplayers MS init error
L 06/05/2022 - 19:18:06: Error log file session closed.
L 06/05/2022 - 20:16:44: SourceMod error session started
L 06/05/2022 - 20:16:44: Info (map "c1m1_hotel") (file "/home/steam/l4d2/left4dead2/addons/sourcemod/logs/errors_20220605.log")
L 06/05/2022 - 20:16:44: [SM] Failed to load plugin "nextmap.smx": Nextmap is incompatible with this game.
L 06/05/2022 - 20:16:44: [SM] Unrecognized library "matchmaking_ds" (gameconf "/home/steam/l4d2/left4dead2/addons/sourcemod/gamedata/l4dslots.txt")
L 06/05/2022 - 20:16:46: [l4dslots.smx] sv_maxplayers MS init error
L 06/05/2022 - 20:21:19: SourceMod error session started
L 06/05/2022 - 20:21:19: Info (map "c1m1_hotel") (file "/home/steam/l4d2/left4dead2/addons/sourcemod/logs/errors_20220605.log")
L 06/05/2022 - 20:21:19: [SM] Failed to load plugin "nextmap.smx": Nextmap is incompatible with this game.
L 06/05/2022 - 20:21:19: [SM] Unrecognized library "matchmaking_ds" (gameconf "/home/steam/l4d2/left4dead2/addons/sourcemod/gamedata/l4dslots.txt")
L 06/05/2022 - 20:21:26: [l4dslots.smx] sv_maxplayers MS init error
L 06/05/2022 - 20:21:46: Error log file session closed.
L 06/05/2022 - 22:45:50: SourceMod error session started
L 06/05/2022 - 22:45:50: Info (map "c1m1_hotel") (file "/home/steam/l4d2/left4dead2/addons/sourcemod/logs/errors_20220605.log")
L 06/05/2022 - 22:45:50: [SM] Failed to load plugin "nextmap.smx": Nextmap is incompatible with this game.
L 06/05/2022 - 22:45:50: [SM] Unrecognized library "matchmaking_ds" (gameconf "/home/steam/l4d2/left4dead2/addons/sourcemod/gamedata/l4dslots.txt")
L 06/05/2022 - 22:45:57: [l4dslots.smx] sv_maxplayers MS init error
L 06/05/2022 - 22:46:03: [l4dslots.smx] sv_maxplayers MS init error
L 06/05/2022 - 22:46:25: Error log file session closed.
L 06/05/2022 - 22:46:26: SourceMod error session started
L 06/05/2022 - 22:46:26: Info (map "c4m1_milltown_a") (file "/home/steam/l4d2/left4dead2/addons/sourcemod/logs/errors_20220605.log")
L 06/05/2022 - 22:46:26: [l4dslots.smx] sv_maxplayers MS init error
L 06/05/2022 - 22:48:45: Error log file session closed.
L 06/05/2022 - 23:05:36: SourceMod error session started
L 06/05/2022 - 23:05:36: Info (map "c1m1_hotel") (file "/home/steam/l4d2/left4dead2/addons/sourcemod/logs/errors_20220605.log")
L 06/05/2022 - 23:05:36: [SM] Failed to load plugin "nextmap.smx": Nextmap is incompatible with this game.
L 06/05/2022 - 23:05:36: [SM] Unrecognized library "matchmaking_ds" (gameconf "/home/steam/l4d2/left4dead2/addons/sourcemod/gamedata/l4dslots.txt")
L 06/05/2022 - 23:05:43: [l4dslots.smx] sv_maxplayers MS init error
L 06/05/2022 - 23:06:05: Error log file session closed.
