L 05/11/2022 - 00:11:26: SourceMod error session started
L 05/11/2022 - 00:11:26: Info (map "c1m1_hotel") (file "/home/steam/l4d2/left4dead2/addons/sourcemod/logs/errors_20220511.log")
L 05/11/2022 - 00:11:26: [SM] Failed to load plugin "nextmap.smx": Nextmap is incompatible with this game.
L 05/11/2022 - 00:11:26: [SM] Unrecognized library "matchmaking_ds" (gameconf "/home/steam/l4d2/left4dead2/addons/sourcemod/gamedata/l4dslots.txt")
L 05/11/2022 - 00:11:33: [l4dslots.smx] sv_maxplayers MS init error
L 05/11/2022 - 00:12:21: Error log file session closed.
L 05/11/2022 - 11:29:45: SourceMod error session started
L 05/11/2022 - 11:29:45: Info (map "c1m1_hotel") (file "/home/steam/l4d2/left4dead2/addons/sourcemod/logs/errors_20220511.log")
L 05/11/2022 - 11:29:45: [SM] Failed to load plugin "nextmap.smx": Nextmap is incompatible with this game.
L 05/11/2022 - 11:29:45: [SM] Unrecognized library "matchmaking_ds" (gameconf "/home/steam/l4d2/left4dead2/addons/sourcemod/gamedata/l4dslots.txt")
L 05/11/2022 - 11:29:52: [l4dslots.smx] sv_maxplayers MS init error
L 05/11/2022 - 11:33:04: SourceMod error session started
L 05/11/2022 - 11:33:04: Info (map "c1m1_hotel") (file "/home/steam/l4d2/left4dead2/addons/sourcemod/logs/errors_20220511.log")
L 05/11/2022 - 11:33:04: [SM] Failed to load plugin "nextmap.smx": Nextmap is incompatible with this game.
L 05/11/2022 - 11:33:04: [SM] Unrecognized library "matchmaking_ds" (gameconf "/home/steam/l4d2/left4dead2/addons/sourcemod/gamedata/l4dslots.txt")
L 05/11/2022 - 11:33:06: [l4dslots.smx] sv_maxplayers MS init error
L 05/11/2022 - 11:38:16: SourceMod error session started
L 05/11/2022 - 11:38:16: Info (map "c1m1_hotel") (file "/home/steam/l4d2/left4dead2/addons/sourcemod/logs/errors_20220511.log")
L 05/11/2022 - 11:38:16: [SM] Failed to load plugin "nextmap.smx": Nextmap is incompatible with this game.
L 05/11/2022 - 11:38:16: [SM] Unrecognized library "matchmaking_ds" (gameconf "/home/steam/l4d2/left4dead2/addons/sourcemod/gamedata/l4dslots.txt")
L 05/11/2022 - 11:38:18: [l4dslots.smx] sv_maxplayers MS init error
L 05/11/2022 - 11:46:18: SourceMod error session started
L 05/11/2022 - 11:46:18: Info (map "c1m1_hotel") (file "/home/steam/l4d2/left4dead2/addons/sourcemod/logs/errors_20220511.log")
L 05/11/2022 - 11:46:18: [SM] Failed to load plugin "nextmap.smx": Nextmap is incompatible with this game.
L 05/11/2022 - 11:46:18: [SM] Unrecognized library "matchmaking_ds" (gameconf "/home/steam/l4d2/left4dead2/addons/sourcemod/gamedata/l4dslots.txt")
L 05/11/2022 - 11:46:20: [l4dslots.smx] sv_maxplayers MS init error
L 05/11/2022 - 12:10:03: SourceMod error session started
L 05/11/2022 - 12:10:03: Info (map "c1m1_hotel") (file "/home/steam/l4d2/left4dead2/addons/sourcemod/logs/errors_20220511.log")
L 05/11/2022 - 12:10:03: [SM] Failed to load plugin "nextmap.smx": Nextmap is incompatible with this game.
L 05/11/2022 - 12:10:03: [SM] Unrecognized library "matchmaking_ds" (gameconf "/home/steam/l4d2/left4dead2/addons/sourcemod/gamedata/l4dslots.txt")
L 05/11/2022 - 12:10:04: [l4dslots.smx] sv_maxplayers MS init error
L 05/11/2022 - 12:34:12: SourceMod error session started
L 05/11/2022 - 12:34:12: Info (map "c1m1_hotel") (file "/home/steam/l4d2/left4dead2/addons/sourcemod/logs/errors_20220511.log")
L 05/11/2022 - 12:34:12: [SM] Failed to load plugin "nextmap.smx": Nextmap is incompatible with this game.
L 05/11/2022 - 12:34:12: [SM] Unrecognized library "matchmaking_ds" (gameconf "/home/steam/l4d2/left4dead2/addons/sourcemod/gamedata/l4dslots.txt")
L 05/11/2022 - 12:34:13: [l4dslots.smx] sv_maxplayers MS init error
L 05/11/2022 - 12:37:19: SourceMod error session started
L 05/11/2022 - 12:37:19: Info (map "c1m1_hotel") (file "/home/steam/l4d2/left4dead2/addons/sourcemod/logs/errors_20220511.log")
L 05/11/2022 - 12:37:19: [SM] Failed to load plugin "nextmap.smx": Nextmap is incompatible with this game.
L 05/11/2022 - 12:37:19: [SM] Unrecognized library "matchmaking_ds" (gameconf "/home/steam/l4d2/left4dead2/addons/sourcemod/gamedata/l4dslots.txt")
L 05/11/2022 - 12:37:21: [l4dslots.smx] sv_maxplayers MS init error
L 05/11/2022 - 12:41:47: SourceMod error session started
L 05/11/2022 - 12:41:47: Info (map "c1m1_hotel") (file "/home/steam/l4d2/left4dead2/addons/sourcemod/logs/errors_20220511.log")
L 05/11/2022 - 12:41:47: [SM] Failed to load plugin "nextmap.smx": Nextmap is incompatible with this game.
L 05/11/2022 - 12:41:47: [SM] Unrecognized library "matchmaking_ds" (gameconf "/home/steam/l4d2/left4dead2/addons/sourcemod/gamedata/l4dslots.txt")
L 05/11/2022 - 12:41:49: [l4dslots.smx] sv_maxplayers MS init error
L 05/11/2022 - 12:43:48: SourceMod error session started
L 05/11/2022 - 12:43:48: Info (map "c1m1_hotel") (file "/home/steam/l4d2/left4dead2/addons/sourcemod/logs/errors_20220511.log")
L 05/11/2022 - 12:43:48: [SM] Failed to load plugin "nextmap.smx": Nextmap is incompatible with this game.
L 05/11/2022 - 12:43:48: [SM] Unrecognized library "matchmaking_ds" (gameconf "/home/steam/l4d2/left4dead2/addons/sourcemod/gamedata/l4dslots.txt")
L 05/11/2022 - 12:43:50: [l4dslots.smx] sv_maxplayers MS init error
L 05/11/2022 - 12:51:32: SourceMod error session started
L 05/11/2022 - 12:51:32: Info (map "c1m1_hotel") (file "/home/steam/l4d2/left4dead2/addons/sourcemod/logs/errors_20220511.log")
L 05/11/2022 - 12:51:32: [SM] Failed to load plugin "nextmap.smx": Nextmap is incompatible with this game.
L 05/11/2022 - 12:51:32: [SM] Unrecognized library "matchmaking_ds" (gameconf "/home/steam/l4d2/left4dead2/addons/sourcemod/gamedata/l4dslots.txt")
L 05/11/2022 - 12:51:33: [l4dslots.smx] sv_maxplayers MS init error
L 05/11/2022 - 12:55:44: SourceMod error session started
L 05/11/2022 - 12:55:44: Info (map "c1m1_hotel") (file "/home/steam/l4d2/left4dead2/addons/sourcemod/logs/errors_20220511.log")
L 05/11/2022 - 12:55:44: [SM] Failed to load plugin "nextmap.smx": Nextmap is incompatible with this game.
L 05/11/2022 - 12:55:44: [SM] Unrecognized library "matchmaking_ds" (gameconf "/home/steam/l4d2/left4dead2/addons/sourcemod/gamedata/l4dslots.txt")
L 05/11/2022 - 12:55:46: [l4dslots.smx] sv_maxplayers MS init error
L 05/11/2022 - 13:14:02: SourceMod error session started
L 05/11/2022 - 13:14:02: Info (map "c1m1_hotel") (file "/home/steam/l4d2/left4dead2/addons/sourcemod/logs/errors_20220511.log")
L 05/11/2022 - 13:14:02: [SM] Failed to load plugin "nextmap.smx": Nextmap is incompatible with this game.
L 05/11/2022 - 13:14:02: [SM] Unrecognized library "matchmaking_ds" (gameconf "/home/steam/l4d2/left4dead2/addons/sourcemod/gamedata/l4dslots.txt")
L 05/11/2022 - 13:14:04: [l4dslots.smx] sv_maxplayers MS init error
L 05/11/2022 - 13:15:09: SourceMod error session started
L 05/11/2022 - 13:15:09: Info (map "c1m1_hotel") (file "/home/steam/l4d2/left4dead2/addons/sourcemod/logs/errors_20220511.log")
L 05/11/2022 - 13:15:09: [SM] Failed to load plugin "nextmap.smx": Nextmap is incompatible with this game.
L 05/11/2022 - 13:15:09: [SM] Unrecognized library "matchmaking_ds" (gameconf "/home/steam/l4d2/left4dead2/addons/sourcemod/gamedata/l4dslots.txt")
L 05/11/2022 - 13:15:11: [l4dslots.smx] sv_maxplayers MS init error
L 05/11/2022 - 13:28:48: SourceMod error session started
L 05/11/2022 - 13:28:48: Info (map "c1m1_hotel") (file "/home/steam/l4d2/left4dead2/addons/sourcemod/logs/errors_20220511.log")
L 05/11/2022 - 13:28:48: [SM] Failed to load plugin "nextmap.smx": Nextmap is incompatible with this game.
L 05/11/2022 - 13:28:48: [SM] Unrecognized library "matchmaking_ds" (gameconf "/home/steam/l4d2/left4dead2/addons/sourcemod/gamedata/l4dslots.txt")
L 05/11/2022 - 13:28:50: [l4dslots.smx] sv_maxplayers MS init error
L 05/11/2022 - 13:30:08: SourceMod error session started
L 05/11/2022 - 13:30:08: Info (map "c1m1_hotel") (file "/home/steam/l4d2/left4dead2/addons/sourcemod/logs/errors_20220511.log")
L 05/11/2022 - 13:30:08: [SM] Failed to load plugin "nextmap.smx": Nextmap is incompatible with this game.
L 05/11/2022 - 13:30:08: [SM] Unrecognized library "matchmaking_ds" (gameconf "/home/steam/l4d2/left4dead2/addons/sourcemod/gamedata/l4dslots.txt")
L 05/11/2022 - 13:30:10: [l4dslots.smx] sv_maxplayers MS init error
L 05/11/2022 - 19:30:46: SourceMod error session started
L 05/11/2022 - 19:30:46: Info (map "c1m1_hotel") (file "/home/steam/l4d2/left4dead2/addons/sourcemod/logs/errors_20220511.log")
L 05/11/2022 - 19:30:46: [SM] Failed to load plugin "nextmap.smx": Nextmap is incompatible with this game.
L 05/11/2022 - 19:30:46: [SM] Unrecognized library "matchmaking_ds" (gameconf "/home/steam/l4d2/left4dead2/addons/sourcemod/gamedata/l4dslots.txt")
L 05/11/2022 - 19:30:53: [l4dslots.smx] sv_maxplayers MS init error
L 05/11/2022 - 19:31:37: Error log file session closed.
L 05/11/2022 - 21:21:26: SourceMod error session started
L 05/11/2022 - 21:21:26: Info (map "c1m1_hotel") (file "/home/steam/l4d2/left4dead2/addons/sourcemod/logs/errors_20220511.log")
L 05/11/2022 - 21:21:26: [SM] Failed to load plugin "nextmap.smx": Nextmap is incompatible with this game.
L 05/11/2022 - 21:21:27: [SM] Unrecognized library "matchmaking_ds" (gameconf "/home/steam/l4d2/left4dead2/addons/sourcemod/gamedata/l4dslots.txt")
L 05/11/2022 - 21:21:50: [l4dslots.smx] sv_maxplayers MS init error
L 05/11/2022 - 21:22:22: SourceMod error session started
L 05/11/2022 - 21:22:22: Info (map "c1m1_hotel") (file "/home/steam/l4d2/left4dead2/addons/sourcemod/logs/errors_20220511.log")
L 05/11/2022 - 21:22:22: [SM] Failed to load plugin "nextmap.smx": Nextmap is incompatible with this game.
L 05/11/2022 - 21:22:22: [SM] Unrecognized library "matchmaking_ds" (gameconf "/home/steam/l4d2/left4dead2/addons/sourcemod/gamedata/l4dslots.txt")
L 05/11/2022 - 21:22:43: [l4dslots.smx] sv_maxplayers MS init error
L 05/11/2022 - 21:23:16: SourceMod error session started
L 05/11/2022 - 21:23:16: Info (map "c1m1_hotel") (file "/home/steam/l4d2/left4dead2/addons/sourcemod/logs/errors_20220511.log")
L 05/11/2022 - 21:23:16: [SM] Failed to load plugin "nextmap.smx": Nextmap is incompatible with this game.
L 05/11/2022 - 21:23:16: [SM] Unrecognized library "matchmaking_ds" (gameconf "/home/steam/l4d2/left4dead2/addons/sourcemod/gamedata/l4dslots.txt")
L 05/11/2022 - 21:23:37: [l4dslots.smx] sv_maxplayers MS init error
L 05/11/2022 - 21:24:11: SourceMod error session started
L 05/11/2022 - 21:24:11: Info (map "c1m1_hotel") (file "/home/steam/l4d2/left4dead2/addons/sourcemod/logs/errors_20220511.log")
L 05/11/2022 - 21:24:11: [SM] Failed to load plugin "nextmap.smx": Nextmap is incompatible with this game.
L 05/11/2022 - 21:24:11: [SM] Unrecognized library "matchmaking_ds" (gameconf "/home/steam/l4d2/left4dead2/addons/sourcemod/gamedata/l4dslots.txt")
L 05/11/2022 - 21:24:31: [l4dslots.smx] sv_maxplayers MS init error
L 05/11/2022 - 21:25:04: SourceMod error session started
L 05/11/2022 - 21:25:04: Info (map "c1m1_hotel") (file "/home/steam/l4d2/left4dead2/addons/sourcemod/logs/errors_20220511.log")
L 05/11/2022 - 21:25:04: [SM] Failed to load plugin "nextmap.smx": Nextmap is incompatible with this game.
L 05/11/2022 - 21:25:04: [SM] Unrecognized library "matchmaking_ds" (gameconf "/home/steam/l4d2/left4dead2/addons/sourcemod/gamedata/l4dslots.txt")
L 05/11/2022 - 21:25:24: [l4dslots.smx] sv_maxplayers MS init error
L 05/11/2022 - 21:26:00: SourceMod error session started
L 05/11/2022 - 21:26:00: Info (map "c1m1_hotel") (file "/home/steam/l4d2/left4dead2/addons/sourcemod/logs/errors_20220511.log")
L 05/11/2022 - 21:26:00: [SM] Failed to load plugin "nextmap.smx": Nextmap is incompatible with this game.
L 05/11/2022 - 21:26:00: [SM] Unrecognized library "matchmaking_ds" (gameconf "/home/steam/l4d2/left4dead2/addons/sourcemod/gamedata/l4dslots.txt")
L 05/11/2022 - 21:26:20: [l4dslots.smx] sv_maxplayers MS init error
L 05/11/2022 - 21:26:55: SourceMod error session started
L 05/11/2022 - 21:26:55: Info (map "c1m1_hotel") (file "/home/steam/l4d2/left4dead2/addons/sourcemod/logs/errors_20220511.log")
L 05/11/2022 - 21:26:55: [SM] Failed to load plugin "nextmap.smx": Nextmap is incompatible with this game.
L 05/11/2022 - 21:26:55: [SM] Unrecognized library "matchmaking_ds" (gameconf "/home/steam/l4d2/left4dead2/addons/sourcemod/gamedata/l4dslots.txt")
L 05/11/2022 - 21:27:16: [l4dslots.smx] sv_maxplayers MS init error
L 05/11/2022 - 21:27:51: SourceMod error session started
L 05/11/2022 - 21:27:51: Info (map "c1m1_hotel") (file "/home/steam/l4d2/left4dead2/addons/sourcemod/logs/errors_20220511.log")
L 05/11/2022 - 21:27:51: [SM] Failed to load plugin "nextmap.smx": Nextmap is incompatible with this game.
L 05/11/2022 - 21:27:51: [SM] Unrecognized library "matchmaking_ds" (gameconf "/home/steam/l4d2/left4dead2/addons/sourcemod/gamedata/l4dslots.txt")
L 05/11/2022 - 21:28:12: [l4dslots.smx] sv_maxplayers MS init error
L 05/11/2022 - 21:28:43: SourceMod error session started
L 05/11/2022 - 21:28:43: Info (map "c1m1_hotel") (file "/home/steam/l4d2/left4dead2/addons/sourcemod/logs/errors_20220511.log")
L 05/11/2022 - 21:28:43: [SM] Failed to load plugin "nextmap.smx": Nextmap is incompatible with this game.
L 05/11/2022 - 21:28:43: [SM] Unrecognized library "matchmaking_ds" (gameconf "/home/steam/l4d2/left4dead2/addons/sourcemod/gamedata/l4dslots.txt")
L 05/11/2022 - 21:29:06: [l4dslots.smx] sv_maxplayers MS init error
L 05/11/2022 - 21:29:38: SourceMod error session started
L 05/11/2022 - 21:29:38: Info (map "c1m1_hotel") (file "/home/steam/l4d2/left4dead2/addons/sourcemod/logs/errors_20220511.log")
L 05/11/2022 - 21:29:38: [SM] Failed to load plugin "nextmap.smx": Nextmap is incompatible with this game.
L 05/11/2022 - 21:29:39: [SM] Unrecognized library "matchmaking_ds" (gameconf "/home/steam/l4d2/left4dead2/addons/sourcemod/gamedata/l4dslots.txt")
L 05/11/2022 - 21:30:01: [l4dslots.smx] sv_maxplayers MS init error
L 05/11/2022 - 21:30:34: SourceMod error session started
L 05/11/2022 - 21:30:34: Info (map "c1m1_hotel") (file "/home/steam/l4d2/left4dead2/addons/sourcemod/logs/errors_20220511.log")
L 05/11/2022 - 21:30:34: [SM] Failed to load plugin "nextmap.smx": Nextmap is incompatible with this game.
L 05/11/2022 - 21:30:34: [SM] Unrecognized library "matchmaking_ds" (gameconf "/home/steam/l4d2/left4dead2/addons/sourcemod/gamedata/l4dslots.txt")
L 05/11/2022 - 21:30:56: [l4dslots.smx] sv_maxplayers MS init error
L 05/11/2022 - 21:31:28: SourceMod error session started
L 05/11/2022 - 21:31:28: Info (map "c1m1_hotel") (file "/home/steam/l4d2/left4dead2/addons/sourcemod/logs/errors_20220511.log")
L 05/11/2022 - 21:31:28: [SM] Failed to load plugin "nextmap.smx": Nextmap is incompatible with this game.
L 05/11/2022 - 21:31:28: [SM] Unrecognized library "matchmaking_ds" (gameconf "/home/steam/l4d2/left4dead2/addons/sourcemod/gamedata/l4dslots.txt")
L 05/11/2022 - 21:31:31: [l4dslots.smx] sv_maxplayers MS init error
L 05/11/2022 - 21:34:55: Error log file session closed.
