L 05/15/2022 - 01:10:17: SourceMod error session started
L 05/15/2022 - 01:10:17: Info (map "c1m1_hotel") (file "/home/steam/l4d2/left4dead2/addons/sourcemod/logs/errors_20220515.log")
L 05/15/2022 - 01:10:17: [SM] Failed to load plugin "nextmap.smx": Nextmap is incompatible with this game.
L 05/15/2022 - 01:10:17: [SM] Unrecognized library "matchmaking_ds" (gameconf "/home/steam/l4d2/left4dead2/addons/sourcemod/gamedata/l4dslots.txt")
L 05/15/2022 - 01:10:36: [l4dslots.smx] sv_maxplayers MS init error
L 05/15/2022 - 01:11:06: SourceMod error session started
L 05/15/2022 - 01:11:06: Info (map "c1m1_hotel") (file "/home/steam/l4d2/left4dead2/addons/sourcemod/logs/errors_20220515.log")
L 05/15/2022 - 01:11:06: [SM] Failed to load plugin "nextmap.smx": Nextmap is incompatible with this game.
L 05/15/2022 - 01:11:06: [SM] Unrecognized library "matchmaking_ds" (gameconf "/home/steam/l4d2/left4dead2/addons/sourcemod/gamedata/l4dslots.txt")
L 05/15/2022 - 01:11:23: [l4dslots.smx] sv_maxplayers MS init error
L 05/15/2022 - 01:12:23: SourceMod error session started
L 05/15/2022 - 01:12:23: Info (map "c1m1_hotel") (file "/home/steam/l4d2/left4dead2/addons/sourcemod/logs/errors_20220515.log")
L 05/15/2022 - 01:12:23: [SM] Failed to load plugin "nextmap.smx": Nextmap is incompatible with this game.
L 05/15/2022 - 01:12:24: [SM] Unrecognized library "matchmaking_ds" (gameconf "/home/steam/l4d2/left4dead2/addons/sourcemod/gamedata/l4dslots.txt")
L 05/15/2022 - 01:12:40: [l4dslots.smx] sv_maxplayers MS init error
L 05/15/2022 - 13:47:15: SourceMod error session started
L 05/15/2022 - 13:47:15: Info (map "c1m1_hotel") (file "/home/steam/l4d2/left4dead2/addons/sourcemod/logs/errors_20220515.log")
L 05/15/2022 - 13:47:15: [SM] Failed to load plugin "nextmap.smx": Nextmap is incompatible with this game.
L 05/15/2022 - 13:47:15: [SM] Unrecognized library "matchmaking_ds" (gameconf "/home/steam/l4d2/left4dead2/addons/sourcemod/gamedata/l4dslots.txt")
L 05/15/2022 - 13:47:22: [l4dslots.smx] sv_maxplayers MS init error
L 05/15/2022 - 13:57:07: SourceMod error session started
L 05/15/2022 - 13:57:07: Info (map "c1m1_hotel") (file "/home/steam/l4d2/left4dead2/addons/sourcemod/logs/errors_20220515.log")
L 05/15/2022 - 13:57:07: [SM] Failed to load plugin "nextmap.smx": Nextmap is incompatible with this game.
L 05/15/2022 - 13:57:07: [SM] Unrecognized library "matchmaking_ds" (gameconf "/home/steam/l4d2/left4dead2/addons/sourcemod/gamedata/l4dslots.txt")
L 05/15/2022 - 13:57:14: [l4dslots.smx] sv_maxplayers MS init error
L 05/15/2022 - 14:08:52: Error log file session closed.
L 05/15/2022 - 15:54:18: SourceMod error session started
L 05/15/2022 - 15:54:18: Info (map "c1m1_hotel") (file "/home/steam/l4d2/left4dead2/addons/sourcemod/logs/errors_20220515.log")
L 05/15/2022 - 15:54:18: [SM] Failed to load plugin "nextmap.smx": Nextmap is incompatible with this game.
L 05/15/2022 - 15:54:18: [SM] Unrecognized library "matchmaking_ds" (gameconf "/home/steam/l4d2/left4dead2/addons/sourcemod/gamedata/l4dslots.txt")
L 05/15/2022 - 15:54:41: [l4dslots.smx] sv_maxplayers MS init error
L 05/15/2022 - 15:55:47: SourceMod error session started
L 05/15/2022 - 15:55:47: Info (map "c1m1_hotel") (file "/home/steam/l4d2/left4dead2/addons/sourcemod/logs/errors_20220515.log")
L 05/15/2022 - 15:55:47: [SM] Failed to load plugin "nextmap.smx": Nextmap is incompatible with this game.
L 05/15/2022 - 15:55:47: [SM] Unrecognized library "matchmaking_ds" (gameconf "/home/steam/l4d2/left4dead2/addons/sourcemod/gamedata/l4dslots.txt")
L 05/15/2022 - 15:55:58: [l4dslots.smx] sv_maxplayers MS init error
L 05/15/2022 - 15:56:38: Error log file session closed.
L 05/15/2022 - 16:05:38: SourceMod error session started
L 05/15/2022 - 16:05:38: Info (map "c1m1_hotel") (file "/home/steam/l4d2/left4dead2/addons/sourcemod/logs/errors_20220515.log")
L 05/15/2022 - 16:05:38: [SM] Failed to load plugin "nextmap.smx": Nextmap is incompatible with this game.
L 05/15/2022 - 16:05:38: [SM] Unrecognized library "matchmaking_ds" (gameconf "/home/steam/l4d2/left4dead2/addons/sourcemod/gamedata/l4dslots.txt")
L 05/15/2022 - 16:06:01: [l4dslots.smx] sv_maxplayers MS init error
L 05/15/2022 - 16:06:34: SourceMod error session started
L 05/15/2022 - 16:06:34: Info (map "c1m1_hotel") (file "/home/steam/l4d2/left4dead2/addons/sourcemod/logs/errors_20220515.log")
L 05/15/2022 - 16:06:34: [SM] Failed to load plugin "nextmap.smx": Nextmap is incompatible with this game.
L 05/15/2022 - 16:06:34: [SM] Unrecognized library "matchmaking_ds" (gameconf "/home/steam/l4d2/left4dead2/addons/sourcemod/gamedata/l4dslots.txt")
L 05/15/2022 - 16:09:48: SourceMod error session started
L 05/15/2022 - 16:09:48: Info (map "c1m1_hotel") (file "/home/steam/l4d2/left4dead2/addons/sourcemod/logs/errors_20220515.log")
L 05/15/2022 - 16:09:48: [SM] Failed to load plugin "nextmap.smx": Nextmap is incompatible with this game.
L 05/15/2022 - 16:09:48: [SM] Unrecognized library "matchmaking_ds" (gameconf "/home/steam/l4d2/left4dead2/addons/sourcemod/gamedata/l4dslots.txt")
L 05/15/2022 - 16:09:56: [l4dslots.smx] sv_maxplayers MS init error
L 05/15/2022 - 16:14:58: Error log file session closed.
L 05/15/2022 - 18:20:52: SourceMod error session started
L 05/15/2022 - 18:20:52: Info (map "c1m1_hotel") (file "/home/steam/l4d2/left4dead2/addons/sourcemod/logs/errors_20220515.log")
L 05/15/2022 - 18:20:52: [SM] Failed to load plugin "nextmap.smx": Nextmap is incompatible with this game.
L 05/15/2022 - 18:20:52: [SM] Unrecognized library "matchmaking_ds" (gameconf "/home/steam/l4d2/left4dead2/addons/sourcemod/gamedata/l4dslots.txt")
L 05/15/2022 - 18:21:14: [l4dslots.smx] sv_maxplayers MS init error
L 05/15/2022 - 18:21:43: SourceMod error session started
L 05/15/2022 - 18:21:43: Info (map "c1m1_hotel") (file "/home/steam/l4d2/left4dead2/addons/sourcemod/logs/errors_20220515.log")
L 05/15/2022 - 18:21:43: [SM] Failed to load plugin "nextmap.smx": Nextmap is incompatible with this game.
L 05/15/2022 - 18:21:43: [SM] Unrecognized library "matchmaking_ds" (gameconf "/home/steam/l4d2/left4dead2/addons/sourcemod/gamedata/l4dslots.txt")
L 05/15/2022 - 18:21:45: [l4dslots.smx] sv_maxplayers MS init error
L 05/15/2022 - 18:29:13: Error log file session closed.
L 05/15/2022 - 23:22:31: SourceMod error session started
L 05/15/2022 - 23:22:31: Info (map "c1m1_hotel") (file "/home/steam/l4d2/left4dead2/addons/sourcemod/logs/errors_20220515.log")
L 05/15/2022 - 23:22:31: [SM] Failed to load plugin "nextmap.smx": Nextmap is incompatible with this game.
L 05/15/2022 - 23:22:31: [SM] Unrecognized library "matchmaking_ds" (gameconf "/home/steam/l4d2/left4dead2/addons/sourcemod/gamedata/l4dslots.txt")
L 05/15/2022 - 23:22:38: [l4dslots.smx] sv_maxplayers MS init error
L 05/15/2022 - 23:23:30: Error log file session closed.
L 05/15/2022 - 23:24:06: SourceMod error session started
L 05/15/2022 - 23:24:06: Info (map "c1m1_hotel") (file "/home/steam/l4d2/left4dead2/addons/sourcemod/logs/errors_20220515.log")
L 05/15/2022 - 23:24:06: [SM] Failed to load plugin "nextmap.smx": Nextmap is incompatible with this game.
L 05/15/2022 - 23:24:06: [SM] Unrecognized library "matchmaking_ds" (gameconf "/home/steam/l4d2/left4dead2/addons/sourcemod/gamedata/l4dslots.txt")
L 05/15/2022 - 23:24:07: [l4dslots.smx] sv_maxplayers MS init error
L 05/15/2022 - 23:28:33: Error log file session closed.
