L 04/30/2022 - 13:52:25: SourceMod error session started
L 04/30/2022 - 13:52:25: Info (map "c1m1_hotel") (file "/home/steam/l4d2/left4dead2/addons/sourcemod/logs/errors_20220430.log")
L 04/30/2022 - 13:52:25: [SM] Failed to load plugin "nextmap.smx": Nextmap is incompatible with this game.
L 04/30/2022 - 13:52:26: [SM] Unrecognized library "matchmaking_ds" (gameconf "/home/steam/l4d2/left4dead2/addons/sourcemod/gamedata/l4dslots.txt")
L 04/30/2022 - 13:52:31: [l4dslots.smx] sv_maxplayers MS init error
L 04/30/2022 - 14:01:41: Error log file session closed.
L 04/30/2022 - 14:10:10: SourceMod error session started
L 04/30/2022 - 14:10:10: Info (map "c1m1_hotel") (file "/home/steam/l4d2/left4dead2/addons/sourcemod/logs/errors_20220430.log")
L 04/30/2022 - 14:10:10: [SM] Failed to load plugin "nextmap.smx": Nextmap is incompatible with this game.
L 04/30/2022 - 14:10:10: [SM] Unrecognized library "matchmaking_ds" (gameconf "/home/steam/l4d2/left4dead2/addons/sourcemod/gamedata/l4dslots.txt")
L 04/30/2022 - 14:10:12: [l4dslots.smx] sv_maxplayers MS init error
L 04/30/2022 - 14:11:00: Error log file session closed.
L 04/30/2022 - 18:14:45: SourceMod error session started
L 04/30/2022 - 18:14:45: Info (map "c1m1_hotel") (file "/home/steam/l4d2/left4dead2/addons/sourcemod/logs/errors_20220430.log")
L 04/30/2022 - 18:14:45: [SM] Failed to load plugin "nextmap.smx": Nextmap is incompatible with this game.
L 04/30/2022 - 18:14:45: [SM] Unrecognized library "matchmaking_ds" (gameconf "/home/steam/l4d2/left4dead2/addons/sourcemod/gamedata/l4dslots.txt")
L 04/30/2022 - 18:14:47: [l4dslots.smx] sv_maxplayers MS init error
L 04/30/2022 - 18:16:17: Error log file session closed.
L 04/30/2022 - 18:25:32: SourceMod error session started
L 04/30/2022 - 18:25:32: Info (map "c1m1_hotel") (file "/home/steam/l4d2/left4dead2/addons/sourcemod/logs/errors_20220430.log")
L 04/30/2022 - 18:25:32: [SM] Failed to load plugin "nextmap.smx": Nextmap is incompatible with this game.
L 04/30/2022 - 18:25:32: [SM] Unrecognized library "matchmaking_ds" (gameconf "/home/steam/l4d2/left4dead2/addons/sourcemod/gamedata/l4dslots.txt")
L 04/30/2022 - 18:25:34: [l4dslots.smx] sv_maxplayers MS init error
L 04/30/2022 - 18:26:23: Error log file session closed.
