L 06/04/2022 - 00:33:18: SourceMod error session started
L 06/04/2022 - 00:33:18: Info (map "c1m1_hotel") (file "/home/steam/l4d2/left4dead2/addons/sourcemod/logs/errors_20220604.log")
L 06/04/2022 - 00:33:18: [SM] Failed to load plugin "nextmap.smx": Nextmap is incompatible with this game.
L 06/04/2022 - 00:33:18: [SM] Unrecognized library "matchmaking_ds" (gameconf "/home/steam/l4d2/left4dead2/addons/sourcemod/gamedata/l4dslots.txt")
L 06/04/2022 - 00:33:25: [l4dslots.smx] sv_maxplayers MS init error
L 06/04/2022 - 00:33:46: Error log file session closed.
L 06/04/2022 - 02:03:18: SourceMod error session started
L 06/04/2022 - 02:03:18: Info (map "c1m1_hotel") (file "/home/steam/l4d2/left4dead2/addons/sourcemod/logs/errors_20220604.log")
L 06/04/2022 - 02:03:18: [SM] Failed to load plugin "nextmap.smx": Nextmap is incompatible with this game.
L 06/04/2022 - 02:03:18: [SM] Unrecognized library "matchmaking_ds" (gameconf "/home/steam/l4d2/left4dead2/addons/sourcemod/gamedata/l4dslots.txt")
L 06/04/2022 - 02:03:19: [l4dslots.smx] sv_maxplayers MS init error
L 06/04/2022 - 02:05:13: SourceMod error session started
L 06/04/2022 - 02:05:13: Info (map "c1m1_hotel") (file "/home/steam/l4d2/left4dead2/addons/sourcemod/logs/errors_20220604.log")
L 06/04/2022 - 02:05:13: [SM] Failed to load plugin "nextmap.smx": Nextmap is incompatible with this game.
L 06/04/2022 - 02:05:13: [SM] Unrecognized library "matchmaking_ds" (gameconf "/home/steam/l4d2/left4dead2/addons/sourcemod/gamedata/l4dslots.txt")
L 06/04/2022 - 02:05:15: [l4dslots.smx] sv_maxplayers MS init error
L 06/04/2022 - 02:06:35: SourceMod error session started
L 06/04/2022 - 02:06:35: Info (map "c1m1_hotel") (file "/home/steam/l4d2/left4dead2/addons/sourcemod/logs/errors_20220604.log")
L 06/04/2022 - 02:06:35: [SM] Failed to load plugin "nextmap.smx": Nextmap is incompatible with this game.
L 06/04/2022 - 02:06:35: [SM] Unrecognized library "matchmaking_ds" (gameconf "/home/steam/l4d2/left4dead2/addons/sourcemod/gamedata/l4dslots.txt")
L 06/04/2022 - 02:06:37: [l4dslots.smx] sv_maxplayers MS init error
L 06/04/2022 - 02:07:06: SourceMod error session started
L 06/04/2022 - 02:07:06: Info (map "c1m1_hotel") (file "/home/steam/l4d2/left4dead2/addons/sourcemod/logs/errors_20220604.log")
L 06/04/2022 - 02:07:06: [SM] Failed to load plugin "nextmap.smx": Nextmap is incompatible with this game.
L 06/04/2022 - 02:07:06: [SM] Unrecognized library "matchmaking_ds" (gameconf "/home/steam/l4d2/left4dead2/addons/sourcemod/gamedata/l4dslots.txt")
L 06/04/2022 - 02:07:08: [l4dslots.smx] sv_maxplayers MS init error
L 06/04/2022 - 02:08:54: SourceMod error session started
L 06/04/2022 - 02:08:54: Info (map "c1m1_hotel") (file "/home/steam/l4d2/left4dead2/addons/sourcemod/logs/errors_20220604.log")
L 06/04/2022 - 02:08:54: [SM] Failed to load plugin "nextmap.smx": Nextmap is incompatible with this game.
L 06/04/2022 - 02:08:54: [SM] Unrecognized library "matchmaking_ds" (gameconf "/home/steam/l4d2/left4dead2/addons/sourcemod/gamedata/l4dslots.txt")
L 06/04/2022 - 02:08:56: [l4dslots.smx] sv_maxplayers MS init error
L 06/04/2022 - 02:09:19: SourceMod error session started
L 06/04/2022 - 02:09:19: Info (map "c1m1_hotel") (file "/home/steam/l4d2/left4dead2/addons/sourcemod/logs/errors_20220604.log")
L 06/04/2022 - 02:09:19: [SM] Failed to load plugin "nextmap.smx": Nextmap is incompatible with this game.
L 06/04/2022 - 02:09:19: [SM] Unrecognized library "matchmaking_ds" (gameconf "/home/steam/l4d2/left4dead2/addons/sourcemod/gamedata/l4dslots.txt")
L 06/04/2022 - 02:09:21: [l4dslots.smx] sv_maxplayers MS init error
L 06/04/2022 - 02:09:33: Error log file session closed.
L 06/04/2022 - 03:20:06: SourceMod error session started
L 06/04/2022 - 03:20:06: Info (map "c1m1_hotel") (file "/home/steam/l4d2/left4dead2/addons/sourcemod/logs/errors_20220604.log")
L 06/04/2022 - 03:20:06: [SM] Failed to load plugin "nextmap.smx": Nextmap is incompatible with this game.
L 06/04/2022 - 03:20:06: [SM] Unrecognized library "matchmaking_ds" (gameconf "/home/steam/l4d2/left4dead2/addons/sourcemod/gamedata/l4dslots.txt")
L 06/04/2022 - 03:20:13: [l4dslots.smx] sv_maxplayers MS init error
L 06/04/2022 - 03:20:28: [l4dslots.smx] sv_maxplayers MS init error
L 06/04/2022 - 03:20:44: Error log file session closed.
L 06/04/2022 - 03:20:46: SourceMod error session started
L 06/04/2022 - 03:20:46: Info (map "l4d2_tank_challenge") (file "/home/steam/l4d2/left4dead2/addons/sourcemod/logs/errors_20220604.log")
L 06/04/2022 - 03:20:46: [l4dslots.smx] sv_maxplayers MS init error
L 06/04/2022 - 03:21:10: SourceMod error session started
L 06/04/2022 - 03:21:10: Info (map "c1m1_hotel") (file "/home/steam/l4d2/left4dead2/addons/sourcemod/logs/errors_20220604.log")
L 06/04/2022 - 03:21:10: [SM] Failed to load plugin "nextmap.smx": Nextmap is incompatible with this game.
L 06/04/2022 - 03:21:10: [SM] Unrecognized library "matchmaking_ds" (gameconf "/home/steam/l4d2/left4dead2/addons/sourcemod/gamedata/l4dslots.txt")
L 06/04/2022 - 03:21:12: [l4dslots.smx] sv_maxplayers MS init error
L 06/04/2022 - 03:21:18: Error log file session closed.
L 06/04/2022 - 03:34:14: SourceMod error session started
L 06/04/2022 - 03:34:14: Info (map "c1m1_hotel") (file "/home/steam/l4d2/left4dead2/addons/sourcemod/logs/errors_20220604.log")
L 06/04/2022 - 03:34:14: [SM] Failed to load plugin "nextmap.smx": Nextmap is incompatible with this game.
L 06/04/2022 - 03:34:14: [SM] Unrecognized library "matchmaking_ds" (gameconf "/home/steam/l4d2/left4dead2/addons/sourcemod/gamedata/l4dslots.txt")
L 06/04/2022 - 03:34:16: [l4dslots.smx] sv_maxplayers MS init error
L 06/04/2022 - 03:36:17: Error log file session closed.
L 06/04/2022 - 04:00:53: SourceMod error session started
L 06/04/2022 - 04:00:53: Info (map "c1m1_hotel") (file "/home/steam/l4d2/left4dead2/addons/sourcemod/logs/errors_20220604.log")
L 06/04/2022 - 04:00:53: [SM] Failed to load plugin "nextmap.smx": Nextmap is incompatible with this game.
L 06/04/2022 - 04:00:53: [SM] Unrecognized library "matchmaking_ds" (gameconf "/home/steam/l4d2/left4dead2/addons/sourcemod/gamedata/l4dslots.txt")
L 06/04/2022 - 04:00:55: [l4dslots.smx] sv_maxplayers MS init error
L 06/04/2022 - 04:03:27: Error log file session closed.
L 06/04/2022 - 04:21:16: SourceMod error session started
L 06/04/2022 - 04:21:16: Info (map "c8m1_apartment") (file "/home/steam/l4d2/left4dead2/addons/sourcemod/logs/errors_20220604.log")
L 06/04/2022 - 04:21:16: [l4dslots.smx] sv_maxplayers MS init error
L 06/04/2022 - 04:59:02: SourceMod error session started
L 06/04/2022 - 04:59:02: Info (map "tankskeeting") (file "/home/steam/l4d2/left4dead2/addons/sourcemod/logs/errors_20220604.log")
L 06/04/2022 - 04:59:02: [SM] Failed to load plugin "nextmap.smx": Nextmap is incompatible with this game.
L 06/04/2022 - 04:59:02: [SM] Unrecognized library "matchmaking_ds" (gameconf "/home/steam/l4d2/left4dead2/addons/sourcemod/gamedata/l4dslots.txt")
L 06/04/2022 - 04:59:04: [l4dslots.smx] sv_maxplayers MS init error
L 06/04/2022 - 04:59:10: Error log file session closed.
L 06/04/2022 - 14:02:46: SourceMod error session started
L 06/04/2022 - 14:02:46: Info (map "c1m1_hotel") (file "/home/steam/l4d2/left4dead2/addons/sourcemod/logs/errors_20220604.log")
L 06/04/2022 - 14:02:46: [SM] Failed to load plugin "nextmap.smx": Nextmap is incompatible with this game.
L 06/04/2022 - 14:02:46: [SM] Unrecognized library "matchmaking_ds" (gameconf "/home/steam/l4d2/left4dead2/addons/sourcemod/gamedata/l4dslots.txt")
L 06/04/2022 - 14:02:54: [l4dslots.smx] sv_maxplayers MS init error
L 06/04/2022 - 14:04:29: Error log file session closed.
L 06/04/2022 - 14:08:34: SourceMod error session started
L 06/04/2022 - 14:08:34: Info (map "c1m1_hotel") (file "/home/steam/l4d2/left4dead2/addons/sourcemod/logs/errors_20220604.log")
L 06/04/2022 - 14:08:34: [SM] Failed to load plugin "nextmap.smx": Nextmap is incompatible with this game.
L 06/04/2022 - 14:08:34: [SM] Unrecognized library "matchmaking_ds" (gameconf "/home/steam/l4d2/left4dead2/addons/sourcemod/gamedata/l4dslots.txt")
L 06/04/2022 - 14:08:35: [l4dslots.smx] sv_maxplayers MS init error
L 06/04/2022 - 14:08:54: Error log file session closed.
L 06/04/2022 - 14:10:46: SourceMod error session started
L 06/04/2022 - 14:10:46: Info (map "c1m1_hotel") (file "/home/steam/l4d2/left4dead2/addons/sourcemod/logs/errors_20220604.log")
L 06/04/2022 - 14:10:46: [SM] Failed to load plugin "nextmap.smx": Nextmap is incompatible with this game.
L 06/04/2022 - 14:10:46: [SM] Unrecognized library "matchmaking_ds" (gameconf "/home/steam/l4d2/left4dead2/addons/sourcemod/gamedata/l4dslots.txt")
L 06/04/2022 - 14:10:47: [l4dslots.smx] sv_maxplayers MS init error
L 06/04/2022 - 14:11:21: Error log file session closed.
