L 02/24/2022 - 19:58:55: SourceMod error session started
L 02/24/2022 - 19:58:55: Info (map "c1m1_hotel") (file "/home/steam/l4d2/left4dead2/addons/sourcemod/logs/errors_20220224.log")
L 02/24/2022 - 19:58:55: [SM] Failed to load plugin "nextmap.smx": Nextmap is incompatible with this game.
L 02/24/2022 - 19:58:55: [SM] Unrecognized library "matchmaking_ds" (gameconf "/home/steam/l4d2/left4dead2/addons/sourcemod/gamedata/l4dslots.txt")
L 02/24/2022 - 19:59:00: [l4dslots.smx] sv_maxplayers MS init error
L 02/24/2022 - 20:07:52: SourceMod error session started
L 02/24/2022 - 20:07:52: Info (map "c1m1_hotel") (file "/home/steam/l4d2/left4dead2/addons/sourcemod/logs/errors_20220224.log")
L 02/24/2022 - 20:07:52: [SM] Failed to load plugin "nextmap.smx": Nextmap is incompatible with this game.
L 02/24/2022 - 20:07:52: [SM] Unrecognized library "matchmaking_ds" (gameconf "/home/steam/l4d2/left4dead2/addons/sourcemod/gamedata/l4dslots.txt")
L 02/24/2022 - 20:07:55: [l4dslots.smx] sv_maxplayers MS init error
L 02/24/2022 - 20:08:07: Error log file session closed.
L 02/24/2022 - 20:25:58: SourceMod error session started
L 02/24/2022 - 20:25:58: Info (map "c1m1_hotel") (file "/home/steam/l4d2/left4dead2/addons/sourcemod/logs/errors_20220224.log")
L 02/24/2022 - 20:25:58: [SM] Failed to load plugin "nextmap.smx": Nextmap is incompatible with this game.
L 02/24/2022 - 20:25:58: [SM] Unrecognized library "matchmaking_ds" (gameconf "/home/steam/l4d2/left4dead2/addons/sourcemod/gamedata/l4dslots.txt")
L 02/24/2022 - 20:26:00: [l4dslots.smx] sv_maxplayers MS init error
L 02/24/2022 - 20:29:23: Error log file session closed.
L 02/24/2022 - 20:51:54: SourceMod error session started
L 02/24/2022 - 20:51:54: Info (map "c1m1_hotel") (file "/home/steam/l4d2/left4dead2/addons/sourcemod/logs/errors_20220224.log")
L 02/24/2022 - 20:51:54: [SM] Failed to load plugin "nextmap.smx": Nextmap is incompatible with this game.
L 02/24/2022 - 20:51:54: [SM] Unrecognized library "matchmaking_ds" (gameconf "/home/steam/l4d2/left4dead2/addons/sourcemod/gamedata/l4dslots.txt")
L 02/24/2022 - 20:51:57: [l4dslots.smx] sv_maxplayers MS init error
