L 05/05/2022 - 02:17:23: SourceMod error session started
L 05/05/2022 - 02:17:23: Info (map "c1m1_hotel") (file "/home/steam/l4d2/left4dead2/addons/sourcemod/logs/errors_20220505.log")
L 05/05/2022 - 02:17:23: [SM] Failed to load plugin "nextmap.smx": Nextmap is incompatible with this game.
L 05/05/2022 - 02:17:23: [SM] Unrecognized library "matchmaking_ds" (gameconf "/home/steam/l4d2/left4dead2/addons/sourcemod/gamedata/l4dslots.txt")
L 05/05/2022 - 02:17:43: [l4dslots.smx] sv_maxplayers MS init error
L 05/05/2022 - 02:43:36: Error log file session closed.
L 05/05/2022 - 02:44:26: SourceMod error session started
L 05/05/2022 - 02:44:26: Info (map "c1m1_hotel") (file "/home/steam/l4d2/left4dead2/addons/sourcemod/logs/errors_20220505.log")
L 05/05/2022 - 02:44:26: [SM] Failed to load plugin "nextmap.smx": Nextmap is incompatible with this game.
L 05/05/2022 - 02:44:27: [SM] Unrecognized library "matchmaking_ds" (gameconf "/home/steam/l4d2/left4dead2/addons/sourcemod/gamedata/l4dslots.txt")
L 05/05/2022 - 02:44:48: [l4dslots.smx] sv_maxplayers MS init error
L 05/05/2022 - 02:45:21: SourceMod error session started
L 05/05/2022 - 02:45:21: Info (map "c1m1_hotel") (file "/home/steam/l4d2/left4dead2/addons/sourcemod/logs/errors_20220505.log")
L 05/05/2022 - 02:45:21: [SM] Failed to load plugin "nextmap.smx": Nextmap is incompatible with this game.
L 05/05/2022 - 02:45:21: [SM] Unrecognized library "matchmaking_ds" (gameconf "/home/steam/l4d2/left4dead2/addons/sourcemod/gamedata/l4dslots.txt")
L 05/05/2022 - 02:45:43: [l4dslots.smx] sv_maxplayers MS init error
L 05/05/2022 - 02:46:17: SourceMod error session started
L 05/05/2022 - 02:46:17: Info (map "c1m1_hotel") (file "/home/steam/l4d2/left4dead2/addons/sourcemod/logs/errors_20220505.log")
L 05/05/2022 - 02:46:17: [SM] Failed to load plugin "nextmap.smx": Nextmap is incompatible with this game.
L 05/05/2022 - 02:46:17: [SM] Unrecognized library "matchmaking_ds" (gameconf "/home/steam/l4d2/left4dead2/addons/sourcemod/gamedata/l4dslots.txt")
L 05/05/2022 - 02:46:38: [l4dslots.smx] sv_maxplayers MS init error
L 05/05/2022 - 02:47:12: SourceMod error session started
L 05/05/2022 - 02:47:12: Info (map "c1m1_hotel") (file "/home/steam/l4d2/left4dead2/addons/sourcemod/logs/errors_20220505.log")
L 05/05/2022 - 02:47:12: [SM] Failed to load plugin "nextmap.smx": Nextmap is incompatible with this game.
L 05/05/2022 - 02:47:13: [SM] Unrecognized library "matchmaking_ds" (gameconf "/home/steam/l4d2/left4dead2/addons/sourcemod/gamedata/l4dslots.txt")
L 05/05/2022 - 02:47:33: [l4dslots.smx] sv_maxplayers MS init error
L 05/05/2022 - 02:48:07: SourceMod error session started
L 05/05/2022 - 02:48:07: Info (map "c1m1_hotel") (file "/home/steam/l4d2/left4dead2/addons/sourcemod/logs/errors_20220505.log")
L 05/05/2022 - 02:48:07: [SM] Failed to load plugin "nextmap.smx": Nextmap is incompatible with this game.
L 05/05/2022 - 02:48:07: [SM] Unrecognized library "matchmaking_ds" (gameconf "/home/steam/l4d2/left4dead2/addons/sourcemod/gamedata/l4dslots.txt")
L 05/05/2022 - 02:48:28: [l4dslots.smx] sv_maxplayers MS init error
L 05/05/2022 - 02:49:00: SourceMod error session started
L 05/05/2022 - 02:49:00: Info (map "c1m1_hotel") (file "/home/steam/l4d2/left4dead2/addons/sourcemod/logs/errors_20220505.log")
L 05/05/2022 - 02:49:00: [SM] Failed to load plugin "nextmap.smx": Nextmap is incompatible with this game.
L 05/05/2022 - 02:49:01: [SM] Unrecognized library "matchmaking_ds" (gameconf "/home/steam/l4d2/left4dead2/addons/sourcemod/gamedata/l4dslots.txt")
L 05/05/2022 - 02:49:24: [l4dslots.smx] sv_maxplayers MS init error
L 05/05/2022 - 02:49:46: SourceMod error session started
L 05/05/2022 - 02:49:46: Info (map "c1m1_hotel") (file "/home/steam/l4d2/left4dead2/addons/sourcemod/logs/errors_20220505.log")
L 05/05/2022 - 02:49:46: [SM] Failed to load plugin "nextmap.smx": Nextmap is incompatible with this game.
L 05/05/2022 - 02:49:46: [SM] Unrecognized library "matchmaking_ds" (gameconf "/home/steam/l4d2/left4dead2/addons/sourcemod/gamedata/l4dslots.txt")
L 05/05/2022 - 02:49:48: [l4dslots.smx] sv_maxplayers MS init error
L 05/05/2022 - 02:52:48: Error log file session closed.
L 05/05/2022 - 15:05:00: SourceMod error session started
L 05/05/2022 - 15:05:00: Info (map "c1m1_hotel") (file "/home/steam/l4d2/left4dead2/addons/sourcemod/logs/errors_20220505.log")
L 05/05/2022 - 15:05:00: [SM] Failed to load plugin "nextmap.smx": Nextmap is incompatible with this game.
L 05/05/2022 - 15:05:00: [SM] Unrecognized library "matchmaking_ds" (gameconf "/home/steam/l4d2/left4dead2/addons/sourcemod/gamedata/l4dslots.txt")
L 05/05/2022 - 15:05:06: [l4dslots.smx] sv_maxplayers MS init error
L 05/05/2022 - 15:15:22: Error log file session closed.
L 05/05/2022 - 20:44:55: SourceMod error session started
L 05/05/2022 - 20:44:55: Info (map "c1m1_hotel") (file "/home/steam/l4d2/left4dead2/addons/sourcemod/logs/errors_20220505.log")
L 05/05/2022 - 20:44:55: [SM] Failed to load plugin "nextmap.smx": Nextmap is incompatible with this game.
L 05/05/2022 - 20:44:55: [SM] Unrecognized library "matchmaking_ds" (gameconf "/home/steam/l4d2/left4dead2/addons/sourcemod/gamedata/l4dslots.txt")
L 05/05/2022 - 20:45:01: [l4dslots.smx] sv_maxplayers MS init error
L 05/05/2022 - 20:48:08: Error log file session closed.
L 05/05/2022 - 22:23:01: SourceMod error session started
L 05/05/2022 - 22:23:01: Info (map "c1m1_hotel") (file "/home/steam/l4d2/left4dead2/addons/sourcemod/logs/errors_20220505.log")
L 05/05/2022 - 22:23:01: [SM] Failed to load plugin "nextmap.smx": Nextmap is incompatible with this game.
L 05/05/2022 - 22:23:01: [SM] Unrecognized library "matchmaking_ds" (gameconf "/home/steam/l4d2/left4dead2/addons/sourcemod/gamedata/l4dslots.txt")
L 05/05/2022 - 22:23:09: [l4dslots.smx] sv_maxplayers MS init error
L 05/05/2022 - 22:37:04: Error log file session closed.
