L 06/03/2022 - 00:22:19: SourceMod error session started
L 06/03/2022 - 00:22:19: Info (map "c4m5_milltown_escape") (file "/home/steam/l4d2/left4dead2/addons/sourcemod/logs/errors_20220603.log")
L 06/03/2022 - 00:22:19: [SM] Exception reported: Client 3 is not in game
L 06/03/2022 - 00:22:19: [SM] Blaming: l4d2_bwa_teamspanel.smx
L 06/03/2022 - 00:22:19: [SM] Call stack trace:
L 06/03/2022 - 00:22:19: [SM]   [0] GetClientTeam
L 06/03/2022 - 00:22:19: [SM]   [1] Line 419, /home/forums/content/files/9/9/8/5/2/95471.attach::Admin_ChooseSwapPlayerMenu
L 06/03/2022 - 00:22:19: [SM]   [2] Line 389, /home/forums/content/files/9/9/8/5/2/95471.attach::Admin_MnuHdlr_ChoosePlayer
L 06/03/2022 - 00:46:07: Error log file session closed.
L 06/03/2022 - 14:48:38: SourceMod error session started
L 06/03/2022 - 14:48:38: Info (map "c1m1_hotel") (file "/home/steam/l4d2/left4dead2/addons/sourcemod/logs/errors_20220603.log")
L 06/03/2022 - 14:48:38: [SM] Failed to load plugin "nextmap.smx": Nextmap is incompatible with this game.
L 06/03/2022 - 14:48:38: [SM] Unrecognized library "matchmaking_ds" (gameconf "/home/steam/l4d2/left4dead2/addons/sourcemod/gamedata/l4dslots.txt")
L 06/03/2022 - 14:48:45: [l4dslots.smx] sv_maxplayers MS init error
L 06/03/2022 - 14:49:23: SourceMod error session started
L 06/03/2022 - 14:49:23: Info (map "c1m1_hotel") (file "/home/steam/l4d2/left4dead2/addons/sourcemod/logs/errors_20220603.log")
L 06/03/2022 - 14:49:23: [SM] Failed to load plugin "nextmap.smx": Nextmap is incompatible with this game.
L 06/03/2022 - 14:49:23: [SM] Unrecognized library "matchmaking_ds" (gameconf "/home/steam/l4d2/left4dead2/addons/sourcemod/gamedata/l4dslots.txt")
L 06/03/2022 - 14:49:25: [l4dslots.smx] sv_maxplayers MS init error
L 06/03/2022 - 14:50:20: SourceMod error session started
L 06/03/2022 - 14:50:20: Info (map "c1m1_hotel") (file "/home/steam/l4d2/left4dead2/addons/sourcemod/logs/errors_20220603.log")
L 06/03/2022 - 14:50:20: [SM] Failed to load plugin "nextmap.smx": Nextmap is incompatible with this game.
L 06/03/2022 - 14:50:20: [SM] Unrecognized library "matchmaking_ds" (gameconf "/home/steam/l4d2/left4dead2/addons/sourcemod/gamedata/l4dslots.txt")
L 06/03/2022 - 14:50:21: [l4dslots.smx] sv_maxplayers MS init error
L 06/03/2022 - 14:50:36: [l4dslots.smx] sv_maxplayers MS init error
L 06/03/2022 - 14:50:49: [l4dslots.smx] sv_maxplayers MS init error
L 06/03/2022 - 14:50:56: [l4dslots.smx] sv_maxplayers MS init error
L 06/03/2022 - 14:52:43: SourceMod error session started
L 06/03/2022 - 14:52:43: Info (map "c1m1_hotel") (file "/home/steam/l4d2/left4dead2/addons/sourcemod/logs/errors_20220603.log")
L 06/03/2022 - 14:52:43: [SM] Failed to load plugin "nextmap.smx": Nextmap is incompatible with this game.
L 06/03/2022 - 14:52:43: [SM] Unrecognized library "matchmaking_ds" (gameconf "/home/steam/l4d2/left4dead2/addons/sourcemod/gamedata/l4dslots.txt")
L 06/03/2022 - 14:52:44: [l4dslots.smx] sv_maxplayers MS init error
L 06/03/2022 - 14:53:22: [l4dslots.smx] sv_maxplayers MS init error
L 06/03/2022 - 14:59:01: SourceMod error session started
L 06/03/2022 - 14:59:01: Info (map "c1m1_hotel") (file "/home/steam/l4d2/left4dead2/addons/sourcemod/logs/errors_20220603.log")
L 06/03/2022 - 14:59:01: [SM] Failed to load plugin "nextmap.smx": Nextmap is incompatible with this game.
L 06/03/2022 - 14:59:01: [SM] Unrecognized library "matchmaking_ds" (gameconf "/home/steam/l4d2/left4dead2/addons/sourcemod/gamedata/l4dslots.txt")
L 06/03/2022 - 14:59:02: [l4dslots.smx] sv_maxplayers MS init error
L 06/03/2022 - 15:01:38: SourceMod error session started
L 06/03/2022 - 15:01:38: Info (map "c1m1_hotel") (file "/home/steam/l4d2/left4dead2/addons/sourcemod/logs/errors_20220603.log")
L 06/03/2022 - 15:01:38: [SM] Failed to load plugin "nextmap.smx": Nextmap is incompatible with this game.
L 06/03/2022 - 15:01:38: [SM] Unrecognized library "matchmaking_ds" (gameconf "/home/steam/l4d2/left4dead2/addons/sourcemod/gamedata/l4dslots.txt")
L 06/03/2022 - 15:01:40: [l4dslots.smx] sv_maxplayers MS init error
L 06/03/2022 - 15:03:50: [l4dslots.smx] sv_maxplayers MS init error
L 06/03/2022 - 15:03:58: [l4dslots.smx] sv_maxplayers MS init error
L 06/03/2022 - 21:36:56: SourceMod error session started
L 06/03/2022 - 21:36:56: Info (map "c1m1_hotel") (file "/home/steam/l4d2/left4dead2/addons/sourcemod/logs/errors_20220603.log")
L 06/03/2022 - 21:36:56: [SM] Failed to load plugin "nextmap.smx": Nextmap is incompatible with this game.
L 06/03/2022 - 21:36:56: [SM] Unrecognized library "matchmaking_ds" (gameconf "/home/steam/l4d2/left4dead2/addons/sourcemod/gamedata/l4dslots.txt")
L 06/03/2022 - 21:37:04: [l4dslots.smx] sv_maxplayers MS init error
