L 05/27/2022 - 00:01:04: SourceMod error session started
L 05/27/2022 - 00:01:04: Info (map "c1m1_hotel") (file "/home/steam/l4d2/left4dead2/addons/sourcemod/logs/errors_20220527.log")
L 05/27/2022 - 00:01:04: [SM] Failed to load plugin "nextmap.smx": Nextmap is incompatible with this game.
L 05/27/2022 - 00:01:04: [SM] Unrecognized library "matchmaking_ds" (gameconf "/home/steam/l4d2/left4dead2/addons/sourcemod/gamedata/l4dslots.txt")
L 05/27/2022 - 00:01:11: [l4dslots.smx] sv_maxplayers MS init error
L 05/27/2022 - 00:03:34: Error log file session closed.
L 05/27/2022 - 01:55:09: SourceMod error session started
L 05/27/2022 - 01:55:09: Info (map "c1m1_hotel") (file "/home/steam/l4d2/left4dead2/addons/sourcemod/logs/errors_20220527.log")
L 05/27/2022 - 01:55:09: [SM] Failed to load plugin "nextmap.smx": Nextmap is incompatible with this game.
L 05/27/2022 - 01:55:09: [SM] Unrecognized library "matchmaking_ds" (gameconf "/home/steam/l4d2/left4dead2/addons/sourcemod/gamedata/l4dslots.txt")
L 05/27/2022 - 01:55:39: SourceMod error session started
L 05/27/2022 - 01:55:39: Info (map "c1m1_hotel") (file "/home/steam/l4d2/left4dead2/addons/sourcemod/logs/errors_20220527.log")
L 05/27/2022 - 01:55:39: [SM] Failed to load plugin "nextmap.smx": Nextmap is incompatible with this game.
L 05/27/2022 - 01:55:39: [SM] Unrecognized library "matchmaking_ds" (gameconf "/home/steam/l4d2/left4dead2/addons/sourcemod/gamedata/l4dslots.txt")
L 05/27/2022 - 01:56:24: [l4dslots.smx] sv_maxplayers MS init error
L 05/27/2022 - 01:56:24: SourceMod error session started
L 05/27/2022 - 01:56:24: Info (map "c1m1_hotel") (file "/home/steam/l4d2/left4dead2/addons/sourcemod/logs/errors_20220527.log")
L 05/27/2022 - 01:56:24: [SM] Failed to load plugin "nextmap.smx": Nextmap is incompatible with this game.
L 05/27/2022 - 01:56:25: [SM] Unrecognized library "matchmaking_ds" (gameconf "/home/steam/l4d2/left4dead2/addons/sourcemod/gamedata/l4dslots.txt")
L 05/27/2022 - 01:56:38: [l4dslots.smx] sv_maxplayers MS init error
L 05/27/2022 - 01:56:42: SourceMod error session started
L 05/27/2022 - 01:56:42: Info (map "c1m1_hotel") (file "/home/steam/l4d2/left4dead2/addons/sourcemod/logs/errors_20220527.log")
L 05/27/2022 - 01:56:42: [SM] Failed to load plugin "nextmap.smx": Nextmap is incompatible with this game.
L 05/27/2022 - 01:56:42: [SM] Unrecognized library "matchmaking_ds" (gameconf "/home/steam/l4d2/left4dead2/addons/sourcemod/gamedata/l4dslots.txt")
L 05/27/2022 - 01:56:43: [l4dslots.smx] sv_maxplayers MS init error
L 05/27/2022 - 03:11:03: SourceMod error session started
L 05/27/2022 - 03:11:03: Info (map "c1m1_hotel") (file "/home/steam/l4d2/left4dead2/addons/sourcemod/logs/errors_20220527.log")
L 05/27/2022 - 03:11:03: [SM] Failed to load plugin "nextmap.smx": Nextmap is incompatible with this game.
L 05/27/2022 - 03:11:03: [SM] Unrecognized library "matchmaking_ds" (gameconf "/home/steam/l4d2/left4dead2/addons/sourcemod/gamedata/l4dslots.txt")
L 05/27/2022 - 03:11:31: [l4dslots.smx] sv_maxplayers MS init error
L 05/27/2022 - 03:12:05: SourceMod error session started
L 05/27/2022 - 03:12:05: Info (map "c1m1_hotel") (file "/home/steam/l4d2/left4dead2/addons/sourcemod/logs/errors_20220527.log")
L 05/27/2022 - 03:12:05: [SM] Failed to load plugin "nextmap.smx": Nextmap is incompatible with this game.
L 05/27/2022 - 03:12:05: [SM] Unrecognized library "matchmaking_ds" (gameconf "/home/steam/l4d2/left4dead2/addons/sourcemod/gamedata/l4dslots.txt")
L 05/27/2022 - 03:14:24: SourceMod error session started
L 05/27/2022 - 03:14:24: Info (map "c1m1_hotel") (file "/home/steam/l4d2/left4dead2/addons/sourcemod/logs/errors_20220527.log")
L 05/27/2022 - 03:14:24: [SM] Failed to load plugin "nextmap.smx": Nextmap is incompatible with this game.
L 05/27/2022 - 03:14:24: [SM] Unrecognized library "matchmaking_ds" (gameconf "/home/steam/l4d2/left4dead2/addons/sourcemod/gamedata/l4dslots.txt")
L 05/27/2022 - 03:14:32: [l4dslots.smx] sv_maxplayers MS init error
L 05/27/2022 - 20:41:35: SourceMod error session started
L 05/27/2022 - 20:41:35: Info (map "c1m1_hotel") (file "/home/steam/l4d2/left4dead2/addons/sourcemod/logs/errors_20220527.log")
L 05/27/2022 - 20:41:35: [SM] Failed to load plugin "nextmap.smx": Nextmap is incompatible with this game.
L 05/27/2022 - 20:41:35: [SM] Unrecognized library "matchmaking_ds" (gameconf "/home/steam/l4d2/left4dead2/addons/sourcemod/gamedata/l4dslots.txt")
L 05/27/2022 - 20:41:42: [l4dslots.smx] sv_maxplayers MS init error
L 05/27/2022 - 20:45:50: Error log file session closed.
L 05/27/2022 - 20:48:06: SourceMod error session started
L 05/27/2022 - 20:48:06: Info (map "c1m1_hotel") (file "/home/steam/l4d2/left4dead2/addons/sourcemod/logs/errors_20220527.log")
L 05/27/2022 - 20:48:06: [SM] Failed to load plugin "nextmap.smx": Nextmap is incompatible with this game.
L 05/27/2022 - 20:48:06: [SM] Unrecognized library "matchmaking_ds" (gameconf "/home/steam/l4d2/left4dead2/addons/sourcemod/gamedata/l4dslots.txt")
L 05/27/2022 - 20:48:07: [l4dslots.smx] sv_maxplayers MS init error
L 05/27/2022 - 20:48:30: Error log file session closed.
L 05/27/2022 - 23:09:38: SourceMod error session started
L 05/27/2022 - 23:09:38: Info (map "c1m1_hotel") (file "/home/steam/l4d2/left4dead2/addons/sourcemod/logs/errors_20220527.log")
L 05/27/2022 - 23:09:38: [SM] Failed to load plugin "nextmap.smx": Nextmap is incompatible with this game.
L 05/27/2022 - 23:09:38: [SM] Unrecognized library "matchmaking_ds" (gameconf "/home/steam/l4d2/left4dead2/addons/sourcemod/gamedata/l4dslots.txt")
L 05/27/2022 - 23:09:46: [l4dslots.smx] sv_maxplayers MS init error
L 05/27/2022 - 23:10:11: Error log file session closed.
