L 05/04/2022 - 00:06:54: SourceMod error session started
L 05/04/2022 - 00:06:54: Info (map "c1m1_hotel") (file "/home/steam/l4d2/left4dead2/addons/sourcemod/logs/errors_20220504.log")
L 05/04/2022 - 00:06:54: [SM] Failed to load plugin "nextmap.smx": Nextmap is incompatible with this game.
L 05/04/2022 - 00:06:54: [SM] Unrecognized library "matchmaking_ds" (gameconf "/home/steam/l4d2/left4dead2/addons/sourcemod/gamedata/l4dslots.txt")
L 05/04/2022 - 00:07:16: [l4dslots.smx] sv_maxplayers MS init error
L 05/04/2022 - 00:07:47: SourceMod error session started
L 05/04/2022 - 00:07:47: Info (map "c1m1_hotel") (file "/home/steam/l4d2/left4dead2/addons/sourcemod/logs/errors_20220504.log")
L 05/04/2022 - 00:07:47: [SM] Failed to load plugin "nextmap.smx": Nextmap is incompatible with this game.
L 05/04/2022 - 00:07:48: [SM] Unrecognized library "matchmaking_ds" (gameconf "/home/steam/l4d2/left4dead2/addons/sourcemod/gamedata/l4dslots.txt")
L 05/04/2022 - 00:08:07: [l4dslots.smx] sv_maxplayers MS init error
L 05/04/2022 - 00:08:37: SourceMod error session started
L 05/04/2022 - 00:08:37: Info (map "c1m1_hotel") (file "/home/steam/l4d2/left4dead2/addons/sourcemod/logs/errors_20220504.log")
L 05/04/2022 - 00:08:37: [SM] Failed to load plugin "nextmap.smx": Nextmap is incompatible with this game.
L 05/04/2022 - 00:08:37: [SM] Unrecognized library "matchmaking_ds" (gameconf "/home/steam/l4d2/left4dead2/addons/sourcemod/gamedata/l4dslots.txt")
L 05/04/2022 - 00:08:57: [l4dslots.smx] sv_maxplayers MS init error
L 05/04/2022 - 00:09:27: SourceMod error session started
L 05/04/2022 - 00:09:27: Info (map "c1m1_hotel") (file "/home/steam/l4d2/left4dead2/addons/sourcemod/logs/errors_20220504.log")
L 05/04/2022 - 00:09:27: [SM] Failed to load plugin "nextmap.smx": Nextmap is incompatible with this game.
L 05/04/2022 - 00:09:28: [SM] Unrecognized library "matchmaking_ds" (gameconf "/home/steam/l4d2/left4dead2/addons/sourcemod/gamedata/l4dslots.txt")
L 05/04/2022 - 00:09:47: [l4dslots.smx] sv_maxplayers MS init error
L 05/04/2022 - 00:12:06: SourceMod error session started
L 05/04/2022 - 00:12:06: Info (map "c1m1_hotel") (file "/home/steam/l4d2/left4dead2/addons/sourcemod/logs/errors_20220504.log")
L 05/04/2022 - 00:12:06: [SM] Failed to load plugin "nextmap.smx": Nextmap is incompatible with this game.
L 05/04/2022 - 00:12:06: [SM] Unrecognized library "matchmaking_ds" (gameconf "/home/steam/l4d2/left4dead2/addons/sourcemod/gamedata/l4dslots.txt")
L 05/04/2022 - 00:12:12: [l4dslots.smx] sv_maxplayers MS init error
L 05/04/2022 - 00:13:24: Error log file session closed.
L 05/04/2022 - 02:10:04: SourceMod error session started
L 05/04/2022 - 02:10:04: Info (map "c1m1_hotel") (file "/home/steam/l4d2/left4dead2/addons/sourcemod/logs/errors_20220504.log")
L 05/04/2022 - 02:10:04: [SM] Failed to load plugin "nextmap.smx": Nextmap is incompatible with this game.
L 05/04/2022 - 02:10:04: [SM] Unrecognized library "matchmaking_ds" (gameconf "/home/steam/l4d2/left4dead2/addons/sourcemod/gamedata/l4dslots.txt")
L 05/04/2022 - 02:10:26: [l4dslots.smx] sv_maxplayers MS init error
L 05/04/2022 - 02:10:44: SourceMod error session started
L 05/04/2022 - 02:10:44: Info (map "c1m1_hotel") (file "/home/steam/l4d2/left4dead2/addons/sourcemod/logs/errors_20220504.log")
L 05/04/2022 - 02:10:44: [SM] Failed to load plugin "nextmap.smx": Nextmap is incompatible with this game.
L 05/04/2022 - 02:10:44: [SM] Unrecognized library "matchmaking_ds" (gameconf "/home/steam/l4d2/left4dead2/addons/sourcemod/gamedata/l4dslots.txt")
L 05/04/2022 - 02:10:46: [l4dslots.smx] sv_maxplayers MS init error
L 05/04/2022 - 02:26:43: SourceMod error session started
L 05/04/2022 - 02:26:43: Info (map "c1m1_hotel") (file "/home/steam/l4d2/left4dead2/addons/sourcemod/logs/errors_20220504.log")
L 05/04/2022 - 02:26:43: [SM] Failed to load plugin "nextmap.smx": Nextmap is incompatible with this game.
L 05/04/2022 - 02:26:43: [SM] Unrecognized library "matchmaking_ds" (gameconf "/home/steam/l4d2/left4dead2/addons/sourcemod/gamedata/l4dslots.txt")
L 05/04/2022 - 02:26:44: [l4dslots.smx] sv_maxplayers MS init error
L 05/04/2022 - 09:15:27: SourceMod error session started
L 05/04/2022 - 09:15:27: Info (map "c1m1_hotel") (file "/home/steam/l4d2/left4dead2/addons/sourcemod/logs/errors_20220504.log")
L 05/04/2022 - 09:15:27: [SM] Failed to load plugin "nextmap.smx": Nextmap is incompatible with this game.
L 05/04/2022 - 09:15:28: [SM] Unrecognized library "matchmaking_ds" (gameconf "/home/steam/l4d2/left4dead2/addons/sourcemod/gamedata/l4dslots.txt")
L 05/04/2022 - 09:15:33: [l4dslots.smx] sv_maxplayers MS init error
L 05/04/2022 - 09:34:02: SourceMod error session started
L 05/04/2022 - 09:34:02: Info (map "c1m1_hotel") (file "/home/steam/l4d2/left4dead2/addons/sourcemod/logs/errors_20220504.log")
L 05/04/2022 - 09:34:02: [SM] Failed to load plugin "nextmap.smx": Nextmap is incompatible with this game.
L 05/04/2022 - 09:34:02: [SM] Unrecognized library "matchmaking_ds" (gameconf "/home/steam/l4d2/left4dead2/addons/sourcemod/gamedata/l4dslots.txt")
L 05/04/2022 - 09:34:04: [l4dslots.smx] sv_maxplayers MS init error
L 05/04/2022 - 09:37:30: SourceMod error session started
L 05/04/2022 - 09:37:30: Info (map "c1m1_hotel") (file "/home/steam/l4d2/left4dead2/addons/sourcemod/logs/errors_20220504.log")
L 05/04/2022 - 09:37:30: [SM] Failed to load plugin "nextmap.smx": Nextmap is incompatible with this game.
L 05/04/2022 - 09:37:30: [SM] Unrecognized library "matchmaking_ds" (gameconf "/home/steam/l4d2/left4dead2/addons/sourcemod/gamedata/l4dslots.txt")
L 05/04/2022 - 09:37:36: [l4dslots.smx] sv_maxplayers MS init error
L 05/04/2022 - 09:48:55: SourceMod error session started
L 05/04/2022 - 09:48:55: Info (map "c1m1_hotel") (file "/home/steam/l4d2/left4dead2/addons/sourcemod/logs/errors_20220504.log")
L 05/04/2022 - 09:48:55: [SM] Failed to load plugin "nextmap.smx": Nextmap is incompatible with this game.
L 05/04/2022 - 09:48:55: [SM] Unrecognized library "matchmaking_ds" (gameconf "/home/steam/l4d2/left4dead2/addons/sourcemod/gamedata/l4dslots.txt")
L 05/04/2022 - 09:49:00: [l4dslots.smx] sv_maxplayers MS init error
L 05/04/2022 - 09:53:52: SourceMod error session started
L 05/04/2022 - 09:53:52: Info (map "c1m1_hotel") (file "/home/steam/l4d2/left4dead2/addons/sourcemod/logs/errors_20220504.log")
L 05/04/2022 - 09:53:52: [SM] Failed to load plugin "nextmap.smx": Nextmap is incompatible with this game.
L 05/04/2022 - 09:53:52: [SM] Unrecognized library "matchmaking_ds" (gameconf "/home/steam/l4d2/left4dead2/addons/sourcemod/gamedata/l4dslots.txt")
L 05/04/2022 - 09:53:54: [l4dslots.smx] sv_maxplayers MS init error
L 05/04/2022 - 09:58:33: SourceMod error session started
L 05/04/2022 - 09:58:33: Info (map "c1m1_hotel") (file "/home/steam/l4d2/left4dead2/addons/sourcemod/logs/errors_20220504.log")
L 05/04/2022 - 09:58:33: [SM] Failed to load plugin "nextmap.smx": Nextmap is incompatible with this game.
L 05/04/2022 - 09:58:33: [SM] Unrecognized library "matchmaking_ds" (gameconf "/home/steam/l4d2/left4dead2/addons/sourcemod/gamedata/l4dslots.txt")
L 05/04/2022 - 09:58:38: [l4dslots.smx] sv_maxplayers MS init error
L 05/04/2022 - 10:00:27: SourceMod error session started
L 05/04/2022 - 10:00:27: Info (map "c1m1_hotel") (file "/home/steam/l4d2/left4dead2/addons/sourcemod/logs/errors_20220504.log")
L 05/04/2022 - 10:00:27: [SM] Failed to load plugin "nextmap.smx": Nextmap is incompatible with this game.
L 05/04/2022 - 10:00:27: [SM] Unrecognized library "matchmaking_ds" (gameconf "/home/steam/l4d2/left4dead2/addons/sourcemod/gamedata/l4dslots.txt")
L 05/04/2022 - 10:00:29: [l4dslots.smx] sv_maxplayers MS init error
L 05/04/2022 - 10:05:50: SourceMod error session started
L 05/04/2022 - 10:05:50: Info (map "c1m1_hotel") (file "/home/steam/l4d2/left4dead2/addons/sourcemod/logs/errors_20220504.log")
L 05/04/2022 - 10:05:50: [SM] Failed to load plugin "nextmap.smx": Nextmap is incompatible with this game.
L 05/04/2022 - 10:05:50: [SM] Unrecognized library "matchmaking_ds" (gameconf "/home/steam/l4d2/left4dead2/addons/sourcemod/gamedata/l4dslots.txt")
L 05/04/2022 - 10:05:51: [l4dslots.smx] sv_maxplayers MS init error
L 05/04/2022 - 10:20:06: SourceMod error session started
L 05/04/2022 - 10:20:06: Info (map "c1m1_hotel") (file "/home/steam/l4d2/left4dead2/addons/sourcemod/logs/errors_20220504.log")
L 05/04/2022 - 10:20:06: [SM] Failed to load plugin "nextmap.smx": Nextmap is incompatible with this game.
L 05/04/2022 - 10:20:06: [SM] Unrecognized library "matchmaking_ds" (gameconf "/home/steam/l4d2/left4dead2/addons/sourcemod/gamedata/l4dslots.txt")
L 05/04/2022 - 10:20:07: [l4dslots.smx] sv_maxplayers MS init error
L 05/04/2022 - 10:41:03: SourceMod error session started
L 05/04/2022 - 10:41:03: Info (map "c1m1_hotel") (file "/home/steam/l4d2/left4dead2/addons/sourcemod/logs/errors_20220504.log")
L 05/04/2022 - 10:41:03: [SM] Failed to load plugin "nextmap.smx": Nextmap is incompatible with this game.
L 05/04/2022 - 10:41:03: [SM] Unrecognized library "matchmaking_ds" (gameconf "/home/steam/l4d2/left4dead2/addons/sourcemod/gamedata/l4dslots.txt")
L 05/04/2022 - 10:41:09: [l4dslots.smx] sv_maxplayers MS init error
L 05/04/2022 - 10:42:28: [l4dslots.smx] sv_maxplayers MS init error
L 05/04/2022 - 10:42:53: [l4dslots.smx] sv_maxplayers MS init error
L 05/04/2022 - 10:43:00: [l4dslots.smx] sv_maxplayers MS init error
L 05/04/2022 - 10:43:16: [l4dslots.smx] sv_maxplayers MS init error
L 05/04/2022 - 11:06:47: SourceMod error session started
L 05/04/2022 - 11:06:47: Info (map "c1m1_hotel") (file "/home/steam/l4d2/left4dead2/addons/sourcemod/logs/errors_20220504.log")
L 05/04/2022 - 11:06:47: [SM] Failed to load plugin "nextmap.smx": Nextmap is incompatible with this game.
L 05/04/2022 - 11:06:47: [SM] Unrecognized library "matchmaking_ds" (gameconf "/home/steam/l4d2/left4dead2/addons/sourcemod/gamedata/l4dslots.txt")
L 05/04/2022 - 11:06:53: [l4dslots.smx] sv_maxplayers MS init error
L 05/04/2022 - 11:28:25: Error log file session closed.
L 05/04/2022 - 11:39:29: SourceMod error session started
L 05/04/2022 - 11:39:29: Info (map "c9m1_alleys") (file "/home/steam/l4d2/left4dead2/addons/sourcemod/logs/errors_20220504.log")
L 05/04/2022 - 11:39:29: [l4dslots.smx] sv_maxplayers MS init error
L 05/04/2022 - 11:52:25: Error log file session closed.
L 05/04/2022 - 11:52:27: SourceMod error session started
L 05/04/2022 - 11:52:27: Info (map "c9m2_lots") (file "/home/steam/l4d2/left4dead2/addons/sourcemod/logs/errors_20220504.log")
L 05/04/2022 - 11:52:27: [l4dslots.smx] sv_maxplayers MS init error
L 05/04/2022 - 12:12:24: Error log file session closed.
L 05/04/2022 - 14:36:06: SourceMod error session started
L 05/04/2022 - 14:36:06: Info (map "c1m1_hotel") (file "/home/steam/l4d2/left4dead2/addons/sourcemod/logs/errors_20220504.log")
L 05/04/2022 - 14:36:06: [SM] Failed to load plugin "nextmap.smx": Nextmap is incompatible with this game.
L 05/04/2022 - 14:36:06: [SM] Unrecognized library "matchmaking_ds" (gameconf "/home/steam/l4d2/left4dead2/addons/sourcemod/gamedata/l4dslots.txt")
L 05/04/2022 - 14:36:12: [l4dslots.smx] sv_maxplayers MS init error
L 05/04/2022 - 19:16:01: SourceMod error session started
L 05/04/2022 - 19:16:01: Info (map "c1m1_hotel") (file "/home/steam/l4d2/left4dead2/addons/sourcemod/logs/errors_20220504.log")
L 05/04/2022 - 19:16:01: [SM] Failed to load plugin "nextmap.smx": Nextmap is incompatible with this game.
L 05/04/2022 - 19:16:01: [SM] Unrecognized library "matchmaking_ds" (gameconf "/home/steam/l4d2/left4dead2/addons/sourcemod/gamedata/l4dslots.txt")
L 05/04/2022 - 19:16:08: [l4dslots.smx] sv_maxplayers MS init error
L 05/04/2022 - 19:17:07: Error log file session closed.
L 05/04/2022 - 21:15:05: SourceMod error session started
L 05/04/2022 - 21:15:05: Info (map "c1m1_hotel") (file "/home/steam/l4d2/left4dead2/addons/sourcemod/logs/errors_20220504.log")
L 05/04/2022 - 21:15:05: [SM] Failed to load plugin "nextmap.smx": Nextmap is incompatible with this game.
L 05/04/2022 - 21:15:05: [SM] Unrecognized library "matchmaking_ds" (gameconf "/home/steam/l4d2/left4dead2/addons/sourcemod/gamedata/l4dslots.txt")
L 05/04/2022 - 21:15:11: [l4dslots.smx] sv_maxplayers MS init error
L 05/04/2022 - 21:15:13: Error log file session closed.
L 05/04/2022 - 23:44:57: SourceMod error session started
L 05/04/2022 - 23:44:57: Info (map "c1m1_hotel") (file "/home/steam/l4d2/left4dead2/addons/sourcemod/logs/errors_20220504.log")
L 05/04/2022 - 23:44:57: [SM] Failed to load plugin "nextmap.smx": Nextmap is incompatible with this game.
L 05/04/2022 - 23:44:58: [SM] Unrecognized library "matchmaking_ds" (gameconf "/home/steam/l4d2/left4dead2/addons/sourcemod/gamedata/l4dslots.txt")
L 05/04/2022 - 23:45:21: [l4dslots.smx] sv_maxplayers MS init error
L 05/04/2022 - 23:45:45: SourceMod error session started
L 05/04/2022 - 23:45:45: Info (map "c1m1_hotel") (file "/home/steam/l4d2/left4dead2/addons/sourcemod/logs/errors_20220504.log")
L 05/04/2022 - 23:45:45: [SM] Failed to load plugin "nextmap.smx": Nextmap is incompatible with this game.
L 05/04/2022 - 23:45:45: [SM] Unrecognized library "matchmaking_ds" (gameconf "/home/steam/l4d2/left4dead2/addons/sourcemod/gamedata/l4dslots.txt")
L 05/04/2022 - 23:45:47: [l4dslots.smx] sv_maxplayers MS init error
L 05/04/2022 - 23:52:10: Error log file session closed.
L 05/04/2022 - 23:52:55: SourceMod error session started
L 05/04/2022 - 23:52:55: Info (map "c1m1_hotel") (file "/home/steam/l4d2/left4dead2/addons/sourcemod/logs/errors_20220504.log")
L 05/04/2022 - 23:52:55: [SM] Failed to load plugin "nextmap.smx": Nextmap is incompatible with this game.
L 05/04/2022 - 23:52:56: [SM] Unrecognized library "matchmaking_ds" (gameconf "/home/steam/l4d2/left4dead2/addons/sourcemod/gamedata/l4dslots.txt")
L 05/04/2022 - 23:53:19: [l4dslots.smx] sv_maxplayers MS init error
L 05/04/2022 - 23:53:51: SourceMod error session started
L 05/04/2022 - 23:53:51: Info (map "c1m1_hotel") (file "/home/steam/l4d2/left4dead2/addons/sourcemod/logs/errors_20220504.log")
L 05/04/2022 - 23:53:51: [SM] Failed to load plugin "nextmap.smx": Nextmap is incompatible with this game.
L 05/04/2022 - 23:53:51: [SM] Unrecognized library "matchmaking_ds" (gameconf "/home/steam/l4d2/left4dead2/addons/sourcemod/gamedata/l4dslots.txt")
L 05/04/2022 - 23:54:14: [l4dslots.smx] sv_maxplayers MS init error
L 05/04/2022 - 23:54:45: SourceMod error session started
L 05/04/2022 - 23:54:45: Info (map "c1m1_hotel") (file "/home/steam/l4d2/left4dead2/addons/sourcemod/logs/errors_20220504.log")
L 05/04/2022 - 23:54:45: [SM] Failed to load plugin "nextmap.smx": Nextmap is incompatible with this game.
L 05/04/2022 - 23:54:45: [SM] Unrecognized library "matchmaking_ds" (gameconf "/home/steam/l4d2/left4dead2/addons/sourcemod/gamedata/l4dslots.txt")
L 05/04/2022 - 23:54:46: [l4dslots.smx] sv_maxplayers MS init error
L 05/05/2022 - 00:05:21: Error log file session closed.
