L 05/14/2022 - 01:50:20: SourceMod error session started
L 05/14/2022 - 01:50:20: Info (map "c1m1_hotel") (file "/home/steam/l4d2/left4dead2/addons/sourcemod/logs/errors_20220514.log")
L 05/14/2022 - 01:50:20: [SM] Failed to load plugin "nextmap.smx": Nextmap is incompatible with this game.
L 05/14/2022 - 01:50:20: [SM] Unrecognized library "matchmaking_ds" (gameconf "/home/steam/l4d2/left4dead2/addons/sourcemod/gamedata/l4dslots.txt")
L 05/14/2022 - 01:50:43: [l4dslots.smx] sv_maxplayers MS init error
L 05/14/2022 - 01:51:17: SourceMod error session started
L 05/14/2022 - 01:51:17: Info (map "c1m1_hotel") (file "/home/steam/l4d2/left4dead2/addons/sourcemod/logs/errors_20220514.log")
L 05/14/2022 - 01:51:17: [SM] Failed to load plugin "nextmap.smx": Nextmap is incompatible with this game.
L 05/14/2022 - 01:51:17: [SM] Unrecognized library "matchmaking_ds" (gameconf "/home/steam/l4d2/left4dead2/addons/sourcemod/gamedata/l4dslots.txt")
L 05/14/2022 - 01:51:38: [l4dslots.smx] sv_maxplayers MS init error
L 05/14/2022 - 01:52:11: SourceMod error session started
L 05/14/2022 - 01:52:11: Info (map "c1m1_hotel") (file "/home/steam/l4d2/left4dead2/addons/sourcemod/logs/errors_20220514.log")
L 05/14/2022 - 01:52:11: [SM] Failed to load plugin "nextmap.smx": Nextmap is incompatible with this game.
L 05/14/2022 - 01:52:11: [SM] Unrecognized library "matchmaking_ds" (gameconf "/home/steam/l4d2/left4dead2/addons/sourcemod/gamedata/l4dslots.txt")
L 05/14/2022 - 01:52:33: [l4dslots.smx] sv_maxplayers MS init error
L 05/14/2022 - 01:53:05: SourceMod error session started
L 05/14/2022 - 01:53:05: Info (map "c1m1_hotel") (file "/home/steam/l4d2/left4dead2/addons/sourcemod/logs/errors_20220514.log")
L 05/14/2022 - 01:53:05: [SM] Failed to load plugin "nextmap.smx": Nextmap is incompatible with this game.
L 05/14/2022 - 01:53:05: [SM] Unrecognized library "matchmaking_ds" (gameconf "/home/steam/l4d2/left4dead2/addons/sourcemod/gamedata/l4dslots.txt")
L 05/14/2022 - 01:53:27: [l4dslots.smx] sv_maxplayers MS init error
L 05/14/2022 - 01:54:00: SourceMod error session started
L 05/14/2022 - 01:54:00: Info (map "c1m1_hotel") (file "/home/steam/l4d2/left4dead2/addons/sourcemod/logs/errors_20220514.log")
L 05/14/2022 - 01:54:00: [SM] Failed to load plugin "nextmap.smx": Nextmap is incompatible with this game.
L 05/14/2022 - 01:54:00: [SM] Unrecognized library "matchmaking_ds" (gameconf "/home/steam/l4d2/left4dead2/addons/sourcemod/gamedata/l4dslots.txt")
L 05/14/2022 - 01:54:20: [l4dslots.smx] sv_maxplayers MS init error
L 05/14/2022 - 01:54:54: SourceMod error session started
L 05/14/2022 - 01:54:54: Info (map "c1m1_hotel") (file "/home/steam/l4d2/left4dead2/addons/sourcemod/logs/errors_20220514.log")
L 05/14/2022 - 01:54:54: [SM] Failed to load plugin "nextmap.smx": Nextmap is incompatible with this game.
L 05/14/2022 - 01:54:54: [SM] Unrecognized library "matchmaking_ds" (gameconf "/home/steam/l4d2/left4dead2/addons/sourcemod/gamedata/l4dslots.txt")
L 05/14/2022 - 01:55:15: [l4dslots.smx] sv_maxplayers MS init error
L 05/14/2022 - 01:55:49: SourceMod error session started
L 05/14/2022 - 01:55:49: Info (map "c1m1_hotel") (file "/home/steam/l4d2/left4dead2/addons/sourcemod/logs/errors_20220514.log")
L 05/14/2022 - 01:55:49: [SM] Failed to load plugin "nextmap.smx": Nextmap is incompatible with this game.
L 05/14/2022 - 01:55:49: [SM] Unrecognized library "matchmaking_ds" (gameconf "/home/steam/l4d2/left4dead2/addons/sourcemod/gamedata/l4dslots.txt")
L 05/14/2022 - 01:56:10: [l4dslots.smx] sv_maxplayers MS init error
L 05/14/2022 - 01:56:56: SourceMod error session started
L 05/14/2022 - 01:56:56: Info (map "c1m1_hotel") (file "/home/steam/l4d2/left4dead2/addons/sourcemod/logs/errors_20220514.log")
L 05/14/2022 - 01:56:56: [SM] Failed to load plugin "nextmap.smx": Nextmap is incompatible with this game.
L 05/14/2022 - 01:56:56: [SM] Unrecognized library "matchmaking_ds" (gameconf "/home/steam/l4d2/left4dead2/addons/sourcemod/gamedata/l4dslots.txt")
L 05/14/2022 - 01:57:12: [l4dslots.smx] sv_maxplayers MS init error
L 05/14/2022 - 02:02:09: SourceMod error session started
L 05/14/2022 - 02:02:09: Info (map "c1m1_hotel") (file "/home/steam/l4d2/left4dead2/addons/sourcemod/logs/errors_20220514.log")
L 05/14/2022 - 02:02:09: [SM] Failed to load plugin "nextmap.smx": Nextmap is incompatible with this game.
L 05/14/2022 - 02:02:09: [SM] Unrecognized library "matchmaking_ds" (gameconf "/home/steam/l4d2/left4dead2/addons/sourcemod/gamedata/l4dslots.txt")
L 05/14/2022 - 02:02:20: [l4dslots.smx] sv_maxplayers MS init error
L 05/14/2022 - 02:02:23: Error log file session closed.
L 05/14/2022 - 02:36:28: SourceMod error session started
L 05/14/2022 - 02:36:28: Info (map "c1m1_hotel") (file "/home/steam/l4d2/left4dead2/addons/sourcemod/logs/errors_20220514.log")
L 05/14/2022 - 02:36:28: [SM] Failed to load plugin "nextmap.smx": Nextmap is incompatible with this game.
L 05/14/2022 - 02:36:28: [SM] Unrecognized library "matchmaking_ds" (gameconf "/home/steam/l4d2/left4dead2/addons/sourcemod/gamedata/l4dslots.txt")
L 05/14/2022 - 02:36:35: [l4dslots.smx] sv_maxplayers MS init error
L 05/14/2022 - 02:56:51: SourceMod error session started
L 05/14/2022 - 02:56:51: Info (map "c1m1_hotel") (file "/home/steam/l4d2/left4dead2/addons/sourcemod/logs/errors_20220514.log")
L 05/14/2022 - 02:56:51: [SM] Failed to load plugin "nextmap.smx": Nextmap is incompatible with this game.
L 05/14/2022 - 02:56:51: [SM] Unrecognized library "matchmaking_ds" (gameconf "/home/steam/l4d2/left4dead2/addons/sourcemod/gamedata/l4dslots.txt")
L 05/14/2022 - 02:56:53: [l4dslots.smx] sv_maxplayers MS init error
L 05/14/2022 - 03:14:20: SourceMod error session started
L 05/14/2022 - 03:14:20: Info (map "c1m1_hotel") (file "/home/steam/l4d2/left4dead2/addons/sourcemod/logs/errors_20220514.log")
L 05/14/2022 - 03:14:20: [SM] Failed to load plugin "nextmap.smx": Nextmap is incompatible with this game.
L 05/14/2022 - 03:14:20: [SM] Unrecognized library "matchmaking_ds" (gameconf "/home/steam/l4d2/left4dead2/addons/sourcemod/gamedata/l4dslots.txt")
L 05/14/2022 - 03:14:22: [l4dslots.smx] sv_maxplayers MS init error
L 05/14/2022 - 03:15:16: Error log file session closed.
L 05/14/2022 - 14:37:04: SourceMod error session started
L 05/14/2022 - 14:37:04: Info (map "c1m1_hotel") (file "/home/steam/l4d2/left4dead2/addons/sourcemod/logs/errors_20220514.log")
L 05/14/2022 - 14:37:04: [SM] Failed to load plugin "nextmap.smx": Nextmap is incompatible with this game.
L 05/14/2022 - 14:37:04: [SM] Unrecognized library "matchmaking_ds" (gameconf "/home/steam/l4d2/left4dead2/addons/sourcemod/gamedata/l4dslots.txt")
L 05/14/2022 - 14:37:11: [l4dslots.smx] sv_maxplayers MS init error
L 05/14/2022 - 14:38:19: Error log file session closed.
L 05/14/2022 - 17:56:14: SourceMod error session started
L 05/14/2022 - 17:56:14: Info (map "c1m1_hotel") (file "/home/steam/l4d2/left4dead2/addons/sourcemod/logs/errors_20220514.log")
L 05/14/2022 - 17:56:14: [SM] Failed to load plugin "nextmap.smx": Nextmap is incompatible with this game.
L 05/14/2022 - 17:56:14: [SM] Unrecognized library "matchmaking_ds" (gameconf "/home/steam/l4d2/left4dead2/addons/sourcemod/gamedata/l4dslots.txt")
L 05/14/2022 - 17:56:35: [l4dslots.smx] sv_maxplayers MS init error
L 05/14/2022 - 17:57:07: SourceMod error session started
L 05/14/2022 - 17:57:07: Info (map "c1m1_hotel") (file "/home/steam/l4d2/left4dead2/addons/sourcemod/logs/errors_20220514.log")
L 05/14/2022 - 17:57:07: [SM] Failed to load plugin "nextmap.smx": Nextmap is incompatible with this game.
L 05/14/2022 - 17:57:07: [SM] Unrecognized library "matchmaking_ds" (gameconf "/home/steam/l4d2/left4dead2/addons/sourcemod/gamedata/l4dslots.txt")
L 05/14/2022 - 17:57:28: [l4dslots.smx] sv_maxplayers MS init error
L 05/14/2022 - 17:57:59: SourceMod error session started
L 05/14/2022 - 17:57:59: Info (map "c1m1_hotel") (file "/home/steam/l4d2/left4dead2/addons/sourcemod/logs/errors_20220514.log")
L 05/14/2022 - 17:57:59: [SM] Failed to load plugin "nextmap.smx": Nextmap is incompatible with this game.
L 05/14/2022 - 17:57:59: [SM] Unrecognized library "matchmaking_ds" (gameconf "/home/steam/l4d2/left4dead2/addons/sourcemod/gamedata/l4dslots.txt")
L 05/14/2022 - 17:58:20: [l4dslots.smx] sv_maxplayers MS init error
L 05/14/2022 - 17:58:51: SourceMod error session started
L 05/14/2022 - 17:58:51: Info (map "c1m1_hotel") (file "/home/steam/l4d2/left4dead2/addons/sourcemod/logs/errors_20220514.log")
L 05/14/2022 - 17:58:51: [SM] Failed to load plugin "nextmap.smx": Nextmap is incompatible with this game.
L 05/14/2022 - 17:58:51: [SM] Unrecognized library "matchmaking_ds" (gameconf "/home/steam/l4d2/left4dead2/addons/sourcemod/gamedata/l4dslots.txt")
L 05/14/2022 - 17:59:10: [l4dslots.smx] sv_maxplayers MS init error
L 05/14/2022 - 17:59:45: SourceMod error session started
L 05/14/2022 - 17:59:45: Info (map "c1m1_hotel") (file "/home/steam/l4d2/left4dead2/addons/sourcemod/logs/errors_20220514.log")
L 05/14/2022 - 17:59:45: [SM] Failed to load plugin "nextmap.smx": Nextmap is incompatible with this game.
L 05/14/2022 - 17:59:45: [SM] Unrecognized library "matchmaking_ds" (gameconf "/home/steam/l4d2/left4dead2/addons/sourcemod/gamedata/l4dslots.txt")
L 05/14/2022 - 18:00:04: [l4dslots.smx] sv_maxplayers MS init error
L 05/14/2022 - 18:00:36: SourceMod error session started
L 05/14/2022 - 18:00:36: Info (map "c1m1_hotel") (file "/home/steam/l4d2/left4dead2/addons/sourcemod/logs/errors_20220514.log")
L 05/14/2022 - 18:00:36: [SM] Failed to load plugin "nextmap.smx": Nextmap is incompatible with this game.
L 05/14/2022 - 18:00:36: [SM] Unrecognized library "matchmaking_ds" (gameconf "/home/steam/l4d2/left4dead2/addons/sourcemod/gamedata/l4dslots.txt")
L 05/14/2022 - 18:00:55: [l4dslots.smx] sv_maxplayers MS init error
L 05/14/2022 - 18:01:13: SourceMod error session started
L 05/14/2022 - 18:01:13: Info (map "c1m1_hotel") (file "/home/steam/l4d2/left4dead2/addons/sourcemod/logs/errors_20220514.log")
L 05/14/2022 - 18:01:13: [SM] Failed to load plugin "nextmap.smx": Nextmap is incompatible with this game.
L 05/14/2022 - 18:01:13: [SM] Unrecognized library "matchmaking_ds" (gameconf "/home/steam/l4d2/left4dead2/addons/sourcemod/gamedata/l4dslots.txt")
L 05/14/2022 - 18:01:14: [l4dslots.smx] sv_maxplayers MS init error
L 05/14/2022 - 18:35:12: SourceMod error session started
L 05/14/2022 - 18:35:12: Info (map "c1m1_hotel") (file "/home/steam/l4d2/left4dead2/addons/sourcemod/logs/errors_20220514.log")
L 05/14/2022 - 18:35:12: [SM] Failed to load plugin "nextmap.smx": Nextmap is incompatible with this game.
L 05/14/2022 - 18:35:12: [SM] Unrecognized library "matchmaking_ds" (gameconf "/home/steam/l4d2/left4dead2/addons/sourcemod/gamedata/l4dslots.txt")
L 05/14/2022 - 18:35:19: [l4dslots.smx] sv_maxplayers MS init error
L 05/14/2022 - 18:35:52: Error log file session closed.
L 05/14/2022 - 18:37:33: SourceMod error session started
L 05/14/2022 - 18:37:33: Info (map "c8m1_apartment") (file "/home/steam/l4d2/left4dead2/addons/sourcemod/logs/errors_20220514.log")
L 05/14/2022 - 18:37:33: [SM] Exception reported: Client index -1 is invalid
L 05/14/2022 - 18:37:33: [SM] Blaming: l4d2_bwa_teamspanel.smx
L 05/14/2022 - 18:37:33: [SM] Call stack trace:
L 05/14/2022 - 18:37:33: [SM]   [0] GetClientTeam
L 05/14/2022 - 18:37:33: [SM]   [1] Line 1843, /home/forums/content/files/9/9/8/5/2/95471.attach::PerformSwap
L 05/14/2022 - 18:37:33: [SM]   [2] Line 468, /home/forums/content/files/9/9/8/5/2/95471.attach::Admin_MnuHdlr_ChooseSwapPlayer
L 05/14/2022 - 18:49:40: Error log file session closed.
L 05/14/2022 - 23:26:05: SourceMod error session started
L 05/14/2022 - 23:26:05: Info (map "c1m1_hotel") (file "/home/steam/l4d2/left4dead2/addons/sourcemod/logs/errors_20220514.log")
L 05/14/2022 - 23:26:05: [SM] Failed to load plugin "nextmap.smx": Nextmap is incompatible with this game.
L 05/14/2022 - 23:26:05: [SM] Unrecognized library "matchmaking_ds" (gameconf "/home/steam/l4d2/left4dead2/addons/sourcemod/gamedata/l4dslots.txt")
L 05/14/2022 - 23:26:13: [l4dslots.smx] sv_maxplayers MS init error
L 05/14/2022 - 23:26:37: Error log file session closed.
