L 01/30/2022 - 13:05:00: SourceMod error session started
L 01/30/2022 - 13:05:00: Info (map "c1m1_hotel") (file "/home/steam/l4d2/left4dead2/addons/sourcemod/logs/errors_20220130.log")
L 01/30/2022 - 13:05:00: [SM] Failed to load plugin "nextmap.smx": Nextmap is incompatible with this game.
L 01/30/2022 - 13:05:00: [SM] Unrecognized library "matchmaking_ds" (gameconf "/home/steam/l4d2/left4dead2/addons/sourcemod/gamedata/l4dslots.txt")
L 01/30/2022 - 13:05:06: [l4dslots.smx] sv_maxplayers MS init error
L 01/30/2022 - 13:06:08: Error log file session closed.
L 01/30/2022 - 21:20:20: SourceMod error session started
L 01/30/2022 - 21:20:20: Info (map "c1m1_hotel") (file "/home/steam/l4d2/left4dead2/addons/sourcemod/logs/errors_20220130.log")
L 01/30/2022 - 21:20:20: [SM] Failed to load plugin "nextmap.smx": Nextmap is incompatible with this game.
L 01/30/2022 - 21:20:20: [SM] Unrecognized library "matchmaking_ds" (gameconf "/home/steam/l4d2/left4dead2/addons/sourcemod/gamedata/l4dslots.txt")
L 01/30/2022 - 21:20:25: [l4dslots.smx] sv_maxplayers MS init error
L 01/30/2022 - 21:22:41: Error log file session closed.
L 01/30/2022 - 22:07:38: SourceMod error session started
L 01/30/2022 - 22:07:38: Info (map "c1m1_hotel") (file "/home/steam/l4d2/left4dead2/addons/sourcemod/logs/errors_20220130.log")
L 01/30/2022 - 22:07:38: [SM] Failed to load plugin "nextmap.smx": Nextmap is incompatible with this game.
L 01/30/2022 - 22:07:38: [SM] Unrecognized library "matchmaking_ds" (gameconf "/home/steam/l4d2/left4dead2/addons/sourcemod/gamedata/l4dslots.txt")
L 01/30/2022 - 22:07:40: [l4dslots.smx] sv_maxplayers MS init error
L 01/30/2022 - 22:07:52: Error log file session closed.
L 01/30/2022 - 22:28:27: SourceMod error session started
L 01/30/2022 - 22:28:27: Info (map "c2m2_fairgrounds") (file "/home/steam/l4d2/left4dead2/addons/sourcemod/logs/errors_20220130.log")
L 01/30/2022 - 22:28:27: [SM] Exception reported: Client 9 is not in game
L 01/30/2022 - 22:28:27: [SM] Blaming: l4d2_bwa_teamspanel.smx
L 01/30/2022 - 22:28:27: [SM] Call stack trace:
L 01/30/2022 - 22:28:27: [SM]   [0] PrintToChat
L 01/30/2022 - 22:28:27: [SM]   [1] Line 1587, /home/forums/content/files/9/9/8/5/2/95471.attach::JoinRandomTeam
L 01/30/2022 - 22:48:04: Error log file session closed.
