L 07/14/2022 - 00:49:37: SourceMod error session started
L 07/14/2022 - 00:49:37: Info (map "c1m1_hotel") (file "/home/steam/l4d2/left4dead2/addons/sourcemod/logs/errors_20220714.log")
L 07/14/2022 - 00:49:37: [SM] Failed to load plugin "nextmap.smx": Nextmap is incompatible with this game.
L 07/14/2022 - 00:49:37: [SM] Unrecognized library "matchmaking_ds" (gameconf "/home/steam/l4d2/left4dead2/addons/sourcemod/gamedata/l4dslots.txt")
L 07/14/2022 - 00:49:44: [l4dslots.smx] sv_maxplayers MS init error
L 07/14/2022 - 00:49:56: Error log file session closed.
L 07/14/2022 - 00:54:42: SourceMod error session started
L 07/14/2022 - 00:54:42: Info (map "c8m1_apartment") (file "/home/steam/l4d2/left4dead2/addons/sourcemod/logs/errors_20220714.log")
L 07/14/2022 - 00:54:42: [l4dslots.smx] sv_maxplayers MS init error
L 07/14/2022 - 00:56:56: Error log file session closed.
L 07/14/2022 - 00:56:57: SourceMod error session started
L 07/14/2022 - 00:56:57: Info (map "c8m2_subway") (file "/home/steam/l4d2/left4dead2/addons/sourcemod/logs/errors_20220714.log")
L 07/14/2022 - 00:56:57: [l4dslots.smx] sv_maxplayers MS init error
L 07/14/2022 - 01:08:53: Error log file session closed.
L 07/14/2022 - 01:18:35: SourceMod error session started
L 07/14/2022 - 01:18:35: Info (map "c1m1_hotel") (file "/home/steam/l4d2/left4dead2/addons/sourcemod/logs/errors_20220714.log")
L 07/14/2022 - 01:18:35: [SM] Failed to load plugin "nextmap.smx": Nextmap is incompatible with this game.
L 07/14/2022 - 01:19:10: Error log file session closed.
L 07/14/2022 - 01:20:02: SourceMod error session started
L 07/14/2022 - 01:20:02: Info (map "c1m1_hotel") (file "/home/steam/l4d2/left4dead2/addons/sourcemod/logs/errors_20220714.log")
L 07/14/2022 - 01:20:02: [SM] Failed to load plugin "nextmap.smx": Nextmap is incompatible with this game.
L 07/14/2022 - 01:23:20: Error log file session closed.
L 07/14/2022 - 01:24:35: SourceMod error session started
L 07/14/2022 - 01:24:35: Info (map "c1m1_hotel") (file "/home/steam/l4d2/left4dead2/addons/sourcemod/logs/errors_20220714.log")
L 07/14/2022 - 01:24:35: [SM] Failed to load plugin "nextmap.smx": Nextmap is incompatible with this game.
L 07/14/2022 - 01:25:23: Error log file session closed.
L 07/14/2022 - 02:09:38: SourceMod error session started
L 07/14/2022 - 02:09:38: Info (map "c1m1_hotel") (file "/home/steam/l4d2/left4dead2/addons/sourcemod/logs/errors_20220714.log")
L 07/14/2022 - 02:09:38: [SM] Failed to load plugin "nextmap.smx": Nextmap is incompatible with this game.
L 07/14/2022 - 02:10:23: Error log file session closed.
L 07/14/2022 - 03:38:14: SourceMod error session started
L 07/14/2022 - 03:38:14: Info (map "l4d2_tank_challenge") (file "/home/steam/l4d2/left4dead2/addons/sourcemod/logs/errors_20220714.log")
L 07/14/2022 - 03:38:14: [SM] Unrecognized library "matchmaking_ds" (gameconf "/home/steam/l4d2/left4dead2/addons/sourcemod/gamedata/l4dslots.txt")
L 07/14/2022 - 03:38:14: [l4dslots.smx] sv_maxplayers init error
