L 05/13/2022 - 03:55:47: SourceMod error session started
L 05/13/2022 - 03:55:47: Info (map "c1m1_hotel") (file "/home/steam/l4d2/left4dead2/addons/sourcemod/logs/errors_20220513.log")
L 05/13/2022 - 03:55:47: [SM] Failed to load plugin "nextmap.smx": Nextmap is incompatible with this game.
L 05/13/2022 - 03:55:47: [SM] Unrecognized library "matchmaking_ds" (gameconf "/home/steam/l4d2/left4dead2/addons/sourcemod/gamedata/l4dslots.txt")
L 05/13/2022 - 03:56:06: [l4dslots.smx] sv_maxplayers MS init error
L 05/13/2022 - 03:56:36: SourceMod error session started
L 05/13/2022 - 03:56:36: Info (map "c1m1_hotel") (file "/home/steam/l4d2/left4dead2/addons/sourcemod/logs/errors_20220513.log")
L 05/13/2022 - 03:56:36: [SM] Failed to load plugin "nextmap.smx": Nextmap is incompatible with this game.
L 05/13/2022 - 03:56:36: [SM] Unrecognized library "matchmaking_ds" (gameconf "/home/steam/l4d2/left4dead2/addons/sourcemod/gamedata/l4dslots.txt")
L 05/13/2022 - 03:56:55: [l4dslots.smx] sv_maxplayers MS init error
L 05/13/2022 - 03:57:27: SourceMod error session started
L 05/13/2022 - 03:57:27: Info (map "c1m1_hotel") (file "/home/steam/l4d2/left4dead2/addons/sourcemod/logs/errors_20220513.log")
L 05/13/2022 - 03:57:27: [SM] Failed to load plugin "nextmap.smx": Nextmap is incompatible with this game.
L 05/13/2022 - 03:57:27: [SM] Unrecognized library "matchmaking_ds" (gameconf "/home/steam/l4d2/left4dead2/addons/sourcemod/gamedata/l4dslots.txt")
L 05/13/2022 - 03:57:45: [l4dslots.smx] sv_maxplayers MS init error
L 05/13/2022 - 03:58:15: SourceMod error session started
L 05/13/2022 - 03:58:15: Info (map "c1m1_hotel") (file "/home/steam/l4d2/left4dead2/addons/sourcemod/logs/errors_20220513.log")
L 05/13/2022 - 03:58:15: [SM] Failed to load plugin "nextmap.smx": Nextmap is incompatible with this game.
L 05/13/2022 - 03:58:16: [SM] Unrecognized library "matchmaking_ds" (gameconf "/home/steam/l4d2/left4dead2/addons/sourcemod/gamedata/l4dslots.txt")
L 05/13/2022 - 03:58:35: [l4dslots.smx] sv_maxplayers MS init error
L 05/13/2022 - 03:59:06: SourceMod error session started
L 05/13/2022 - 03:59:06: Info (map "c1m1_hotel") (file "/home/steam/l4d2/left4dead2/addons/sourcemod/logs/errors_20220513.log")
L 05/13/2022 - 03:59:06: [SM] Failed to load plugin "nextmap.smx": Nextmap is incompatible with this game.
L 05/13/2022 - 03:59:06: [SM] Unrecognized library "matchmaking_ds" (gameconf "/home/steam/l4d2/left4dead2/addons/sourcemod/gamedata/l4dslots.txt")
L 05/13/2022 - 03:59:26: [l4dslots.smx] sv_maxplayers MS init error
L 05/13/2022 - 03:59:57: SourceMod error session started
L 05/13/2022 - 03:59:57: Info (map "c1m1_hotel") (file "/home/steam/l4d2/left4dead2/addons/sourcemod/logs/errors_20220513.log")
L 05/13/2022 - 03:59:57: [SM] Failed to load plugin "nextmap.smx": Nextmap is incompatible with this game.
L 05/13/2022 - 03:59:57: [SM] Unrecognized library "matchmaking_ds" (gameconf "/home/steam/l4d2/left4dead2/addons/sourcemod/gamedata/l4dslots.txt")
L 05/13/2022 - 04:00:18: [l4dslots.smx] sv_maxplayers MS init error
L 05/13/2022 - 04:00:49: SourceMod error session started
L 05/13/2022 - 04:00:49: Info (map "c1m1_hotel") (file "/home/steam/l4d2/left4dead2/addons/sourcemod/logs/errors_20220513.log")
L 05/13/2022 - 04:00:49: [SM] Failed to load plugin "nextmap.smx": Nextmap is incompatible with this game.
L 05/13/2022 - 04:00:49: [SM] Unrecognized library "matchmaking_ds" (gameconf "/home/steam/l4d2/left4dead2/addons/sourcemod/gamedata/l4dslots.txt")
L 05/13/2022 - 04:01:08: [l4dslots.smx] sv_maxplayers MS init error
L 05/13/2022 - 04:01:40: SourceMod error session started
L 05/13/2022 - 04:01:40: Info (map "c1m1_hotel") (file "/home/steam/l4d2/left4dead2/addons/sourcemod/logs/errors_20220513.log")
L 05/13/2022 - 04:01:40: [SM] Failed to load plugin "nextmap.smx": Nextmap is incompatible with this game.
L 05/13/2022 - 04:01:40: [SM] Unrecognized library "matchmaking_ds" (gameconf "/home/steam/l4d2/left4dead2/addons/sourcemod/gamedata/l4dslots.txt")
L 05/13/2022 - 04:01:59: [l4dslots.smx] sv_maxplayers MS init error
L 05/13/2022 - 04:02:17: SourceMod error session started
L 05/13/2022 - 04:02:17: Info (map "c1m1_hotel") (file "/home/steam/l4d2/left4dead2/addons/sourcemod/logs/errors_20220513.log")
L 05/13/2022 - 04:02:17: [SM] Failed to load plugin "nextmap.smx": Nextmap is incompatible with this game.
L 05/13/2022 - 04:02:17: [SM] Unrecognized library "matchmaking_ds" (gameconf "/home/steam/l4d2/left4dead2/addons/sourcemod/gamedata/l4dslots.txt")
L 05/13/2022 - 04:02:18: [l4dslots.smx] sv_maxplayers MS init error
L 05/13/2022 - 04:40:15: Error log file session closed.
L 05/13/2022 - 10:08:37: SourceMod error session started
L 05/13/2022 - 10:08:37: Info (map "c1m1_hotel") (file "/home/steam/l4d2/left4dead2/addons/sourcemod/logs/errors_20220513.log")
L 05/13/2022 - 10:08:37: [SM] Failed to load plugin "nextmap.smx": Nextmap is incompatible with this game.
L 05/13/2022 - 10:08:37: [SM] Unrecognized library "matchmaking_ds" (gameconf "/home/steam/l4d2/left4dead2/addons/sourcemod/gamedata/l4dslots.txt")
L 05/13/2022 - 10:08:44: [l4dslots.smx] sv_maxplayers MS init error
L 05/13/2022 - 20:35:22: SourceMod error session started
L 05/13/2022 - 20:35:22: Info (map "c1m1_hotel") (file "/home/steam/l4d2/left4dead2/addons/sourcemod/logs/errors_20220513.log")
L 05/13/2022 - 20:35:22: [SM] Failed to load plugin "nextmap.smx": Nextmap is incompatible with this game.
L 05/13/2022 - 20:35:22: [SM] Unrecognized library "matchmaking_ds" (gameconf "/home/steam/l4d2/left4dead2/addons/sourcemod/gamedata/l4dslots.txt")
L 05/13/2022 - 20:35:29: [l4dslots.smx] sv_maxplayers MS init error
L 05/13/2022 - 20:36:17: Error log file session closed.
L 05/13/2022 - 23:54:56: SourceMod error session started
L 05/13/2022 - 23:54:56: Info (map "c1m1_hotel") (file "/home/steam/l4d2/left4dead2/addons/sourcemod/logs/errors_20220513.log")
L 05/13/2022 - 23:54:56: [SM] Failed to load plugin "nextmap.smx": Nextmap is incompatible with this game.
L 05/13/2022 - 23:54:56: [SM] Unrecognized library "matchmaking_ds" (gameconf "/home/steam/l4d2/left4dead2/addons/sourcemod/gamedata/l4dslots.txt")
L 05/13/2022 - 23:55:04: [l4dslots.smx] sv_maxplayers MS init error
L 05/13/2022 - 23:55:33: Error log file session closed.
