L 01/22/2022 - 00:05:41: SourceMod log file session started (file "/home/steam/l4d2/left4dead2/addons/sourcemod/logs/L20220122.log") (Version "1.10.0.6528")
L 01/22/2022 - 00:05:41: [basecommands.smx] "Console<0><Console><Console>" changed cvar (cvar "versus_tank_chance_finale") (value "1.0")
L 01/22/2022 - 00:05:41: [basecommands.smx] "Console<0><Console><Console>" changed cvar (cvar "versus_tank_chance_intro") (value "1.0")
L 01/22/2022 - 00:05:41: [basecommands.smx] "Console<0><Console><Console>" changed cvar (cvar "versus_witch_chance") (value "1.0000")
L 01/22/2022 - 00:05:41: [basecommands.smx] "Console<0><Console><Console>" changed cvar (cvar "versus_witch_chance_finale") (value "1.0")
L 01/22/2022 - 00:05:41: [basecommands.smx] "Console<0><Console><Console>" changed cvar (cvar "versus_witch_chance_intro") (value "1.0")
L 01/22/2022 - 00:05:41: [basecommands.smx] "Console<0><Console><Console>" changed cvar (cvar "vs_max_team_switches") (value "9999")
L 01/22/2022 - 00:08:26: [funcommands.smx] "Altair<4><STEAM_1:0:90628109><>" toggled noclip on "Altair<4><STEAM_1:0:90628109><>"
L 01/22/2022 - 00:08:47: [funcommands.smx] "Altair<4><STEAM_1:0:90628109><>" toggled noclip on "Cяคɳε<11><STEAM_1:0:153781129><>"
L 01/22/2022 - 00:09:02: [funcommands.smx] "Altair<4><STEAM_1:0:90628109><>" toggled noclip on "Cяคɳε<11><STEAM_1:0:153781129><>"
L 01/22/2022 - 00:09:22: [funcommands.smx] "Altair<4><STEAM_1:0:90628109><>" toggled noclip on "Altair<4><STEAM_1:0:90628109><>"
L 01/22/2022 - 00:09:24: [funcommands.smx] "Altair<4><STEAM_1:0:90628109><>" toggled noclip on "Cяคɳε<11><STEAM_1:0:153781129><>"
L 01/22/2022 - 00:09:51: -------- Mapchange to c8m1_apartment --------
L 01/22/2022 - 00:09:52: [basecommands.smx] "Console<0><Console><Console>" changed cvar (cvar "versus_tank_chance_finale") (value "1.0")
L 01/22/2022 - 00:09:52: [basecommands.smx] "Console<0><Console><Console>" changed cvar (cvar "versus_tank_chance_intro") (value "1.0")
L 01/22/2022 - 00:09:52: [basecommands.smx] "Console<0><Console><Console>" changed cvar (cvar "versus_witch_chance") (value "1.0000")
L 01/22/2022 - 00:09:52: [basecommands.smx] "Console<0><Console><Console>" changed cvar (cvar "versus_witch_chance_finale") (value "1.0")
L 01/22/2022 - 00:09:52: [basecommands.smx] "Console<0><Console><Console>" changed cvar (cvar "versus_witch_chance_intro") (value "1.0")
L 01/22/2022 - 00:09:52: [basecommands.smx] "Console<0><Console><Console>" changed cvar (cvar "vs_max_team_switches") (value "9999")
L 01/22/2022 - 00:15:35: SourceMod log file session started (file "/home/steam/l4d2/left4dead2/addons/sourcemod/logs/L20220122.log") (Version "1.10.0.6528")
L 01/22/2022 - 00:15:35: [basecommands.smx] "Console<0><Console><Console>" changed cvar (cvar "versus_tank_chance_finale") (value "1.0")
L 01/22/2022 - 00:15:35: [basecommands.smx] "Console<0><Console><Console>" changed cvar (cvar "versus_tank_chance_intro") (value "1.0")
L 01/22/2022 - 00:15:35: [basecommands.smx] "Console<0><Console><Console>" changed cvar (cvar "versus_witch_chance") (value "1.0000")
L 01/22/2022 - 00:15:35: [basecommands.smx] "Console<0><Console><Console>" changed cvar (cvar "versus_witch_chance_finale") (value "1.0")
L 01/22/2022 - 00:15:35: [basecommands.smx] "Console<0><Console><Console>" changed cvar (cvar "versus_witch_chance_intro") (value "1.0")
L 01/22/2022 - 00:15:35: [basecommands.smx] "Console<0><Console><Console>" changed cvar (cvar "vs_max_team_switches") (value "9999")
L 01/22/2022 - 00:16:11: -------- Mapchange to c8m1_apartment --------
L 01/22/2022 - 00:16:12: [basecommands.smx] "Console<0><Console><Console>" changed cvar (cvar "versus_tank_chance_finale") (value "1.0")
L 01/22/2022 - 00:16:12: [basecommands.smx] "Console<0><Console><Console>" changed cvar (cvar "versus_tank_chance_intro") (value "1.0")
L 01/22/2022 - 00:16:12: [basecommands.smx] "Console<0><Console><Console>" changed cvar (cvar "versus_witch_chance") (value "1.0000")
L 01/22/2022 - 00:16:12: [basecommands.smx] "Console<0><Console><Console>" changed cvar (cvar "versus_witch_chance_finale") (value "1.0")
L 01/22/2022 - 00:16:12: [basecommands.smx] "Console<0><Console><Console>" changed cvar (cvar "versus_witch_chance_intro") (value "1.0")
L 01/22/2022 - 00:16:12: [basecommands.smx] "Console<0><Console><Console>" changed cvar (cvar "vs_max_team_switches") (value "9999")
L 01/22/2022 - 00:17:28: [playercommands.smx] "Miguel<3><STEAM_1:1:452964136><>" slapped "Cяคɳε<4><STEAM_1:0:153781129><>" (damage "20")
L 01/22/2022 - 00:17:31: [playercommands.smx] "Miguel<3><STEAM_1:1:452964136><>" slapped "Cяคɳε<4><STEAM_1:0:153781129><>" (damage "20")
L 01/22/2022 - 00:17:32: [playercommands.smx] "Miguel<3><STEAM_1:1:452964136><>" slapped "Cяคɳε<4><STEAM_1:0:153781129><>" (damage "20")
L 01/22/2022 - 00:17:32: [playercommands.smx] "Miguel<3><STEAM_1:1:452964136><>" slapped "Cяคɳε<4><STEAM_1:0:153781129><>" (damage "20")
L 01/22/2022 - 00:17:41: [playercommands.smx] "Miguel<3><STEAM_1:1:452964136><>" slapped "Cяคɳε<4><STEAM_1:0:153781129><>" (damage "20")
L 01/22/2022 - 00:17:42: [playercommands.smx] "Miguel<3><STEAM_1:1:452964136><>" slapped "Cяคɳε<4><STEAM_1:0:153781129><>" (damage "20")
L 01/22/2022 - 00:17:42: [playercommands.smx] "Miguel<3><STEAM_1:1:452964136><>" slapped "Cяคɳε<4><STEAM_1:0:153781129><>" (damage "20")
L 01/22/2022 - 00:17:42: [playercommands.smx] "Miguel<3><STEAM_1:1:452964136><>" slapped "Cяคɳε<4><STEAM_1:0:153781129><>" (damage "20")
L 01/22/2022 - 00:17:42: [playercommands.smx] "Miguel<3><STEAM_1:1:452964136><>" slapped "Cяคɳε<4><STEAM_1:0:153781129><>" (damage "20")
L 01/22/2022 - 00:17:46: [playercommands.smx] "Miguel<3><STEAM_1:1:452964136><>" slapped "Cяคɳε<4><STEAM_1:0:153781129><>" (damage "20")
L 01/22/2022 - 00:17:53: [playercommands.smx] "Miguel<3><STEAM_1:1:452964136><>" slapped "Cяคɳε<4><STEAM_1:0:153781129><>" (damage "20")
L 01/22/2022 - 00:17:53: [playercommands.smx] "Miguel<3><STEAM_1:1:452964136><>" slapped "Cяคɳε<4><STEAM_1:0:153781129><>" (damage "20")
L 01/22/2022 - 00:17:53: [playercommands.smx] "Miguel<3><STEAM_1:1:452964136><>" slapped "Cяคɳε<4><STEAM_1:0:153781129><>" (damage "20")
L 01/22/2022 - 00:17:53: [playercommands.smx] "Miguel<3><STEAM_1:1:452964136><>" slapped "Cяคɳε<4><STEAM_1:0:153781129><>" (damage "20")
L 01/22/2022 - 00:17:54: [playercommands.smx] "Miguel<3><STEAM_1:1:452964136><>" slapped "Cяคɳε<4><STEAM_1:0:153781129><>" (damage "20")
L 01/22/2022 - 00:17:57: [playercommands.smx] "Cяคɳε<4><STEAM_1:0:153781129><>" slapped "Miguel<3><STEAM_1:1:452964136><>" (damage "99")
L 01/22/2022 - 00:18:15: [basecommands.smx] "Altair<2><STEAM_1:0:90628109><>" executed config (file "sourcemod/sm_warmode_on.cfg")
L 01/22/2022 - 00:20:30: [basecommands.smx] "Cяคɳε<4><STEAM_1:0:153781129><>" executed config (file "sourcemod/sm_warmode_on.cfg")
L 01/22/2022 - 00:21:46: [basecommands.smx] "Cяคɳε<4><STEAM_1:0:153781129><>" refreshed the admin cache.
L 01/22/2022 - 00:22:07: [basecommands.smx] "Miguel<3><STEAM_1:1:452964136><>" kicked "Skyliner33<19><STEAM_1:1:50115947><>" (reason "")
L 01/22/2022 - 00:22:56: [basecommands.smx] "Cяคɳε<4><STEAM_1:0:153781129><>" changed map to "c1m1_hotel"
L 01/22/2022 - 00:22:59: [SM] Changed map to "c1m1_hotel"
L 01/22/2022 - 00:23:01: -------- Mapchange to c1m1_hotel --------
L 01/22/2022 - 00:23:03: [basecommands.smx] "Console<0><Console><Console>" changed cvar (cvar "versus_tank_chance_finale") (value "1.0")
L 01/22/2022 - 00:23:03: [basecommands.smx] "Console<0><Console><Console>" changed cvar (cvar "versus_tank_chance_intro") (value "1.0")
L 01/22/2022 - 00:23:03: [basecommands.smx] "Console<0><Console><Console>" changed cvar (cvar "versus_witch_chance") (value "1.0000")
L 01/22/2022 - 00:23:03: [basecommands.smx] "Console<0><Console><Console>" changed cvar (cvar "versus_witch_chance_finale") (value "1.0")
L 01/22/2022 - 00:23:03: [basecommands.smx] "Console<0><Console><Console>" changed cvar (cvar "versus_witch_chance_intro") (value "1.0")
L 01/22/2022 - 00:23:03: [basecommands.smx] "Console<0><Console><Console>" changed cvar (cvar "vs_max_team_switches") (value "9999")
L 01/22/2022 - 00:26:00: -------- Mapchange to c8m1_apartment --------
L 01/22/2022 - 00:26:01: [basecommands.smx] "Console<0><Console><Console>" changed cvar (cvar "versus_tank_chance_finale") (value "1.0")
L 01/22/2022 - 00:26:01: [basecommands.smx] "Console<0><Console><Console>" changed cvar (cvar "versus_tank_chance_intro") (value "1.0")
L 01/22/2022 - 00:26:01: [basecommands.smx] "Console<0><Console><Console>" changed cvar (cvar "versus_witch_chance") (value "1.0000")
L 01/22/2022 - 00:26:01: [basecommands.smx] "Console<0><Console><Console>" changed cvar (cvar "versus_witch_chance_finale") (value "1.0")
L 01/22/2022 - 00:26:01: [basecommands.smx] "Console<0><Console><Console>" changed cvar (cvar "versus_witch_chance_intro") (value "1.0")
L 01/22/2022 - 00:26:01: [basecommands.smx] "Console<0><Console><Console>" changed cvar (cvar "vs_max_team_switches") (value "9999")
L 01/22/2022 - 00:30:42: -------- Mapchange to c8m1_apartment --------
L 01/22/2022 - 00:30:42: [basecommands.smx] "Console<0><Console><Console>" changed cvar (cvar "versus_tank_chance_finale") (value "1.0")
L 01/22/2022 - 00:30:42: [basecommands.smx] "Console<0><Console><Console>" changed cvar (cvar "versus_tank_chance_intro") (value "1.0")
L 01/22/2022 - 00:30:42: [basecommands.smx] "Console<0><Console><Console>" changed cvar (cvar "versus_witch_chance") (value "1.0000")
L 01/22/2022 - 00:30:42: [basecommands.smx] "Console<0><Console><Console>" changed cvar (cvar "versus_witch_chance_finale") (value "1.0")
L 01/22/2022 - 00:30:42: [basecommands.smx] "Console<0><Console><Console>" changed cvar (cvar "versus_witch_chance_intro") (value "1.0")
L 01/22/2022 - 00:30:42: [basecommands.smx] "Console<0><Console><Console>" changed cvar (cvar "vs_max_team_switches") (value "9999")
L 01/22/2022 - 00:42:07: -------- Mapchange to c8m2_subway --------
L 01/22/2022 - 00:42:08: [basecommands.smx] "Console<0><Console><Console>" changed cvar (cvar "versus_tank_chance_finale") (value "1.0")
L 01/22/2022 - 00:42:08: [basecommands.smx] "Console<0><Console><Console>" changed cvar (cvar "versus_tank_chance_intro") (value "1.0")
L 01/22/2022 - 00:42:08: [basecommands.smx] "Console<0><Console><Console>" changed cvar (cvar "versus_witch_chance") (value "1.0000")
L 01/22/2022 - 00:42:08: [basecommands.smx] "Console<0><Console><Console>" changed cvar (cvar "versus_witch_chance_finale") (value "1.0")
L 01/22/2022 - 00:42:08: [basecommands.smx] "Console<0><Console><Console>" changed cvar (cvar "versus_witch_chance_intro") (value "1.0")
L 01/22/2022 - 00:42:08: [basecommands.smx] "Console<0><Console><Console>" changed cvar (cvar "vs_max_team_switches") (value "9999")
L 01/22/2022 - 00:59:48: -------- Mapchange to c8m3_sewers --------
L 01/22/2022 - 00:59:49: [basecommands.smx] "Console<0><Console><Console>" changed cvar (cvar "versus_tank_chance_finale") (value "1.0")
L 01/22/2022 - 00:59:49: [basecommands.smx] "Console<0><Console><Console>" changed cvar (cvar "versus_tank_chance_intro") (value "1.0")
L 01/22/2022 - 00:59:49: [basecommands.smx] "Console<0><Console><Console>" changed cvar (cvar "versus_witch_chance") (value "1.0000")
L 01/22/2022 - 00:59:49: [basecommands.smx] "Console<0><Console><Console>" changed cvar (cvar "versus_witch_chance_finale") (value "1.0")
L 01/22/2022 - 00:59:49: [basecommands.smx] "Console<0><Console><Console>" changed cvar (cvar "versus_witch_chance_intro") (value "1.0")
L 01/22/2022 - 00:59:49: [basecommands.smx] "Console<0><Console><Console>" changed cvar (cvar "vs_max_team_switches") (value "9999")
L 01/22/2022 - 01:16:41: -------- Mapchange to c8m4_interior --------
L 01/22/2022 - 01:16:42: [basecommands.smx] "Console<0><Console><Console>" changed cvar (cvar "versus_tank_chance_finale") (value "1.0")
L 01/22/2022 - 01:16:42: [basecommands.smx] "Console<0><Console><Console>" changed cvar (cvar "versus_tank_chance_intro") (value "1.0")
L 01/22/2022 - 01:16:42: [basecommands.smx] "Console<0><Console><Console>" changed cvar (cvar "versus_witch_chance") (value "1.0000")
L 01/22/2022 - 01:16:42: [basecommands.smx] "Console<0><Console><Console>" changed cvar (cvar "versus_witch_chance_finale") (value "1.0")
L 01/22/2022 - 01:16:42: [basecommands.smx] "Console<0><Console><Console>" changed cvar (cvar "versus_witch_chance_intro") (value "1.0")
L 01/22/2022 - 01:16:42: [basecommands.smx] "Console<0><Console><Console>" changed cvar (cvar "vs_max_team_switches") (value "9999")
L 01/22/2022 - 01:34:52: -------- Mapchange to c8m5_rooftop --------
L 01/22/2022 - 01:34:52: [basecommands.smx] "Console<0><Console><Console>" changed cvar (cvar "versus_tank_chance_finale") (value "1.0")
L 01/22/2022 - 01:34:52: [basecommands.smx] "Console<0><Console><Console>" changed cvar (cvar "versus_tank_chance_intro") (value "1.0")
L 01/22/2022 - 01:34:52: [basecommands.smx] "Console<0><Console><Console>" changed cvar (cvar "versus_witch_chance") (value "1.0000")
L 01/22/2022 - 01:34:52: [basecommands.smx] "Console<0><Console><Console>" changed cvar (cvar "versus_witch_chance_finale") (value "1.0")
L 01/22/2022 - 01:34:52: [basecommands.smx] "Console<0><Console><Console>" changed cvar (cvar "versus_witch_chance_intro") (value "1.0")
L 01/22/2022 - 01:34:52: [basecommands.smx] "Console<0><Console><Console>" changed cvar (cvar "vs_max_team_switches") (value "9999")
L 01/22/2022 - 01:47:28: SourceMod log file session started (file "/home/steam/l4d2/left4dead2/addons/sourcemod/logs/L20220122.log") (Version "1.10.0.6528")
L 01/22/2022 - 01:47:28: [basecommands.smx] "Console<0><Console><Console>" changed cvar (cvar "versus_tank_chance_finale") (value "1.0")
L 01/22/2022 - 01:47:28: [basecommands.smx] "Console<0><Console><Console>" changed cvar (cvar "versus_tank_chance_intro") (value "1.0")
L 01/22/2022 - 01:47:28: [basecommands.smx] "Console<0><Console><Console>" changed cvar (cvar "versus_witch_chance") (value "1.0000")
L 01/22/2022 - 01:47:28: [basecommands.smx] "Console<0><Console><Console>" changed cvar (cvar "versus_witch_chance_finale") (value "1.0")
L 01/22/2022 - 01:47:28: [basecommands.smx] "Console<0><Console><Console>" changed cvar (cvar "versus_witch_chance_intro") (value "1.0")
L 01/22/2022 - 01:47:28: [basecommands.smx] "Console<0><Console><Console>" changed cvar (cvar "vs_max_team_switches") (value "9999")
L 01/22/2022 - 01:48:21: -------- Mapchange to c6m1_riverbank --------
L 01/22/2022 - 01:48:23: [basecommands.smx] "Console<0><Console><Console>" changed cvar (cvar "versus_tank_chance_finale") (value "1.0")
L 01/22/2022 - 01:48:23: [basecommands.smx] "Console<0><Console><Console>" changed cvar (cvar "versus_tank_chance_intro") (value "1.0")
L 01/22/2022 - 01:48:23: [basecommands.smx] "Console<0><Console><Console>" changed cvar (cvar "versus_witch_chance") (value "1.0000")
L 01/22/2022 - 01:48:23: [basecommands.smx] "Console<0><Console><Console>" changed cvar (cvar "versus_witch_chance_finale") (value "1.0")
L 01/22/2022 - 01:48:23: [basecommands.smx] "Console<0><Console><Console>" changed cvar (cvar "versus_witch_chance_intro") (value "1.0")
L 01/22/2022 - 01:48:23: [basecommands.smx] "Console<0><Console><Console>" changed cvar (cvar "vs_max_team_switches") (value "9999")
L 01/22/2022 - 01:50:43: -------- Mapchange to c1m1_hotel --------
L 01/22/2022 - 01:50:44: [basecommands.smx] "Console<0><Console><Console>" changed cvar (cvar "versus_tank_chance_finale") (value "1.0")
L 01/22/2022 - 01:50:44: [basecommands.smx] "Console<0><Console><Console>" changed cvar (cvar "versus_tank_chance_intro") (value "1.0")
L 01/22/2022 - 01:50:44: [basecommands.smx] "Console<0><Console><Console>" changed cvar (cvar "versus_witch_chance") (value "1.0000")
L 01/22/2022 - 01:50:44: [basecommands.smx] "Console<0><Console><Console>" changed cvar (cvar "versus_witch_chance_finale") (value "1.0")
L 01/22/2022 - 01:50:44: [basecommands.smx] "Console<0><Console><Console>" changed cvar (cvar "versus_witch_chance_intro") (value "1.0")
L 01/22/2022 - 01:50:44: [basecommands.smx] "Console<0><Console><Console>" changed cvar (cvar "vs_max_team_switches") (value "9999")
L 01/22/2022 - 01:54:56: [playercommands.smx] "Miguel<4><STEAM_1:1:452964136><>" slapped "Cяคɳε<8><STEAM_1:0:153781129><>" (damage "0")
L 01/22/2022 - 01:54:57: [playercommands.smx] "Miguel<4><STEAM_1:1:452964136><>" slapped "Cяคɳε<8><STEAM_1:0:153781129><>" (damage "0")
L 01/22/2022 - 01:54:57: [playercommands.smx] "Miguel<4><STEAM_1:1:452964136><>" slapped "Cяคɳε<8><STEAM_1:0:153781129><>" (damage "0")
L 01/22/2022 - 01:54:57: [playercommands.smx] "Miguel<4><STEAM_1:1:452964136><>" slapped "Cяคɳε<8><STEAM_1:0:153781129><>" (damage "0")
L 01/22/2022 - 01:54:58: [playercommands.smx] "Miguel<4><STEAM_1:1:452964136><>" slapped "Cяคɳε<8><STEAM_1:0:153781129><>" (damage "0")
L 01/22/2022 - 02:04:01: -------- Mapchange to c1m1_hotel --------
L 01/22/2022 - 02:04:01: [basecommands.smx] "Console<0><Console><Console>" changed cvar (cvar "versus_tank_chance_finale") (value "1.0")
L 01/22/2022 - 02:04:01: [basecommands.smx] "Console<0><Console><Console>" changed cvar (cvar "versus_tank_chance_intro") (value "1.0")
L 01/22/2022 - 02:04:01: [basecommands.smx] "Console<0><Console><Console>" changed cvar (cvar "versus_witch_chance") (value "1.0000")
L 01/22/2022 - 02:04:01: [basecommands.smx] "Console<0><Console><Console>" changed cvar (cvar "versus_witch_chance_finale") (value "1.0")
L 01/22/2022 - 02:04:01: [basecommands.smx] "Console<0><Console><Console>" changed cvar (cvar "versus_witch_chance_intro") (value "1.0")
L 01/22/2022 - 02:04:01: [basecommands.smx] "Console<0><Console><Console>" changed cvar (cvar "vs_max_team_switches") (value "9999")
L 01/22/2022 - 02:07:16: -------- Mapchange to c1m1_hotel --------
L 01/22/2022 - 02:07:17: [basecommands.smx] "Console<0><Console><Console>" changed cvar (cvar "versus_tank_chance_finale") (value "1.0")
L 01/22/2022 - 02:07:17: [basecommands.smx] "Console<0><Console><Console>" changed cvar (cvar "versus_tank_chance_intro") (value "1.0")
L 01/22/2022 - 02:07:17: [basecommands.smx] "Console<0><Console><Console>" changed cvar (cvar "versus_witch_chance") (value "1.0000")
L 01/22/2022 - 02:07:17: [basecommands.smx] "Console<0><Console><Console>" changed cvar (cvar "versus_witch_chance_finale") (value "1.0")
L 01/22/2022 - 02:07:17: [basecommands.smx] "Console<0><Console><Console>" changed cvar (cvar "versus_witch_chance_intro") (value "1.0")
L 01/22/2022 - 02:07:17: [basecommands.smx] "Console<0><Console><Console>" changed cvar (cvar "vs_max_team_switches") (value "9999")
L 01/22/2022 - 02:09:39: [basecommands.smx] "Miguel<42><STEAM_1:1:452964136><>" kicked "TUMA<56><STEAM_1:0:517874775><>" (reason "")
L 01/22/2022 - 02:10:18: [basecommands.smx] "Miguel<42><STEAM_1:1:452964136><>" kicked "ElTigerGamer<46><STEAM_1:0:600891811><>" (reason "")
L 01/22/2022 - 02:12:32: -------- Mapchange to c1m1_hotel --------
L 01/22/2022 - 02:12:33: [basecommands.smx] "Console<0><Console><Console>" changed cvar (cvar "versus_tank_chance_finale") (value "1.0")
L 01/22/2022 - 02:12:33: [basecommands.smx] "Console<0><Console><Console>" changed cvar (cvar "versus_tank_chance_intro") (value "1.0")
L 01/22/2022 - 02:12:33: [basecommands.smx] "Console<0><Console><Console>" changed cvar (cvar "versus_witch_chance") (value "1.0000")
L 01/22/2022 - 02:12:33: [basecommands.smx] "Console<0><Console><Console>" changed cvar (cvar "versus_witch_chance_finale") (value "1.0")
L 01/22/2022 - 02:12:33: [basecommands.smx] "Console<0><Console><Console>" changed cvar (cvar "versus_witch_chance_intro") (value "1.0")
L 01/22/2022 - 02:12:33: [basecommands.smx] "Console<0><Console><Console>" changed cvar (cvar "vs_max_team_switches") (value "9999")
L 01/22/2022 - 02:25:50: -------- Mapchange to c1m2_streets --------
L 01/22/2022 - 02:25:52: [basecommands.smx] "Console<0><Console><Console>" changed cvar (cvar "versus_tank_chance_finale") (value "1.0")
L 01/22/2022 - 02:25:52: [basecommands.smx] "Console<0><Console><Console>" changed cvar (cvar "versus_tank_chance_intro") (value "1.0")
L 01/22/2022 - 02:25:52: [basecommands.smx] "Console<0><Console><Console>" changed cvar (cvar "versus_witch_chance") (value "1.0000")
L 01/22/2022 - 02:25:52: [basecommands.smx] "Console<0><Console><Console>" changed cvar (cvar "versus_witch_chance_finale") (value "1.0")
L 01/22/2022 - 02:25:52: [basecommands.smx] "Console<0><Console><Console>" changed cvar (cvar "versus_witch_chance_intro") (value "1.0")
L 01/22/2022 - 02:25:52: [basecommands.smx] "Console<0><Console><Console>" changed cvar (cvar "vs_max_team_switches") (value "9999")
L 01/22/2022 - 02:27:35: [playercommands.smx] "Miguel<76><STEAM_1:1:452964136><>" slapped "mind<77><STEAM_1:1:53759167><>" (damage "0")
L 01/22/2022 - 02:27:36: [playercommands.smx] "Miguel<76><STEAM_1:1:452964136><>" slapped "mind<77><STEAM_1:1:53759167><>" (damage "0")
L 01/22/2022 - 02:27:36: [playercommands.smx] "Miguel<76><STEAM_1:1:452964136><>" slapped "mind<77><STEAM_1:1:53759167><>" (damage "0")
L 01/22/2022 - 02:27:36: [playercommands.smx] "Miguel<76><STEAM_1:1:452964136><>" slapped "mind<77><STEAM_1:1:53759167><>" (damage "0")
L 01/22/2022 - 02:27:36: [playercommands.smx] "Miguel<76><STEAM_1:1:452964136><>" slapped "mind<77><STEAM_1:1:53759167><>" (damage "0")
L 01/22/2022 - 02:27:36: [playercommands.smx] "Miguel<76><STEAM_1:1:452964136><>" slapped "mind<77><STEAM_1:1:53759167><>" (damage "0")
L 01/22/2022 - 02:27:37: [playercommands.smx] "Miguel<76><STEAM_1:1:452964136><>" slapped "mind<77><STEAM_1:1:53759167><>" (damage "0")
L 01/22/2022 - 02:49:50: -------- Mapchange to c1m3_mall --------
L 01/22/2022 - 02:49:52: [basecommands.smx] "Console<0><Console><Console>" changed cvar (cvar "versus_tank_chance_finale") (value "1.0")
L 01/22/2022 - 02:49:52: [basecommands.smx] "Console<0><Console><Console>" changed cvar (cvar "versus_tank_chance_intro") (value "1.0")
L 01/22/2022 - 02:49:52: [basecommands.smx] "Console<0><Console><Console>" changed cvar (cvar "versus_witch_chance") (value "1.0000")
L 01/22/2022 - 02:49:52: [basecommands.smx] "Console<0><Console><Console>" changed cvar (cvar "versus_witch_chance_finale") (value "1.0")
L 01/22/2022 - 02:49:52: [basecommands.smx] "Console<0><Console><Console>" changed cvar (cvar "versus_witch_chance_intro") (value "1.0")
L 01/22/2022 - 02:49:52: [basecommands.smx] "Console<0><Console><Console>" changed cvar (cvar "vs_max_team_switches") (value "9999")
L 01/22/2022 - 03:05:56: [basecommands.smx] "Altair<75><STEAM_1:0:90628109><>" kicked "J O R D I<86><STEAM_1:1:445240650><>" (reason "")
L 01/22/2022 - 03:08:16: -------- Mapchange to c1m4_atrium --------
L 01/22/2022 - 03:08:17: [basecommands.smx] "Console<0><Console><Console>" changed cvar (cvar "versus_tank_chance_finale") (value "1.0")
L 01/22/2022 - 03:08:17: [basecommands.smx] "Console<0><Console><Console>" changed cvar (cvar "versus_tank_chance_intro") (value "1.0")
L 01/22/2022 - 03:08:17: [basecommands.smx] "Console<0><Console><Console>" changed cvar (cvar "versus_witch_chance") (value "1.0000")
L 01/22/2022 - 03:08:17: [basecommands.smx] "Console<0><Console><Console>" changed cvar (cvar "versus_witch_chance_finale") (value "1.0")
L 01/22/2022 - 03:08:17: [basecommands.smx] "Console<0><Console><Console>" changed cvar (cvar "versus_witch_chance_intro") (value "1.0")
L 01/22/2022 - 03:08:17: [basecommands.smx] "Console<0><Console><Console>" changed cvar (cvar "vs_max_team_switches") (value "9999")
L 01/22/2022 - 03:28:29: -------- Mapchange to c1m1_hotel --------
L 01/22/2022 - 03:28:30: [basecommands.smx] "Console<0><Console><Console>" changed cvar (cvar "versus_tank_chance_finale") (value "1.0")
L 01/22/2022 - 03:28:30: [basecommands.smx] "Console<0><Console><Console>" changed cvar (cvar "versus_tank_chance_intro") (value "1.0")
L 01/22/2022 - 03:28:30: [basecommands.smx] "Console<0><Console><Console>" changed cvar (cvar "versus_witch_chance") (value "1.0000")
L 01/22/2022 - 03:28:30: [basecommands.smx] "Console<0><Console><Console>" changed cvar (cvar "versus_witch_chance_finale") (value "1.0")
L 01/22/2022 - 03:28:30: [basecommands.smx] "Console<0><Console><Console>" changed cvar (cvar "versus_witch_chance_intro") (value "1.0")
L 01/22/2022 - 03:28:30: [basecommands.smx] "Console<0><Console><Console>" changed cvar (cvar "vs_max_team_switches") (value "9999")
L 01/22/2022 - 03:29:47: -------- Mapchange to c6m1_riverbank --------
L 01/22/2022 - 03:29:48: [basecommands.smx] "Console<0><Console><Console>" changed cvar (cvar "versus_tank_chance_finale") (value "1.0")
L 01/22/2022 - 03:29:48: [basecommands.smx] "Console<0><Console><Console>" changed cvar (cvar "versus_tank_chance_intro") (value "1.0")
L 01/22/2022 - 03:29:48: [basecommands.smx] "Console<0><Console><Console>" changed cvar (cvar "versus_witch_chance") (value "1.0000")
L 01/22/2022 - 03:29:48: [basecommands.smx] "Console<0><Console><Console>" changed cvar (cvar "versus_witch_chance_finale") (value "1.0")
L 01/22/2022 - 03:29:48: [basecommands.smx] "Console<0><Console><Console>" changed cvar (cvar "versus_witch_chance_intro") (value "1.0")
L 01/22/2022 - 03:29:48: [basecommands.smx] "Console<0><Console><Console>" changed cvar (cvar "vs_max_team_switches") (value "9999")
