L 05/06/2022 - 15:42:50: SourceMod log file session started (file "/home/steam/l4d2/left4dead2/addons/sourcemod/logs/L20220506.log") (Version "1.10.0.6528")
L 05/06/2022 - 15:42:50: [rcon_lock.smx] 28 cheat commands
L 05/06/2022 - 15:42:50: [rcon_lock.smx] Couldn't find ai_test_los (this may be normal)
L 05/06/2022 - 15:42:50: [rcon_lock.smx] Flagging dbghist_dump as cheat
L 05/06/2022 - 15:42:50: [rcon_lock.smx] dump_entity_sizes already has cheats flag
L 05/06/2022 - 15:42:50: [rcon_lock.smx] Flagging dump_globals as cheat
L 05/06/2022 - 15:42:50: [rcon_lock.smx] Couldn't find dump_terrain (this may be normal)
L 05/06/2022 - 15:42:50: [rcon_lock.smx] Couldn't find dumpcountedstrings (this may be normal)
L 05/06/2022 - 15:42:50: [rcon_lock.smx] dumpentityfactories already has cheats flag
L 05/06/2022 - 15:42:50: [rcon_lock.smx] Flagging dumpeventqueue as cheat
L 05/06/2022 - 15:42:50: [rcon_lock.smx] Couldn't find es_version (this may be normal)
L 05/06/2022 - 15:42:50: [rcon_lock.smx] groundlist already has cheats flag
L 05/06/2022 - 15:42:50: [rcon_lock.smx] Flagging listmodels as cheat
L 05/06/2022 - 15:42:50: [rcon_lock.smx] Flagging mem_dump as cheat
L 05/06/2022 - 15:42:50: [rcon_lock.smx] Couldn't find mp_dump_timers (this may be normal)
L 05/06/2022 - 15:42:50: [rcon_lock.smx] Couldn't find npc_ammo_deplete (this may be normal)
L 05/06/2022 - 15:42:50: [rcon_lock.smx] Couldn't find npc_heal (this may be normal)
L 05/06/2022 - 15:42:50: [rcon_lock.smx] Couldn't find npc_speakall (this may be normal)
L 05/06/2022 - 15:42:50: [rcon_lock.smx] Couldn't find npc_thinknow (this may be normal)
L 05/06/2022 - 15:42:50: [rcon_lock.smx] Flagging physics_budget as cheat
L 05/06/2022 - 15:42:50: [rcon_lock.smx] Flagging physics_debug_entity as cheat
L 05/06/2022 - 15:42:50: [rcon_lock.smx] Flagging physics_report_active as cheat
L 05/06/2022 - 15:42:50: [rcon_lock.smx] Flagging physics_select as cheat
L 05/06/2022 - 15:42:50: [rcon_lock.smx] report_entities already has cheats flag
L 05/06/2022 - 15:42:50: [rcon_lock.smx] report_touchlinks already has cheats flag
L 05/06/2022 - 15:42:50: [rcon_lock.smx] Couldn't find snd_digital_surround (this may be normal)
L 05/06/2022 - 15:42:50: [rcon_lock.smx] Flagging snd_restart as cheat
L 05/06/2022 - 15:42:50: [rcon_lock.smx] Couldn't find soundlist (this may be normal)
L 05/06/2022 - 15:42:50: [rcon_lock.smx] Flagging soundscape_flush as cheat
L 05/06/2022 - 15:42:50: [rcon_lock.smx] Couldn't find wc_update_entity (this may be normal)
L 05/06/2022 - 15:43:00: [basecommands.smx] "Console<0><Console><Console>" changed cvar (cvar "sv_minrate") (value "100000")
L 05/06/2022 - 15:43:00: [basecommands.smx] "Console<0><Console><Console>" changed cvar (cvar "sv_maxrate") (value "100000")
L 05/06/2022 - 15:43:00: [basecommands.smx] "Console<0><Console><Console>" changed cvar (cvar "sv_mincmdrate") (value "100")
L 05/06/2022 - 15:43:00: [basecommands.smx] "Console<0><Console><Console>" changed cvar (cvar "sv_maxcmdrate") (value "100")
L 05/06/2022 - 15:43:00: [basecommands.smx] "Console<0><Console><Console>" changed cvar (cvar "sv_maxupdaterate") (value "10sm_cvar")
L 05/06/2022 - 15:43:00: [basecommands.smx] "Console<0><Console><Console>" changed cvar (cvar "sv_maxrate") (value "100000")
L 05/06/2022 - 15:43:00: [basecommands.smx] "Console<0><Console><Console>" changed cvar (cvar "sv_minupdaterate") (value "100")
L 05/06/2022 - 15:43:00: [basecommands.smx] "Console<0><Console><Console>" changed cvar (cvar "sv_maxupdaterate") (value "100")
L 05/06/2022 - 15:43:00: [basecommands.smx] "Console<0><Console><Console>" changed cvar (cvar "sv_mincmdrate") (value "100")
L 05/06/2022 - 15:43:00: [basecommands.smx] "Console<0><Console><Console>" changed cvar (cvar "sv_maxcmdrate") (value "100")
L 05/06/2022 - 15:43:00: [basecommands.smx] "Console<0><Console><Console>" changed cvar (cvar "sv_client_min_interp_ratio") (value "-1")
L 05/06/2022 - 15:43:00: [basecommands.smx] "Console<0><Console><Console>" changed cvar (cvar "sv_client_max_interp_ratio") (value "0")
L 05/06/2022 - 15:43:00: [basecommands.smx] "Console<0><Console><Console>" changed cvar (cvar "nb_update_frequency") (value "0.014")
L 05/06/2022 - 15:43:00: [basecommands.smx] "Console<0><Console><Console>" changed cvar (cvar "net_splitpacket_maxrate") (value "50000")
L 05/06/2022 - 15:43:00: [basecommands.smx] "Console<0><Console><Console>" changed cvar (cvar "fps_max") (value "0")
L 05/06/2022 - 15:43:00: [basecommands.smx] "Console<0><Console><Console>" changed cvar (cvar "tick_door_speed") (value "1.30")
L 05/06/2022 - 15:43:00: [basecommands.smx] "Console<0><Console><Console>" changed cvar (cvar "sb_all_bot_game") (value "1")
L 05/06/2022 - 15:43:00: [basecommands.smx] "Console<0><Console><Console>" changed cvar (cvar "allow_all_bot_survivor_team") (value "0")
L 05/06/2022 - 17:55:40: SourceMod log file session started (file "/home/steam/l4d2/left4dead2/addons/sourcemod/logs/L20220506.log") (Version "1.10.0.6528")
L 05/06/2022 - 17:55:40: [rcon_lock.smx] 28 cheat commands
L 05/06/2022 - 17:55:40: [rcon_lock.smx] Couldn't find ai_test_los (this may be normal)
L 05/06/2022 - 17:55:40: [rcon_lock.smx] Flagging dbghist_dump as cheat
L 05/06/2022 - 17:55:40: [rcon_lock.smx] dump_entity_sizes already has cheats flag
L 05/06/2022 - 17:55:40: [rcon_lock.smx] Flagging dump_globals as cheat
L 05/06/2022 - 17:55:40: [rcon_lock.smx] Couldn't find dump_terrain (this may be normal)
L 05/06/2022 - 17:55:40: [rcon_lock.smx] Couldn't find dumpcountedstrings (this may be normal)
L 05/06/2022 - 17:55:40: [rcon_lock.smx] dumpentityfactories already has cheats flag
L 05/06/2022 - 17:55:40: [rcon_lock.smx] Flagging dumpeventqueue as cheat
L 05/06/2022 - 17:55:40: [rcon_lock.smx] Couldn't find es_version (this may be normal)
L 05/06/2022 - 17:55:40: [rcon_lock.smx] groundlist already has cheats flag
L 05/06/2022 - 17:55:40: [rcon_lock.smx] Flagging listmodels as cheat
L 05/06/2022 - 17:55:40: [rcon_lock.smx] Flagging mem_dump as cheat
L 05/06/2022 - 17:55:40: [rcon_lock.smx] Couldn't find mp_dump_timers (this may be normal)
L 05/06/2022 - 17:55:40: [rcon_lock.smx] Couldn't find npc_ammo_deplete (this may be normal)
L 05/06/2022 - 17:55:40: [rcon_lock.smx] Couldn't find npc_heal (this may be normal)
L 05/06/2022 - 17:55:40: [rcon_lock.smx] Couldn't find npc_speakall (this may be normal)
L 05/06/2022 - 17:55:40: [rcon_lock.smx] Couldn't find npc_thinknow (this may be normal)
L 05/06/2022 - 17:55:40: [rcon_lock.smx] Flagging physics_budget as cheat
L 05/06/2022 - 17:55:40: [rcon_lock.smx] Flagging physics_debug_entity as cheat
L 05/06/2022 - 17:55:40: [rcon_lock.smx] Flagging physics_report_active as cheat
L 05/06/2022 - 17:55:40: [rcon_lock.smx] Flagging physics_select as cheat
L 05/06/2022 - 17:55:40: [rcon_lock.smx] report_entities already has cheats flag
L 05/06/2022 - 17:55:40: [rcon_lock.smx] report_touchlinks already has cheats flag
L 05/06/2022 - 17:55:40: [rcon_lock.smx] Couldn't find snd_digital_surround (this may be normal)
L 05/06/2022 - 17:55:40: [rcon_lock.smx] Flagging snd_restart as cheat
L 05/06/2022 - 17:55:40: [rcon_lock.smx] Couldn't find soundlist (this may be normal)
L 05/06/2022 - 17:55:40: [rcon_lock.smx] Flagging soundscape_flush as cheat
L 05/06/2022 - 17:55:40: [rcon_lock.smx] Couldn't find wc_update_entity (this may be normal)
L 05/06/2022 - 17:55:42: [basecommands.smx] "Console<0><Console><Console>" changed cvar (cvar "sv_minrate") (value "100000")
L 05/06/2022 - 17:55:42: [basecommands.smx] "Console<0><Console><Console>" changed cvar (cvar "sv_maxrate") (value "100000")
L 05/06/2022 - 17:55:42: [basecommands.smx] "Console<0><Console><Console>" changed cvar (cvar "sv_mincmdrate") (value "100")
L 05/06/2022 - 17:55:42: [basecommands.smx] "Console<0><Console><Console>" changed cvar (cvar "sv_maxcmdrate") (value "100")
L 05/06/2022 - 17:55:42: [basecommands.smx] "Console<0><Console><Console>" changed cvar (cvar "sv_maxupdaterate") (value "10sm_cvar")
L 05/06/2022 - 17:55:42: [basecommands.smx] "Console<0><Console><Console>" changed cvar (cvar "sv_maxrate") (value "100000")
L 05/06/2022 - 17:55:42: [basecommands.smx] "Console<0><Console><Console>" changed cvar (cvar "sv_minupdaterate") (value "100")
L 05/06/2022 - 17:55:42: [basecommands.smx] "Console<0><Console><Console>" changed cvar (cvar "sv_maxupdaterate") (value "100")
L 05/06/2022 - 17:55:42: [basecommands.smx] "Console<0><Console><Console>" changed cvar (cvar "sv_mincmdrate") (value "100")
L 05/06/2022 - 17:55:42: [basecommands.smx] "Console<0><Console><Console>" changed cvar (cvar "sv_maxcmdrate") (value "100")
L 05/06/2022 - 17:55:42: [basecommands.smx] "Console<0><Console><Console>" changed cvar (cvar "sv_client_min_interp_ratio") (value "-1")
L 05/06/2022 - 17:55:42: [basecommands.smx] "Console<0><Console><Console>" changed cvar (cvar "sv_client_max_interp_ratio") (value "0")
L 05/06/2022 - 17:55:42: [basecommands.smx] "Console<0><Console><Console>" changed cvar (cvar "nb_update_frequency") (value "0.014")
L 05/06/2022 - 17:55:42: [basecommands.smx] "Console<0><Console><Console>" changed cvar (cvar "net_splitpacket_maxrate") (value "50000")
L 05/06/2022 - 17:55:42: [basecommands.smx] "Console<0><Console><Console>" changed cvar (cvar "fps_max") (value "0")
L 05/06/2022 - 17:55:42: [basecommands.smx] "Console<0><Console><Console>" changed cvar (cvar "tick_door_speed") (value "1.30")
L 05/06/2022 - 17:55:42: [basecommands.smx] "Console<0><Console><Console>" changed cvar (cvar "sb_all_bot_game") (value "1")
L 05/06/2022 - 17:55:42: [basecommands.smx] "Console<0><Console><Console>" changed cvar (cvar "allow_all_bot_survivor_team") (value "0")
L 05/06/2022 - 18:37:48: SourceMod log file session started (file "/home/steam/l4d2/left4dead2/addons/sourcemod/logs/L20220506.log") (Version "1.10.0.6528")
L 05/06/2022 - 18:37:48: [rcon_lock.smx] 28 cheat commands
L 05/06/2022 - 18:37:48: [rcon_lock.smx] Couldn't find ai_test_los (this may be normal)
L 05/06/2022 - 18:37:48: [rcon_lock.smx] Flagging dbghist_dump as cheat
L 05/06/2022 - 18:37:48: [rcon_lock.smx] dump_entity_sizes already has cheats flag
L 05/06/2022 - 18:37:48: [rcon_lock.smx] Flagging dump_globals as cheat
L 05/06/2022 - 18:37:48: [rcon_lock.smx] Couldn't find dump_terrain (this may be normal)
L 05/06/2022 - 18:37:48: [rcon_lock.smx] Couldn't find dumpcountedstrings (this may be normal)
L 05/06/2022 - 18:37:48: [rcon_lock.smx] dumpentityfactories already has cheats flag
L 05/06/2022 - 18:37:48: [rcon_lock.smx] Flagging dumpeventqueue as cheat
L 05/06/2022 - 18:37:48: [rcon_lock.smx] Couldn't find es_version (this may be normal)
L 05/06/2022 - 18:37:48: [rcon_lock.smx] groundlist already has cheats flag
L 05/06/2022 - 18:37:48: [rcon_lock.smx] Flagging listmodels as cheat
L 05/06/2022 - 18:37:48: [rcon_lock.smx] Flagging mem_dump as cheat
L 05/06/2022 - 18:37:48: [rcon_lock.smx] Couldn't find mp_dump_timers (this may be normal)
L 05/06/2022 - 18:37:48: [rcon_lock.smx] Couldn't find npc_ammo_deplete (this may be normal)
L 05/06/2022 - 18:37:48: [rcon_lock.smx] Couldn't find npc_heal (this may be normal)
L 05/06/2022 - 18:37:48: [rcon_lock.smx] Couldn't find npc_speakall (this may be normal)
L 05/06/2022 - 18:37:48: [rcon_lock.smx] Couldn't find npc_thinknow (this may be normal)
L 05/06/2022 - 18:37:48: [rcon_lock.smx] Flagging physics_budget as cheat
L 05/06/2022 - 18:37:48: [rcon_lock.smx] Flagging physics_debug_entity as cheat
L 05/06/2022 - 18:37:48: [rcon_lock.smx] Flagging physics_report_active as cheat
L 05/06/2022 - 18:37:48: [rcon_lock.smx] Flagging physics_select as cheat
L 05/06/2022 - 18:37:48: [rcon_lock.smx] report_entities already has cheats flag
L 05/06/2022 - 18:37:48: [rcon_lock.smx] report_touchlinks already has cheats flag
L 05/06/2022 - 18:37:48: [rcon_lock.smx] Couldn't find snd_digital_surround (this may be normal)
L 05/06/2022 - 18:37:48: [rcon_lock.smx] Flagging snd_restart as cheat
L 05/06/2022 - 18:37:48: [rcon_lock.smx] Couldn't find soundlist (this may be normal)
L 05/06/2022 - 18:37:48: [rcon_lock.smx] Flagging soundscape_flush as cheat
L 05/06/2022 - 18:37:48: [rcon_lock.smx] Couldn't find wc_update_entity (this may be normal)
L 05/06/2022 - 18:37:53: [basecommands.smx] "Console<0><Console><Console>" changed cvar (cvar "sv_minrate") (value "100000")
L 05/06/2022 - 18:37:53: [basecommands.smx] "Console<0><Console><Console>" changed cvar (cvar "sv_maxrate") (value "100000")
L 05/06/2022 - 18:37:53: [basecommands.smx] "Console<0><Console><Console>" changed cvar (cvar "sv_mincmdrate") (value "100")
L 05/06/2022 - 18:37:53: [basecommands.smx] "Console<0><Console><Console>" changed cvar (cvar "sv_maxcmdrate") (value "100")
L 05/06/2022 - 18:37:53: [basecommands.smx] "Console<0><Console><Console>" changed cvar (cvar "sv_maxupdaterate") (value "10sm_cvar")
L 05/06/2022 - 18:37:53: [basecommands.smx] "Console<0><Console><Console>" changed cvar (cvar "sv_maxrate") (value "100000")
L 05/06/2022 - 18:37:53: [basecommands.smx] "Console<0><Console><Console>" changed cvar (cvar "sv_minupdaterate") (value "100")
L 05/06/2022 - 18:37:53: [basecommands.smx] "Console<0><Console><Console>" changed cvar (cvar "sv_maxupdaterate") (value "100")
L 05/06/2022 - 18:37:53: [basecommands.smx] "Console<0><Console><Console>" changed cvar (cvar "sv_mincmdrate") (value "100")
L 05/06/2022 - 18:37:53: [basecommands.smx] "Console<0><Console><Console>" changed cvar (cvar "sv_maxcmdrate") (value "100")
L 05/06/2022 - 18:37:53: [basecommands.smx] "Console<0><Console><Console>" changed cvar (cvar "sv_client_min_interp_ratio") (value "-1")
L 05/06/2022 - 18:37:53: [basecommands.smx] "Console<0><Console><Console>" changed cvar (cvar "sv_client_max_interp_ratio") (value "0")
L 05/06/2022 - 18:37:53: [basecommands.smx] "Console<0><Console><Console>" changed cvar (cvar "nb_update_frequency") (value "0.014")
L 05/06/2022 - 18:37:53: [basecommands.smx] "Console<0><Console><Console>" changed cvar (cvar "net_splitpacket_maxrate") (value "50000")
L 05/06/2022 - 18:37:53: [basecommands.smx] "Console<0><Console><Console>" changed cvar (cvar "fps_max") (value "0")
L 05/06/2022 - 18:37:53: [basecommands.smx] "Console<0><Console><Console>" changed cvar (cvar "tick_door_speed") (value "1.30")
L 05/06/2022 - 18:37:53: [basecommands.smx] "Console<0><Console><Console>" changed cvar (cvar "sb_all_bot_game") (value "1")
L 05/06/2022 - 18:37:53: [basecommands.smx] "Console<0><Console><Console>" changed cvar (cvar "allow_all_bot_survivor_team") (value "0")
L 05/06/2022 - 18:38:28: -------- Mapchange to c8m1_apartment --------
L 05/06/2022 - 18:38:31: [basecommands.smx] "Console<0><Console><Console>" changed cvar (cvar "sv_minrate") (value "100000")
L 05/06/2022 - 18:38:31: [basecommands.smx] "Console<0><Console><Console>" changed cvar (cvar "sv_maxrate") (value "100000")
L 05/06/2022 - 18:38:31: [basecommands.smx] "Console<0><Console><Console>" changed cvar (cvar "sv_mincmdrate") (value "100")
L 05/06/2022 - 18:38:31: [basecommands.smx] "Console<0><Console><Console>" changed cvar (cvar "sv_maxcmdrate") (value "100")
L 05/06/2022 - 18:38:31: [basecommands.smx] "Console<0><Console><Console>" changed cvar (cvar "sv_maxupdaterate") (value "10sm_cvar")
L 05/06/2022 - 18:38:31: [basecommands.smx] "Console<0><Console><Console>" changed cvar (cvar "sv_maxrate") (value "100000")
L 05/06/2022 - 18:38:31: [basecommands.smx] "Console<0><Console><Console>" changed cvar (cvar "sv_minupdaterate") (value "100")
L 05/06/2022 - 18:38:31: [basecommands.smx] "Console<0><Console><Console>" changed cvar (cvar "sv_maxupdaterate") (value "100")
L 05/06/2022 - 18:38:31: [basecommands.smx] "Console<0><Console><Console>" changed cvar (cvar "sv_mincmdrate") (value "100")
L 05/06/2022 - 18:38:31: [basecommands.smx] "Console<0><Console><Console>" changed cvar (cvar "sv_maxcmdrate") (value "100")
L 05/06/2022 - 18:38:31: [basecommands.smx] "Console<0><Console><Console>" changed cvar (cvar "sv_client_min_interp_ratio") (value "-1")
L 05/06/2022 - 18:38:31: [basecommands.smx] "Console<0><Console><Console>" changed cvar (cvar "sv_client_max_interp_ratio") (value "0")
L 05/06/2022 - 18:38:31: [basecommands.smx] "Console<0><Console><Console>" changed cvar (cvar "nb_update_frequency") (value "0.014")
L 05/06/2022 - 18:38:31: [basecommands.smx] "Console<0><Console><Console>" changed cvar (cvar "net_splitpacket_maxrate") (value "50000")
L 05/06/2022 - 18:38:31: [basecommands.smx] "Console<0><Console><Console>" changed cvar (cvar "fps_max") (value "0")
L 05/06/2022 - 18:38:31: [basecommands.smx] "Console<0><Console><Console>" changed cvar (cvar "tick_door_speed") (value "1.30")
L 05/06/2022 - 18:38:31: [basecommands.smx] "Console<0><Console><Console>" changed cvar (cvar "sb_all_bot_game") (value "1")
L 05/06/2022 - 18:38:31: [basecommands.smx] "Console<0><Console><Console>" changed cvar (cvar "allow_all_bot_survivor_team") (value "0")
L 05/06/2022 - 18:41:22: -------- Mapchange to c8m1_apartment --------
L 05/06/2022 - 18:41:23: [basecommands.smx] "Console<0><Console><Console>" changed cvar (cvar "sv_minrate") (value "100000")
L 05/06/2022 - 18:41:23: [basecommands.smx] "Console<0><Console><Console>" changed cvar (cvar "sv_maxrate") (value "100000")
L 05/06/2022 - 18:41:23: [basecommands.smx] "Console<0><Console><Console>" changed cvar (cvar "sv_mincmdrate") (value "100")
L 05/06/2022 - 18:41:23: [basecommands.smx] "Console<0><Console><Console>" changed cvar (cvar "sv_maxcmdrate") (value "100")
L 05/06/2022 - 18:41:23: [basecommands.smx] "Console<0><Console><Console>" changed cvar (cvar "sv_maxupdaterate") (value "10sm_cvar")
L 05/06/2022 - 18:41:23: [basecommands.smx] "Console<0><Console><Console>" changed cvar (cvar "sv_maxrate") (value "100000")
L 05/06/2022 - 18:41:23: [basecommands.smx] "Console<0><Console><Console>" changed cvar (cvar "sv_minupdaterate") (value "100")
L 05/06/2022 - 18:41:23: [basecommands.smx] "Console<0><Console><Console>" changed cvar (cvar "sv_maxupdaterate") (value "100")
L 05/06/2022 - 18:41:23: [basecommands.smx] "Console<0><Console><Console>" changed cvar (cvar "sv_mincmdrate") (value "100")
L 05/06/2022 - 18:41:23: [basecommands.smx] "Console<0><Console><Console>" changed cvar (cvar "sv_maxcmdrate") (value "100")
L 05/06/2022 - 18:41:23: [basecommands.smx] "Console<0><Console><Console>" changed cvar (cvar "sv_client_min_interp_ratio") (value "-1")
L 05/06/2022 - 18:41:23: [basecommands.smx] "Console<0><Console><Console>" changed cvar (cvar "sv_client_max_interp_ratio") (value "0")
L 05/06/2022 - 18:41:23: [basecommands.smx] "Console<0><Console><Console>" changed cvar (cvar "nb_update_frequency") (value "0.014")
L 05/06/2022 - 18:41:23: [basecommands.smx] "Console<0><Console><Console>" changed cvar (cvar "net_splitpacket_maxrate") (value "50000")
L 05/06/2022 - 18:41:23: [basecommands.smx] "Console<0><Console><Console>" changed cvar (cvar "fps_max") (value "0")
L 05/06/2022 - 18:41:23: [basecommands.smx] "Console<0><Console><Console>" changed cvar (cvar "tick_door_speed") (value "1.30")
L 05/06/2022 - 18:41:23: [basecommands.smx] "Console<0><Console><Console>" changed cvar (cvar "sb_all_bot_game") (value "1")
L 05/06/2022 - 18:41:23: [basecommands.smx] "Console<0><Console><Console>" changed cvar (cvar "allow_all_bot_survivor_team") (value "0")
L 05/06/2022 - 18:41:23: [rcon_lock.smx] Got half-connected command from client 8 (ip unknown): setpause 
L 05/06/2022 - 18:41:23: [rcon_lock.smx] Got half-connected command from client 13 (ip unknown): setpause 
L 05/06/2022 - 18:45:57: [rcon_lock.smx] Got half-connected command from client 148.102.113.203: unpause 
L 05/06/2022 - 18:45:57: [rcon_lock.smx] Got half-connected command from client 148.102.113.203: unpause 
L 05/06/2022 - 18:45:57: [rcon_lock.smx] Got half-connected command from client 148.102.113.203: unpause 
L 05/06/2022 - 18:45:57: [rcon_lock.smx] Got half-connected command from client 148.102.113.203: unpause 
L 05/06/2022 - 18:45:57: [rcon_lock.smx] Got half-connected command from client 148.102.113.203: unpause 
L 05/06/2022 - 18:45:57: [rcon_lock.smx] Got half-connected command from client 148.102.113.203: unpause 
L 05/06/2022 - 18:45:57: [rcon_lock.smx] Got half-connected command from client 148.102.113.203: unpause 
L 05/06/2022 - 18:45:57: [rcon_lock.smx] Got half-connected command from client 148.102.113.203: unpause 
L 05/06/2022 - 18:45:57: [rcon_lock.smx] Got half-connected command from client 148.102.113.203: unpause 
L 05/06/2022 - 18:45:57: [rcon_lock.smx] Got half-connected command from client 148.102.113.203: unpause 
L 05/06/2022 - 18:45:57: [rcon_lock.smx] Got half-connected command from client 148.102.113.203: unpause 
L 05/06/2022 - 18:49:32: [basebans.smx] "Console<0><Console><Console>" removed ban (filter "STEAM_1:0:90628109")
L 05/06/2022 - 18:52:57: -------- Mapchange to c8m2_subway --------
L 05/06/2022 - 18:52:58: [basecommands.smx] "Console<0><Console><Console>" changed cvar (cvar "sv_minrate") (value "100000")
L 05/06/2022 - 18:52:58: [basecommands.smx] "Console<0><Console><Console>" changed cvar (cvar "sv_maxrate") (value "100000")
L 05/06/2022 - 18:52:58: [basecommands.smx] "Console<0><Console><Console>" changed cvar (cvar "sv_mincmdrate") (value "100")
L 05/06/2022 - 18:52:58: [basecommands.smx] "Console<0><Console><Console>" changed cvar (cvar "sv_maxcmdrate") (value "100")
L 05/06/2022 - 18:52:58: [basecommands.smx] "Console<0><Console><Console>" changed cvar (cvar "sv_maxupdaterate") (value "10sm_cvar")
L 05/06/2022 - 18:52:58: [basecommands.smx] "Console<0><Console><Console>" changed cvar (cvar "sv_maxrate") (value "100000")
L 05/06/2022 - 18:52:58: [basecommands.smx] "Console<0><Console><Console>" changed cvar (cvar "sv_minupdaterate") (value "100")
L 05/06/2022 - 18:52:58: [basecommands.smx] "Console<0><Console><Console>" changed cvar (cvar "sv_maxupdaterate") (value "100")
L 05/06/2022 - 18:52:58: [basecommands.smx] "Console<0><Console><Console>" changed cvar (cvar "sv_mincmdrate") (value "100")
L 05/06/2022 - 18:52:58: [basecommands.smx] "Console<0><Console><Console>" changed cvar (cvar "sv_maxcmdrate") (value "100")
L 05/06/2022 - 18:52:58: [basecommands.smx] "Console<0><Console><Console>" changed cvar (cvar "sv_client_min_interp_ratio") (value "-1")
L 05/06/2022 - 18:52:58: [basecommands.smx] "Console<0><Console><Console>" changed cvar (cvar "sv_client_max_interp_ratio") (value "0")
L 05/06/2022 - 18:52:58: [basecommands.smx] "Console<0><Console><Console>" changed cvar (cvar "nb_update_frequency") (value "0.014")
L 05/06/2022 - 18:52:58: [basecommands.smx] "Console<0><Console><Console>" changed cvar (cvar "net_splitpacket_maxrate") (value "50000")
L 05/06/2022 - 18:52:58: [basecommands.smx] "Console<0><Console><Console>" changed cvar (cvar "fps_max") (value "0")
L 05/06/2022 - 18:52:58: [basecommands.smx] "Console<0><Console><Console>" changed cvar (cvar "tick_door_speed") (value "1.30")
L 05/06/2022 - 18:52:58: [basecommands.smx] "Console<0><Console><Console>" changed cvar (cvar "sb_all_bot_game") (value "1")
L 05/06/2022 - 18:52:58: [basecommands.smx] "Console<0><Console><Console>" changed cvar (cvar "allow_all_bot_survivor_team") (value "0")
L 05/06/2022 - 18:52:58: [rcon_lock.smx] Got half-connected command from client 6 (ip unknown): setpause 
L 05/06/2022 - 18:52:58: [rcon_lock.smx] Got half-connected command from client 2 (ip unknown): setpause 
L 05/06/2022 - 18:52:58: [rcon_lock.smx] Got half-connected command from client 3 (ip unknown): setpause 
L 05/06/2022 - 18:52:58: [rcon_lock.smx] Got half-connected command from client 12 (ip unknown): setpause 
L 05/06/2022 - 18:52:59: [rcon_lock.smx] Got half-connected command from client 191.185.36.201: unpause 
L 05/06/2022 - 18:53:00: [rcon_lock.smx] Got half-connected command from client 191.185.36.201: setpause 
L 05/06/2022 - 19:00:30: -------- Mapchange to c8m3_sewers --------
L 05/06/2022 - 19:00:31: [basecommands.smx] "Console<0><Console><Console>" changed cvar (cvar "sv_minrate") (value "100000")
L 05/06/2022 - 19:00:31: [basecommands.smx] "Console<0><Console><Console>" changed cvar (cvar "sv_maxrate") (value "100000")
L 05/06/2022 - 19:00:31: [basecommands.smx] "Console<0><Console><Console>" changed cvar (cvar "sv_mincmdrate") (value "100")
L 05/06/2022 - 19:00:31: [basecommands.smx] "Console<0><Console><Console>" changed cvar (cvar "sv_maxcmdrate") (value "100")
L 05/06/2022 - 19:00:31: [basecommands.smx] "Console<0><Console><Console>" changed cvar (cvar "sv_maxupdaterate") (value "10sm_cvar")
L 05/06/2022 - 19:00:31: [basecommands.smx] "Console<0><Console><Console>" changed cvar (cvar "sv_maxrate") (value "100000")
L 05/06/2022 - 19:00:31: [basecommands.smx] "Console<0><Console><Console>" changed cvar (cvar "sv_minupdaterate") (value "100")
L 05/06/2022 - 19:00:31: [basecommands.smx] "Console<0><Console><Console>" changed cvar (cvar "sv_maxupdaterate") (value "100")
L 05/06/2022 - 19:00:31: [basecommands.smx] "Console<0><Console><Console>" changed cvar (cvar "sv_mincmdrate") (value "100")
L 05/06/2022 - 19:00:31: [basecommands.smx] "Console<0><Console><Console>" changed cvar (cvar "sv_maxcmdrate") (value "100")
L 05/06/2022 - 19:00:31: [basecommands.smx] "Console<0><Console><Console>" changed cvar (cvar "sv_client_min_interp_ratio") (value "-1")
L 05/06/2022 - 19:00:31: [basecommands.smx] "Console<0><Console><Console>" changed cvar (cvar "sv_client_max_interp_ratio") (value "0")
L 05/06/2022 - 19:00:31: [basecommands.smx] "Console<0><Console><Console>" changed cvar (cvar "nb_update_frequency") (value "0.014")
L 05/06/2022 - 19:00:31: [basecommands.smx] "Console<0><Console><Console>" changed cvar (cvar "net_splitpacket_maxrate") (value "50000")
L 05/06/2022 - 19:00:31: [basecommands.smx] "Console<0><Console><Console>" changed cvar (cvar "fps_max") (value "0")
L 05/06/2022 - 19:00:31: [basecommands.smx] "Console<0><Console><Console>" changed cvar (cvar "tick_door_speed") (value "1.30")
L 05/06/2022 - 19:00:31: [basecommands.smx] "Console<0><Console><Console>" changed cvar (cvar "sb_all_bot_game") (value "1")
L 05/06/2022 - 19:00:31: [basecommands.smx] "Console<0><Console><Console>" changed cvar (cvar "allow_all_bot_survivor_team") (value "0")
L 05/06/2022 - 19:12:02: -------- Mapchange to c8m4_interior --------
L 05/06/2022 - 19:12:03: [basecommands.smx] "Console<0><Console><Console>" changed cvar (cvar "sv_minrate") (value "100000")
L 05/06/2022 - 19:12:03: [basecommands.smx] "Console<0><Console><Console>" changed cvar (cvar "sv_maxrate") (value "100000")
L 05/06/2022 - 19:12:03: [basecommands.smx] "Console<0><Console><Console>" changed cvar (cvar "sv_mincmdrate") (value "100")
L 05/06/2022 - 19:12:03: [basecommands.smx] "Console<0><Console><Console>" changed cvar (cvar "sv_maxcmdrate") (value "100")
L 05/06/2022 - 19:12:03: [basecommands.smx] "Console<0><Console><Console>" changed cvar (cvar "sv_maxupdaterate") (value "10sm_cvar")
L 05/06/2022 - 19:12:03: [basecommands.smx] "Console<0><Console><Console>" changed cvar (cvar "sv_maxrate") (value "100000")
L 05/06/2022 - 19:12:03: [basecommands.smx] "Console<0><Console><Console>" changed cvar (cvar "sv_minupdaterate") (value "100")
L 05/06/2022 - 19:12:03: [basecommands.smx] "Console<0><Console><Console>" changed cvar (cvar "sv_maxupdaterate") (value "100")
L 05/06/2022 - 19:12:03: [basecommands.smx] "Console<0><Console><Console>" changed cvar (cvar "sv_mincmdrate") (value "100")
L 05/06/2022 - 19:12:03: [basecommands.smx] "Console<0><Console><Console>" changed cvar (cvar "sv_maxcmdrate") (value "100")
L 05/06/2022 - 19:12:03: [basecommands.smx] "Console<0><Console><Console>" changed cvar (cvar "sv_client_min_interp_ratio") (value "-1")
L 05/06/2022 - 19:12:03: [basecommands.smx] "Console<0><Console><Console>" changed cvar (cvar "sv_client_max_interp_ratio") (value "0")
L 05/06/2022 - 19:12:03: [basecommands.smx] "Console<0><Console><Console>" changed cvar (cvar "nb_update_frequency") (value "0.014")
L 05/06/2022 - 19:12:03: [basecommands.smx] "Console<0><Console><Console>" changed cvar (cvar "net_splitpacket_maxrate") (value "50000")
L 05/06/2022 - 19:12:03: [basecommands.smx] "Console<0><Console><Console>" changed cvar (cvar "fps_max") (value "0")
L 05/06/2022 - 19:12:03: [basecommands.smx] "Console<0><Console><Console>" changed cvar (cvar "tick_door_speed") (value "1.30")
L 05/06/2022 - 19:12:03: [basecommands.smx] "Console<0><Console><Console>" changed cvar (cvar "sb_all_bot_game") (value "1")
L 05/06/2022 - 19:12:03: [basecommands.smx] "Console<0><Console><Console>" changed cvar (cvar "allow_all_bot_survivor_team") (value "0")
L 05/06/2022 - 19:12:03: [rcon_lock.smx] Got half-connected command from client 1 (ip unknown): setpause 
L 05/06/2022 - 19:12:03: [rcon_lock.smx] Got half-connected command from client 2 (ip unknown): setpause 
L 05/06/2022 - 19:12:03: [rcon_lock.smx] Got half-connected command from client 6 (ip unknown): setpause 
L 05/06/2022 - 19:12:03: [rcon_lock.smx] Got half-connected command from client 3 (ip unknown): setpause 
L 05/06/2022 - 19:24:31: -------- Mapchange to c8m5_rooftop --------
L 05/06/2022 - 19:24:32: [basecommands.smx] "Console<0><Console><Console>" changed cvar (cvar "sv_minrate") (value "100000")
L 05/06/2022 - 19:24:32: [basecommands.smx] "Console<0><Console><Console>" changed cvar (cvar "sv_maxrate") (value "100000")
L 05/06/2022 - 19:24:32: [basecommands.smx] "Console<0><Console><Console>" changed cvar (cvar "sv_mincmdrate") (value "100")
L 05/06/2022 - 19:24:32: [basecommands.smx] "Console<0><Console><Console>" changed cvar (cvar "sv_maxcmdrate") (value "100")
L 05/06/2022 - 19:24:32: [basecommands.smx] "Console<0><Console><Console>" changed cvar (cvar "sv_maxupdaterate") (value "10sm_cvar")
L 05/06/2022 - 19:24:32: [basecommands.smx] "Console<0><Console><Console>" changed cvar (cvar "sv_maxrate") (value "100000")
L 05/06/2022 - 19:24:32: [basecommands.smx] "Console<0><Console><Console>" changed cvar (cvar "sv_minupdaterate") (value "100")
L 05/06/2022 - 19:24:32: [basecommands.smx] "Console<0><Console><Console>" changed cvar (cvar "sv_maxupdaterate") (value "100")
L 05/06/2022 - 19:24:32: [basecommands.smx] "Console<0><Console><Console>" changed cvar (cvar "sv_mincmdrate") (value "100")
L 05/06/2022 - 19:24:32: [basecommands.smx] "Console<0><Console><Console>" changed cvar (cvar "sv_maxcmdrate") (value "100")
L 05/06/2022 - 19:24:32: [basecommands.smx] "Console<0><Console><Console>" changed cvar (cvar "sv_client_min_interp_ratio") (value "-1")
L 05/06/2022 - 19:24:32: [basecommands.smx] "Console<0><Console><Console>" changed cvar (cvar "sv_client_max_interp_ratio") (value "0")
L 05/06/2022 - 19:24:32: [basecommands.smx] "Console<0><Console><Console>" changed cvar (cvar "nb_update_frequency") (value "0.014")
L 05/06/2022 - 19:24:32: [basecommands.smx] "Console<0><Console><Console>" changed cvar (cvar "net_splitpacket_maxrate") (value "50000")
L 05/06/2022 - 19:24:32: [basecommands.smx] "Console<0><Console><Console>" changed cvar (cvar "fps_max") (value "0")
L 05/06/2022 - 19:24:32: [basecommands.smx] "Console<0><Console><Console>" changed cvar (cvar "tick_door_speed") (value "1.30")
L 05/06/2022 - 19:24:32: [basecommands.smx] "Console<0><Console><Console>" changed cvar (cvar "sb_all_bot_game") (value "1")
L 05/06/2022 - 19:24:32: [basecommands.smx] "Console<0><Console><Console>" changed cvar (cvar "allow_all_bot_survivor_team") (value "0")
L 05/06/2022 - 19:37:55: -------- Mapchange to c2m1_highway --------
L 05/06/2022 - 19:37:57: [rcon_lock.smx] Got half-connected command from client 1 (ip unknown): setpause 
L 05/06/2022 - 19:37:57: [rcon_lock.smx] Got half-connected command from client 6 (ip unknown): setpause 
L 05/06/2022 - 19:37:57: [rcon_lock.smx] Got half-connected command from client 7 (ip unknown): setpause 
L 05/06/2022 - 19:37:57: [rcon_lock.smx] Got half-connected command from client 2 (ip unknown): setpause 
L 05/06/2022 - 19:37:57: [rcon_lock.smx] Got half-connected command from client 3 (ip unknown): setpause 
L 05/06/2022 - 19:37:57: [rcon_lock.smx] Got half-connected command from client 5 (ip unknown): setpause 
L 05/06/2022 - 19:37:57: [rcon_lock.smx] Got half-connected command from client 8 (ip unknown): setpause 
L 05/06/2022 - 19:37:57: [basecommands.smx] "Console<0><Console><Console>" changed cvar (cvar "sv_minrate") (value "100000")
L 05/06/2022 - 19:37:57: [basecommands.smx] "Console<0><Console><Console>" changed cvar (cvar "sv_maxrate") (value "100000")
L 05/06/2022 - 19:37:57: [basecommands.smx] "Console<0><Console><Console>" changed cvar (cvar "sv_mincmdrate") (value "100")
L 05/06/2022 - 19:37:57: [basecommands.smx] "Console<0><Console><Console>" changed cvar (cvar "sv_maxcmdrate") (value "100")
L 05/06/2022 - 19:37:57: [basecommands.smx] "Console<0><Console><Console>" changed cvar (cvar "sv_maxupdaterate") (value "10sm_cvar")
L 05/06/2022 - 19:37:57: [basecommands.smx] "Console<0><Console><Console>" changed cvar (cvar "sv_maxrate") (value "100000")
L 05/06/2022 - 19:37:57: [basecommands.smx] "Console<0><Console><Console>" changed cvar (cvar "sv_minupdaterate") (value "100")
L 05/06/2022 - 19:37:57: [basecommands.smx] "Console<0><Console><Console>" changed cvar (cvar "sv_maxupdaterate") (value "100")
L 05/06/2022 - 19:37:57: [basecommands.smx] "Console<0><Console><Console>" changed cvar (cvar "sv_mincmdrate") (value "100")
L 05/06/2022 - 19:37:57: [basecommands.smx] "Console<0><Console><Console>" changed cvar (cvar "sv_maxcmdrate") (value "100")
L 05/06/2022 - 19:37:57: [basecommands.smx] "Console<0><Console><Console>" changed cvar (cvar "sv_client_min_interp_ratio") (value "-1")
L 05/06/2022 - 19:37:57: [basecommands.smx] "Console<0><Console><Console>" changed cvar (cvar "sv_client_max_interp_ratio") (value "0")
L 05/06/2022 - 19:37:57: [basecommands.smx] "Console<0><Console><Console>" changed cvar (cvar "nb_update_frequency") (value "0.014")
L 05/06/2022 - 19:37:57: [basecommands.smx] "Console<0><Console><Console>" changed cvar (cvar "net_splitpacket_maxrate") (value "50000")
L 05/06/2022 - 19:37:57: [basecommands.smx] "Console<0><Console><Console>" changed cvar (cvar "fps_max") (value "0")
L 05/06/2022 - 19:37:57: [basecommands.smx] "Console<0><Console><Console>" changed cvar (cvar "tick_door_speed") (value "1.30")
L 05/06/2022 - 19:37:57: [basecommands.smx] "Console<0><Console><Console>" changed cvar (cvar "sb_all_bot_game") (value "1")
L 05/06/2022 - 19:37:57: [basecommands.smx] "Console<0><Console><Console>" changed cvar (cvar "allow_all_bot_survivor_team") (value "0")
L 05/06/2022 - 19:39:51: -------- Mapchange to c2m1_highway --------
L 05/06/2022 - 19:39:53: [basecommands.smx] "Console<0><Console><Console>" changed cvar (cvar "sv_minrate") (value "100000")
L 05/06/2022 - 19:39:53: [basecommands.smx] "Console<0><Console><Console>" changed cvar (cvar "sv_maxrate") (value "100000")
L 05/06/2022 - 19:39:53: [basecommands.smx] "Console<0><Console><Console>" changed cvar (cvar "sv_mincmdrate") (value "100")
L 05/06/2022 - 19:39:53: [basecommands.smx] "Console<0><Console><Console>" changed cvar (cvar "sv_maxcmdrate") (value "100")
L 05/06/2022 - 19:39:53: [basecommands.smx] "Console<0><Console><Console>" changed cvar (cvar "sv_maxupdaterate") (value "10sm_cvar")
L 05/06/2022 - 19:39:53: [basecommands.smx] "Console<0><Console><Console>" changed cvar (cvar "sv_maxrate") (value "100000")
L 05/06/2022 - 19:39:53: [basecommands.smx] "Console<0><Console><Console>" changed cvar (cvar "sv_minupdaterate") (value "100")
L 05/06/2022 - 19:39:53: [basecommands.smx] "Console<0><Console><Console>" changed cvar (cvar "sv_maxupdaterate") (value "100")
L 05/06/2022 - 19:39:53: [basecommands.smx] "Console<0><Console><Console>" changed cvar (cvar "sv_mincmdrate") (value "100")
L 05/06/2022 - 19:39:53: [basecommands.smx] "Console<0><Console><Console>" changed cvar (cvar "sv_maxcmdrate") (value "100")
L 05/06/2022 - 19:39:53: [basecommands.smx] "Console<0><Console><Console>" changed cvar (cvar "sv_client_min_interp_ratio") (value "-1")
L 05/06/2022 - 19:39:53: [basecommands.smx] "Console<0><Console><Console>" changed cvar (cvar "sv_client_max_interp_ratio") (value "0")
L 05/06/2022 - 19:39:53: [basecommands.smx] "Console<0><Console><Console>" changed cvar (cvar "nb_update_frequency") (value "0.014")
L 05/06/2022 - 19:39:53: [basecommands.smx] "Console<0><Console><Console>" changed cvar (cvar "net_splitpacket_maxrate") (value "50000")
L 05/06/2022 - 19:39:53: [basecommands.smx] "Console<0><Console><Console>" changed cvar (cvar "fps_max") (value "0")
L 05/06/2022 - 19:39:53: [basecommands.smx] "Console<0><Console><Console>" changed cvar (cvar "tick_door_speed") (value "1.30")
L 05/06/2022 - 19:39:53: [basecommands.smx] "Console<0><Console><Console>" changed cvar (cvar "sb_all_bot_game") (value "1")
L 05/06/2022 - 19:39:53: [basecommands.smx] "Console<0><Console><Console>" changed cvar (cvar "allow_all_bot_survivor_team") (value "0")
L 05/06/2022 - 19:39:53: [rcon_lock.smx] Got half-connected command from client 6 (ip unknown): setpause 
L 05/06/2022 - 19:39:53: [rcon_lock.smx] Got half-connected command from client 1 (ip unknown): setpause 
L 05/06/2022 - 19:39:53: [rcon_lock.smx] Got half-connected command from client 7 (ip unknown): setpause 
L 05/06/2022 - 19:39:53: [rcon_lock.smx] Got half-connected command from client 9 (ip unknown): setpause 
L 05/06/2022 - 19:39:53: [rcon_lock.smx] Got half-connected command from client 2 (ip unknown): setpause 
L 05/06/2022 - 19:39:53: [rcon_lock.smx] Got half-connected command from client 3 (ip unknown): setpause 
L 05/06/2022 - 19:50:49: -------- Mapchange to c2m2_fairgrounds --------
L 05/06/2022 - 19:50:50: [basecommands.smx] "Console<0><Console><Console>" changed cvar (cvar "sv_minrate") (value "100000")
L 05/06/2022 - 19:50:50: [basecommands.smx] "Console<0><Console><Console>" changed cvar (cvar "sv_maxrate") (value "100000")
L 05/06/2022 - 19:50:50: [basecommands.smx] "Console<0><Console><Console>" changed cvar (cvar "sv_mincmdrate") (value "100")
L 05/06/2022 - 19:50:50: [basecommands.smx] "Console<0><Console><Console>" changed cvar (cvar "sv_maxcmdrate") (value "100")
L 05/06/2022 - 19:50:50: [basecommands.smx] "Console<0><Console><Console>" changed cvar (cvar "sv_maxupdaterate") (value "10sm_cvar")
L 05/06/2022 - 19:50:50: [basecommands.smx] "Console<0><Console><Console>" changed cvar (cvar "sv_maxrate") (value "100000")
L 05/06/2022 - 19:50:50: [basecommands.smx] "Console<0><Console><Console>" changed cvar (cvar "sv_minupdaterate") (value "100")
L 05/06/2022 - 19:50:50: [basecommands.smx] "Console<0><Console><Console>" changed cvar (cvar "sv_maxupdaterate") (value "100")
L 05/06/2022 - 19:50:50: [basecommands.smx] "Console<0><Console><Console>" changed cvar (cvar "sv_mincmdrate") (value "100")
L 05/06/2022 - 19:50:50: [basecommands.smx] "Console<0><Console><Console>" changed cvar (cvar "sv_maxcmdrate") (value "100")
L 05/06/2022 - 19:50:50: [basecommands.smx] "Console<0><Console><Console>" changed cvar (cvar "sv_client_min_interp_ratio") (value "-1")
L 05/06/2022 - 19:50:50: [basecommands.smx] "Console<0><Console><Console>" changed cvar (cvar "sv_client_max_interp_ratio") (value "0")
L 05/06/2022 - 19:50:50: [basecommands.smx] "Console<0><Console><Console>" changed cvar (cvar "nb_update_frequency") (value "0.014")
L 05/06/2022 - 19:50:50: [basecommands.smx] "Console<0><Console><Console>" changed cvar (cvar "net_splitpacket_maxrate") (value "50000")
L 05/06/2022 - 19:50:50: [basecommands.smx] "Console<0><Console><Console>" changed cvar (cvar "fps_max") (value "0")
L 05/06/2022 - 19:50:50: [basecommands.smx] "Console<0><Console><Console>" changed cvar (cvar "tick_door_speed") (value "1.30")
L 05/06/2022 - 19:50:50: [basecommands.smx] "Console<0><Console><Console>" changed cvar (cvar "sb_all_bot_game") (value "1")
L 05/06/2022 - 19:50:50: [basecommands.smx] "Console<0><Console><Console>" changed cvar (cvar "allow_all_bot_survivor_team") (value "0")
L 05/06/2022 - 19:50:50: [rcon_lock.smx] Got half-connected command from client 1 (ip unknown): setpause 
L 05/06/2022 - 19:50:50: [rcon_lock.smx] Got half-connected command from client 6 (ip unknown): setpause 
L 05/06/2022 - 19:50:50: [rcon_lock.smx] Got half-connected command from client 7 (ip unknown): setpause 
L 05/06/2022 - 19:50:50: [rcon_lock.smx] Got half-connected command from client 8 (ip unknown): setpause 
L 05/06/2022 - 19:50:50: [rcon_lock.smx] Got half-connected command from client 9 (ip unknown): setpause 
L 05/06/2022 - 19:50:50: [rcon_lock.smx] Got half-connected command from client 2 (ip unknown): setpause 
L 05/06/2022 - 19:50:50: [rcon_lock.smx] Got half-connected command from client 4 (ip unknown): setpause 
L 05/06/2022 - 19:50:50: [rcon_lock.smx] Got half-connected command from client 3 (ip unknown): setpause 
L 05/06/2022 - 20:12:05: -------- Mapchange to c2m3_coaster --------
L 05/06/2022 - 20:12:07: [rcon_lock.smx] Got half-connected command from client 3 (ip unknown): setpause 
L 05/06/2022 - 20:12:07: [basecommands.smx] "Console<0><Console><Console>" changed cvar (cvar "sv_minrate") (value "100000")
L 05/06/2022 - 20:12:07: [basecommands.smx] "Console<0><Console><Console>" changed cvar (cvar "sv_maxrate") (value "100000")
L 05/06/2022 - 20:12:07: [basecommands.smx] "Console<0><Console><Console>" changed cvar (cvar "sv_mincmdrate") (value "100")
L 05/06/2022 - 20:12:07: [basecommands.smx] "Console<0><Console><Console>" changed cvar (cvar "sv_maxcmdrate") (value "100")
L 05/06/2022 - 20:12:07: [basecommands.smx] "Console<0><Console><Console>" changed cvar (cvar "sv_maxupdaterate") (value "10sm_cvar")
L 05/06/2022 - 20:12:07: [basecommands.smx] "Console<0><Console><Console>" changed cvar (cvar "sv_maxrate") (value "100000")
L 05/06/2022 - 20:12:07: [basecommands.smx] "Console<0><Console><Console>" changed cvar (cvar "sv_minupdaterate") (value "100")
L 05/06/2022 - 20:12:07: [basecommands.smx] "Console<0><Console><Console>" changed cvar (cvar "sv_maxupdaterate") (value "100")
L 05/06/2022 - 20:12:07: [basecommands.smx] "Console<0><Console><Console>" changed cvar (cvar "sv_mincmdrate") (value "100")
L 05/06/2022 - 20:12:07: [basecommands.smx] "Console<0><Console><Console>" changed cvar (cvar "sv_maxcmdrate") (value "100")
L 05/06/2022 - 20:12:07: [basecommands.smx] "Console<0><Console><Console>" changed cvar (cvar "sv_client_min_interp_ratio") (value "-1")
L 05/06/2022 - 20:12:07: [basecommands.smx] "Console<0><Console><Console>" changed cvar (cvar "sv_client_max_interp_ratio") (value "0")
L 05/06/2022 - 20:12:07: [basecommands.smx] "Console<0><Console><Console>" changed cvar (cvar "nb_update_frequency") (value "0.014")
L 05/06/2022 - 20:12:07: [basecommands.smx] "Console<0><Console><Console>" changed cvar (cvar "net_splitpacket_maxrate") (value "50000")
L 05/06/2022 - 20:12:07: [basecommands.smx] "Console<0><Console><Console>" changed cvar (cvar "fps_max") (value "0")
L 05/06/2022 - 20:12:07: [basecommands.smx] "Console<0><Console><Console>" changed cvar (cvar "tick_door_speed") (value "1.30")
L 05/06/2022 - 20:12:07: [basecommands.smx] "Console<0><Console><Console>" changed cvar (cvar "sb_all_bot_game") (value "1")
L 05/06/2022 - 20:12:07: [basecommands.smx] "Console<0><Console><Console>" changed cvar (cvar "allow_all_bot_survivor_team") (value "0")
L 05/06/2022 - 22:09:18: -------- Mapchange to c3m1_plankcountry --------
L 05/06/2022 - 22:09:20: [basecommands.smx] "Console<0><Console><Console>" changed cvar (cvar "sv_minrate") (value "100000")
L 05/06/2022 - 22:09:20: [basecommands.smx] "Console<0><Console><Console>" changed cvar (cvar "sv_maxrate") (value "100000")
L 05/06/2022 - 22:09:20: [basecommands.smx] "Console<0><Console><Console>" changed cvar (cvar "sv_mincmdrate") (value "100")
L 05/06/2022 - 22:09:20: [basecommands.smx] "Console<0><Console><Console>" changed cvar (cvar "sv_maxcmdrate") (value "100")
L 05/06/2022 - 22:09:20: [basecommands.smx] "Console<0><Console><Console>" changed cvar (cvar "sv_maxupdaterate") (value "10sm_cvar")
L 05/06/2022 - 22:09:20: [basecommands.smx] "Console<0><Console><Console>" changed cvar (cvar "sv_maxrate") (value "100000")
L 05/06/2022 - 22:09:20: [basecommands.smx] "Console<0><Console><Console>" changed cvar (cvar "sv_minupdaterate") (value "100")
L 05/06/2022 - 22:09:20: [basecommands.smx] "Console<0><Console><Console>" changed cvar (cvar "sv_maxupdaterate") (value "100")
L 05/06/2022 - 22:09:20: [basecommands.smx] "Console<0><Console><Console>" changed cvar (cvar "sv_mincmdrate") (value "100")
L 05/06/2022 - 22:09:20: [basecommands.smx] "Console<0><Console><Console>" changed cvar (cvar "sv_maxcmdrate") (value "100")
L 05/06/2022 - 22:09:20: [basecommands.smx] "Console<0><Console><Console>" changed cvar (cvar "sv_client_min_interp_ratio") (value "-1")
L 05/06/2022 - 22:09:20: [basecommands.smx] "Console<0><Console><Console>" changed cvar (cvar "sv_client_max_interp_ratio") (value "0")
L 05/06/2022 - 22:09:20: [basecommands.smx] "Console<0><Console><Console>" changed cvar (cvar "nb_update_frequency") (value "0.014")
L 05/06/2022 - 22:09:20: [basecommands.smx] "Console<0><Console><Console>" changed cvar (cvar "net_splitpacket_maxrate") (value "50000")
L 05/06/2022 - 22:09:20: [basecommands.smx] "Console<0><Console><Console>" changed cvar (cvar "fps_max") (value "0")
L 05/06/2022 - 22:09:20: [basecommands.smx] "Console<0><Console><Console>" changed cvar (cvar "tick_door_speed") (value "1.30")
L 05/06/2022 - 22:09:20: [basecommands.smx] "Console<0><Console><Console>" changed cvar (cvar "sb_all_bot_game") (value "1")
L 05/06/2022 - 22:09:20: [basecommands.smx] "Console<0><Console><Console>" changed cvar (cvar "allow_all_bot_survivor_team") (value "0")
L 05/06/2022 - 22:09:40: [rcon_lock.smx] Removing client 'gatogamerfachero<294><STEAM_1:1:635903762><>' as sourcemod_version=1.10.0.6503
L 05/06/2022 - 23:42:50: SourceMod log file session started (file "/home/steam/l4d2/left4dead2/addons/sourcemod/logs/L20220506.log") (Version "1.10.0.6528")
L 05/06/2022 - 23:42:50: [rcon_lock.smx] 28 cheat commands
L 05/06/2022 - 23:42:50: [rcon_lock.smx] Couldn't find ai_test_los (this may be normal)
L 05/06/2022 - 23:42:50: [rcon_lock.smx] Flagging dbghist_dump as cheat
L 05/06/2022 - 23:42:50: [rcon_lock.smx] dump_entity_sizes already has cheats flag
L 05/06/2022 - 23:42:50: [rcon_lock.smx] Flagging dump_globals as cheat
L 05/06/2022 - 23:42:50: [rcon_lock.smx] Couldn't find dump_terrain (this may be normal)
L 05/06/2022 - 23:42:50: [rcon_lock.smx] Couldn't find dumpcountedstrings (this may be normal)
L 05/06/2022 - 23:42:50: [rcon_lock.smx] dumpentityfactories already has cheats flag
L 05/06/2022 - 23:42:50: [rcon_lock.smx] Flagging dumpeventqueue as cheat
L 05/06/2022 - 23:42:50: [rcon_lock.smx] Couldn't find es_version (this may be normal)
L 05/06/2022 - 23:42:50: [rcon_lock.smx] groundlist already has cheats flag
L 05/06/2022 - 23:42:50: [rcon_lock.smx] Flagging listmodels as cheat
L 05/06/2022 - 23:42:50: [rcon_lock.smx] Flagging mem_dump as cheat
L 05/06/2022 - 23:42:50: [rcon_lock.smx] Couldn't find mp_dump_timers (this may be normal)
L 05/06/2022 - 23:42:50: [rcon_lock.smx] Couldn't find npc_ammo_deplete (this may be normal)
L 05/06/2022 - 23:42:50: [rcon_lock.smx] Couldn't find npc_heal (this may be normal)
L 05/06/2022 - 23:42:50: [rcon_lock.smx] Couldn't find npc_speakall (this may be normal)
L 05/06/2022 - 23:42:50: [rcon_lock.smx] Couldn't find npc_thinknow (this may be normal)
L 05/06/2022 - 23:42:50: [rcon_lock.smx] Flagging physics_budget as cheat
L 05/06/2022 - 23:42:50: [rcon_lock.smx] Flagging physics_debug_entity as cheat
L 05/06/2022 - 23:42:50: [rcon_lock.smx] Flagging physics_report_active as cheat
L 05/06/2022 - 23:42:50: [rcon_lock.smx] Flagging physics_select as cheat
L 05/06/2022 - 23:42:50: [rcon_lock.smx] report_entities already has cheats flag
L 05/06/2022 - 23:42:50: [rcon_lock.smx] report_touchlinks already has cheats flag
L 05/06/2022 - 23:42:50: [rcon_lock.smx] Couldn't find snd_digital_surround (this may be normal)
L 05/06/2022 - 23:42:50: [rcon_lock.smx] Flagging snd_restart as cheat
L 05/06/2022 - 23:42:50: [rcon_lock.smx] Couldn't find soundlist (this may be normal)
L 05/06/2022 - 23:42:50: [rcon_lock.smx] Flagging soundscape_flush as cheat
L 05/06/2022 - 23:42:50: [rcon_lock.smx] Couldn't find wc_update_entity (this may be normal)
L 05/06/2022 - 23:42:55: [basecommands.smx] "Console<0><Console><Console>" changed cvar (cvar "sv_minrate") (value "100000")
L 05/06/2022 - 23:42:55: [basecommands.smx] "Console<0><Console><Console>" changed cvar (cvar "sv_maxrate") (value "100000")
L 05/06/2022 - 23:42:55: [basecommands.smx] "Console<0><Console><Console>" changed cvar (cvar "sv_mincmdrate") (value "100")
L 05/06/2022 - 23:42:55: [basecommands.smx] "Console<0><Console><Console>" changed cvar (cvar "sv_maxcmdrate") (value "100")
L 05/06/2022 - 23:42:55: [basecommands.smx] "Console<0><Console><Console>" changed cvar (cvar "sv_maxupdaterate") (value "10sm_cvar")
L 05/06/2022 - 23:42:55: [basecommands.smx] "Console<0><Console><Console>" changed cvar (cvar "sv_maxrate") (value "100000")
L 05/06/2022 - 23:42:55: [basecommands.smx] "Console<0><Console><Console>" changed cvar (cvar "sv_minupdaterate") (value "100")
L 05/06/2022 - 23:42:55: [basecommands.smx] "Console<0><Console><Console>" changed cvar (cvar "sv_maxupdaterate") (value "100")
L 05/06/2022 - 23:42:55: [basecommands.smx] "Console<0><Console><Console>" changed cvar (cvar "sv_mincmdrate") (value "100")
L 05/06/2022 - 23:42:55: [basecommands.smx] "Console<0><Console><Console>" changed cvar (cvar "sv_maxcmdrate") (value "100")
L 05/06/2022 - 23:42:55: [basecommands.smx] "Console<0><Console><Console>" changed cvar (cvar "sv_client_min_interp_ratio") (value "-1")
L 05/06/2022 - 23:42:55: [basecommands.smx] "Console<0><Console><Console>" changed cvar (cvar "sv_client_max_interp_ratio") (value "0")
L 05/06/2022 - 23:42:55: [basecommands.smx] "Console<0><Console><Console>" changed cvar (cvar "nb_update_frequency") (value "0.014")
L 05/06/2022 - 23:42:55: [basecommands.smx] "Console<0><Console><Console>" changed cvar (cvar "net_splitpacket_maxrate") (value "50000")
L 05/06/2022 - 23:42:55: [basecommands.smx] "Console<0><Console><Console>" changed cvar (cvar "fps_max") (value "0")
L 05/06/2022 - 23:42:55: [basecommands.smx] "Console<0><Console><Console>" changed cvar (cvar "tick_door_speed") (value "1.30")
L 05/06/2022 - 23:42:55: [basecommands.smx] "Console<0><Console><Console>" changed cvar (cvar "sb_all_bot_game") (value "1")
L 05/06/2022 - 23:42:55: [basecommands.smx] "Console<0><Console><Console>" changed cvar (cvar "allow_all_bot_survivor_team") (value "0")
L 05/06/2022 - 23:44:44: -------- Mapchange to c10m1_caves --------
L 05/06/2022 - 23:44:47: [basecommands.smx] "Console<0><Console><Console>" changed cvar (cvar "sv_minrate") (value "100000")
L 05/06/2022 - 23:44:47: [basecommands.smx] "Console<0><Console><Console>" changed cvar (cvar "sv_maxrate") (value "100000")
L 05/06/2022 - 23:44:47: [basecommands.smx] "Console<0><Console><Console>" changed cvar (cvar "sv_mincmdrate") (value "100")
L 05/06/2022 - 23:44:47: [basecommands.smx] "Console<0><Console><Console>" changed cvar (cvar "sv_maxcmdrate") (value "100")
L 05/06/2022 - 23:44:47: [basecommands.smx] "Console<0><Console><Console>" changed cvar (cvar "sv_maxupdaterate") (value "10sm_cvar")
L 05/06/2022 - 23:44:47: [basecommands.smx] "Console<0><Console><Console>" changed cvar (cvar "sv_maxrate") (value "100000")
L 05/06/2022 - 23:44:47: [basecommands.smx] "Console<0><Console><Console>" changed cvar (cvar "sv_minupdaterate") (value "100")
L 05/06/2022 - 23:44:47: [basecommands.smx] "Console<0><Console><Console>" changed cvar (cvar "sv_maxupdaterate") (value "100")
L 05/06/2022 - 23:44:47: [basecommands.smx] "Console<0><Console><Console>" changed cvar (cvar "sv_mincmdrate") (value "100")
L 05/06/2022 - 23:44:47: [basecommands.smx] "Console<0><Console><Console>" changed cvar (cvar "sv_maxcmdrate") (value "100")
L 05/06/2022 - 23:44:47: [basecommands.smx] "Console<0><Console><Console>" changed cvar (cvar "sv_client_min_interp_ratio") (value "-1")
L 05/06/2022 - 23:44:47: [basecommands.smx] "Console<0><Console><Console>" changed cvar (cvar "sv_client_max_interp_ratio") (value "0")
L 05/06/2022 - 23:44:47: [basecommands.smx] "Console<0><Console><Console>" changed cvar (cvar "nb_update_frequency") (value "0.014")
L 05/06/2022 - 23:44:47: [basecommands.smx] "Console<0><Console><Console>" changed cvar (cvar "net_splitpacket_maxrate") (value "50000")
L 05/06/2022 - 23:44:47: [basecommands.smx] "Console<0><Console><Console>" changed cvar (cvar "fps_max") (value "0")
L 05/06/2022 - 23:44:47: [basecommands.smx] "Console<0><Console><Console>" changed cvar (cvar "tick_door_speed") (value "1.30")
L 05/06/2022 - 23:44:47: [basecommands.smx] "Console<0><Console><Console>" changed cvar (cvar "sb_all_bot_game") (value "1")
L 05/06/2022 - 23:44:47: [basecommands.smx] "Console<0><Console><Console>" changed cvar (cvar "allow_all_bot_survivor_team") (value "0")
L 05/06/2022 - 23:49:09: [basecommands.smx] "Altair<4><STEAM_1:0:90628109><>" changed map to "c8m1_apartment"
L 05/06/2022 - 23:49:12: [SM] Changed map to "c8m1_apartment"
L 05/06/2022 - 23:49:14: -------- Mapchange to c8m1_apartment --------
L 05/06/2022 - 23:49:16: [basecommands.smx] "Console<0><Console><Console>" changed cvar (cvar "sv_minrate") (value "100000")
L 05/06/2022 - 23:49:16: [basecommands.smx] "Console<0><Console><Console>" changed cvar (cvar "sv_maxrate") (value "100000")
L 05/06/2022 - 23:49:16: [basecommands.smx] "Console<0><Console><Console>" changed cvar (cvar "sv_mincmdrate") (value "100")
L 05/06/2022 - 23:49:16: [basecommands.smx] "Console<0><Console><Console>" changed cvar (cvar "sv_maxcmdrate") (value "100")
L 05/06/2022 - 23:49:16: [basecommands.smx] "Console<0><Console><Console>" changed cvar (cvar "sv_maxupdaterate") (value "10sm_cvar")
L 05/06/2022 - 23:49:16: [basecommands.smx] "Console<0><Console><Console>" changed cvar (cvar "sv_maxrate") (value "100000")
L 05/06/2022 - 23:49:16: [basecommands.smx] "Console<0><Console><Console>" changed cvar (cvar "sv_minupdaterate") (value "100")
L 05/06/2022 - 23:49:16: [basecommands.smx] "Console<0><Console><Console>" changed cvar (cvar "sv_maxupdaterate") (value "100")
L 05/06/2022 - 23:49:16: [basecommands.smx] "Console<0><Console><Console>" changed cvar (cvar "sv_mincmdrate") (value "100")
L 05/06/2022 - 23:49:16: [basecommands.smx] "Console<0><Console><Console>" changed cvar (cvar "sv_maxcmdrate") (value "100")
L 05/06/2022 - 23:49:16: [basecommands.smx] "Console<0><Console><Console>" changed cvar (cvar "sv_client_min_interp_ratio") (value "-1")
L 05/06/2022 - 23:49:16: [basecommands.smx] "Console<0><Console><Console>" changed cvar (cvar "sv_client_max_interp_ratio") (value "0")
L 05/06/2022 - 23:49:16: [basecommands.smx] "Console<0><Console><Console>" changed cvar (cvar "nb_update_frequency") (value "0.014")
L 05/06/2022 - 23:49:16: [basecommands.smx] "Console<0><Console><Console>" changed cvar (cvar "net_splitpacket_maxrate") (value "50000")
L 05/06/2022 - 23:49:16: [basecommands.smx] "Console<0><Console><Console>" changed cvar (cvar "fps_max") (value "0")
L 05/06/2022 - 23:49:16: [basecommands.smx] "Console<0><Console><Console>" changed cvar (cvar "tick_door_speed") (value "1.30")
L 05/06/2022 - 23:49:16: [basecommands.smx] "Console<0><Console><Console>" changed cvar (cvar "sb_all_bot_game") (value "1")
L 05/06/2022 - 23:49:16: [basecommands.smx] "Console<0><Console><Console>" changed cvar (cvar "allow_all_bot_survivor_team") (value "0")
L 05/06/2022 - 23:49:16: [rcon_lock.smx] Got half-connected command from client 6 (ip unknown): setpause 
L 05/06/2022 - 23:49:16: [rcon_lock.smx] Got half-connected command from client 2 (ip unknown): setpause 
L 05/06/2022 - 23:49:16: [rcon_lock.smx] Got half-connected command from client 1 (ip unknown): setpause 
L 05/07/2022 - 00:00:23: Log file closed.
