L 05/07/2022 - 00:00:24: SourceMod log file session started (file "/home/steam/l4d2/left4dead2/addons/sourcemod/logs/L20220507.log") (Version "1.10.0.6528")
L 05/07/2022 - 00:00:24: [basecommands.smx] "Console<0><Console><Console>" changed cvar (cvar "sv_minrate") (value "100000")
L 05/07/2022 - 00:00:24: [basecommands.smx] "Console<0><Console><Console>" changed cvar (cvar "sv_maxrate") (value "100000")
L 05/07/2022 - 00:00:24: [basecommands.smx] "Console<0><Console><Console>" changed cvar (cvar "sv_mincmdrate") (value "100")
L 05/07/2022 - 00:00:24: [basecommands.smx] "Console<0><Console><Console>" changed cvar (cvar "sv_maxcmdrate") (value "100")
L 05/07/2022 - 00:00:24: [basecommands.smx] "Console<0><Console><Console>" changed cvar (cvar "sv_maxupdaterate") (value "10sm_cvar")
L 05/07/2022 - 00:00:24: [basecommands.smx] "Console<0><Console><Console>" changed cvar (cvar "sv_maxrate") (value "100000")
L 05/07/2022 - 00:00:24: [basecommands.smx] "Console<0><Console><Console>" changed cvar (cvar "sv_minupdaterate") (value "100")
L 05/07/2022 - 00:00:24: [basecommands.smx] "Console<0><Console><Console>" changed cvar (cvar "sv_maxupdaterate") (value "100")
L 05/07/2022 - 00:00:24: [basecommands.smx] "Console<0><Console><Console>" changed cvar (cvar "sv_mincmdrate") (value "100")
L 05/07/2022 - 00:00:24: [basecommands.smx] "Console<0><Console><Console>" changed cvar (cvar "sv_maxcmdrate") (value "100")
L 05/07/2022 - 00:00:24: [basecommands.smx] "Console<0><Console><Console>" changed cvar (cvar "sv_client_min_interp_ratio") (value "-1")
L 05/07/2022 - 00:00:24: [basecommands.smx] "Console<0><Console><Console>" changed cvar (cvar "sv_client_max_interp_ratio") (value "0")
L 05/07/2022 - 00:00:24: [basecommands.smx] "Console<0><Console><Console>" changed cvar (cvar "nb_update_frequency") (value "0.014")
L 05/07/2022 - 00:00:24: [basecommands.smx] "Console<0><Console><Console>" changed cvar (cvar "net_splitpacket_maxrate") (value "50000")
L 05/07/2022 - 00:00:24: [basecommands.smx] "Console<0><Console><Console>" changed cvar (cvar "fps_max") (value "0")
L 05/07/2022 - 00:00:24: [basecommands.smx] "Console<0><Console><Console>" changed cvar (cvar "tick_door_speed") (value "1.30")
L 05/07/2022 - 00:00:24: [basecommands.smx] "Console<0><Console><Console>" changed cvar (cvar "sb_all_bot_game") (value "1")
L 05/07/2022 - 00:00:24: [basecommands.smx] "Console<0><Console><Console>" changed cvar (cvar "allow_all_bot_survivor_team") (value "0")
L 05/07/2022 - 00:00:24: [rcon_lock.smx] Got half-connected command from client 2 (ip unknown): setpause 
L 05/07/2022 - 00:00:24: [rcon_lock.smx] Got half-connected command from client 7 (ip unknown): setpause 
L 05/07/2022 - 00:00:24: [rcon_lock.smx] Got half-connected command from client 9 (ip unknown): setpause 
L 05/07/2022 - 00:00:24: [rcon_lock.smx] Got half-connected command from client 8 (ip unknown): setpause 
L 05/07/2022 - 00:00:24: [rcon_lock.smx] Got half-connected command from client 1 (ip unknown): setpause 
L 05/07/2022 - 00:00:24: [rcon_lock.smx] Got half-connected command from client 6 (ip unknown): setpause 
L 05/07/2022 - 00:00:24: [rcon_lock.smx] Got half-connected command from client 4 (ip unknown): setpause 
L 05/07/2022 - 00:21:39: -------- Mapchange to c8m3_sewers --------
L 05/07/2022 - 00:21:41: [basecommands.smx] "Console<0><Console><Console>" changed cvar (cvar "sv_minrate") (value "100000")
L 05/07/2022 - 00:21:41: [basecommands.smx] "Console<0><Console><Console>" changed cvar (cvar "sv_maxrate") (value "100000")
L 05/07/2022 - 00:21:41: [basecommands.smx] "Console<0><Console><Console>" changed cvar (cvar "sv_mincmdrate") (value "100")
L 05/07/2022 - 00:21:41: [basecommands.smx] "Console<0><Console><Console>" changed cvar (cvar "sv_maxcmdrate") (value "100")
L 05/07/2022 - 00:21:41: [basecommands.smx] "Console<0><Console><Console>" changed cvar (cvar "sv_maxupdaterate") (value "10sm_cvar")
L 05/07/2022 - 00:21:41: [basecommands.smx] "Console<0><Console><Console>" changed cvar (cvar "sv_maxrate") (value "100000")
L 05/07/2022 - 00:21:41: [basecommands.smx] "Console<0><Console><Console>" changed cvar (cvar "sv_minupdaterate") (value "100")
L 05/07/2022 - 00:21:41: [basecommands.smx] "Console<0><Console><Console>" changed cvar (cvar "sv_maxupdaterate") (value "100")
L 05/07/2022 - 00:21:41: [basecommands.smx] "Console<0><Console><Console>" changed cvar (cvar "sv_mincmdrate") (value "100")
L 05/07/2022 - 00:21:41: [basecommands.smx] "Console<0><Console><Console>" changed cvar (cvar "sv_maxcmdrate") (value "100")
L 05/07/2022 - 00:21:41: [basecommands.smx] "Console<0><Console><Console>" changed cvar (cvar "sv_client_min_interp_ratio") (value "-1")
L 05/07/2022 - 00:21:41: [basecommands.smx] "Console<0><Console><Console>" changed cvar (cvar "sv_client_max_interp_ratio") (value "0")
L 05/07/2022 - 00:21:41: [basecommands.smx] "Console<0><Console><Console>" changed cvar (cvar "nb_update_frequency") (value "0.014")
L 05/07/2022 - 00:21:41: [basecommands.smx] "Console<0><Console><Console>" changed cvar (cvar "net_splitpacket_maxrate") (value "50000")
L 05/07/2022 - 00:21:41: [basecommands.smx] "Console<0><Console><Console>" changed cvar (cvar "fps_max") (value "0")
L 05/07/2022 - 00:21:41: [basecommands.smx] "Console<0><Console><Console>" changed cvar (cvar "tick_door_speed") (value "1.30")
L 05/07/2022 - 00:21:41: [basecommands.smx] "Console<0><Console><Console>" changed cvar (cvar "sb_all_bot_game") (value "1")
L 05/07/2022 - 00:21:41: [basecommands.smx] "Console<0><Console><Console>" changed cvar (cvar "allow_all_bot_survivor_team") (value "0")
L 05/07/2022 - 00:21:41: [rcon_lock.smx] Got half-connected command from client 1 (ip unknown): setpause 
L 05/07/2022 - 00:21:41: [rcon_lock.smx] Got half-connected command from client 2 (ip unknown): setpause 
L 05/07/2022 - 00:21:41: [rcon_lock.smx] Got half-connected command from client 6 (ip unknown): setpause 
L 05/07/2022 - 00:21:41: [rcon_lock.smx] Got half-connected command from client 5 (ip unknown): setpause 
L 05/07/2022 - 00:21:41: [rcon_lock.smx] Got half-connected command from client 3 (ip unknown): setpause 
L 05/07/2022 - 00:21:41: [rcon_lock.smx] Got half-connected command from client 8 (ip unknown): setpause 
L 05/07/2022 - 00:21:41: [rcon_lock.smx] Got half-connected command from client 4 (ip unknown): setpause 
L 05/07/2022 - 00:21:41: [rcon_lock.smx] Got half-connected command from client 10 (ip unknown): setpause 
L 05/07/2022 - 00:42:46: -------- Mapchange to c8m4_interior --------
L 05/07/2022 - 00:42:47: [rcon_lock.smx] Got half-connected command from client 2 (ip unknown): setpause 
L 05/07/2022 - 00:42:47: [rcon_lock.smx] Got half-connected command from client 6 (ip unknown): setpause 
L 05/07/2022 - 00:42:47: [rcon_lock.smx] Got half-connected command from client 10 (ip unknown): setpause 
L 05/07/2022 - 00:42:47: [basecommands.smx] "Console<0><Console><Console>" changed cvar (cvar "sv_minrate") (value "100000")
L 05/07/2022 - 00:42:47: [basecommands.smx] "Console<0><Console><Console>" changed cvar (cvar "sv_maxrate") (value "100000")
L 05/07/2022 - 00:42:47: [basecommands.smx] "Console<0><Console><Console>" changed cvar (cvar "sv_mincmdrate") (value "100")
L 05/07/2022 - 00:42:47: [basecommands.smx] "Console<0><Console><Console>" changed cvar (cvar "sv_maxcmdrate") (value "100")
L 05/07/2022 - 00:42:47: [basecommands.smx] "Console<0><Console><Console>" changed cvar (cvar "sv_maxupdaterate") (value "10sm_cvar")
L 05/07/2022 - 00:42:47: [basecommands.smx] "Console<0><Console><Console>" changed cvar (cvar "sv_maxrate") (value "100000")
L 05/07/2022 - 00:42:47: [basecommands.smx] "Console<0><Console><Console>" changed cvar (cvar "sv_minupdaterate") (value "100")
L 05/07/2022 - 00:42:47: [basecommands.smx] "Console<0><Console><Console>" changed cvar (cvar "sv_maxupdaterate") (value "100")
L 05/07/2022 - 00:42:47: [basecommands.smx] "Console<0><Console><Console>" changed cvar (cvar "sv_mincmdrate") (value "100")
L 05/07/2022 - 00:42:47: [basecommands.smx] "Console<0><Console><Console>" changed cvar (cvar "sv_maxcmdrate") (value "100")
L 05/07/2022 - 00:42:47: [basecommands.smx] "Console<0><Console><Console>" changed cvar (cvar "sv_client_min_interp_ratio") (value "-1")
L 05/07/2022 - 00:42:47: [basecommands.smx] "Console<0><Console><Console>" changed cvar (cvar "sv_client_max_interp_ratio") (value "0")
L 05/07/2022 - 00:42:47: [basecommands.smx] "Console<0><Console><Console>" changed cvar (cvar "nb_update_frequency") (value "0.014")
L 05/07/2022 - 00:42:47: [basecommands.smx] "Console<0><Console><Console>" changed cvar (cvar "net_splitpacket_maxrate") (value "50000")
L 05/07/2022 - 00:42:47: [basecommands.smx] "Console<0><Console><Console>" changed cvar (cvar "fps_max") (value "0")
L 05/07/2022 - 00:42:47: [basecommands.smx] "Console<0><Console><Console>" changed cvar (cvar "tick_door_speed") (value "1.30")
L 05/07/2022 - 00:42:47: [basecommands.smx] "Console<0><Console><Console>" changed cvar (cvar "sb_all_bot_game") (value "1")
L 05/07/2022 - 00:42:47: [basecommands.smx] "Console<0><Console><Console>" changed cvar (cvar "allow_all_bot_survivor_team") (value "0")
L 05/07/2022 - 00:59:00: -------- Mapchange to c8m5_rooftop --------
L 05/07/2022 - 00:59:01: [rcon_lock.smx] Got half-connected command from client 1 (ip unknown): setpause 
L 05/07/2022 - 00:59:01: [basecommands.smx] "Console<0><Console><Console>" changed cvar (cvar "sv_minrate") (value "100000")
L 05/07/2022 - 00:59:01: [basecommands.smx] "Console<0><Console><Console>" changed cvar (cvar "sv_maxrate") (value "100000")
L 05/07/2022 - 00:59:01: [basecommands.smx] "Console<0><Console><Console>" changed cvar (cvar "sv_mincmdrate") (value "100")
L 05/07/2022 - 00:59:01: [basecommands.smx] "Console<0><Console><Console>" changed cvar (cvar "sv_maxcmdrate") (value "100")
L 05/07/2022 - 00:59:01: [basecommands.smx] "Console<0><Console><Console>" changed cvar (cvar "sv_maxupdaterate") (value "10sm_cvar")
L 05/07/2022 - 00:59:01: [basecommands.smx] "Console<0><Console><Console>" changed cvar (cvar "sv_maxrate") (value "100000")
L 05/07/2022 - 00:59:01: [basecommands.smx] "Console<0><Console><Console>" changed cvar (cvar "sv_minupdaterate") (value "100")
L 05/07/2022 - 00:59:01: [basecommands.smx] "Console<0><Console><Console>" changed cvar (cvar "sv_maxupdaterate") (value "100")
L 05/07/2022 - 00:59:01: [basecommands.smx] "Console<0><Console><Console>" changed cvar (cvar "sv_mincmdrate") (value "100")
L 05/07/2022 - 00:59:01: [basecommands.smx] "Console<0><Console><Console>" changed cvar (cvar "sv_maxcmdrate") (value "100")
L 05/07/2022 - 00:59:01: [basecommands.smx] "Console<0><Console><Console>" changed cvar (cvar "sv_client_min_interp_ratio") (value "-1")
L 05/07/2022 - 00:59:01: [basecommands.smx] "Console<0><Console><Console>" changed cvar (cvar "sv_client_max_interp_ratio") (value "0")
L 05/07/2022 - 00:59:01: [basecommands.smx] "Console<0><Console><Console>" changed cvar (cvar "nb_update_frequency") (value "0.014")
L 05/07/2022 - 00:59:01: [basecommands.smx] "Console<0><Console><Console>" changed cvar (cvar "net_splitpacket_maxrate") (value "50000")
L 05/07/2022 - 00:59:01: [basecommands.smx] "Console<0><Console><Console>" changed cvar (cvar "fps_max") (value "0")
L 05/07/2022 - 00:59:01: [basecommands.smx] "Console<0><Console><Console>" changed cvar (cvar "tick_door_speed") (value "1.30")
L 05/07/2022 - 00:59:01: [basecommands.smx] "Console<0><Console><Console>" changed cvar (cvar "sb_all_bot_game") (value "1")
L 05/07/2022 - 00:59:01: [basecommands.smx] "Console<0><Console><Console>" changed cvar (cvar "allow_all_bot_survivor_team") (value "0")
L 05/07/2022 - 01:11:22: -------- Mapchange to c4m1_milltown_a --------
L 05/07/2022 - 01:11:24: [basecommands.smx] "Console<0><Console><Console>" changed cvar (cvar "sv_minrate") (value "100000")
L 05/07/2022 - 01:11:24: [basecommands.smx] "Console<0><Console><Console>" changed cvar (cvar "sv_maxrate") (value "100000")
L 05/07/2022 - 01:11:24: [basecommands.smx] "Console<0><Console><Console>" changed cvar (cvar "sv_mincmdrate") (value "100")
L 05/07/2022 - 01:11:24: [basecommands.smx] "Console<0><Console><Console>" changed cvar (cvar "sv_maxcmdrate") (value "100")
L 05/07/2022 - 01:11:24: [basecommands.smx] "Console<0><Console><Console>" changed cvar (cvar "sv_maxupdaterate") (value "10sm_cvar")
L 05/07/2022 - 01:11:24: [basecommands.smx] "Console<0><Console><Console>" changed cvar (cvar "sv_maxrate") (value "100000")
L 05/07/2022 - 01:11:24: [basecommands.smx] "Console<0><Console><Console>" changed cvar (cvar "sv_minupdaterate") (value "100")
L 05/07/2022 - 01:11:24: [basecommands.smx] "Console<0><Console><Console>" changed cvar (cvar "sv_maxupdaterate") (value "100")
L 05/07/2022 - 01:11:24: [basecommands.smx] "Console<0><Console><Console>" changed cvar (cvar "sv_mincmdrate") (value "100")
L 05/07/2022 - 01:11:24: [basecommands.smx] "Console<0><Console><Console>" changed cvar (cvar "sv_maxcmdrate") (value "100")
L 05/07/2022 - 01:11:24: [basecommands.smx] "Console<0><Console><Console>" changed cvar (cvar "sv_client_min_interp_ratio") (value "-1")
L 05/07/2022 - 01:11:24: [basecommands.smx] "Console<0><Console><Console>" changed cvar (cvar "sv_client_max_interp_ratio") (value "0")
L 05/07/2022 - 01:11:24: [basecommands.smx] "Console<0><Console><Console>" changed cvar (cvar "nb_update_frequency") (value "0.014")
L 05/07/2022 - 01:11:24: [basecommands.smx] "Console<0><Console><Console>" changed cvar (cvar "net_splitpacket_maxrate") (value "50000")
L 05/07/2022 - 01:11:24: [basecommands.smx] "Console<0><Console><Console>" changed cvar (cvar "fps_max") (value "0")
L 05/07/2022 - 01:11:24: [basecommands.smx] "Console<0><Console><Console>" changed cvar (cvar "tick_door_speed") (value "1.30")
L 05/07/2022 - 01:11:24: [basecommands.smx] "Console<0><Console><Console>" changed cvar (cvar "sb_all_bot_game") (value "1")
L 05/07/2022 - 01:11:24: [basecommands.smx] "Console<0><Console><Console>" changed cvar (cvar "allow_all_bot_survivor_team") (value "0")
L 05/07/2022 - 01:11:24: [rcon_lock.smx] Got half-connected command from client 6 (ip unknown): setpause 
L 05/07/2022 - 01:11:24: [rcon_lock.smx] Got half-connected command from client 2 (ip unknown): setpause 
L 05/07/2022 - 01:11:24: [rcon_lock.smx] Got half-connected command from client 7 (ip unknown): setpause 
L 05/07/2022 - 01:11:24: [rcon_lock.smx] Got half-connected command from client 10 (ip unknown): setpause 
L 05/07/2022 - 01:11:24: [rcon_lock.smx] Got half-connected command from client 5 (ip unknown): setpause 
L 05/07/2022 - 01:11:24: [rcon_lock.smx] Got half-connected command from client 3 (ip unknown): setpause 
L 05/07/2022 - 01:11:24: [rcon_lock.smx] Got half-connected command from client 4 (ip unknown): setpause 
L 05/07/2022 - 01:11:24: [rcon_lock.smx] Got half-connected command from client 1 (ip unknown): setpause 
L 05/07/2022 - 01:24:35: SourceMod log file session started (file "/home/steam/l4d2/left4dead2/addons/sourcemod/logs/L20220507.log") (Version "1.10.0.6528")
L 05/07/2022 - 01:24:35: [rcon_lock.smx] 28 cheat commands
L 05/07/2022 - 01:24:35: [rcon_lock.smx] Couldn't find ai_test_los (this may be normal)
L 05/07/2022 - 01:24:35: [rcon_lock.smx] Flagging dbghist_dump as cheat
L 05/07/2022 - 01:24:35: [rcon_lock.smx] dump_entity_sizes already has cheats flag
L 05/07/2022 - 01:24:35: [rcon_lock.smx] Flagging dump_globals as cheat
L 05/07/2022 - 01:24:35: [rcon_lock.smx] Couldn't find dump_terrain (this may be normal)
L 05/07/2022 - 01:24:35: [rcon_lock.smx] Couldn't find dumpcountedstrings (this may be normal)
L 05/07/2022 - 01:24:35: [rcon_lock.smx] dumpentityfactories already has cheats flag
L 05/07/2022 - 01:24:35: [rcon_lock.smx] Flagging dumpeventqueue as cheat
L 05/07/2022 - 01:24:35: [rcon_lock.smx] Couldn't find es_version (this may be normal)
L 05/07/2022 - 01:24:35: [rcon_lock.smx] groundlist already has cheats flag
L 05/07/2022 - 01:24:35: [rcon_lock.smx] Flagging listmodels as cheat
L 05/07/2022 - 01:24:35: [rcon_lock.smx] Flagging mem_dump as cheat
L 05/07/2022 - 01:24:35: [rcon_lock.smx] Couldn't find mp_dump_timers (this may be normal)
L 05/07/2022 - 01:24:35: [rcon_lock.smx] Couldn't find npc_ammo_deplete (this may be normal)
L 05/07/2022 - 01:24:35: [rcon_lock.smx] Couldn't find npc_heal (this may be normal)
L 05/07/2022 - 01:24:35: [rcon_lock.smx] Couldn't find npc_speakall (this may be normal)
L 05/07/2022 - 01:24:35: [rcon_lock.smx] Couldn't find npc_thinknow (this may be normal)
L 05/07/2022 - 01:24:35: [rcon_lock.smx] Flagging physics_budget as cheat
L 05/07/2022 - 01:24:35: [rcon_lock.smx] Flagging physics_debug_entity as cheat
L 05/07/2022 - 01:24:35: [rcon_lock.smx] Flagging physics_report_active as cheat
L 05/07/2022 - 01:24:35: [rcon_lock.smx] Flagging physics_select as cheat
L 05/07/2022 - 01:24:35: [rcon_lock.smx] report_entities already has cheats flag
L 05/07/2022 - 01:24:35: [rcon_lock.smx] report_touchlinks already has cheats flag
L 05/07/2022 - 01:24:35: [rcon_lock.smx] Couldn't find snd_digital_surround (this may be normal)
L 05/07/2022 - 01:24:35: [rcon_lock.smx] Flagging snd_restart as cheat
L 05/07/2022 - 01:24:35: [rcon_lock.smx] Couldn't find soundlist (this may be normal)
L 05/07/2022 - 01:24:35: [rcon_lock.smx] Flagging soundscape_flush as cheat
L 05/07/2022 - 01:24:35: [rcon_lock.smx] Couldn't find wc_update_entity (this may be normal)
L 05/07/2022 - 01:24:40: [basecommands.smx] "Console<0><Console><Console>" changed cvar (cvar "sv_minrate") (value "100000")
L 05/07/2022 - 01:24:40: [basecommands.smx] "Console<0><Console><Console>" changed cvar (cvar "sv_maxrate") (value "100000")
L 05/07/2022 - 01:24:40: [basecommands.smx] "Console<0><Console><Console>" changed cvar (cvar "sv_mincmdrate") (value "100")
L 05/07/2022 - 01:24:40: [basecommands.smx] "Console<0><Console><Console>" changed cvar (cvar "sv_maxcmdrate") (value "100")
L 05/07/2022 - 01:24:40: [basecommands.smx] "Console<0><Console><Console>" changed cvar (cvar "sv_maxupdaterate") (value "10sm_cvar")
L 05/07/2022 - 01:24:40: [basecommands.smx] "Console<0><Console><Console>" changed cvar (cvar "sv_maxrate") (value "100000")
L 05/07/2022 - 01:24:40: [basecommands.smx] "Console<0><Console><Console>" changed cvar (cvar "sv_minupdaterate") (value "100")
L 05/07/2022 - 01:24:40: [basecommands.smx] "Console<0><Console><Console>" changed cvar (cvar "sv_maxupdaterate") (value "100")
L 05/07/2022 - 01:24:40: [basecommands.smx] "Console<0><Console><Console>" changed cvar (cvar "sv_mincmdrate") (value "100")
L 05/07/2022 - 01:24:40: [basecommands.smx] "Console<0><Console><Console>" changed cvar (cvar "sv_maxcmdrate") (value "100")
L 05/07/2022 - 01:24:40: [basecommands.smx] "Console<0><Console><Console>" changed cvar (cvar "sv_client_min_interp_ratio") (value "-1")
L 05/07/2022 - 01:24:40: [basecommands.smx] "Console<0><Console><Console>" changed cvar (cvar "sv_client_max_interp_ratio") (value "0")
L 05/07/2022 - 01:24:40: [basecommands.smx] "Console<0><Console><Console>" changed cvar (cvar "nb_update_frequency") (value "0.014")
L 05/07/2022 - 01:24:40: [basecommands.smx] "Console<0><Console><Console>" changed cvar (cvar "net_splitpacket_maxrate") (value "50000")
L 05/07/2022 - 01:24:40: [basecommands.smx] "Console<0><Console><Console>" changed cvar (cvar "fps_max") (value "0")
L 05/07/2022 - 01:24:40: [basecommands.smx] "Console<0><Console><Console>" changed cvar (cvar "tick_door_speed") (value "1.30")
L 05/07/2022 - 01:24:40: [basecommands.smx] "Console<0><Console><Console>" changed cvar (cvar "sb_all_bot_game") (value "1")
L 05/07/2022 - 01:24:40: [basecommands.smx] "Console<0><Console><Console>" changed cvar (cvar "allow_all_bot_survivor_team") (value "0")
L 05/07/2022 - 01:28:30: -------- Mapchange to c4m1_milltown_a --------
L 05/07/2022 - 01:28:32: [basecommands.smx] "Console<0><Console><Console>" changed cvar (cvar "sv_minrate") (value "100000")
L 05/07/2022 - 01:28:32: [basecommands.smx] "Console<0><Console><Console>" changed cvar (cvar "sv_maxrate") (value "100000")
L 05/07/2022 - 01:28:32: [basecommands.smx] "Console<0><Console><Console>" changed cvar (cvar "sv_mincmdrate") (value "100")
L 05/07/2022 - 01:28:32: [basecommands.smx] "Console<0><Console><Console>" changed cvar (cvar "sv_maxcmdrate") (value "100")
L 05/07/2022 - 01:28:32: [basecommands.smx] "Console<0><Console><Console>" changed cvar (cvar "sv_maxupdaterate") (value "10sm_cvar")
L 05/07/2022 - 01:28:32: [basecommands.smx] "Console<0><Console><Console>" changed cvar (cvar "sv_maxrate") (value "100000")
L 05/07/2022 - 01:28:32: [basecommands.smx] "Console<0><Console><Console>" changed cvar (cvar "sv_minupdaterate") (value "100")
L 05/07/2022 - 01:28:32: [basecommands.smx] "Console<0><Console><Console>" changed cvar (cvar "sv_maxupdaterate") (value "100")
L 05/07/2022 - 01:28:32: [basecommands.smx] "Console<0><Console><Console>" changed cvar (cvar "sv_mincmdrate") (value "100")
L 05/07/2022 - 01:28:32: [basecommands.smx] "Console<0><Console><Console>" changed cvar (cvar "sv_maxcmdrate") (value "100")
L 05/07/2022 - 01:28:32: [basecommands.smx] "Console<0><Console><Console>" changed cvar (cvar "sv_client_min_interp_ratio") (value "-1")
L 05/07/2022 - 01:28:32: [basecommands.smx] "Console<0><Console><Console>" changed cvar (cvar "sv_client_max_interp_ratio") (value "0")
L 05/07/2022 - 01:28:32: [basecommands.smx] "Console<0><Console><Console>" changed cvar (cvar "nb_update_frequency") (value "0.014")
L 05/07/2022 - 01:28:32: [basecommands.smx] "Console<0><Console><Console>" changed cvar (cvar "net_splitpacket_maxrate") (value "50000")
L 05/07/2022 - 01:28:32: [basecommands.smx] "Console<0><Console><Console>" changed cvar (cvar "fps_max") (value "0")
L 05/07/2022 - 01:28:32: [basecommands.smx] "Console<0><Console><Console>" changed cvar (cvar "tick_door_speed") (value "1.30")
L 05/07/2022 - 01:28:32: [basecommands.smx] "Console<0><Console><Console>" changed cvar (cvar "sb_all_bot_game") (value "1")
L 05/07/2022 - 01:28:32: [basecommands.smx] "Console<0><Console><Console>" changed cvar (cvar "allow_all_bot_survivor_team") (value "0")
L 05/07/2022 - 01:38:50: SourceMod log file session started (file "/home/steam/l4d2/left4dead2/addons/sourcemod/logs/L20220507.log") (Version "1.10.0.6528")
L 05/07/2022 - 01:38:50: [rcon_lock.smx] 28 cheat commands
L 05/07/2022 - 01:38:50: [rcon_lock.smx] Couldn't find ai_test_los (this may be normal)
L 05/07/2022 - 01:38:50: [rcon_lock.smx] Flagging dbghist_dump as cheat
L 05/07/2022 - 01:38:50: [rcon_lock.smx] dump_entity_sizes already has cheats flag
L 05/07/2022 - 01:38:50: [rcon_lock.smx] Flagging dump_globals as cheat
L 05/07/2022 - 01:38:50: [rcon_lock.smx] Couldn't find dump_terrain (this may be normal)
L 05/07/2022 - 01:38:50: [rcon_lock.smx] Couldn't find dumpcountedstrings (this may be normal)
L 05/07/2022 - 01:38:50: [rcon_lock.smx] dumpentityfactories already has cheats flag
L 05/07/2022 - 01:38:50: [rcon_lock.smx] Flagging dumpeventqueue as cheat
L 05/07/2022 - 01:38:50: [rcon_lock.smx] Couldn't find es_version (this may be normal)
L 05/07/2022 - 01:38:50: [rcon_lock.smx] groundlist already has cheats flag
L 05/07/2022 - 01:38:50: [rcon_lock.smx] Flagging listmodels as cheat
L 05/07/2022 - 01:38:50: [rcon_lock.smx] Flagging mem_dump as cheat
L 05/07/2022 - 01:38:50: [rcon_lock.smx] Couldn't find mp_dump_timers (this may be normal)
L 05/07/2022 - 01:38:50: [rcon_lock.smx] Couldn't find npc_ammo_deplete (this may be normal)
L 05/07/2022 - 01:38:50: [rcon_lock.smx] Couldn't find npc_heal (this may be normal)
L 05/07/2022 - 01:38:50: [rcon_lock.smx] Couldn't find npc_speakall (this may be normal)
L 05/07/2022 - 01:38:50: [rcon_lock.smx] Couldn't find npc_thinknow (this may be normal)
L 05/07/2022 - 01:38:50: [rcon_lock.smx] Flagging physics_budget as cheat
L 05/07/2022 - 01:38:50: [rcon_lock.smx] Flagging physics_debug_entity as cheat
L 05/07/2022 - 01:38:50: [rcon_lock.smx] Flagging physics_report_active as cheat
L 05/07/2022 - 01:38:50: [rcon_lock.smx] Flagging physics_select as cheat
L 05/07/2022 - 01:38:50: [rcon_lock.smx] report_entities already has cheats flag
L 05/07/2022 - 01:38:50: [rcon_lock.smx] report_touchlinks already has cheats flag
L 05/07/2022 - 01:38:50: [rcon_lock.smx] Couldn't find snd_digital_surround (this may be normal)
L 05/07/2022 - 01:38:50: [rcon_lock.smx] Flagging snd_restart as cheat
L 05/07/2022 - 01:38:50: [rcon_lock.smx] Couldn't find soundlist (this may be normal)
L 05/07/2022 - 01:38:50: [rcon_lock.smx] Flagging soundscape_flush as cheat
L 05/07/2022 - 01:38:50: [rcon_lock.smx] Couldn't find wc_update_entity (this may be normal)
L 05/07/2022 - 01:38:52: [basecommands.smx] "Console<0><Console><Console>" changed cvar (cvar "sv_minrate") (value "100000")
L 05/07/2022 - 01:38:52: [basecommands.smx] "Console<0><Console><Console>" changed cvar (cvar "sv_maxrate") (value "100000")
L 05/07/2022 - 01:38:52: [basecommands.smx] "Console<0><Console><Console>" changed cvar (cvar "sv_mincmdrate") (value "100")
L 05/07/2022 - 01:38:52: [basecommands.smx] "Console<0><Console><Console>" changed cvar (cvar "sv_maxcmdrate") (value "100")
L 05/07/2022 - 01:38:52: [basecommands.smx] "Console<0><Console><Console>" changed cvar (cvar "sv_maxupdaterate") (value "10sm_cvar")
L 05/07/2022 - 01:38:52: [basecommands.smx] "Console<0><Console><Console>" changed cvar (cvar "sv_maxrate") (value "100000")
L 05/07/2022 - 01:38:52: [basecommands.smx] "Console<0><Console><Console>" changed cvar (cvar "sv_minupdaterate") (value "100")
L 05/07/2022 - 01:38:52: [basecommands.smx] "Console<0><Console><Console>" changed cvar (cvar "sv_maxupdaterate") (value "100")
L 05/07/2022 - 01:38:52: [basecommands.smx] "Console<0><Console><Console>" changed cvar (cvar "sv_mincmdrate") (value "100")
L 05/07/2022 - 01:38:52: [basecommands.smx] "Console<0><Console><Console>" changed cvar (cvar "sv_maxcmdrate") (value "100")
L 05/07/2022 - 01:38:52: [basecommands.smx] "Console<0><Console><Console>" changed cvar (cvar "sv_client_min_interp_ratio") (value "-1")
L 05/07/2022 - 01:38:52: [basecommands.smx] "Console<0><Console><Console>" changed cvar (cvar "sv_client_max_interp_ratio") (value "0")
L 05/07/2022 - 01:38:52: [basecommands.smx] "Console<0><Console><Console>" changed cvar (cvar "nb_update_frequency") (value "0.014")
L 05/07/2022 - 01:38:52: [basecommands.smx] "Console<0><Console><Console>" changed cvar (cvar "net_splitpacket_maxrate") (value "50000")
L 05/07/2022 - 01:38:52: [basecommands.smx] "Console<0><Console><Console>" changed cvar (cvar "fps_max") (value "0")
L 05/07/2022 - 01:38:52: [basecommands.smx] "Console<0><Console><Console>" changed cvar (cvar "tick_door_speed") (value "1.30")
L 05/07/2022 - 01:38:52: [basecommands.smx] "Console<0><Console><Console>" changed cvar (cvar "sb_all_bot_game") (value "1")
L 05/07/2022 - 01:38:52: [basecommands.smx] "Console<0><Console><Console>" changed cvar (cvar "allow_all_bot_survivor_team") (value "0")
L 05/07/2022 - 01:39:10: -------- Mapchange to c4m1_milltown_a --------
L 05/07/2022 - 01:39:12: [basecommands.smx] "Console<0><Console><Console>" changed cvar (cvar "sv_minrate") (value "100000")
L 05/07/2022 - 01:39:12: [basecommands.smx] "Console<0><Console><Console>" changed cvar (cvar "sv_maxrate") (value "100000")
L 05/07/2022 - 01:39:12: [basecommands.smx] "Console<0><Console><Console>" changed cvar (cvar "sv_mincmdrate") (value "100")
L 05/07/2022 - 01:39:12: [basecommands.smx] "Console<0><Console><Console>" changed cvar (cvar "sv_maxcmdrate") (value "100")
L 05/07/2022 - 01:39:12: [basecommands.smx] "Console<0><Console><Console>" changed cvar (cvar "sv_maxupdaterate") (value "10sm_cvar")
L 05/07/2022 - 01:39:12: [basecommands.smx] "Console<0><Console><Console>" changed cvar (cvar "sv_maxrate") (value "100000")
L 05/07/2022 - 01:39:12: [basecommands.smx] "Console<0><Console><Console>" changed cvar (cvar "sv_minupdaterate") (value "100")
L 05/07/2022 - 01:39:12: [basecommands.smx] "Console<0><Console><Console>" changed cvar (cvar "sv_maxupdaterate") (value "100")
L 05/07/2022 - 01:39:12: [basecommands.smx] "Console<0><Console><Console>" changed cvar (cvar "sv_mincmdrate") (value "100")
L 05/07/2022 - 01:39:12: [basecommands.smx] "Console<0><Console><Console>" changed cvar (cvar "sv_maxcmdrate") (value "100")
L 05/07/2022 - 01:39:12: [basecommands.smx] "Console<0><Console><Console>" changed cvar (cvar "sv_client_min_interp_ratio") (value "-1")
L 05/07/2022 - 01:39:12: [basecommands.smx] "Console<0><Console><Console>" changed cvar (cvar "sv_client_max_interp_ratio") (value "0")
L 05/07/2022 - 01:39:12: [basecommands.smx] "Console<0><Console><Console>" changed cvar (cvar "nb_update_frequency") (value "0.014")
L 05/07/2022 - 01:39:12: [basecommands.smx] "Console<0><Console><Console>" changed cvar (cvar "net_splitpacket_maxrate") (value "50000")
L 05/07/2022 - 01:39:12: [basecommands.smx] "Console<0><Console><Console>" changed cvar (cvar "fps_max") (value "0")
L 05/07/2022 - 01:39:12: [basecommands.smx] "Console<0><Console><Console>" changed cvar (cvar "tick_door_speed") (value "1.30")
L 05/07/2022 - 01:39:12: [basecommands.smx] "Console<0><Console><Console>" changed cvar (cvar "sb_all_bot_game") (value "1")
L 05/07/2022 - 01:39:12: [basecommands.smx] "Console<0><Console><Console>" changed cvar (cvar "allow_all_bot_survivor_team") (value "0")
L 05/07/2022 - 01:44:32: -------- Mapchange to c4m1_milltown_a --------
L 05/07/2022 - 01:44:34: [basecommands.smx] "Console<0><Console><Console>" changed cvar (cvar "sv_minrate") (value "100000")
L 05/07/2022 - 01:44:34: [basecommands.smx] "Console<0><Console><Console>" changed cvar (cvar "sv_maxrate") (value "100000")
L 05/07/2022 - 01:44:34: [basecommands.smx] "Console<0><Console><Console>" changed cvar (cvar "sv_mincmdrate") (value "100")
L 05/07/2022 - 01:44:34: [basecommands.smx] "Console<0><Console><Console>" changed cvar (cvar "sv_maxcmdrate") (value "100")
L 05/07/2022 - 01:44:34: [basecommands.smx] "Console<0><Console><Console>" changed cvar (cvar "sv_maxupdaterate") (value "10sm_cvar")
L 05/07/2022 - 01:44:34: [basecommands.smx] "Console<0><Console><Console>" changed cvar (cvar "sv_maxrate") (value "100000")
L 05/07/2022 - 01:44:34: [basecommands.smx] "Console<0><Console><Console>" changed cvar (cvar "sv_minupdaterate") (value "100")
L 05/07/2022 - 01:44:34: [basecommands.smx] "Console<0><Console><Console>" changed cvar (cvar "sv_maxupdaterate") (value "100")
L 05/07/2022 - 01:44:34: [basecommands.smx] "Console<0><Console><Console>" changed cvar (cvar "sv_mincmdrate") (value "100")
L 05/07/2022 - 01:44:34: [basecommands.smx] "Console<0><Console><Console>" changed cvar (cvar "sv_maxcmdrate") (value "100")
L 05/07/2022 - 01:44:34: [basecommands.smx] "Console<0><Console><Console>" changed cvar (cvar "sv_client_min_interp_ratio") (value "-1")
L 05/07/2022 - 01:44:34: [basecommands.smx] "Console<0><Console><Console>" changed cvar (cvar "sv_client_max_interp_ratio") (value "0")
L 05/07/2022 - 01:44:34: [basecommands.smx] "Console<0><Console><Console>" changed cvar (cvar "nb_update_frequency") (value "0.014")
L 05/07/2022 - 01:44:34: [basecommands.smx] "Console<0><Console><Console>" changed cvar (cvar "net_splitpacket_maxrate") (value "50000")
L 05/07/2022 - 01:44:34: [basecommands.smx] "Console<0><Console><Console>" changed cvar (cvar "fps_max") (value "0")
L 05/07/2022 - 01:44:34: [basecommands.smx] "Console<0><Console><Console>" changed cvar (cvar "tick_door_speed") (value "1.30")
L 05/07/2022 - 01:44:34: [basecommands.smx] "Console<0><Console><Console>" changed cvar (cvar "sb_all_bot_game") (value "1")
L 05/07/2022 - 01:44:34: [basecommands.smx] "Console<0><Console><Console>" changed cvar (cvar "allow_all_bot_survivor_team") (value "0")
L 05/07/2022 - 01:44:34: [rcon_lock.smx] Got half-connected command from client 3 (ip unknown): setpause 
L 05/07/2022 - 01:44:34: [rcon_lock.smx] Got half-connected command from client 1 (ip unknown): setpause 
L 05/07/2022 - 01:44:34: [rcon_lock.smx] Got half-connected command from client 9 (ip unknown): setpause 
L 05/07/2022 - 01:44:34: [rcon_lock.smx] Got half-connected command from client 7 (ip unknown): setpause 
L 05/07/2022 - 01:44:34: [rcon_lock.smx] Got half-connected command from client 6 (ip unknown): setpause 
L 05/07/2022 - 01:44:34: [rcon_lock.smx] Got half-connected command from client 4 (ip unknown): setpause 
L 05/07/2022 - 01:44:34: [rcon_lock.smx] Got half-connected command from client 2 (ip unknown): setpause 
L 05/07/2022 - 01:44:34: [rcon_lock.smx] Got half-connected command from client 5 (ip unknown): setpause 
L 05/07/2022 - 01:55:37: -------- Mapchange to c4m2_sugarmill_a --------
L 05/07/2022 - 01:55:40: [basecommands.smx] "Console<0><Console><Console>" changed cvar (cvar "sv_minrate") (value "100000")
L 05/07/2022 - 01:55:40: [basecommands.smx] "Console<0><Console><Console>" changed cvar (cvar "sv_maxrate") (value "100000")
L 05/07/2022 - 01:55:40: [basecommands.smx] "Console<0><Console><Console>" changed cvar (cvar "sv_mincmdrate") (value "100")
L 05/07/2022 - 01:55:40: [basecommands.smx] "Console<0><Console><Console>" changed cvar (cvar "sv_maxcmdrate") (value "100")
L 05/07/2022 - 01:55:40: [basecommands.smx] "Console<0><Console><Console>" changed cvar (cvar "sv_maxupdaterate") (value "10sm_cvar")
L 05/07/2022 - 01:55:40: [basecommands.smx] "Console<0><Console><Console>" changed cvar (cvar "sv_maxrate") (value "100000")
L 05/07/2022 - 01:55:40: [basecommands.smx] "Console<0><Console><Console>" changed cvar (cvar "sv_minupdaterate") (value "100")
L 05/07/2022 - 01:55:40: [basecommands.smx] "Console<0><Console><Console>" changed cvar (cvar "sv_maxupdaterate") (value "100")
L 05/07/2022 - 01:55:40: [basecommands.smx] "Console<0><Console><Console>" changed cvar (cvar "sv_mincmdrate") (value "100")
L 05/07/2022 - 01:55:40: [basecommands.smx] "Console<0><Console><Console>" changed cvar (cvar "sv_maxcmdrate") (value "100")
L 05/07/2022 - 01:55:40: [basecommands.smx] "Console<0><Console><Console>" changed cvar (cvar "sv_client_min_interp_ratio") (value "-1")
L 05/07/2022 - 01:55:40: [basecommands.smx] "Console<0><Console><Console>" changed cvar (cvar "sv_client_max_interp_ratio") (value "0")
L 05/07/2022 - 01:55:40: [basecommands.smx] "Console<0><Console><Console>" changed cvar (cvar "nb_update_frequency") (value "0.014")
L 05/07/2022 - 01:55:40: [basecommands.smx] "Console<0><Console><Console>" changed cvar (cvar "net_splitpacket_maxrate") (value "50000")
L 05/07/2022 - 01:55:40: [basecommands.smx] "Console<0><Console><Console>" changed cvar (cvar "fps_max") (value "0")
L 05/07/2022 - 01:55:40: [basecommands.smx] "Console<0><Console><Console>" changed cvar (cvar "tick_door_speed") (value "1.30")
L 05/07/2022 - 01:55:40: [basecommands.smx] "Console<0><Console><Console>" changed cvar (cvar "sb_all_bot_game") (value "1")
L 05/07/2022 - 01:55:40: [basecommands.smx] "Console<0><Console><Console>" changed cvar (cvar "allow_all_bot_survivor_team") (value "0")
L 05/07/2022 - 02:12:18: -------- Mapchange to c4m3_sugarmill_b --------
L 05/07/2022 - 02:12:19: [rcon_lock.smx] Got half-connected command from client 3 (ip unknown): setpause 
L 05/07/2022 - 02:12:19: [rcon_lock.smx] Got half-connected command from client 9 (ip unknown): setpause 
L 05/07/2022 - 02:12:19: [rcon_lock.smx] Got half-connected command from client 1 (ip unknown): setpause 
L 05/07/2022 - 02:12:19: [rcon_lock.smx] Got half-connected command from client 7 (ip unknown): setpause 
L 05/07/2022 - 02:12:19: [rcon_lock.smx] Got half-connected command from client 2 (ip unknown): setpause 
L 05/07/2022 - 02:12:19: [rcon_lock.smx] Got half-connected command from client 4 (ip unknown): setpause 
L 05/07/2022 - 02:12:19: [rcon_lock.smx] Got half-connected command from client 6 (ip unknown): setpause 
L 05/07/2022 - 02:12:19: [rcon_lock.smx] Got half-connected command from client 5 (ip unknown): setpause 
L 05/07/2022 - 02:12:20: [basecommands.smx] "Console<0><Console><Console>" changed cvar (cvar "sv_minrate") (value "100000")
L 05/07/2022 - 02:12:20: [basecommands.smx] "Console<0><Console><Console>" changed cvar (cvar "sv_maxrate") (value "100000")
L 05/07/2022 - 02:12:20: [basecommands.smx] "Console<0><Console><Console>" changed cvar (cvar "sv_mincmdrate") (value "100")
L 05/07/2022 - 02:12:20: [basecommands.smx] "Console<0><Console><Console>" changed cvar (cvar "sv_maxcmdrate") (value "100")
L 05/07/2022 - 02:12:20: [basecommands.smx] "Console<0><Console><Console>" changed cvar (cvar "sv_maxupdaterate") (value "10sm_cvar")
L 05/07/2022 - 02:12:20: [basecommands.smx] "Console<0><Console><Console>" changed cvar (cvar "sv_maxrate") (value "100000")
L 05/07/2022 - 02:12:20: [basecommands.smx] "Console<0><Console><Console>" changed cvar (cvar "sv_minupdaterate") (value "100")
L 05/07/2022 - 02:12:20: [basecommands.smx] "Console<0><Console><Console>" changed cvar (cvar "sv_maxupdaterate") (value "100")
L 05/07/2022 - 02:12:20: [basecommands.smx] "Console<0><Console><Console>" changed cvar (cvar "sv_mincmdrate") (value "100")
L 05/07/2022 - 02:12:20: [basecommands.smx] "Console<0><Console><Console>" changed cvar (cvar "sv_maxcmdrate") (value "100")
L 05/07/2022 - 02:12:20: [basecommands.smx] "Console<0><Console><Console>" changed cvar (cvar "sv_client_min_interp_ratio") (value "-1")
L 05/07/2022 - 02:12:20: [basecommands.smx] "Console<0><Console><Console>" changed cvar (cvar "sv_client_max_interp_ratio") (value "0")
L 05/07/2022 - 02:12:20: [basecommands.smx] "Console<0><Console><Console>" changed cvar (cvar "nb_update_frequency") (value "0.014")
L 05/07/2022 - 02:12:20: [basecommands.smx] "Console<0><Console><Console>" changed cvar (cvar "net_splitpacket_maxrate") (value "50000")
L 05/07/2022 - 02:12:20: [basecommands.smx] "Console<0><Console><Console>" changed cvar (cvar "fps_max") (value "0")
L 05/07/2022 - 02:12:20: [basecommands.smx] "Console<0><Console><Console>" changed cvar (cvar "tick_door_speed") (value "1.30")
L 05/07/2022 - 02:12:20: [basecommands.smx] "Console<0><Console><Console>" changed cvar (cvar "sb_all_bot_game") (value "1")
L 05/07/2022 - 02:12:20: [basecommands.smx] "Console<0><Console><Console>" changed cvar (cvar "allow_all_bot_survivor_team") (value "0")
L 05/07/2022 - 02:29:38: -------- Mapchange to c4m4_milltown_b --------
L 05/07/2022 - 02:29:40: [basecommands.smx] "Console<0><Console><Console>" changed cvar (cvar "sv_minrate") (value "100000")
L 05/07/2022 - 02:29:40: [basecommands.smx] "Console<0><Console><Console>" changed cvar (cvar "sv_maxrate") (value "100000")
L 05/07/2022 - 02:29:40: [basecommands.smx] "Console<0><Console><Console>" changed cvar (cvar "sv_mincmdrate") (value "100")
L 05/07/2022 - 02:29:40: [basecommands.smx] "Console<0><Console><Console>" changed cvar (cvar "sv_maxcmdrate") (value "100")
L 05/07/2022 - 02:29:40: [basecommands.smx] "Console<0><Console><Console>" changed cvar (cvar "sv_maxupdaterate") (value "10sm_cvar")
L 05/07/2022 - 02:29:40: [basecommands.smx] "Console<0><Console><Console>" changed cvar (cvar "sv_maxrate") (value "100000")
L 05/07/2022 - 02:29:40: [basecommands.smx] "Console<0><Console><Console>" changed cvar (cvar "sv_minupdaterate") (value "100")
L 05/07/2022 - 02:29:40: [basecommands.smx] "Console<0><Console><Console>" changed cvar (cvar "sv_maxupdaterate") (value "100")
L 05/07/2022 - 02:29:40: [basecommands.smx] "Console<0><Console><Console>" changed cvar (cvar "sv_mincmdrate") (value "100")
L 05/07/2022 - 02:29:40: [basecommands.smx] "Console<0><Console><Console>" changed cvar (cvar "sv_maxcmdrate") (value "100")
L 05/07/2022 - 02:29:40: [basecommands.smx] "Console<0><Console><Console>" changed cvar (cvar "sv_client_min_interp_ratio") (value "-1")
L 05/07/2022 - 02:29:40: [basecommands.smx] "Console<0><Console><Console>" changed cvar (cvar "sv_client_max_interp_ratio") (value "0")
L 05/07/2022 - 02:29:40: [basecommands.smx] "Console<0><Console><Console>" changed cvar (cvar "nb_update_frequency") (value "0.014")
L 05/07/2022 - 02:29:40: [basecommands.smx] "Console<0><Console><Console>" changed cvar (cvar "net_splitpacket_maxrate") (value "50000")
L 05/07/2022 - 02:29:40: [basecommands.smx] "Console<0><Console><Console>" changed cvar (cvar "fps_max") (value "0")
L 05/07/2022 - 02:29:40: [basecommands.smx] "Console<0><Console><Console>" changed cvar (cvar "tick_door_speed") (value "1.30")
L 05/07/2022 - 02:29:40: [basecommands.smx] "Console<0><Console><Console>" changed cvar (cvar "sb_all_bot_game") (value "1")
L 05/07/2022 - 02:29:40: [basecommands.smx] "Console<0><Console><Console>" changed cvar (cvar "allow_all_bot_survivor_team") (value "0")
L 05/07/2022 - 02:43:37: -------- Mapchange to c4m5_milltown_escape --------
L 05/07/2022 - 02:43:38: [basecommands.smx] "Console<0><Console><Console>" changed cvar (cvar "sv_minrate") (value "100000")
L 05/07/2022 - 02:43:38: [basecommands.smx] "Console<0><Console><Console>" changed cvar (cvar "sv_maxrate") (value "100000")
L 05/07/2022 - 02:43:38: [basecommands.smx] "Console<0><Console><Console>" changed cvar (cvar "sv_mincmdrate") (value "100")
L 05/07/2022 - 02:43:38: [basecommands.smx] "Console<0><Console><Console>" changed cvar (cvar "sv_maxcmdrate") (value "100")
L 05/07/2022 - 02:43:38: [basecommands.smx] "Console<0><Console><Console>" changed cvar (cvar "sv_maxupdaterate") (value "10sm_cvar")
L 05/07/2022 - 02:43:38: [basecommands.smx] "Console<0><Console><Console>" changed cvar (cvar "sv_maxrate") (value "100000")
L 05/07/2022 - 02:43:38: [basecommands.smx] "Console<0><Console><Console>" changed cvar (cvar "sv_minupdaterate") (value "100")
L 05/07/2022 - 02:43:38: [basecommands.smx] "Console<0><Console><Console>" changed cvar (cvar "sv_maxupdaterate") (value "100")
L 05/07/2022 - 02:43:38: [basecommands.smx] "Console<0><Console><Console>" changed cvar (cvar "sv_mincmdrate") (value "100")
L 05/07/2022 - 02:43:38: [basecommands.smx] "Console<0><Console><Console>" changed cvar (cvar "sv_maxcmdrate") (value "100")
L 05/07/2022 - 02:43:38: [basecommands.smx] "Console<0><Console><Console>" changed cvar (cvar "sv_client_min_interp_ratio") (value "-1")
L 05/07/2022 - 02:43:38: [basecommands.smx] "Console<0><Console><Console>" changed cvar (cvar "sv_client_max_interp_ratio") (value "0")
L 05/07/2022 - 02:43:38: [basecommands.smx] "Console<0><Console><Console>" changed cvar (cvar "nb_update_frequency") (value "0.014")
L 05/07/2022 - 02:43:38: [basecommands.smx] "Console<0><Console><Console>" changed cvar (cvar "net_splitpacket_maxrate") (value "50000")
L 05/07/2022 - 02:43:38: [basecommands.smx] "Console<0><Console><Console>" changed cvar (cvar "fps_max") (value "0")
L 05/07/2022 - 02:43:38: [basecommands.smx] "Console<0><Console><Console>" changed cvar (cvar "tick_door_speed") (value "1.30")
L 05/07/2022 - 02:43:38: [basecommands.smx] "Console<0><Console><Console>" changed cvar (cvar "sb_all_bot_game") (value "1")
L 05/07/2022 - 02:43:38: [basecommands.smx] "Console<0><Console><Console>" changed cvar (cvar "allow_all_bot_survivor_team") (value "0")
L 05/07/2022 - 02:43:38: [rcon_lock.smx] Got half-connected command from client 3 (ip unknown): setpause 
L 05/07/2022 - 02:43:38: [rcon_lock.smx] Got half-connected command from client 9 (ip unknown): setpause 
L 05/07/2022 - 02:43:38: [rcon_lock.smx] Got half-connected command from client 1 (ip unknown): setpause 
L 05/07/2022 - 02:43:38: [rcon_lock.smx] Got half-connected command from client 7 (ip unknown): setpause 
L 05/07/2022 - 02:43:38: [rcon_lock.smx] Got half-connected command from client 2 (ip unknown): setpause 
L 05/07/2022 - 02:43:38: [rcon_lock.smx] Got half-connected command from client 4 (ip unknown): setpause 
L 05/07/2022 - 02:43:38: [rcon_lock.smx] Got half-connected command from client 6 (ip unknown): setpause 
L 05/07/2022 - 02:43:38: [rcon_lock.smx] Got half-connected command from client 5 (ip unknown): setpause 
L 05/07/2022 - 03:37:17: SourceMod log file session started (file "/home/steam/l4d2/left4dead2/addons/sourcemod/logs/L20220507.log") (Version "1.10.0.6528")
L 05/07/2022 - 03:37:17: [rcon_lock.smx] 28 cheat commands
L 05/07/2022 - 03:37:17: [rcon_lock.smx] Couldn't find ai_test_los (this may be normal)
L 05/07/2022 - 03:37:17: [rcon_lock.smx] Flagging dbghist_dump as cheat
L 05/07/2022 - 03:37:17: [rcon_lock.smx] dump_entity_sizes already has cheats flag
L 05/07/2022 - 03:37:17: [rcon_lock.smx] Flagging dump_globals as cheat
L 05/07/2022 - 03:37:17: [rcon_lock.smx] Couldn't find dump_terrain (this may be normal)
L 05/07/2022 - 03:37:17: [rcon_lock.smx] Couldn't find dumpcountedstrings (this may be normal)
L 05/07/2022 - 03:37:17: [rcon_lock.smx] dumpentityfactories already has cheats flag
L 05/07/2022 - 03:37:17: [rcon_lock.smx] Flagging dumpeventqueue as cheat
L 05/07/2022 - 03:37:17: [rcon_lock.smx] Couldn't find es_version (this may be normal)
L 05/07/2022 - 03:37:17: [rcon_lock.smx] groundlist already has cheats flag
L 05/07/2022 - 03:37:17: [rcon_lock.smx] Flagging listmodels as cheat
L 05/07/2022 - 03:37:17: [rcon_lock.smx] Flagging mem_dump as cheat
L 05/07/2022 - 03:37:17: [rcon_lock.smx] Couldn't find mp_dump_timers (this may be normal)
L 05/07/2022 - 03:37:17: [rcon_lock.smx] Couldn't find npc_ammo_deplete (this may be normal)
L 05/07/2022 - 03:37:17: [rcon_lock.smx] Couldn't find npc_heal (this may be normal)
L 05/07/2022 - 03:37:17: [rcon_lock.smx] Couldn't find npc_speakall (this may be normal)
L 05/07/2022 - 03:37:17: [rcon_lock.smx] Couldn't find npc_thinknow (this may be normal)
L 05/07/2022 - 03:37:17: [rcon_lock.smx] Flagging physics_budget as cheat
L 05/07/2022 - 03:37:17: [rcon_lock.smx] Flagging physics_debug_entity as cheat
L 05/07/2022 - 03:37:17: [rcon_lock.smx] Flagging physics_report_active as cheat
L 05/07/2022 - 03:37:17: [rcon_lock.smx] Flagging physics_select as cheat
L 05/07/2022 - 03:37:17: [rcon_lock.smx] report_entities already has cheats flag
L 05/07/2022 - 03:37:17: [rcon_lock.smx] report_touchlinks already has cheats flag
L 05/07/2022 - 03:37:17: [rcon_lock.smx] Couldn't find snd_digital_surround (this may be normal)
L 05/07/2022 - 03:37:17: [rcon_lock.smx] Flagging snd_restart as cheat
L 05/07/2022 - 03:37:17: [rcon_lock.smx] Couldn't find soundlist (this may be normal)
L 05/07/2022 - 03:37:17: [rcon_lock.smx] Flagging soundscape_flush as cheat
L 05/07/2022 - 03:37:17: [rcon_lock.smx] Couldn't find wc_update_entity (this may be normal)
L 05/07/2022 - 03:37:23: [basecommands.smx] "Console<0><Console><Console>" changed cvar (cvar "sv_minrate") (value "100000")
L 05/07/2022 - 03:37:23: [basecommands.smx] "Console<0><Console><Console>" changed cvar (cvar "sv_maxrate") (value "100000")
L 05/07/2022 - 03:37:23: [basecommands.smx] "Console<0><Console><Console>" changed cvar (cvar "sv_mincmdrate") (value "100")
L 05/07/2022 - 03:37:23: [basecommands.smx] "Console<0><Console><Console>" changed cvar (cvar "sv_maxcmdrate") (value "100")
L 05/07/2022 - 03:37:23: [basecommands.smx] "Console<0><Console><Console>" changed cvar (cvar "sv_maxupdaterate") (value "10sm_cvar")
L 05/07/2022 - 03:37:23: [basecommands.smx] "Console<0><Console><Console>" changed cvar (cvar "sv_maxrate") (value "100000")
L 05/07/2022 - 03:37:23: [basecommands.smx] "Console<0><Console><Console>" changed cvar (cvar "sv_minupdaterate") (value "100")
L 05/07/2022 - 03:37:23: [basecommands.smx] "Console<0><Console><Console>" changed cvar (cvar "sv_maxupdaterate") (value "100")
L 05/07/2022 - 03:37:23: [basecommands.smx] "Console<0><Console><Console>" changed cvar (cvar "sv_mincmdrate") (value "100")
L 05/07/2022 - 03:37:23: [basecommands.smx] "Console<0><Console><Console>" changed cvar (cvar "sv_maxcmdrate") (value "100")
L 05/07/2022 - 03:37:23: [basecommands.smx] "Console<0><Console><Console>" changed cvar (cvar "sv_client_min_interp_ratio") (value "-1")
L 05/07/2022 - 03:37:23: [basecommands.smx] "Console<0><Console><Console>" changed cvar (cvar "sv_client_max_interp_ratio") (value "0")
L 05/07/2022 - 03:37:23: [basecommands.smx] "Console<0><Console><Console>" changed cvar (cvar "nb_update_frequency") (value "0.014")
L 05/07/2022 - 03:37:23: [basecommands.smx] "Console<0><Console><Console>" changed cvar (cvar "net_splitpacket_maxrate") (value "50000")
L 05/07/2022 - 03:37:23: [basecommands.smx] "Console<0><Console><Console>" changed cvar (cvar "fps_max") (value "0")
L 05/07/2022 - 03:37:23: [basecommands.smx] "Console<0><Console><Console>" changed cvar (cvar "tick_door_speed") (value "1.30")
L 05/07/2022 - 03:37:23: [basecommands.smx] "Console<0><Console><Console>" changed cvar (cvar "sb_all_bot_game") (value "1")
L 05/07/2022 - 03:37:23: [basecommands.smx] "Console<0><Console><Console>" changed cvar (cvar "allow_all_bot_survivor_team") (value "0")
L 05/07/2022 - 03:43:44: SourceMod log file session started (file "/home/steam/l4d2/left4dead2/addons/sourcemod/logs/L20220507.log") (Version "1.10.0.6528")
L 05/07/2022 - 03:43:44: [rcon_lock.smx] 28 cheat commands
L 05/07/2022 - 03:43:44: [rcon_lock.smx] Couldn't find ai_test_los (this may be normal)
L 05/07/2022 - 03:43:44: [rcon_lock.smx] Flagging dbghist_dump as cheat
L 05/07/2022 - 03:43:44: [rcon_lock.smx] dump_entity_sizes already has cheats flag
L 05/07/2022 - 03:43:44: [rcon_lock.smx] Flagging dump_globals as cheat
L 05/07/2022 - 03:43:44: [rcon_lock.smx] Couldn't find dump_terrain (this may be normal)
L 05/07/2022 - 03:43:44: [rcon_lock.smx] Couldn't find dumpcountedstrings (this may be normal)
L 05/07/2022 - 03:43:44: [rcon_lock.smx] dumpentityfactories already has cheats flag
L 05/07/2022 - 03:43:44: [rcon_lock.smx] Flagging dumpeventqueue as cheat
L 05/07/2022 - 03:43:44: [rcon_lock.smx] Couldn't find es_version (this may be normal)
L 05/07/2022 - 03:43:44: [rcon_lock.smx] groundlist already has cheats flag
L 05/07/2022 - 03:43:44: [rcon_lock.smx] Flagging listmodels as cheat
L 05/07/2022 - 03:43:44: [rcon_lock.smx] Flagging mem_dump as cheat
L 05/07/2022 - 03:43:44: [rcon_lock.smx] Couldn't find mp_dump_timers (this may be normal)
L 05/07/2022 - 03:43:44: [rcon_lock.smx] Couldn't find npc_ammo_deplete (this may be normal)
L 05/07/2022 - 03:43:44: [rcon_lock.smx] Couldn't find npc_heal (this may be normal)
L 05/07/2022 - 03:43:44: [rcon_lock.smx] Couldn't find npc_speakall (this may be normal)
L 05/07/2022 - 03:43:44: [rcon_lock.smx] Couldn't find npc_thinknow (this may be normal)
L 05/07/2022 - 03:43:44: [rcon_lock.smx] Flagging physics_budget as cheat
L 05/07/2022 - 03:43:44: [rcon_lock.smx] Flagging physics_debug_entity as cheat
L 05/07/2022 - 03:43:44: [rcon_lock.smx] Flagging physics_report_active as cheat
L 05/07/2022 - 03:43:44: [rcon_lock.smx] Flagging physics_select as cheat
L 05/07/2022 - 03:43:44: [rcon_lock.smx] report_entities already has cheats flag
L 05/07/2022 - 03:43:44: [rcon_lock.smx] report_touchlinks already has cheats flag
L 05/07/2022 - 03:43:44: [rcon_lock.smx] Couldn't find snd_digital_surround (this may be normal)
L 05/07/2022 - 03:43:44: [rcon_lock.smx] Flagging snd_restart as cheat
L 05/07/2022 - 03:43:44: [rcon_lock.smx] Couldn't find soundlist (this may be normal)
L 05/07/2022 - 03:43:44: [rcon_lock.smx] Flagging soundscape_flush as cheat
L 05/07/2022 - 03:43:44: [rcon_lock.smx] Couldn't find wc_update_entity (this may be normal)
L 05/07/2022 - 03:43:45: [basecommands.smx] "Console<0><Console><Console>" changed cvar (cvar "sv_minrate") (value "100000")
L 05/07/2022 - 03:43:45: [basecommands.smx] "Console<0><Console><Console>" changed cvar (cvar "sv_maxrate") (value "100000")
L 05/07/2022 - 03:43:45: [basecommands.smx] "Console<0><Console><Console>" changed cvar (cvar "sv_mincmdrate") (value "100")
L 05/07/2022 - 03:43:45: [basecommands.smx] "Console<0><Console><Console>" changed cvar (cvar "sv_maxcmdrate") (value "100")
L 05/07/2022 - 03:43:45: [basecommands.smx] "Console<0><Console><Console>" changed cvar (cvar "sv_maxupdaterate") (value "10sm_cvar")
L 05/07/2022 - 03:43:45: [basecommands.smx] "Console<0><Console><Console>" changed cvar (cvar "sv_maxrate") (value "100000")
L 05/07/2022 - 03:43:45: [basecommands.smx] "Console<0><Console><Console>" changed cvar (cvar "sv_minupdaterate") (value "100")
L 05/07/2022 - 03:43:45: [basecommands.smx] "Console<0><Console><Console>" changed cvar (cvar "sv_maxupdaterate") (value "100")
L 05/07/2022 - 03:43:45: [basecommands.smx] "Console<0><Console><Console>" changed cvar (cvar "sv_mincmdrate") (value "100")
L 05/07/2022 - 03:43:45: [basecommands.smx] "Console<0><Console><Console>" changed cvar (cvar "sv_maxcmdrate") (value "100")
L 05/07/2022 - 03:43:45: [basecommands.smx] "Console<0><Console><Console>" changed cvar (cvar "sv_client_min_interp_ratio") (value "-1")
L 05/07/2022 - 03:43:45: [basecommands.smx] "Console<0><Console><Console>" changed cvar (cvar "sv_client_max_interp_ratio") (value "0")
L 05/07/2022 - 03:43:45: [basecommands.smx] "Console<0><Console><Console>" changed cvar (cvar "nb_update_frequency") (value "0.014")
L 05/07/2022 - 03:43:45: [basecommands.smx] "Console<0><Console><Console>" changed cvar (cvar "net_splitpacket_maxrate") (value "50000")
L 05/07/2022 - 03:43:45: [basecommands.smx] "Console<0><Console><Console>" changed cvar (cvar "fps_max") (value "0")
L 05/07/2022 - 03:43:45: [basecommands.smx] "Console<0><Console><Console>" changed cvar (cvar "tick_door_speed") (value "1.30")
L 05/07/2022 - 03:43:45: [basecommands.smx] "Console<0><Console><Console>" changed cvar (cvar "sb_all_bot_game") (value "1")
L 05/07/2022 - 03:43:45: [basecommands.smx] "Console<0><Console><Console>" changed cvar (cvar "allow_all_bot_survivor_team") (value "0")
L 05/07/2022 - 03:46:49: SourceMod log file session started (file "/home/steam/l4d2/left4dead2/addons/sourcemod/logs/L20220507.log") (Version "1.10.0.6528")
L 05/07/2022 - 03:46:49: [rcon_lock.smx] 28 cheat commands
L 05/07/2022 - 03:46:49: [rcon_lock.smx] Couldn't find ai_test_los (this may be normal)
L 05/07/2022 - 03:46:49: [rcon_lock.smx] Flagging dbghist_dump as cheat
L 05/07/2022 - 03:46:49: [rcon_lock.smx] dump_entity_sizes already has cheats flag
L 05/07/2022 - 03:46:49: [rcon_lock.smx] Flagging dump_globals as cheat
L 05/07/2022 - 03:46:49: [rcon_lock.smx] Couldn't find dump_terrain (this may be normal)
L 05/07/2022 - 03:46:49: [rcon_lock.smx] Couldn't find dumpcountedstrings (this may be normal)
L 05/07/2022 - 03:46:49: [rcon_lock.smx] dumpentityfactories already has cheats flag
L 05/07/2022 - 03:46:49: [rcon_lock.smx] Flagging dumpeventqueue as cheat
L 05/07/2022 - 03:46:49: [rcon_lock.smx] Couldn't find es_version (this may be normal)
L 05/07/2022 - 03:46:49: [rcon_lock.smx] groundlist already has cheats flag
L 05/07/2022 - 03:46:49: [rcon_lock.smx] Flagging listmodels as cheat
L 05/07/2022 - 03:46:49: [rcon_lock.smx] Flagging mem_dump as cheat
L 05/07/2022 - 03:46:49: [rcon_lock.smx] Couldn't find mp_dump_timers (this may be normal)
L 05/07/2022 - 03:46:49: [rcon_lock.smx] Couldn't find npc_ammo_deplete (this may be normal)
L 05/07/2022 - 03:46:49: [rcon_lock.smx] Couldn't find npc_heal (this may be normal)
L 05/07/2022 - 03:46:49: [rcon_lock.smx] Couldn't find npc_speakall (this may be normal)
L 05/07/2022 - 03:46:49: [rcon_lock.smx] Couldn't find npc_thinknow (this may be normal)
L 05/07/2022 - 03:46:49: [rcon_lock.smx] Flagging physics_budget as cheat
L 05/07/2022 - 03:46:49: [rcon_lock.smx] Flagging physics_debug_entity as cheat
L 05/07/2022 - 03:46:49: [rcon_lock.smx] Flagging physics_report_active as cheat
L 05/07/2022 - 03:46:49: [rcon_lock.smx] Flagging physics_select as cheat
L 05/07/2022 - 03:46:49: [rcon_lock.smx] report_entities already has cheats flag
L 05/07/2022 - 03:46:49: [rcon_lock.smx] report_touchlinks already has cheats flag
L 05/07/2022 - 03:46:49: [rcon_lock.smx] Couldn't find snd_digital_surround (this may be normal)
L 05/07/2022 - 03:46:49: [rcon_lock.smx] Flagging snd_restart as cheat
L 05/07/2022 - 03:46:49: [rcon_lock.smx] Couldn't find soundlist (this may be normal)
L 05/07/2022 - 03:46:49: [rcon_lock.smx] Flagging soundscape_flush as cheat
L 05/07/2022 - 03:46:49: [rcon_lock.smx] Couldn't find wc_update_entity (this may be normal)
L 05/07/2022 - 03:46:51: [basecommands.smx] "Console<0><Console><Console>" changed cvar (cvar "sv_minrate") (value "100000")
L 05/07/2022 - 03:46:51: [basecommands.smx] "Console<0><Console><Console>" changed cvar (cvar "sv_maxrate") (value "100000")
L 05/07/2022 - 03:46:51: [basecommands.smx] "Console<0><Console><Console>" changed cvar (cvar "sv_mincmdrate") (value "100")
L 05/07/2022 - 03:46:51: [basecommands.smx] "Console<0><Console><Console>" changed cvar (cvar "sv_maxcmdrate") (value "100")
L 05/07/2022 - 03:46:51: [basecommands.smx] "Console<0><Console><Console>" changed cvar (cvar "sv_maxupdaterate") (value "10sm_cvar")
L 05/07/2022 - 03:46:51: [basecommands.smx] "Console<0><Console><Console>" changed cvar (cvar "sv_maxrate") (value "100000")
L 05/07/2022 - 03:46:51: [basecommands.smx] "Console<0><Console><Console>" changed cvar (cvar "sv_minupdaterate") (value "100")
L 05/07/2022 - 03:46:51: [basecommands.smx] "Console<0><Console><Console>" changed cvar (cvar "sv_maxupdaterate") (value "100")
L 05/07/2022 - 03:46:51: [basecommands.smx] "Console<0><Console><Console>" changed cvar (cvar "sv_mincmdrate") (value "100")
L 05/07/2022 - 03:46:51: [basecommands.smx] "Console<0><Console><Console>" changed cvar (cvar "sv_maxcmdrate") (value "100")
L 05/07/2022 - 03:46:51: [basecommands.smx] "Console<0><Console><Console>" changed cvar (cvar "sv_client_min_interp_ratio") (value "-1")
L 05/07/2022 - 03:46:51: [basecommands.smx] "Console<0><Console><Console>" changed cvar (cvar "sv_client_max_interp_ratio") (value "0")
L 05/07/2022 - 03:46:51: [basecommands.smx] "Console<0><Console><Console>" changed cvar (cvar "nb_update_frequency") (value "0.014")
L 05/07/2022 - 03:46:51: [basecommands.smx] "Console<0><Console><Console>" changed cvar (cvar "net_splitpacket_maxrate") (value "50000")
L 05/07/2022 - 03:46:51: [basecommands.smx] "Console<0><Console><Console>" changed cvar (cvar "fps_max") (value "0")
L 05/07/2022 - 03:46:51: [basecommands.smx] "Console<0><Console><Console>" changed cvar (cvar "tick_door_speed") (value "1.30")
L 05/07/2022 - 03:46:51: [basecommands.smx] "Console<0><Console><Console>" changed cvar (cvar "sb_all_bot_game") (value "1")
L 05/07/2022 - 03:46:51: [basecommands.smx] "Console<0><Console><Console>" changed cvar (cvar "allow_all_bot_survivor_team") (value "0")
L 05/07/2022 - 12:07:12: SourceMod log file session started (file "/home/steam/l4d2/left4dead2/addons/sourcemod/logs/L20220507.log") (Version "1.10.0.6528")
L 05/07/2022 - 12:07:12: [rcon_lock.smx] 28 cheat commands
L 05/07/2022 - 12:07:12: [rcon_lock.smx] Couldn't find ai_test_los (this may be normal)
L 05/07/2022 - 12:07:12: [rcon_lock.smx] Flagging dbghist_dump as cheat
L 05/07/2022 - 12:07:12: [rcon_lock.smx] dump_entity_sizes already has cheats flag
L 05/07/2022 - 12:07:12: [rcon_lock.smx] Flagging dump_globals as cheat
L 05/07/2022 - 12:07:12: [rcon_lock.smx] Couldn't find dump_terrain (this may be normal)
L 05/07/2022 - 12:07:12: [rcon_lock.smx] Couldn't find dumpcountedstrings (this may be normal)
L 05/07/2022 - 12:07:12: [rcon_lock.smx] dumpentityfactories already has cheats flag
L 05/07/2022 - 12:07:12: [rcon_lock.smx] Flagging dumpeventqueue as cheat
L 05/07/2022 - 12:07:12: [rcon_lock.smx] Couldn't find es_version (this may be normal)
L 05/07/2022 - 12:07:12: [rcon_lock.smx] groundlist already has cheats flag
L 05/07/2022 - 12:07:12: [rcon_lock.smx] Flagging listmodels as cheat
L 05/07/2022 - 12:07:12: [rcon_lock.smx] Flagging mem_dump as cheat
L 05/07/2022 - 12:07:12: [rcon_lock.smx] Couldn't find mp_dump_timers (this may be normal)
L 05/07/2022 - 12:07:12: [rcon_lock.smx] Couldn't find npc_ammo_deplete (this may be normal)
L 05/07/2022 - 12:07:12: [rcon_lock.smx] Couldn't find npc_heal (this may be normal)
L 05/07/2022 - 12:07:12: [rcon_lock.smx] Couldn't find npc_speakall (this may be normal)
L 05/07/2022 - 12:07:12: [rcon_lock.smx] Couldn't find npc_thinknow (this may be normal)
L 05/07/2022 - 12:07:12: [rcon_lock.smx] Flagging physics_budget as cheat
L 05/07/2022 - 12:07:12: [rcon_lock.smx] Flagging physics_debug_entity as cheat
L 05/07/2022 - 12:07:12: [rcon_lock.smx] Flagging physics_report_active as cheat
L 05/07/2022 - 12:07:12: [rcon_lock.smx] Flagging physics_select as cheat
L 05/07/2022 - 12:07:12: [rcon_lock.smx] report_entities already has cheats flag
L 05/07/2022 - 12:07:12: [rcon_lock.smx] report_touchlinks already has cheats flag
L 05/07/2022 - 12:07:12: [rcon_lock.smx] Couldn't find snd_digital_surround (this may be normal)
L 05/07/2022 - 12:07:12: [rcon_lock.smx] Flagging snd_restart as cheat
L 05/07/2022 - 12:07:12: [rcon_lock.smx] Couldn't find soundlist (this may be normal)
L 05/07/2022 - 12:07:12: [rcon_lock.smx] Flagging soundscape_flush as cheat
L 05/07/2022 - 12:07:12: [rcon_lock.smx] Couldn't find wc_update_entity (this may be normal)
L 05/07/2022 - 12:07:18: [basecommands.smx] "Console<0><Console><Console>" changed cvar (cvar "sv_minrate") (value "100000")
L 05/07/2022 - 12:07:18: [basecommands.smx] "Console<0><Console><Console>" changed cvar (cvar "sv_maxrate") (value "100000")
L 05/07/2022 - 12:07:18: [basecommands.smx] "Console<0><Console><Console>" changed cvar (cvar "sv_mincmdrate") (value "100")
L 05/07/2022 - 12:07:18: [basecommands.smx] "Console<0><Console><Console>" changed cvar (cvar "sv_maxcmdrate") (value "100")
L 05/07/2022 - 12:07:18: [basecommands.smx] "Console<0><Console><Console>" changed cvar (cvar "sv_maxupdaterate") (value "10sm_cvar")
L 05/07/2022 - 12:07:18: [basecommands.smx] "Console<0><Console><Console>" changed cvar (cvar "sv_maxrate") (value "100000")
L 05/07/2022 - 12:07:18: [basecommands.smx] "Console<0><Console><Console>" changed cvar (cvar "sv_minupdaterate") (value "100")
L 05/07/2022 - 12:07:18: [basecommands.smx] "Console<0><Console><Console>" changed cvar (cvar "sv_maxupdaterate") (value "100")
L 05/07/2022 - 12:07:18: [basecommands.smx] "Console<0><Console><Console>" changed cvar (cvar "sv_mincmdrate") (value "100")
L 05/07/2022 - 12:07:18: [basecommands.smx] "Console<0><Console><Console>" changed cvar (cvar "sv_maxcmdrate") (value "100")
L 05/07/2022 - 12:07:18: [basecommands.smx] "Console<0><Console><Console>" changed cvar (cvar "sv_client_min_interp_ratio") (value "-1")
L 05/07/2022 - 12:07:18: [basecommands.smx] "Console<0><Console><Console>" changed cvar (cvar "sv_client_max_interp_ratio") (value "0")
L 05/07/2022 - 12:07:18: [basecommands.smx] "Console<0><Console><Console>" changed cvar (cvar "nb_update_frequency") (value "0.014")
L 05/07/2022 - 12:07:18: [basecommands.smx] "Console<0><Console><Console>" changed cvar (cvar "net_splitpacket_maxrate") (value "50000")
L 05/07/2022 - 12:07:18: [basecommands.smx] "Console<0><Console><Console>" changed cvar (cvar "fps_max") (value "0")
L 05/07/2022 - 12:07:18: [basecommands.smx] "Console<0><Console><Console>" changed cvar (cvar "tick_door_speed") (value "1.30")
L 05/07/2022 - 12:07:18: [basecommands.smx] "Console<0><Console><Console>" changed cvar (cvar "sb_all_bot_game") (value "1")
L 05/07/2022 - 12:07:18: [basecommands.smx] "Console<0><Console><Console>" changed cvar (cvar "allow_all_bot_survivor_team") (value "0")
L 05/07/2022 - 12:07:18: [UPDATER] Successfully updated gamedata file "sm-cstrike.games/game.csgo.txt"
L 05/07/2022 - 12:07:18: [UPDATER] SourceMod has been updated, please reload it or restart your server.
L 05/07/2022 - 13:12:01: SourceMod log file session started (file "/home/steam/l4d2/left4dead2/addons/sourcemod/logs/L20220507.log") (Version "1.10.0.6528")
L 05/07/2022 - 13:12:01: [rcon_lock.smx] 28 cheat commands
L 05/07/2022 - 13:12:01: [rcon_lock.smx] Couldn't find ai_test_los (this may be normal)
L 05/07/2022 - 13:12:01: [rcon_lock.smx] Flagging dbghist_dump as cheat
L 05/07/2022 - 13:12:01: [rcon_lock.smx] dump_entity_sizes already has cheats flag
L 05/07/2022 - 13:12:01: [rcon_lock.smx] Flagging dump_globals as cheat
L 05/07/2022 - 13:12:01: [rcon_lock.smx] Couldn't find dump_terrain (this may be normal)
L 05/07/2022 - 13:12:01: [rcon_lock.smx] Couldn't find dumpcountedstrings (this may be normal)
L 05/07/2022 - 13:12:01: [rcon_lock.smx] dumpentityfactories already has cheats flag
L 05/07/2022 - 13:12:01: [rcon_lock.smx] Flagging dumpeventqueue as cheat
L 05/07/2022 - 13:12:01: [rcon_lock.smx] Couldn't find es_version (this may be normal)
L 05/07/2022 - 13:12:01: [rcon_lock.smx] groundlist already has cheats flag
L 05/07/2022 - 13:12:01: [rcon_lock.smx] Flagging listmodels as cheat
L 05/07/2022 - 13:12:01: [rcon_lock.smx] Flagging mem_dump as cheat
L 05/07/2022 - 13:12:01: [rcon_lock.smx] Couldn't find mp_dump_timers (this may be normal)
L 05/07/2022 - 13:12:01: [rcon_lock.smx] Couldn't find npc_ammo_deplete (this may be normal)
L 05/07/2022 - 13:12:01: [rcon_lock.smx] Couldn't find npc_heal (this may be normal)
L 05/07/2022 - 13:12:01: [rcon_lock.smx] Couldn't find npc_speakall (this may be normal)
L 05/07/2022 - 13:12:01: [rcon_lock.smx] Couldn't find npc_thinknow (this may be normal)
L 05/07/2022 - 13:12:01: [rcon_lock.smx] Flagging physics_budget as cheat
L 05/07/2022 - 13:12:01: [rcon_lock.smx] Flagging physics_debug_entity as cheat
L 05/07/2022 - 13:12:01: [rcon_lock.smx] Flagging physics_report_active as cheat
L 05/07/2022 - 13:12:01: [rcon_lock.smx] Flagging physics_select as cheat
L 05/07/2022 - 13:12:01: [rcon_lock.smx] report_entities already has cheats flag
L 05/07/2022 - 13:12:01: [rcon_lock.smx] report_touchlinks already has cheats flag
L 05/07/2022 - 13:12:01: [rcon_lock.smx] Couldn't find snd_digital_surround (this may be normal)
L 05/07/2022 - 13:12:01: [rcon_lock.smx] Flagging snd_restart as cheat
L 05/07/2022 - 13:12:01: [rcon_lock.smx] Couldn't find soundlist (this may be normal)
L 05/07/2022 - 13:12:01: [rcon_lock.smx] Flagging soundscape_flush as cheat
L 05/07/2022 - 13:12:01: [rcon_lock.smx] Couldn't find wc_update_entity (this may be normal)
L 05/07/2022 - 13:12:03: [basecommands.smx] "Console<0><Console><Console>" changed cvar (cvar "sv_minrate") (value "100000")
L 05/07/2022 - 13:12:03: [basecommands.smx] "Console<0><Console><Console>" changed cvar (cvar "sv_maxrate") (value "100000")
L 05/07/2022 - 13:12:03: [basecommands.smx] "Console<0><Console><Console>" changed cvar (cvar "sv_mincmdrate") (value "100")
L 05/07/2022 - 13:12:03: [basecommands.smx] "Console<0><Console><Console>" changed cvar (cvar "sv_maxcmdrate") (value "100")
L 05/07/2022 - 13:12:03: [basecommands.smx] "Console<0><Console><Console>" changed cvar (cvar "sv_maxupdaterate") (value "10sm_cvar")
L 05/07/2022 - 13:12:03: [basecommands.smx] "Console<0><Console><Console>" changed cvar (cvar "sv_maxrate") (value "100000")
L 05/07/2022 - 13:12:03: [basecommands.smx] "Console<0><Console><Console>" changed cvar (cvar "sv_minupdaterate") (value "100")
L 05/07/2022 - 13:12:03: [basecommands.smx] "Console<0><Console><Console>" changed cvar (cvar "sv_maxupdaterate") (value "100")
L 05/07/2022 - 13:12:03: [basecommands.smx] "Console<0><Console><Console>" changed cvar (cvar "sv_mincmdrate") (value "100")
L 05/07/2022 - 13:12:03: [basecommands.smx] "Console<0><Console><Console>" changed cvar (cvar "sv_maxcmdrate") (value "100")
L 05/07/2022 - 13:12:03: [basecommands.smx] "Console<0><Console><Console>" changed cvar (cvar "sv_client_min_interp_ratio") (value "-1")
L 05/07/2022 - 13:12:03: [basecommands.smx] "Console<0><Console><Console>" changed cvar (cvar "sv_client_max_interp_ratio") (value "0")
L 05/07/2022 - 13:12:03: [basecommands.smx] "Console<0><Console><Console>" changed cvar (cvar "nb_update_frequency") (value "0.014")
L 05/07/2022 - 13:12:03: [basecommands.smx] "Console<0><Console><Console>" changed cvar (cvar "net_splitpacket_maxrate") (value "50000")
L 05/07/2022 - 13:12:03: [basecommands.smx] "Console<0><Console><Console>" changed cvar (cvar "fps_max") (value "0")
L 05/07/2022 - 13:12:03: [basecommands.smx] "Console<0><Console><Console>" changed cvar (cvar "tick_door_speed") (value "1.30")
L 05/07/2022 - 13:12:03: [basecommands.smx] "Console<0><Console><Console>" changed cvar (cvar "sb_all_bot_game") (value "1")
L 05/07/2022 - 13:12:03: [basecommands.smx] "Console<0><Console><Console>" changed cvar (cvar "allow_all_bot_survivor_team") (value "0")
L 05/07/2022 - 20:16:53: SourceMod log file session started (file "/home/steam/l4d2/left4dead2/addons/sourcemod/logs/L20220507.log") (Version "1.10.0.6528")
L 05/07/2022 - 20:16:53: [rcon_lock.smx] 28 cheat commands
L 05/07/2022 - 20:16:53: [rcon_lock.smx] Couldn't find ai_test_los (this may be normal)
L 05/07/2022 - 20:16:53: [rcon_lock.smx] Flagging dbghist_dump as cheat
L 05/07/2022 - 20:16:53: [rcon_lock.smx] dump_entity_sizes already has cheats flag
L 05/07/2022 - 20:16:53: [rcon_lock.smx] Flagging dump_globals as cheat
L 05/07/2022 - 20:16:53: [rcon_lock.smx] Couldn't find dump_terrain (this may be normal)
L 05/07/2022 - 20:16:53: [rcon_lock.smx] Couldn't find dumpcountedstrings (this may be normal)
L 05/07/2022 - 20:16:53: [rcon_lock.smx] dumpentityfactories already has cheats flag
L 05/07/2022 - 20:16:53: [rcon_lock.smx] Flagging dumpeventqueue as cheat
L 05/07/2022 - 20:16:53: [rcon_lock.smx] Couldn't find es_version (this may be normal)
L 05/07/2022 - 20:16:53: [rcon_lock.smx] groundlist already has cheats flag
L 05/07/2022 - 20:16:53: [rcon_lock.smx] Flagging listmodels as cheat
L 05/07/2022 - 20:16:53: [rcon_lock.smx] Flagging mem_dump as cheat
L 05/07/2022 - 20:16:53: [rcon_lock.smx] Couldn't find mp_dump_timers (this may be normal)
L 05/07/2022 - 20:16:53: [rcon_lock.smx] Couldn't find npc_ammo_deplete (this may be normal)
L 05/07/2022 - 20:16:53: [rcon_lock.smx] Couldn't find npc_heal (this may be normal)
L 05/07/2022 - 20:16:53: [rcon_lock.smx] Couldn't find npc_speakall (this may be normal)
L 05/07/2022 - 20:16:53: [rcon_lock.smx] Couldn't find npc_thinknow (this may be normal)
L 05/07/2022 - 20:16:53: [rcon_lock.smx] Flagging physics_budget as cheat
L 05/07/2022 - 20:16:53: [rcon_lock.smx] Flagging physics_debug_entity as cheat
L 05/07/2022 - 20:16:53: [rcon_lock.smx] Flagging physics_report_active as cheat
L 05/07/2022 - 20:16:53: [rcon_lock.smx] Flagging physics_select as cheat
L 05/07/2022 - 20:16:53: [rcon_lock.smx] report_entities already has cheats flag
L 05/07/2022 - 20:16:53: [rcon_lock.smx] report_touchlinks already has cheats flag
L 05/07/2022 - 20:16:53: [rcon_lock.smx] Couldn't find snd_digital_surround (this may be normal)
L 05/07/2022 - 20:16:53: [rcon_lock.smx] Flagging snd_restart as cheat
L 05/07/2022 - 20:16:53: [rcon_lock.smx] Couldn't find soundlist (this may be normal)
L 05/07/2022 - 20:16:53: [rcon_lock.smx] Flagging soundscape_flush as cheat
L 05/07/2022 - 20:16:53: [rcon_lock.smx] Couldn't find wc_update_entity (this may be normal)
L 05/07/2022 - 20:16:58: [basecommands.smx] "Console<0><Console><Console>" changed cvar (cvar "sv_minrate") (value "100000")
L 05/07/2022 - 20:16:58: [basecommands.smx] "Console<0><Console><Console>" changed cvar (cvar "sv_maxrate") (value "100000")
L 05/07/2022 - 20:16:58: [basecommands.smx] "Console<0><Console><Console>" changed cvar (cvar "sv_mincmdrate") (value "100")
L 05/07/2022 - 20:16:58: [basecommands.smx] "Console<0><Console><Console>" changed cvar (cvar "sv_maxcmdrate") (value "100")
L 05/07/2022 - 20:16:58: [basecommands.smx] "Console<0><Console><Console>" changed cvar (cvar "sv_maxupdaterate") (value "10sm_cvar")
L 05/07/2022 - 20:16:58: [basecommands.smx] "Console<0><Console><Console>" changed cvar (cvar "sv_maxrate") (value "100000")
L 05/07/2022 - 20:16:58: [basecommands.smx] "Console<0><Console><Console>" changed cvar (cvar "sv_minupdaterate") (value "100")
L 05/07/2022 - 20:16:58: [basecommands.smx] "Console<0><Console><Console>" changed cvar (cvar "sv_maxupdaterate") (value "100")
L 05/07/2022 - 20:16:58: [basecommands.smx] "Console<0><Console><Console>" changed cvar (cvar "sv_mincmdrate") (value "100")
L 05/07/2022 - 20:16:58: [basecommands.smx] "Console<0><Console><Console>" changed cvar (cvar "sv_maxcmdrate") (value "100")
L 05/07/2022 - 20:16:58: [basecommands.smx] "Console<0><Console><Console>" changed cvar (cvar "sv_client_min_interp_ratio") (value "-1")
L 05/07/2022 - 20:16:58: [basecommands.smx] "Console<0><Console><Console>" changed cvar (cvar "sv_client_max_interp_ratio") (value "0")
L 05/07/2022 - 20:16:58: [basecommands.smx] "Console<0><Console><Console>" changed cvar (cvar "nb_update_frequency") (value "0.014")
L 05/07/2022 - 20:16:58: [basecommands.smx] "Console<0><Console><Console>" changed cvar (cvar "net_splitpacket_maxrate") (value "50000")
L 05/07/2022 - 20:16:58: [basecommands.smx] "Console<0><Console><Console>" changed cvar (cvar "fps_max") (value "0")
L 05/07/2022 - 20:16:58: [basecommands.smx] "Console<0><Console><Console>" changed cvar (cvar "tick_door_speed") (value "1.30")
L 05/07/2022 - 20:16:58: [basecommands.smx] "Console<0><Console><Console>" changed cvar (cvar "sb_all_bot_game") (value "1")
L 05/07/2022 - 20:16:58: [basecommands.smx] "Console<0><Console><Console>" changed cvar (cvar "allow_all_bot_survivor_team") (value "0")
L 05/07/2022 - 20:32:43: -------- Mapchange to c8m1_apartment --------
L 05/07/2022 - 20:32:46: [basecommands.smx] "Console<0><Console><Console>" changed cvar (cvar "sv_minrate") (value "100000")
L 05/07/2022 - 20:32:46: [basecommands.smx] "Console<0><Console><Console>" changed cvar (cvar "sv_maxrate") (value "100000")
L 05/07/2022 - 20:32:46: [basecommands.smx] "Console<0><Console><Console>" changed cvar (cvar "sv_mincmdrate") (value "100")
L 05/07/2022 - 20:32:46: [basecommands.smx] "Console<0><Console><Console>" changed cvar (cvar "sv_maxcmdrate") (value "100")
L 05/07/2022 - 20:32:46: [basecommands.smx] "Console<0><Console><Console>" changed cvar (cvar "sv_maxupdaterate") (value "10sm_cvar")
L 05/07/2022 - 20:32:46: [basecommands.smx] "Console<0><Console><Console>" changed cvar (cvar "sv_maxrate") (value "100000")
L 05/07/2022 - 20:32:46: [basecommands.smx] "Console<0><Console><Console>" changed cvar (cvar "sv_minupdaterate") (value "100")
L 05/07/2022 - 20:32:46: [basecommands.smx] "Console<0><Console><Console>" changed cvar (cvar "sv_maxupdaterate") (value "100")
L 05/07/2022 - 20:32:46: [basecommands.smx] "Console<0><Console><Console>" changed cvar (cvar "sv_mincmdrate") (value "100")
L 05/07/2022 - 20:32:46: [basecommands.smx] "Console<0><Console><Console>" changed cvar (cvar "sv_maxcmdrate") (value "100")
L 05/07/2022 - 20:32:46: [basecommands.smx] "Console<0><Console><Console>" changed cvar (cvar "sv_client_min_interp_ratio") (value "-1")
L 05/07/2022 - 20:32:46: [basecommands.smx] "Console<0><Console><Console>" changed cvar (cvar "sv_client_max_interp_ratio") (value "0")
L 05/07/2022 - 20:32:46: [basecommands.smx] "Console<0><Console><Console>" changed cvar (cvar "nb_update_frequency") (value "0.014")
L 05/07/2022 - 20:32:46: [basecommands.smx] "Console<0><Console><Console>" changed cvar (cvar "net_splitpacket_maxrate") (value "50000")
L 05/07/2022 - 20:32:46: [basecommands.smx] "Console<0><Console><Console>" changed cvar (cvar "fps_max") (value "0")
L 05/07/2022 - 20:32:46: [basecommands.smx] "Console<0><Console><Console>" changed cvar (cvar "tick_door_speed") (value "1.30")
L 05/07/2022 - 20:32:46: [basecommands.smx] "Console<0><Console><Console>" changed cvar (cvar "sb_all_bot_game") (value "1")
L 05/07/2022 - 20:32:46: [basecommands.smx] "Console<0><Console><Console>" changed cvar (cvar "allow_all_bot_survivor_team") (value "0")
L 05/07/2022 - 20:39:44: -------- Mapchange to c8m1_apartment --------
L 05/07/2022 - 20:39:45: [basecommands.smx] "Console<0><Console><Console>" changed cvar (cvar "sv_minrate") (value "100000")
L 05/07/2022 - 20:39:45: [basecommands.smx] "Console<0><Console><Console>" changed cvar (cvar "sv_maxrate") (value "100000")
L 05/07/2022 - 20:39:45: [basecommands.smx] "Console<0><Console><Console>" changed cvar (cvar "sv_mincmdrate") (value "100")
L 05/07/2022 - 20:39:45: [basecommands.smx] "Console<0><Console><Console>" changed cvar (cvar "sv_maxcmdrate") (value "100")
L 05/07/2022 - 20:39:45: [basecommands.smx] "Console<0><Console><Console>" changed cvar (cvar "sv_maxupdaterate") (value "10sm_cvar")
L 05/07/2022 - 20:39:45: [basecommands.smx] "Console<0><Console><Console>" changed cvar (cvar "sv_maxrate") (value "100000")
L 05/07/2022 - 20:39:45: [basecommands.smx] "Console<0><Console><Console>" changed cvar (cvar "sv_minupdaterate") (value "100")
L 05/07/2022 - 20:39:45: [basecommands.smx] "Console<0><Console><Console>" changed cvar (cvar "sv_maxupdaterate") (value "100")
L 05/07/2022 - 20:39:45: [basecommands.smx] "Console<0><Console><Console>" changed cvar (cvar "sv_mincmdrate") (value "100")
L 05/07/2022 - 20:39:45: [basecommands.smx] "Console<0><Console><Console>" changed cvar (cvar "sv_maxcmdrate") (value "100")
L 05/07/2022 - 20:39:45: [basecommands.smx] "Console<0><Console><Console>" changed cvar (cvar "sv_client_min_interp_ratio") (value "-1")
L 05/07/2022 - 20:39:45: [basecommands.smx] "Console<0><Console><Console>" changed cvar (cvar "sv_client_max_interp_ratio") (value "0")
L 05/07/2022 - 20:39:45: [basecommands.smx] "Console<0><Console><Console>" changed cvar (cvar "nb_update_frequency") (value "0.014")
L 05/07/2022 - 20:39:45: [basecommands.smx] "Console<0><Console><Console>" changed cvar (cvar "net_splitpacket_maxrate") (value "50000")
L 05/07/2022 - 20:39:45: [basecommands.smx] "Console<0><Console><Console>" changed cvar (cvar "fps_max") (value "0")
L 05/07/2022 - 20:39:45: [basecommands.smx] "Console<0><Console><Console>" changed cvar (cvar "tick_door_speed") (value "1.30")
L 05/07/2022 - 20:39:45: [basecommands.smx] "Console<0><Console><Console>" changed cvar (cvar "sb_all_bot_game") (value "1")
L 05/07/2022 - 20:39:45: [basecommands.smx] "Console<0><Console><Console>" changed cvar (cvar "allow_all_bot_survivor_team") (value "0")
L 05/07/2022 - 20:43:39: -------- Mapchange to c8m1_apartment --------
L 05/07/2022 - 20:43:40: [basecommands.smx] "Console<0><Console><Console>" changed cvar (cvar "sv_minrate") (value "100000")
L 05/07/2022 - 20:43:40: [basecommands.smx] "Console<0><Console><Console>" changed cvar (cvar "sv_maxrate") (value "100000")
L 05/07/2022 - 20:43:40: [basecommands.smx] "Console<0><Console><Console>" changed cvar (cvar "sv_mincmdrate") (value "100")
L 05/07/2022 - 20:43:40: [basecommands.smx] "Console<0><Console><Console>" changed cvar (cvar "sv_maxcmdrate") (value "100")
L 05/07/2022 - 20:43:40: [basecommands.smx] "Console<0><Console><Console>" changed cvar (cvar "sv_maxupdaterate") (value "10sm_cvar")
L 05/07/2022 - 20:43:40: [basecommands.smx] "Console<0><Console><Console>" changed cvar (cvar "sv_maxrate") (value "100000")
L 05/07/2022 - 20:43:40: [basecommands.smx] "Console<0><Console><Console>" changed cvar (cvar "sv_minupdaterate") (value "100")
L 05/07/2022 - 20:43:40: [basecommands.smx] "Console<0><Console><Console>" changed cvar (cvar "sv_maxupdaterate") (value "100")
L 05/07/2022 - 20:43:40: [basecommands.smx] "Console<0><Console><Console>" changed cvar (cvar "sv_mincmdrate") (value "100")
L 05/07/2022 - 20:43:40: [basecommands.smx] "Console<0><Console><Console>" changed cvar (cvar "sv_maxcmdrate") (value "100")
L 05/07/2022 - 20:43:40: [basecommands.smx] "Console<0><Console><Console>" changed cvar (cvar "sv_client_min_interp_ratio") (value "-1")
L 05/07/2022 - 20:43:40: [basecommands.smx] "Console<0><Console><Console>" changed cvar (cvar "sv_client_max_interp_ratio") (value "0")
L 05/07/2022 - 20:43:40: [basecommands.smx] "Console<0><Console><Console>" changed cvar (cvar "nb_update_frequency") (value "0.014")
L 05/07/2022 - 20:43:40: [basecommands.smx] "Console<0><Console><Console>" changed cvar (cvar "net_splitpacket_maxrate") (value "50000")
L 05/07/2022 - 20:43:40: [basecommands.smx] "Console<0><Console><Console>" changed cvar (cvar "fps_max") (value "0")
L 05/07/2022 - 20:43:40: [basecommands.smx] "Console<0><Console><Console>" changed cvar (cvar "tick_door_speed") (value "1.30")
L 05/07/2022 - 20:43:40: [basecommands.smx] "Console<0><Console><Console>" changed cvar (cvar "sb_all_bot_game") (value "1")
L 05/07/2022 - 20:43:40: [basecommands.smx] "Console<0><Console><Console>" changed cvar (cvar "allow_all_bot_survivor_team") (value "0")
L 05/07/2022 - 20:51:28: -------- Mapchange to c8m2_subway --------
L 05/07/2022 - 20:51:29: [basecommands.smx] "Console<0><Console><Console>" changed cvar (cvar "sv_minrate") (value "100000")
L 05/07/2022 - 20:51:29: [basecommands.smx] "Console<0><Console><Console>" changed cvar (cvar "sv_maxrate") (value "100000")
L 05/07/2022 - 20:51:29: [basecommands.smx] "Console<0><Console><Console>" changed cvar (cvar "sv_mincmdrate") (value "100")
L 05/07/2022 - 20:51:29: [basecommands.smx] "Console<0><Console><Console>" changed cvar (cvar "sv_maxcmdrate") (value "100")
L 05/07/2022 - 20:51:29: [basecommands.smx] "Console<0><Console><Console>" changed cvar (cvar "sv_maxupdaterate") (value "10sm_cvar")
L 05/07/2022 - 20:51:29: [basecommands.smx] "Console<0><Console><Console>" changed cvar (cvar "sv_maxrate") (value "100000")
L 05/07/2022 - 20:51:29: [basecommands.smx] "Console<0><Console><Console>" changed cvar (cvar "sv_minupdaterate") (value "100")
L 05/07/2022 - 20:51:29: [basecommands.smx] "Console<0><Console><Console>" changed cvar (cvar "sv_maxupdaterate") (value "100")
L 05/07/2022 - 20:51:29: [basecommands.smx] "Console<0><Console><Console>" changed cvar (cvar "sv_mincmdrate") (value "100")
L 05/07/2022 - 20:51:29: [basecommands.smx] "Console<0><Console><Console>" changed cvar (cvar "sv_maxcmdrate") (value "100")
L 05/07/2022 - 20:51:29: [basecommands.smx] "Console<0><Console><Console>" changed cvar (cvar "sv_client_min_interp_ratio") (value "-1")
L 05/07/2022 - 20:51:29: [basecommands.smx] "Console<0><Console><Console>" changed cvar (cvar "sv_client_max_interp_ratio") (value "0")
L 05/07/2022 - 20:51:29: [basecommands.smx] "Console<0><Console><Console>" changed cvar (cvar "nb_update_frequency") (value "0.014")
L 05/07/2022 - 20:51:29: [basecommands.smx] "Console<0><Console><Console>" changed cvar (cvar "net_splitpacket_maxrate") (value "50000")
L 05/07/2022 - 20:51:29: [basecommands.smx] "Console<0><Console><Console>" changed cvar (cvar "fps_max") (value "0")
L 05/07/2022 - 20:51:29: [basecommands.smx] "Console<0><Console><Console>" changed cvar (cvar "tick_door_speed") (value "1.30")
L 05/07/2022 - 20:51:29: [basecommands.smx] "Console<0><Console><Console>" changed cvar (cvar "sb_all_bot_game") (value "1")
L 05/07/2022 - 20:51:29: [basecommands.smx] "Console<0><Console><Console>" changed cvar (cvar "allow_all_bot_survivor_team") (value "0")
L 05/07/2022 - 20:51:29: [rcon_lock.smx] Got half-connected command from client 10 (ip unknown): setpause 
L 05/07/2022 - 20:51:29: [rcon_lock.smx] Got half-connected command from client 2 (ip unknown): setpause 
L 05/07/2022 - 20:51:29: [rcon_lock.smx] Got half-connected command from client 5 (ip unknown): setpause 
L 05/07/2022 - 20:51:29: [rcon_lock.smx] Got half-connected command from client 4 (ip unknown): setpause 
L 05/07/2022 - 20:51:29: [rcon_lock.smx] Got half-connected command from client 12 (ip unknown): setpause 
L 05/07/2022 - 20:57:50: [basecommands.smx] "mind<44><STEAM_1:1:53759167><>" kicked "frog<55><STEAM_1:1:518906278><>" (reason "")
L 05/07/2022 - 21:06:06: -------- Mapchange to c8m3_sewers --------
L 05/07/2022 - 21:06:07: [basecommands.smx] "Console<0><Console><Console>" changed cvar (cvar "sv_minrate") (value "100000")
L 05/07/2022 - 21:06:07: [basecommands.smx] "Console<0><Console><Console>" changed cvar (cvar "sv_maxrate") (value "100000")
L 05/07/2022 - 21:06:07: [basecommands.smx] "Console<0><Console><Console>" changed cvar (cvar "sv_mincmdrate") (value "100")
L 05/07/2022 - 21:06:07: [basecommands.smx] "Console<0><Console><Console>" changed cvar (cvar "sv_maxcmdrate") (value "100")
L 05/07/2022 - 21:06:07: [basecommands.smx] "Console<0><Console><Console>" changed cvar (cvar "sv_maxupdaterate") (value "10sm_cvar")
L 05/07/2022 - 21:06:07: [basecommands.smx] "Console<0><Console><Console>" changed cvar (cvar "sv_maxrate") (value "100000")
L 05/07/2022 - 21:06:07: [basecommands.smx] "Console<0><Console><Console>" changed cvar (cvar "sv_minupdaterate") (value "100")
L 05/07/2022 - 21:06:07: [basecommands.smx] "Console<0><Console><Console>" changed cvar (cvar "sv_maxupdaterate") (value "100")
L 05/07/2022 - 21:06:07: [basecommands.smx] "Console<0><Console><Console>" changed cvar (cvar "sv_mincmdrate") (value "100")
L 05/07/2022 - 21:06:07: [basecommands.smx] "Console<0><Console><Console>" changed cvar (cvar "sv_maxcmdrate") (value "100")
L 05/07/2022 - 21:06:07: [basecommands.smx] "Console<0><Console><Console>" changed cvar (cvar "sv_client_min_interp_ratio") (value "-1")
L 05/07/2022 - 21:06:07: [basecommands.smx] "Console<0><Console><Console>" changed cvar (cvar "sv_client_max_interp_ratio") (value "0")
L 05/07/2022 - 21:06:07: [basecommands.smx] "Console<0><Console><Console>" changed cvar (cvar "nb_update_frequency") (value "0.014")
L 05/07/2022 - 21:06:07: [basecommands.smx] "Console<0><Console><Console>" changed cvar (cvar "net_splitpacket_maxrate") (value "50000")
L 05/07/2022 - 21:06:07: [basecommands.smx] "Console<0><Console><Console>" changed cvar (cvar "fps_max") (value "0")
L 05/07/2022 - 21:06:07: [basecommands.smx] "Console<0><Console><Console>" changed cvar (cvar "tick_door_speed") (value "1.30")
L 05/07/2022 - 21:06:07: [basecommands.smx] "Console<0><Console><Console>" changed cvar (cvar "sb_all_bot_game") (value "1")
L 05/07/2022 - 21:06:07: [basecommands.smx] "Console<0><Console><Console>" changed cvar (cvar "allow_all_bot_survivor_team") (value "0")
L 05/07/2022 - 21:09:43: -------- Mapchange to c8m3_sewers --------
L 05/07/2022 - 21:09:44: [basecommands.smx] "Console<0><Console><Console>" changed cvar (cvar "sv_minrate") (value "100000")
L 05/07/2022 - 21:09:44: [basecommands.smx] "Console<0><Console><Console>" changed cvar (cvar "sv_maxrate") (value "100000")
L 05/07/2022 - 21:09:44: [basecommands.smx] "Console<0><Console><Console>" changed cvar (cvar "sv_mincmdrate") (value "100")
L 05/07/2022 - 21:09:44: [basecommands.smx] "Console<0><Console><Console>" changed cvar (cvar "sv_maxcmdrate") (value "100")
L 05/07/2022 - 21:09:44: [basecommands.smx] "Console<0><Console><Console>" changed cvar (cvar "sv_maxupdaterate") (value "10sm_cvar")
L 05/07/2022 - 21:09:44: [basecommands.smx] "Console<0><Console><Console>" changed cvar (cvar "sv_maxrate") (value "100000")
L 05/07/2022 - 21:09:44: [basecommands.smx] "Console<0><Console><Console>" changed cvar (cvar "sv_minupdaterate") (value "100")
L 05/07/2022 - 21:09:44: [basecommands.smx] "Console<0><Console><Console>" changed cvar (cvar "sv_maxupdaterate") (value "100")
L 05/07/2022 - 21:09:44: [basecommands.smx] "Console<0><Console><Console>" changed cvar (cvar "sv_mincmdrate") (value "100")
L 05/07/2022 - 21:09:44: [basecommands.smx] "Console<0><Console><Console>" changed cvar (cvar "sv_maxcmdrate") (value "100")
L 05/07/2022 - 21:09:44: [basecommands.smx] "Console<0><Console><Console>" changed cvar (cvar "sv_client_min_interp_ratio") (value "-1")
L 05/07/2022 - 21:09:44: [basecommands.smx] "Console<0><Console><Console>" changed cvar (cvar "sv_client_max_interp_ratio") (value "0")
L 05/07/2022 - 21:09:44: [basecommands.smx] "Console<0><Console><Console>" changed cvar (cvar "nb_update_frequency") (value "0.014")
L 05/07/2022 - 21:09:44: [basecommands.smx] "Console<0><Console><Console>" changed cvar (cvar "net_splitpacket_maxrate") (value "50000")
L 05/07/2022 - 21:09:44: [basecommands.smx] "Console<0><Console><Console>" changed cvar (cvar "fps_max") (value "0")
L 05/07/2022 - 21:09:44: [basecommands.smx] "Console<0><Console><Console>" changed cvar (cvar "tick_door_speed") (value "1.30")
L 05/07/2022 - 21:09:44: [basecommands.smx] "Console<0><Console><Console>" changed cvar (cvar "sb_all_bot_game") (value "1")
L 05/07/2022 - 21:09:44: [basecommands.smx] "Console<0><Console><Console>" changed cvar (cvar "allow_all_bot_survivor_team") (value "0")
L 05/07/2022 - 21:09:44: [rcon_lock.smx] Got half-connected command from client 3 (ip unknown): setpause 
L 05/07/2022 - 21:09:44: [rcon_lock.smx] Got half-connected command from client 2 (ip unknown): setpause 
L 05/07/2022 - 21:09:44: [rcon_lock.smx] Got half-connected command from client 6 (ip unknown): setpause 
L 05/07/2022 - 21:09:45: [rcon_lock.smx] Got half-connected command from client 5 (ip unknown): setpause 
L 05/07/2022 - 21:33:35: -------- Mapchange to c8m4_interior --------
L 05/07/2022 - 21:33:36: [basecommands.smx] "Console<0><Console><Console>" changed cvar (cvar "sv_minrate") (value "100000")
L 05/07/2022 - 21:33:36: [basecommands.smx] "Console<0><Console><Console>" changed cvar (cvar "sv_maxrate") (value "100000")
L 05/07/2022 - 21:33:36: [basecommands.smx] "Console<0><Console><Console>" changed cvar (cvar "sv_mincmdrate") (value "100")
L 05/07/2022 - 21:33:36: [basecommands.smx] "Console<0><Console><Console>" changed cvar (cvar "sv_maxcmdrate") (value "100")
L 05/07/2022 - 21:33:36: [basecommands.smx] "Console<0><Console><Console>" changed cvar (cvar "sv_maxupdaterate") (value "10sm_cvar")
L 05/07/2022 - 21:33:36: [basecommands.smx] "Console<0><Console><Console>" changed cvar (cvar "sv_maxrate") (value "100000")
L 05/07/2022 - 21:33:36: [basecommands.smx] "Console<0><Console><Console>" changed cvar (cvar "sv_minupdaterate") (value "100")
L 05/07/2022 - 21:33:36: [basecommands.smx] "Console<0><Console><Console>" changed cvar (cvar "sv_maxupdaterate") (value "100")
L 05/07/2022 - 21:33:36: [basecommands.smx] "Console<0><Console><Console>" changed cvar (cvar "sv_mincmdrate") (value "100")
L 05/07/2022 - 21:33:36: [basecommands.smx] "Console<0><Console><Console>" changed cvar (cvar "sv_maxcmdrate") (value "100")
L 05/07/2022 - 21:33:36: [basecommands.smx] "Console<0><Console><Console>" changed cvar (cvar "sv_client_min_interp_ratio") (value "-1")
L 05/07/2022 - 21:33:36: [basecommands.smx] "Console<0><Console><Console>" changed cvar (cvar "sv_client_max_interp_ratio") (value "0")
L 05/07/2022 - 21:33:36: [basecommands.smx] "Console<0><Console><Console>" changed cvar (cvar "nb_update_frequency") (value "0.014")
L 05/07/2022 - 21:33:36: [basecommands.smx] "Console<0><Console><Console>" changed cvar (cvar "net_splitpacket_maxrate") (value "50000")
L 05/07/2022 - 21:33:36: [basecommands.smx] "Console<0><Console><Console>" changed cvar (cvar "fps_max") (value "0")
L 05/07/2022 - 21:33:36: [basecommands.smx] "Console<0><Console><Console>" changed cvar (cvar "tick_door_speed") (value "1.30")
L 05/07/2022 - 21:33:36: [basecommands.smx] "Console<0><Console><Console>" changed cvar (cvar "sb_all_bot_game") (value "1")
L 05/07/2022 - 21:33:36: [basecommands.smx] "Console<0><Console><Console>" changed cvar (cvar "allow_all_bot_survivor_team") (value "0")
L 05/07/2022 - 21:47:59: -------- Mapchange to c8m5_rooftop --------
L 05/07/2022 - 21:48:00: [basecommands.smx] "Console<0><Console><Console>" changed cvar (cvar "sv_minrate") (value "100000")
L 05/07/2022 - 21:48:00: [basecommands.smx] "Console<0><Console><Console>" changed cvar (cvar "sv_maxrate") (value "100000")
L 05/07/2022 - 21:48:00: [basecommands.smx] "Console<0><Console><Console>" changed cvar (cvar "sv_mincmdrate") (value "100")
L 05/07/2022 - 21:48:00: [basecommands.smx] "Console<0><Console><Console>" changed cvar (cvar "sv_maxcmdrate") (value "100")
L 05/07/2022 - 21:48:00: [basecommands.smx] "Console<0><Console><Console>" changed cvar (cvar "sv_maxupdaterate") (value "10sm_cvar")
L 05/07/2022 - 21:48:00: [basecommands.smx] "Console<0><Console><Console>" changed cvar (cvar "sv_maxrate") (value "100000")
L 05/07/2022 - 21:48:00: [basecommands.smx] "Console<0><Console><Console>" changed cvar (cvar "sv_minupdaterate") (value "100")
L 05/07/2022 - 21:48:00: [basecommands.smx] "Console<0><Console><Console>" changed cvar (cvar "sv_maxupdaterate") (value "100")
L 05/07/2022 - 21:48:00: [basecommands.smx] "Console<0><Console><Console>" changed cvar (cvar "sv_mincmdrate") (value "100")
L 05/07/2022 - 21:48:00: [basecommands.smx] "Console<0><Console><Console>" changed cvar (cvar "sv_maxcmdrate") (value "100")
L 05/07/2022 - 21:48:00: [basecommands.smx] "Console<0><Console><Console>" changed cvar (cvar "sv_client_min_interp_ratio") (value "-1")
L 05/07/2022 - 21:48:00: [basecommands.smx] "Console<0><Console><Console>" changed cvar (cvar "sv_client_max_interp_ratio") (value "0")
L 05/07/2022 - 21:48:00: [basecommands.smx] "Console<0><Console><Console>" changed cvar (cvar "nb_update_frequency") (value "0.014")
L 05/07/2022 - 21:48:00: [basecommands.smx] "Console<0><Console><Console>" changed cvar (cvar "net_splitpacket_maxrate") (value "50000")
L 05/07/2022 - 21:48:00: [basecommands.smx] "Console<0><Console><Console>" changed cvar (cvar "fps_max") (value "0")
L 05/07/2022 - 21:48:00: [basecommands.smx] "Console<0><Console><Console>" changed cvar (cvar "tick_door_speed") (value "1.30")
L 05/07/2022 - 21:48:00: [basecommands.smx] "Console<0><Console><Console>" changed cvar (cvar "sb_all_bot_game") (value "1")
L 05/07/2022 - 21:48:00: [basecommands.smx] "Console<0><Console><Console>" changed cvar (cvar "allow_all_bot_survivor_team") (value "0")
