L 05/13/2022 - 00:11:44: SourceMod log file session started (file "/home/steam/l4d2/left4dead2/addons/sourcemod/logs/L20220513.log") (Version "1.10.0.6528")
L 05/13/2022 - 00:11:44: [basecommands.smx] "Console<0><Console><Console>" changed cvar (cvar "sv_minrate") (value "100000")
L 05/13/2022 - 00:11:44: [basecommands.smx] "Console<0><Console><Console>" changed cvar (cvar "sv_maxrate") (value "100000")
L 05/13/2022 - 00:11:44: [basecommands.smx] "Console<0><Console><Console>" changed cvar (cvar "sv_mincmdrate") (value "100")
L 05/13/2022 - 00:11:44: [basecommands.smx] "Console<0><Console><Console>" changed cvar (cvar "sv_maxcmdrate") (value "100")
L 05/13/2022 - 00:11:44: [basecommands.smx] "Console<0><Console><Console>" changed cvar (cvar "sv_maxupdaterate") (value "10sm_cvar")
L 05/13/2022 - 00:11:44: [basecommands.smx] "Console<0><Console><Console>" changed cvar (cvar "sv_maxrate") (value "100000")
L 05/13/2022 - 00:11:44: [basecommands.smx] "Console<0><Console><Console>" changed cvar (cvar "sv_minupdaterate") (value "100")
L 05/13/2022 - 00:11:44: [basecommands.smx] "Console<0><Console><Console>" changed cvar (cvar "sv_maxupdaterate") (value "100")
L 05/13/2022 - 00:11:44: [basecommands.smx] "Console<0><Console><Console>" changed cvar (cvar "sv_mincmdrate") (value "100")
L 05/13/2022 - 00:11:44: [basecommands.smx] "Console<0><Console><Console>" changed cvar (cvar "sv_maxcmdrate") (value "100")
L 05/13/2022 - 00:11:44: [basecommands.smx] "Console<0><Console><Console>" changed cvar (cvar "sv_client_min_interp_ratio") (value "-1")
L 05/13/2022 - 00:11:44: [basecommands.smx] "Console<0><Console><Console>" changed cvar (cvar "sv_client_max_interp_ratio") (value "0")
L 05/13/2022 - 00:11:44: [basecommands.smx] "Console<0><Console><Console>" changed cvar (cvar "nb_update_frequency") (value "0.014")
L 05/13/2022 - 00:11:44: [basecommands.smx] "Console<0><Console><Console>" changed cvar (cvar "net_splitpacket_maxrate") (value "50000")
L 05/13/2022 - 00:11:44: [basecommands.smx] "Console<0><Console><Console>" changed cvar (cvar "fps_max") (value "0")
L 05/13/2022 - 00:11:44: [basecommands.smx] "Console<0><Console><Console>" changed cvar (cvar "tick_door_speed") (value "1.30")
L 05/13/2022 - 00:11:44: [basecommands.smx] "Console<0><Console><Console>" changed cvar (cvar "sb_all_bot_game") (value "1")
L 05/13/2022 - 00:11:44: [basecommands.smx] "Console<0><Console><Console>" changed cvar (cvar "allow_all_bot_survivor_team") (value "0")
L 05/13/2022 - 00:27:22: -------- Mapchange to c4m1_milltown_a --------
L 05/13/2022 - 00:27:25: [basecommands.smx] "Console<0><Console><Console>" changed cvar (cvar "sv_minrate") (value "100000")
L 05/13/2022 - 00:27:25: [basecommands.smx] "Console<0><Console><Console>" changed cvar (cvar "sv_maxrate") (value "100000")
L 05/13/2022 - 00:27:25: [basecommands.smx] "Console<0><Console><Console>" changed cvar (cvar "sv_mincmdrate") (value "100")
L 05/13/2022 - 00:27:25: [basecommands.smx] "Console<0><Console><Console>" changed cvar (cvar "sv_maxcmdrate") (value "100")
L 05/13/2022 - 00:27:25: [basecommands.smx] "Console<0><Console><Console>" changed cvar (cvar "sv_maxupdaterate") (value "10sm_cvar")
L 05/13/2022 - 00:27:25: [basecommands.smx] "Console<0><Console><Console>" changed cvar (cvar "sv_maxrate") (value "100000")
L 05/13/2022 - 00:27:25: [basecommands.smx] "Console<0><Console><Console>" changed cvar (cvar "sv_minupdaterate") (value "100")
L 05/13/2022 - 00:27:25: [basecommands.smx] "Console<0><Console><Console>" changed cvar (cvar "sv_maxupdaterate") (value "100")
L 05/13/2022 - 00:27:25: [basecommands.smx] "Console<0><Console><Console>" changed cvar (cvar "sv_mincmdrate") (value "100")
L 05/13/2022 - 00:27:25: [basecommands.smx] "Console<0><Console><Console>" changed cvar (cvar "sv_maxcmdrate") (value "100")
L 05/13/2022 - 00:27:25: [basecommands.smx] "Console<0><Console><Console>" changed cvar (cvar "sv_client_min_interp_ratio") (value "-1")
L 05/13/2022 - 00:27:25: [basecommands.smx] "Console<0><Console><Console>" changed cvar (cvar "sv_client_max_interp_ratio") (value "0")
L 05/13/2022 - 00:27:25: [basecommands.smx] "Console<0><Console><Console>" changed cvar (cvar "nb_update_frequency") (value "0.014")
L 05/13/2022 - 00:27:25: [basecommands.smx] "Console<0><Console><Console>" changed cvar (cvar "net_splitpacket_maxrate") (value "50000")
L 05/13/2022 - 00:27:25: [basecommands.smx] "Console<0><Console><Console>" changed cvar (cvar "fps_max") (value "0")
L 05/13/2022 - 00:27:25: [basecommands.smx] "Console<0><Console><Console>" changed cvar (cvar "tick_door_speed") (value "1.30")
L 05/13/2022 - 00:27:25: [basecommands.smx] "Console<0><Console><Console>" changed cvar (cvar "sb_all_bot_game") (value "1")
L 05/13/2022 - 00:27:25: [basecommands.smx] "Console<0><Console><Console>" changed cvar (cvar "allow_all_bot_survivor_team") (value "0")
L 05/13/2022 - 03:55:47: SourceMod log file session started (file "/home/steam/l4d2/left4dead2/addons/sourcemod/logs/L20220513.log") (Version "1.10.0.6528")
L 05/13/2022 - 03:55:47: [rcon_lock.smx] 28 cheat commands
L 05/13/2022 - 03:55:47: [rcon_lock.smx] Couldn't find ai_test_los (this may be normal)
L 05/13/2022 - 03:55:47: [rcon_lock.smx] Flagging dbghist_dump as cheat
L 05/13/2022 - 03:55:47: [rcon_lock.smx] dump_entity_sizes already has cheats flag
L 05/13/2022 - 03:55:47: [rcon_lock.smx] Flagging dump_globals as cheat
L 05/13/2022 - 03:55:47: [rcon_lock.smx] Couldn't find dump_terrain (this may be normal)
L 05/13/2022 - 03:55:47: [rcon_lock.smx] Couldn't find dumpcountedstrings (this may be normal)
L 05/13/2022 - 03:55:47: [rcon_lock.smx] dumpentityfactories already has cheats flag
L 05/13/2022 - 03:55:47: [rcon_lock.smx] Flagging dumpeventqueue as cheat
L 05/13/2022 - 03:55:47: [rcon_lock.smx] Couldn't find es_version (this may be normal)
L 05/13/2022 - 03:55:47: [rcon_lock.smx] groundlist already has cheats flag
L 05/13/2022 - 03:55:47: [rcon_lock.smx] Flagging listmodels as cheat
L 05/13/2022 - 03:55:47: [rcon_lock.smx] Flagging mem_dump as cheat
L 05/13/2022 - 03:55:47: [rcon_lock.smx] Couldn't find mp_dump_timers (this may be normal)
L 05/13/2022 - 03:55:47: [rcon_lock.smx] Couldn't find npc_ammo_deplete (this may be normal)
L 05/13/2022 - 03:55:47: [rcon_lock.smx] Couldn't find npc_heal (this may be normal)
L 05/13/2022 - 03:55:47: [rcon_lock.smx] Couldn't find npc_speakall (this may be normal)
L 05/13/2022 - 03:55:47: [rcon_lock.smx] Couldn't find npc_thinknow (this may be normal)
L 05/13/2022 - 03:55:47: [rcon_lock.smx] Flagging physics_budget as cheat
L 05/13/2022 - 03:55:47: [rcon_lock.smx] Flagging physics_debug_entity as cheat
L 05/13/2022 - 03:55:47: [rcon_lock.smx] Flagging physics_report_active as cheat
L 05/13/2022 - 03:55:47: [rcon_lock.smx] Flagging physics_select as cheat
L 05/13/2022 - 03:55:47: [rcon_lock.smx] report_entities already has cheats flag
L 05/13/2022 - 03:55:47: [rcon_lock.smx] report_touchlinks already has cheats flag
L 05/13/2022 - 03:55:47: [rcon_lock.smx] Couldn't find snd_digital_surround (this may be normal)
L 05/13/2022 - 03:55:47: [rcon_lock.smx] Flagging snd_restart as cheat
L 05/13/2022 - 03:55:47: [rcon_lock.smx] Couldn't find soundlist (this may be normal)
L 05/13/2022 - 03:55:47: [rcon_lock.smx] Flagging soundscape_flush as cheat
L 05/13/2022 - 03:55:47: [rcon_lock.smx] Couldn't find wc_update_entity (this may be normal)
L 05/13/2022 - 03:56:06: [basecommands.smx] "Console<0><Console><Console>" changed cvar (cvar "sv_minrate") (value "100000")
L 05/13/2022 - 03:56:06: [basecommands.smx] "Console<0><Console><Console>" changed cvar (cvar "sv_maxrate") (value "100000")
L 05/13/2022 - 03:56:06: [basecommands.smx] "Console<0><Console><Console>" changed cvar (cvar "sv_mincmdrate") (value "100")
L 05/13/2022 - 03:56:06: [basecommands.smx] "Console<0><Console><Console>" changed cvar (cvar "sv_maxcmdrate") (value "100")
L 05/13/2022 - 03:56:06: [basecommands.smx] "Console<0><Console><Console>" changed cvar (cvar "sv_maxupdaterate") (value "10sm_cvar")
L 05/13/2022 - 03:56:06: [basecommands.smx] "Console<0><Console><Console>" changed cvar (cvar "sv_maxrate") (value "100000")
L 05/13/2022 - 03:56:06: [basecommands.smx] "Console<0><Console><Console>" changed cvar (cvar "sv_minupdaterate") (value "100")
L 05/13/2022 - 03:56:06: [basecommands.smx] "Console<0><Console><Console>" changed cvar (cvar "sv_maxupdaterate") (value "100")
L 05/13/2022 - 03:56:06: [basecommands.smx] "Console<0><Console><Console>" changed cvar (cvar "sv_mincmdrate") (value "100")
L 05/13/2022 - 03:56:06: [basecommands.smx] "Console<0><Console><Console>" changed cvar (cvar "sv_maxcmdrate") (value "100")
L 05/13/2022 - 03:56:06: [basecommands.smx] "Console<0><Console><Console>" changed cvar (cvar "sv_client_min_interp_ratio") (value "-1")
L 05/13/2022 - 03:56:06: [basecommands.smx] "Console<0><Console><Console>" changed cvar (cvar "sv_client_max_interp_ratio") (value "0")
L 05/13/2022 - 03:56:06: [basecommands.smx] "Console<0><Console><Console>" changed cvar (cvar "nb_update_frequency") (value "0.014")
L 05/13/2022 - 03:56:06: [basecommands.smx] "Console<0><Console><Console>" changed cvar (cvar "net_splitpacket_maxrate") (value "50000")
L 05/13/2022 - 03:56:06: [basecommands.smx] "Console<0><Console><Console>" changed cvar (cvar "fps_max") (value "0")
L 05/13/2022 - 03:56:06: [basecommands.smx] "Console<0><Console><Console>" changed cvar (cvar "tick_door_speed") (value "1.30")
L 05/13/2022 - 03:56:06: [basecommands.smx] "Console<0><Console><Console>" changed cvar (cvar "sb_all_bot_game") (value "1")
L 05/13/2022 - 03:56:06: [basecommands.smx] "Console<0><Console><Console>" changed cvar (cvar "allow_all_bot_survivor_team") (value "0")
L 05/13/2022 - 03:56:37: SourceMod log file session started (file "/home/steam/l4d2/left4dead2/addons/sourcemod/logs/L20220513.log") (Version "1.10.0.6528")
L 05/13/2022 - 03:56:37: [rcon_lock.smx] 28 cheat commands
L 05/13/2022 - 03:56:37: [rcon_lock.smx] Couldn't find ai_test_los (this may be normal)
L 05/13/2022 - 03:56:37: [rcon_lock.smx] Flagging dbghist_dump as cheat
L 05/13/2022 - 03:56:37: [rcon_lock.smx] dump_entity_sizes already has cheats flag
L 05/13/2022 - 03:56:37: [rcon_lock.smx] Flagging dump_globals as cheat
L 05/13/2022 - 03:56:37: [rcon_lock.smx] Couldn't find dump_terrain (this may be normal)
L 05/13/2022 - 03:56:37: [rcon_lock.smx] Couldn't find dumpcountedstrings (this may be normal)
L 05/13/2022 - 03:56:37: [rcon_lock.smx] dumpentityfactories already has cheats flag
L 05/13/2022 - 03:56:37: [rcon_lock.smx] Flagging dumpeventqueue as cheat
L 05/13/2022 - 03:56:37: [rcon_lock.smx] Couldn't find es_version (this may be normal)
L 05/13/2022 - 03:56:37: [rcon_lock.smx] groundlist already has cheats flag
L 05/13/2022 - 03:56:37: [rcon_lock.smx] Flagging listmodels as cheat
L 05/13/2022 - 03:56:37: [rcon_lock.smx] Flagging mem_dump as cheat
L 05/13/2022 - 03:56:37: [rcon_lock.smx] Couldn't find mp_dump_timers (this may be normal)
L 05/13/2022 - 03:56:37: [rcon_lock.smx] Couldn't find npc_ammo_deplete (this may be normal)
L 05/13/2022 - 03:56:37: [rcon_lock.smx] Couldn't find npc_heal (this may be normal)
L 05/13/2022 - 03:56:37: [rcon_lock.smx] Couldn't find npc_speakall (this may be normal)
L 05/13/2022 - 03:56:37: [rcon_lock.smx] Couldn't find npc_thinknow (this may be normal)
L 05/13/2022 - 03:56:37: [rcon_lock.smx] Flagging physics_budget as cheat
L 05/13/2022 - 03:56:37: [rcon_lock.smx] Flagging physics_debug_entity as cheat
L 05/13/2022 - 03:56:37: [rcon_lock.smx] Flagging physics_report_active as cheat
L 05/13/2022 - 03:56:37: [rcon_lock.smx] Flagging physics_select as cheat
L 05/13/2022 - 03:56:37: [rcon_lock.smx] report_entities already has cheats flag
L 05/13/2022 - 03:56:37: [rcon_lock.smx] report_touchlinks already has cheats flag
L 05/13/2022 - 03:56:37: [rcon_lock.smx] Couldn't find snd_digital_surround (this may be normal)
L 05/13/2022 - 03:56:37: [rcon_lock.smx] Flagging snd_restart as cheat
L 05/13/2022 - 03:56:37: [rcon_lock.smx] Couldn't find soundlist (this may be normal)
L 05/13/2022 - 03:56:37: [rcon_lock.smx] Flagging soundscape_flush as cheat
L 05/13/2022 - 03:56:37: [rcon_lock.smx] Couldn't find wc_update_entity (this may be normal)
L 05/13/2022 - 03:56:55: [basecommands.smx] "Console<0><Console><Console>" changed cvar (cvar "sv_minrate") (value "100000")
L 05/13/2022 - 03:56:55: [basecommands.smx] "Console<0><Console><Console>" changed cvar (cvar "sv_maxrate") (value "100000")
L 05/13/2022 - 03:56:55: [basecommands.smx] "Console<0><Console><Console>" changed cvar (cvar "sv_mincmdrate") (value "100")
L 05/13/2022 - 03:56:55: [basecommands.smx] "Console<0><Console><Console>" changed cvar (cvar "sv_maxcmdrate") (value "100")
L 05/13/2022 - 03:56:55: [basecommands.smx] "Console<0><Console><Console>" changed cvar (cvar "sv_maxupdaterate") (value "10sm_cvar")
L 05/13/2022 - 03:56:55: [basecommands.smx] "Console<0><Console><Console>" changed cvar (cvar "sv_maxrate") (value "100000")
L 05/13/2022 - 03:56:55: [basecommands.smx] "Console<0><Console><Console>" changed cvar (cvar "sv_minupdaterate") (value "100")
L 05/13/2022 - 03:56:55: [basecommands.smx] "Console<0><Console><Console>" changed cvar (cvar "sv_maxupdaterate") (value "100")
L 05/13/2022 - 03:56:55: [basecommands.smx] "Console<0><Console><Console>" changed cvar (cvar "sv_mincmdrate") (value "100")
L 05/13/2022 - 03:56:55: [basecommands.smx] "Console<0><Console><Console>" changed cvar (cvar "sv_maxcmdrate") (value "100")
L 05/13/2022 - 03:56:55: [basecommands.smx] "Console<0><Console><Console>" changed cvar (cvar "sv_client_min_interp_ratio") (value "-1")
L 05/13/2022 - 03:56:55: [basecommands.smx] "Console<0><Console><Console>" changed cvar (cvar "sv_client_max_interp_ratio") (value "0")
L 05/13/2022 - 03:56:55: [basecommands.smx] "Console<0><Console><Console>" changed cvar (cvar "nb_update_frequency") (value "0.014")
L 05/13/2022 - 03:56:55: [basecommands.smx] "Console<0><Console><Console>" changed cvar (cvar "net_splitpacket_maxrate") (value "50000")
L 05/13/2022 - 03:56:55: [basecommands.smx] "Console<0><Console><Console>" changed cvar (cvar "fps_max") (value "0")
L 05/13/2022 - 03:56:55: [basecommands.smx] "Console<0><Console><Console>" changed cvar (cvar "tick_door_speed") (value "1.30")
L 05/13/2022 - 03:56:55: [basecommands.smx] "Console<0><Console><Console>" changed cvar (cvar "sb_all_bot_game") (value "1")
L 05/13/2022 - 03:56:55: [basecommands.smx] "Console<0><Console><Console>" changed cvar (cvar "allow_all_bot_survivor_team") (value "0")
L 05/13/2022 - 03:57:27: SourceMod log file session started (file "/home/steam/l4d2/left4dead2/addons/sourcemod/logs/L20220513.log") (Version "1.10.0.6528")
L 05/13/2022 - 03:57:27: [rcon_lock.smx] 28 cheat commands
L 05/13/2022 - 03:57:27: [rcon_lock.smx] Couldn't find ai_test_los (this may be normal)
L 05/13/2022 - 03:57:27: [rcon_lock.smx] Flagging dbghist_dump as cheat
L 05/13/2022 - 03:57:27: [rcon_lock.smx] dump_entity_sizes already has cheats flag
L 05/13/2022 - 03:57:27: [rcon_lock.smx] Flagging dump_globals as cheat
L 05/13/2022 - 03:57:27: [rcon_lock.smx] Couldn't find dump_terrain (this may be normal)
L 05/13/2022 - 03:57:27: [rcon_lock.smx] Couldn't find dumpcountedstrings (this may be normal)
L 05/13/2022 - 03:57:27: [rcon_lock.smx] dumpentityfactories already has cheats flag
L 05/13/2022 - 03:57:27: [rcon_lock.smx] Flagging dumpeventqueue as cheat
L 05/13/2022 - 03:57:27: [rcon_lock.smx] Couldn't find es_version (this may be normal)
L 05/13/2022 - 03:57:27: [rcon_lock.smx] groundlist already has cheats flag
L 05/13/2022 - 03:57:27: [rcon_lock.smx] Flagging listmodels as cheat
L 05/13/2022 - 03:57:27: [rcon_lock.smx] Flagging mem_dump as cheat
L 05/13/2022 - 03:57:27: [rcon_lock.smx] Couldn't find mp_dump_timers (this may be normal)
L 05/13/2022 - 03:57:27: [rcon_lock.smx] Couldn't find npc_ammo_deplete (this may be normal)
L 05/13/2022 - 03:57:27: [rcon_lock.smx] Couldn't find npc_heal (this may be normal)
L 05/13/2022 - 03:57:27: [rcon_lock.smx] Couldn't find npc_speakall (this may be normal)
L 05/13/2022 - 03:57:27: [rcon_lock.smx] Couldn't find npc_thinknow (this may be normal)
L 05/13/2022 - 03:57:27: [rcon_lock.smx] Flagging physics_budget as cheat
L 05/13/2022 - 03:57:27: [rcon_lock.smx] Flagging physics_debug_entity as cheat
L 05/13/2022 - 03:57:27: [rcon_lock.smx] Flagging physics_report_active as cheat
L 05/13/2022 - 03:57:27: [rcon_lock.smx] Flagging physics_select as cheat
L 05/13/2022 - 03:57:27: [rcon_lock.smx] report_entities already has cheats flag
L 05/13/2022 - 03:57:27: [rcon_lock.smx] report_touchlinks already has cheats flag
L 05/13/2022 - 03:57:27: [rcon_lock.smx] Couldn't find snd_digital_surround (this may be normal)
L 05/13/2022 - 03:57:27: [rcon_lock.smx] Flagging snd_restart as cheat
L 05/13/2022 - 03:57:27: [rcon_lock.smx] Couldn't find soundlist (this may be normal)
L 05/13/2022 - 03:57:27: [rcon_lock.smx] Flagging soundscape_flush as cheat
L 05/13/2022 - 03:57:27: [rcon_lock.smx] Couldn't find wc_update_entity (this may be normal)
L 05/13/2022 - 03:57:45: [basecommands.smx] "Console<0><Console><Console>" changed cvar (cvar "sv_minrate") (value "100000")
L 05/13/2022 - 03:57:45: [basecommands.smx] "Console<0><Console><Console>" changed cvar (cvar "sv_maxrate") (value "100000")
L 05/13/2022 - 03:57:45: [basecommands.smx] "Console<0><Console><Console>" changed cvar (cvar "sv_mincmdrate") (value "100")
L 05/13/2022 - 03:57:45: [basecommands.smx] "Console<0><Console><Console>" changed cvar (cvar "sv_maxcmdrate") (value "100")
L 05/13/2022 - 03:57:45: [basecommands.smx] "Console<0><Console><Console>" changed cvar (cvar "sv_maxupdaterate") (value "10sm_cvar")
L 05/13/2022 - 03:57:45: [basecommands.smx] "Console<0><Console><Console>" changed cvar (cvar "sv_maxrate") (value "100000")
L 05/13/2022 - 03:57:45: [basecommands.smx] "Console<0><Console><Console>" changed cvar (cvar "sv_minupdaterate") (value "100")
L 05/13/2022 - 03:57:45: [basecommands.smx] "Console<0><Console><Console>" changed cvar (cvar "sv_maxupdaterate") (value "100")
L 05/13/2022 - 03:57:45: [basecommands.smx] "Console<0><Console><Console>" changed cvar (cvar "sv_mincmdrate") (value "100")
L 05/13/2022 - 03:57:45: [basecommands.smx] "Console<0><Console><Console>" changed cvar (cvar "sv_maxcmdrate") (value "100")
L 05/13/2022 - 03:57:45: [basecommands.smx] "Console<0><Console><Console>" changed cvar (cvar "sv_client_min_interp_ratio") (value "-1")
L 05/13/2022 - 03:57:45: [basecommands.smx] "Console<0><Console><Console>" changed cvar (cvar "sv_client_max_interp_ratio") (value "0")
L 05/13/2022 - 03:57:45: [basecommands.smx] "Console<0><Console><Console>" changed cvar (cvar "nb_update_frequency") (value "0.014")
L 05/13/2022 - 03:57:45: [basecommands.smx] "Console<0><Console><Console>" changed cvar (cvar "net_splitpacket_maxrate") (value "50000")
L 05/13/2022 - 03:57:45: [basecommands.smx] "Console<0><Console><Console>" changed cvar (cvar "fps_max") (value "0")
L 05/13/2022 - 03:57:45: [basecommands.smx] "Console<0><Console><Console>" changed cvar (cvar "tick_door_speed") (value "1.30")
L 05/13/2022 - 03:57:45: [basecommands.smx] "Console<0><Console><Console>" changed cvar (cvar "sb_all_bot_game") (value "1")
L 05/13/2022 - 03:57:45: [basecommands.smx] "Console<0><Console><Console>" changed cvar (cvar "allow_all_bot_survivor_team") (value "0")
L 05/13/2022 - 03:58:16: SourceMod log file session started (file "/home/steam/l4d2/left4dead2/addons/sourcemod/logs/L20220513.log") (Version "1.10.0.6528")
L 05/13/2022 - 03:58:16: [rcon_lock.smx] 28 cheat commands
L 05/13/2022 - 03:58:16: [rcon_lock.smx] Couldn't find ai_test_los (this may be normal)
L 05/13/2022 - 03:58:16: [rcon_lock.smx] Flagging dbghist_dump as cheat
L 05/13/2022 - 03:58:16: [rcon_lock.smx] dump_entity_sizes already has cheats flag
L 05/13/2022 - 03:58:16: [rcon_lock.smx] Flagging dump_globals as cheat
L 05/13/2022 - 03:58:16: [rcon_lock.smx] Couldn't find dump_terrain (this may be normal)
L 05/13/2022 - 03:58:16: [rcon_lock.smx] Couldn't find dumpcountedstrings (this may be normal)
L 05/13/2022 - 03:58:16: [rcon_lock.smx] dumpentityfactories already has cheats flag
L 05/13/2022 - 03:58:16: [rcon_lock.smx] Flagging dumpeventqueue as cheat
L 05/13/2022 - 03:58:16: [rcon_lock.smx] Couldn't find es_version (this may be normal)
L 05/13/2022 - 03:58:16: [rcon_lock.smx] groundlist already has cheats flag
L 05/13/2022 - 03:58:16: [rcon_lock.smx] Flagging listmodels as cheat
L 05/13/2022 - 03:58:16: [rcon_lock.smx] Flagging mem_dump as cheat
L 05/13/2022 - 03:58:16: [rcon_lock.smx] Couldn't find mp_dump_timers (this may be normal)
L 05/13/2022 - 03:58:16: [rcon_lock.smx] Couldn't find npc_ammo_deplete (this may be normal)
L 05/13/2022 - 03:58:16: [rcon_lock.smx] Couldn't find npc_heal (this may be normal)
L 05/13/2022 - 03:58:16: [rcon_lock.smx] Couldn't find npc_speakall (this may be normal)
L 05/13/2022 - 03:58:16: [rcon_lock.smx] Couldn't find npc_thinknow (this may be normal)
L 05/13/2022 - 03:58:16: [rcon_lock.smx] Flagging physics_budget as cheat
L 05/13/2022 - 03:58:16: [rcon_lock.smx] Flagging physics_debug_entity as cheat
L 05/13/2022 - 03:58:16: [rcon_lock.smx] Flagging physics_report_active as cheat
L 05/13/2022 - 03:58:16: [rcon_lock.smx] Flagging physics_select as cheat
L 05/13/2022 - 03:58:16: [rcon_lock.smx] report_entities already has cheats flag
L 05/13/2022 - 03:58:16: [rcon_lock.smx] report_touchlinks already has cheats flag
L 05/13/2022 - 03:58:16: [rcon_lock.smx] Couldn't find snd_digital_surround (this may be normal)
L 05/13/2022 - 03:58:16: [rcon_lock.smx] Flagging snd_restart as cheat
L 05/13/2022 - 03:58:16: [rcon_lock.smx] Couldn't find soundlist (this may be normal)
L 05/13/2022 - 03:58:16: [rcon_lock.smx] Flagging soundscape_flush as cheat
L 05/13/2022 - 03:58:16: [rcon_lock.smx] Couldn't find wc_update_entity (this may be normal)
L 05/13/2022 - 03:58:35: [basecommands.smx] "Console<0><Console><Console>" changed cvar (cvar "sv_minrate") (value "100000")
L 05/13/2022 - 03:58:35: [basecommands.smx] "Console<0><Console><Console>" changed cvar (cvar "sv_maxrate") (value "100000")
L 05/13/2022 - 03:58:35: [basecommands.smx] "Console<0><Console><Console>" changed cvar (cvar "sv_mincmdrate") (value "100")
L 05/13/2022 - 03:58:35: [basecommands.smx] "Console<0><Console><Console>" changed cvar (cvar "sv_maxcmdrate") (value "100")
L 05/13/2022 - 03:58:35: [basecommands.smx] "Console<0><Console><Console>" changed cvar (cvar "sv_maxupdaterate") (value "10sm_cvar")
L 05/13/2022 - 03:58:35: [basecommands.smx] "Console<0><Console><Console>" changed cvar (cvar "sv_maxrate") (value "100000")
L 05/13/2022 - 03:58:35: [basecommands.smx] "Console<0><Console><Console>" changed cvar (cvar "sv_minupdaterate") (value "100")
L 05/13/2022 - 03:58:35: [basecommands.smx] "Console<0><Console><Console>" changed cvar (cvar "sv_maxupdaterate") (value "100")
L 05/13/2022 - 03:58:35: [basecommands.smx] "Console<0><Console><Console>" changed cvar (cvar "sv_mincmdrate") (value "100")
L 05/13/2022 - 03:58:35: [basecommands.smx] "Console<0><Console><Console>" changed cvar (cvar "sv_maxcmdrate") (value "100")
L 05/13/2022 - 03:58:35: [basecommands.smx] "Console<0><Console><Console>" changed cvar (cvar "sv_client_min_interp_ratio") (value "-1")
L 05/13/2022 - 03:58:35: [basecommands.smx] "Console<0><Console><Console>" changed cvar (cvar "sv_client_max_interp_ratio") (value "0")
L 05/13/2022 - 03:58:35: [basecommands.smx] "Console<0><Console><Console>" changed cvar (cvar "nb_update_frequency") (value "0.014")
L 05/13/2022 - 03:58:35: [basecommands.smx] "Console<0><Console><Console>" changed cvar (cvar "net_splitpacket_maxrate") (value "50000")
L 05/13/2022 - 03:58:35: [basecommands.smx] "Console<0><Console><Console>" changed cvar (cvar "fps_max") (value "0")
L 05/13/2022 - 03:58:35: [basecommands.smx] "Console<0><Console><Console>" changed cvar (cvar "tick_door_speed") (value "1.30")
L 05/13/2022 - 03:58:35: [basecommands.smx] "Console<0><Console><Console>" changed cvar (cvar "sb_all_bot_game") (value "1")
L 05/13/2022 - 03:58:35: [basecommands.smx] "Console<0><Console><Console>" changed cvar (cvar "allow_all_bot_survivor_team") (value "0")
L 05/13/2022 - 03:59:06: SourceMod log file session started (file "/home/steam/l4d2/left4dead2/addons/sourcemod/logs/L20220513.log") (Version "1.10.0.6528")
L 05/13/2022 - 03:59:06: [rcon_lock.smx] 28 cheat commands
L 05/13/2022 - 03:59:06: [rcon_lock.smx] Couldn't find ai_test_los (this may be normal)
L 05/13/2022 - 03:59:06: [rcon_lock.smx] Flagging dbghist_dump as cheat
L 05/13/2022 - 03:59:06: [rcon_lock.smx] dump_entity_sizes already has cheats flag
L 05/13/2022 - 03:59:06: [rcon_lock.smx] Flagging dump_globals as cheat
L 05/13/2022 - 03:59:06: [rcon_lock.smx] Couldn't find dump_terrain (this may be normal)
L 05/13/2022 - 03:59:06: [rcon_lock.smx] Couldn't find dumpcountedstrings (this may be normal)
L 05/13/2022 - 03:59:06: [rcon_lock.smx] dumpentityfactories already has cheats flag
L 05/13/2022 - 03:59:06: [rcon_lock.smx] Flagging dumpeventqueue as cheat
L 05/13/2022 - 03:59:06: [rcon_lock.smx] Couldn't find es_version (this may be normal)
L 05/13/2022 - 03:59:06: [rcon_lock.smx] groundlist already has cheats flag
L 05/13/2022 - 03:59:06: [rcon_lock.smx] Flagging listmodels as cheat
L 05/13/2022 - 03:59:06: [rcon_lock.smx] Flagging mem_dump as cheat
L 05/13/2022 - 03:59:06: [rcon_lock.smx] Couldn't find mp_dump_timers (this may be normal)
L 05/13/2022 - 03:59:06: [rcon_lock.smx] Couldn't find npc_ammo_deplete (this may be normal)
L 05/13/2022 - 03:59:06: [rcon_lock.smx] Couldn't find npc_heal (this may be normal)
L 05/13/2022 - 03:59:06: [rcon_lock.smx] Couldn't find npc_speakall (this may be normal)
L 05/13/2022 - 03:59:06: [rcon_lock.smx] Couldn't find npc_thinknow (this may be normal)
L 05/13/2022 - 03:59:06: [rcon_lock.smx] Flagging physics_budget as cheat
L 05/13/2022 - 03:59:06: [rcon_lock.smx] Flagging physics_debug_entity as cheat
L 05/13/2022 - 03:59:06: [rcon_lock.smx] Flagging physics_report_active as cheat
L 05/13/2022 - 03:59:06: [rcon_lock.smx] Flagging physics_select as cheat
L 05/13/2022 - 03:59:06: [rcon_lock.smx] report_entities already has cheats flag
L 05/13/2022 - 03:59:06: [rcon_lock.smx] report_touchlinks already has cheats flag
L 05/13/2022 - 03:59:06: [rcon_lock.smx] Couldn't find snd_digital_surround (this may be normal)
L 05/13/2022 - 03:59:06: [rcon_lock.smx] Flagging snd_restart as cheat
L 05/13/2022 - 03:59:06: [rcon_lock.smx] Couldn't find soundlist (this may be normal)
L 05/13/2022 - 03:59:06: [rcon_lock.smx] Flagging soundscape_flush as cheat
L 05/13/2022 - 03:59:06: [rcon_lock.smx] Couldn't find wc_update_entity (this may be normal)
L 05/13/2022 - 03:59:26: [basecommands.smx] "Console<0><Console><Console>" changed cvar (cvar "sv_minrate") (value "100000")
L 05/13/2022 - 03:59:26: [basecommands.smx] "Console<0><Console><Console>" changed cvar (cvar "sv_maxrate") (value "100000")
L 05/13/2022 - 03:59:26: [basecommands.smx] "Console<0><Console><Console>" changed cvar (cvar "sv_mincmdrate") (value "100")
L 05/13/2022 - 03:59:26: [basecommands.smx] "Console<0><Console><Console>" changed cvar (cvar "sv_maxcmdrate") (value "100")
L 05/13/2022 - 03:59:26: [basecommands.smx] "Console<0><Console><Console>" changed cvar (cvar "sv_maxupdaterate") (value "10sm_cvar")
L 05/13/2022 - 03:59:26: [basecommands.smx] "Console<0><Console><Console>" changed cvar (cvar "sv_maxrate") (value "100000")
L 05/13/2022 - 03:59:26: [basecommands.smx] "Console<0><Console><Console>" changed cvar (cvar "sv_minupdaterate") (value "100")
L 05/13/2022 - 03:59:26: [basecommands.smx] "Console<0><Console><Console>" changed cvar (cvar "sv_maxupdaterate") (value "100")
L 05/13/2022 - 03:59:26: [basecommands.smx] "Console<0><Console><Console>" changed cvar (cvar "sv_mincmdrate") (value "100")
L 05/13/2022 - 03:59:26: [basecommands.smx] "Console<0><Console><Console>" changed cvar (cvar "sv_maxcmdrate") (value "100")
L 05/13/2022 - 03:59:26: [basecommands.smx] "Console<0><Console><Console>" changed cvar (cvar "sv_client_min_interp_ratio") (value "-1")
L 05/13/2022 - 03:59:26: [basecommands.smx] "Console<0><Console><Console>" changed cvar (cvar "sv_client_max_interp_ratio") (value "0")
L 05/13/2022 - 03:59:26: [basecommands.smx] "Console<0><Console><Console>" changed cvar (cvar "nb_update_frequency") (value "0.014")
L 05/13/2022 - 03:59:26: [basecommands.smx] "Console<0><Console><Console>" changed cvar (cvar "net_splitpacket_maxrate") (value "50000")
L 05/13/2022 - 03:59:26: [basecommands.smx] "Console<0><Console><Console>" changed cvar (cvar "fps_max") (value "0")
L 05/13/2022 - 03:59:26: [basecommands.smx] "Console<0><Console><Console>" changed cvar (cvar "tick_door_speed") (value "1.30")
L 05/13/2022 - 03:59:26: [basecommands.smx] "Console<0><Console><Console>" changed cvar (cvar "sb_all_bot_game") (value "1")
L 05/13/2022 - 03:59:26: [basecommands.smx] "Console<0><Console><Console>" changed cvar (cvar "allow_all_bot_survivor_team") (value "0")
L 05/13/2022 - 03:59:57: SourceMod log file session started (file "/home/steam/l4d2/left4dead2/addons/sourcemod/logs/L20220513.log") (Version "1.10.0.6528")
L 05/13/2022 - 03:59:57: [rcon_lock.smx] 28 cheat commands
L 05/13/2022 - 03:59:57: [rcon_lock.smx] Couldn't find ai_test_los (this may be normal)
L 05/13/2022 - 03:59:57: [rcon_lock.smx] Flagging dbghist_dump as cheat
L 05/13/2022 - 03:59:57: [rcon_lock.smx] dump_entity_sizes already has cheats flag
L 05/13/2022 - 03:59:57: [rcon_lock.smx] Flagging dump_globals as cheat
L 05/13/2022 - 03:59:57: [rcon_lock.smx] Couldn't find dump_terrain (this may be normal)
L 05/13/2022 - 03:59:57: [rcon_lock.smx] Couldn't find dumpcountedstrings (this may be normal)
L 05/13/2022 - 03:59:57: [rcon_lock.smx] dumpentityfactories already has cheats flag
L 05/13/2022 - 03:59:57: [rcon_lock.smx] Flagging dumpeventqueue as cheat
L 05/13/2022 - 03:59:57: [rcon_lock.smx] Couldn't find es_version (this may be normal)
L 05/13/2022 - 03:59:57: [rcon_lock.smx] groundlist already has cheats flag
L 05/13/2022 - 03:59:57: [rcon_lock.smx] Flagging listmodels as cheat
L 05/13/2022 - 03:59:57: [rcon_lock.smx] Flagging mem_dump as cheat
L 05/13/2022 - 03:59:57: [rcon_lock.smx] Couldn't find mp_dump_timers (this may be normal)
L 05/13/2022 - 03:59:57: [rcon_lock.smx] Couldn't find npc_ammo_deplete (this may be normal)
L 05/13/2022 - 03:59:57: [rcon_lock.smx] Couldn't find npc_heal (this may be normal)
L 05/13/2022 - 03:59:57: [rcon_lock.smx] Couldn't find npc_speakall (this may be normal)
L 05/13/2022 - 03:59:57: [rcon_lock.smx] Couldn't find npc_thinknow (this may be normal)
L 05/13/2022 - 03:59:57: [rcon_lock.smx] Flagging physics_budget as cheat
L 05/13/2022 - 03:59:57: [rcon_lock.smx] Flagging physics_debug_entity as cheat
L 05/13/2022 - 03:59:57: [rcon_lock.smx] Flagging physics_report_active as cheat
L 05/13/2022 - 03:59:57: [rcon_lock.smx] Flagging physics_select as cheat
L 05/13/2022 - 03:59:57: [rcon_lock.smx] report_entities already has cheats flag
L 05/13/2022 - 03:59:57: [rcon_lock.smx] report_touchlinks already has cheats flag
L 05/13/2022 - 03:59:57: [rcon_lock.smx] Couldn't find snd_digital_surround (this may be normal)
L 05/13/2022 - 03:59:57: [rcon_lock.smx] Flagging snd_restart as cheat
L 05/13/2022 - 03:59:57: [rcon_lock.smx] Couldn't find soundlist (this may be normal)
L 05/13/2022 - 03:59:57: [rcon_lock.smx] Flagging soundscape_flush as cheat
L 05/13/2022 - 03:59:57: [rcon_lock.smx] Couldn't find wc_update_entity (this may be normal)
L 05/13/2022 - 04:00:18: [basecommands.smx] "Console<0><Console><Console>" changed cvar (cvar "sv_minrate") (value "100000")
L 05/13/2022 - 04:00:18: [basecommands.smx] "Console<0><Console><Console>" changed cvar (cvar "sv_maxrate") (value "100000")
L 05/13/2022 - 04:00:18: [basecommands.smx] "Console<0><Console><Console>" changed cvar (cvar "sv_mincmdrate") (value "100")
L 05/13/2022 - 04:00:18: [basecommands.smx] "Console<0><Console><Console>" changed cvar (cvar "sv_maxcmdrate") (value "100")
L 05/13/2022 - 04:00:18: [basecommands.smx] "Console<0><Console><Console>" changed cvar (cvar "sv_maxupdaterate") (value "10sm_cvar")
L 05/13/2022 - 04:00:18: [basecommands.smx] "Console<0><Console><Console>" changed cvar (cvar "sv_maxrate") (value "100000")
L 05/13/2022 - 04:00:18: [basecommands.smx] "Console<0><Console><Console>" changed cvar (cvar "sv_minupdaterate") (value "100")
L 05/13/2022 - 04:00:18: [basecommands.smx] "Console<0><Console><Console>" changed cvar (cvar "sv_maxupdaterate") (value "100")
L 05/13/2022 - 04:00:18: [basecommands.smx] "Console<0><Console><Console>" changed cvar (cvar "sv_mincmdrate") (value "100")
L 05/13/2022 - 04:00:18: [basecommands.smx] "Console<0><Console><Console>" changed cvar (cvar "sv_maxcmdrate") (value "100")
L 05/13/2022 - 04:00:18: [basecommands.smx] "Console<0><Console><Console>" changed cvar (cvar "sv_client_min_interp_ratio") (value "-1")
L 05/13/2022 - 04:00:18: [basecommands.smx] "Console<0><Console><Console>" changed cvar (cvar "sv_client_max_interp_ratio") (value "0")
L 05/13/2022 - 04:00:18: [basecommands.smx] "Console<0><Console><Console>" changed cvar (cvar "nb_update_frequency") (value "0.014")
L 05/13/2022 - 04:00:18: [basecommands.smx] "Console<0><Console><Console>" changed cvar (cvar "net_splitpacket_maxrate") (value "50000")
L 05/13/2022 - 04:00:18: [basecommands.smx] "Console<0><Console><Console>" changed cvar (cvar "fps_max") (value "0")
L 05/13/2022 - 04:00:18: [basecommands.smx] "Console<0><Console><Console>" changed cvar (cvar "tick_door_speed") (value "1.30")
L 05/13/2022 - 04:00:18: [basecommands.smx] "Console<0><Console><Console>" changed cvar (cvar "sb_all_bot_game") (value "1")
L 05/13/2022 - 04:00:18: [basecommands.smx] "Console<0><Console><Console>" changed cvar (cvar "allow_all_bot_survivor_team") (value "0")
L 05/13/2022 - 04:00:50: SourceMod log file session started (file "/home/steam/l4d2/left4dead2/addons/sourcemod/logs/L20220513.log") (Version "1.10.0.6528")
L 05/13/2022 - 04:00:50: [rcon_lock.smx] 28 cheat commands
L 05/13/2022 - 04:00:50: [rcon_lock.smx] Couldn't find ai_test_los (this may be normal)
L 05/13/2022 - 04:00:50: [rcon_lock.smx] Flagging dbghist_dump as cheat
L 05/13/2022 - 04:00:50: [rcon_lock.smx] dump_entity_sizes already has cheats flag
L 05/13/2022 - 04:00:50: [rcon_lock.smx] Flagging dump_globals as cheat
L 05/13/2022 - 04:00:50: [rcon_lock.smx] Couldn't find dump_terrain (this may be normal)
L 05/13/2022 - 04:00:50: [rcon_lock.smx] Couldn't find dumpcountedstrings (this may be normal)
L 05/13/2022 - 04:00:50: [rcon_lock.smx] dumpentityfactories already has cheats flag
L 05/13/2022 - 04:00:50: [rcon_lock.smx] Flagging dumpeventqueue as cheat
L 05/13/2022 - 04:00:50: [rcon_lock.smx] Couldn't find es_version (this may be normal)
L 05/13/2022 - 04:00:50: [rcon_lock.smx] groundlist already has cheats flag
L 05/13/2022 - 04:00:50: [rcon_lock.smx] Flagging listmodels as cheat
L 05/13/2022 - 04:00:50: [rcon_lock.smx] Flagging mem_dump as cheat
L 05/13/2022 - 04:00:50: [rcon_lock.smx] Couldn't find mp_dump_timers (this may be normal)
L 05/13/2022 - 04:00:50: [rcon_lock.smx] Couldn't find npc_ammo_deplete (this may be normal)
L 05/13/2022 - 04:00:50: [rcon_lock.smx] Couldn't find npc_heal (this may be normal)
L 05/13/2022 - 04:00:50: [rcon_lock.smx] Couldn't find npc_speakall (this may be normal)
L 05/13/2022 - 04:00:50: [rcon_lock.smx] Couldn't find npc_thinknow (this may be normal)
L 05/13/2022 - 04:00:50: [rcon_lock.smx] Flagging physics_budget as cheat
L 05/13/2022 - 04:00:50: [rcon_lock.smx] Flagging physics_debug_entity as cheat
L 05/13/2022 - 04:00:50: [rcon_lock.smx] Flagging physics_report_active as cheat
L 05/13/2022 - 04:00:50: [rcon_lock.smx] Flagging physics_select as cheat
L 05/13/2022 - 04:00:50: [rcon_lock.smx] report_entities already has cheats flag
L 05/13/2022 - 04:00:50: [rcon_lock.smx] report_touchlinks already has cheats flag
L 05/13/2022 - 04:00:50: [rcon_lock.smx] Couldn't find snd_digital_surround (this may be normal)
L 05/13/2022 - 04:00:50: [rcon_lock.smx] Flagging snd_restart as cheat
L 05/13/2022 - 04:00:50: [rcon_lock.smx] Couldn't find soundlist (this may be normal)
L 05/13/2022 - 04:00:50: [rcon_lock.smx] Flagging soundscape_flush as cheat
L 05/13/2022 - 04:00:50: [rcon_lock.smx] Couldn't find wc_update_entity (this may be normal)
L 05/13/2022 - 04:01:08: [basecommands.smx] "Console<0><Console><Console>" changed cvar (cvar "sv_minrate") (value "100000")
L 05/13/2022 - 04:01:08: [basecommands.smx] "Console<0><Console><Console>" changed cvar (cvar "sv_maxrate") (value "100000")
L 05/13/2022 - 04:01:08: [basecommands.smx] "Console<0><Console><Console>" changed cvar (cvar "sv_mincmdrate") (value "100")
L 05/13/2022 - 04:01:08: [basecommands.smx] "Console<0><Console><Console>" changed cvar (cvar "sv_maxcmdrate") (value "100")
L 05/13/2022 - 04:01:08: [basecommands.smx] "Console<0><Console><Console>" changed cvar (cvar "sv_maxupdaterate") (value "10sm_cvar")
L 05/13/2022 - 04:01:09: [basecommands.smx] "Console<0><Console><Console>" changed cvar (cvar "sv_maxrate") (value "100000")
L 05/13/2022 - 04:01:09: [basecommands.smx] "Console<0><Console><Console>" changed cvar (cvar "sv_minupdaterate") (value "100")
L 05/13/2022 - 04:01:09: [basecommands.smx] "Console<0><Console><Console>" changed cvar (cvar "sv_maxupdaterate") (value "100")
L 05/13/2022 - 04:01:09: [basecommands.smx] "Console<0><Console><Console>" changed cvar (cvar "sv_mincmdrate") (value "100")
L 05/13/2022 - 04:01:09: [basecommands.smx] "Console<0><Console><Console>" changed cvar (cvar "sv_maxcmdrate") (value "100")
L 05/13/2022 - 04:01:09: [basecommands.smx] "Console<0><Console><Console>" changed cvar (cvar "sv_client_min_interp_ratio") (value "-1")
L 05/13/2022 - 04:01:09: [basecommands.smx] "Console<0><Console><Console>" changed cvar (cvar "sv_client_max_interp_ratio") (value "0")
L 05/13/2022 - 04:01:09: [basecommands.smx] "Console<0><Console><Console>" changed cvar (cvar "nb_update_frequency") (value "0.014")
L 05/13/2022 - 04:01:09: [basecommands.smx] "Console<0><Console><Console>" changed cvar (cvar "net_splitpacket_maxrate") (value "50000")
L 05/13/2022 - 04:01:09: [basecommands.smx] "Console<0><Console><Console>" changed cvar (cvar "fps_max") (value "0")
L 05/13/2022 - 04:01:09: [basecommands.smx] "Console<0><Console><Console>" changed cvar (cvar "tick_door_speed") (value "1.30")
L 05/13/2022 - 04:01:09: [basecommands.smx] "Console<0><Console><Console>" changed cvar (cvar "sb_all_bot_game") (value "1")
L 05/13/2022 - 04:01:09: [basecommands.smx] "Console<0><Console><Console>" changed cvar (cvar "allow_all_bot_survivor_team") (value "0")
L 05/13/2022 - 04:01:40: SourceMod log file session started (file "/home/steam/l4d2/left4dead2/addons/sourcemod/logs/L20220513.log") (Version "1.10.0.6528")
L 05/13/2022 - 04:01:40: [rcon_lock.smx] 28 cheat commands
L 05/13/2022 - 04:01:40: [rcon_lock.smx] Couldn't find ai_test_los (this may be normal)
L 05/13/2022 - 04:01:40: [rcon_lock.smx] Flagging dbghist_dump as cheat
L 05/13/2022 - 04:01:40: [rcon_lock.smx] dump_entity_sizes already has cheats flag
L 05/13/2022 - 04:01:40: [rcon_lock.smx] Flagging dump_globals as cheat
L 05/13/2022 - 04:01:40: [rcon_lock.smx] Couldn't find dump_terrain (this may be normal)
L 05/13/2022 - 04:01:40: [rcon_lock.smx] Couldn't find dumpcountedstrings (this may be normal)
L 05/13/2022 - 04:01:40: [rcon_lock.smx] dumpentityfactories already has cheats flag
L 05/13/2022 - 04:01:40: [rcon_lock.smx] Flagging dumpeventqueue as cheat
L 05/13/2022 - 04:01:40: [rcon_lock.smx] Couldn't find es_version (this may be normal)
L 05/13/2022 - 04:01:40: [rcon_lock.smx] groundlist already has cheats flag
L 05/13/2022 - 04:01:40: [rcon_lock.smx] Flagging listmodels as cheat
L 05/13/2022 - 04:01:40: [rcon_lock.smx] Flagging mem_dump as cheat
L 05/13/2022 - 04:01:40: [rcon_lock.smx] Couldn't find mp_dump_timers (this may be normal)
L 05/13/2022 - 04:01:40: [rcon_lock.smx] Couldn't find npc_ammo_deplete (this may be normal)
L 05/13/2022 - 04:01:40: [rcon_lock.smx] Couldn't find npc_heal (this may be normal)
L 05/13/2022 - 04:01:40: [rcon_lock.smx] Couldn't find npc_speakall (this may be normal)
L 05/13/2022 - 04:01:40: [rcon_lock.smx] Couldn't find npc_thinknow (this may be normal)
L 05/13/2022 - 04:01:40: [rcon_lock.smx] Flagging physics_budget as cheat
L 05/13/2022 - 04:01:40: [rcon_lock.smx] Flagging physics_debug_entity as cheat
L 05/13/2022 - 04:01:40: [rcon_lock.smx] Flagging physics_report_active as cheat
L 05/13/2022 - 04:01:40: [rcon_lock.smx] Flagging physics_select as cheat
L 05/13/2022 - 04:01:40: [rcon_lock.smx] report_entities already has cheats flag
L 05/13/2022 - 04:01:40: [rcon_lock.smx] report_touchlinks already has cheats flag
L 05/13/2022 - 04:01:40: [rcon_lock.smx] Couldn't find snd_digital_surround (this may be normal)
L 05/13/2022 - 04:01:40: [rcon_lock.smx] Flagging snd_restart as cheat
L 05/13/2022 - 04:01:40: [rcon_lock.smx] Couldn't find soundlist (this may be normal)
L 05/13/2022 - 04:01:40: [rcon_lock.smx] Flagging soundscape_flush as cheat
L 05/13/2022 - 04:01:40: [rcon_lock.smx] Couldn't find wc_update_entity (this may be normal)
L 05/13/2022 - 04:01:59: [basecommands.smx] "Console<0><Console><Console>" changed cvar (cvar "sv_minrate") (value "100000")
L 05/13/2022 - 04:01:59: [basecommands.smx] "Console<0><Console><Console>" changed cvar (cvar "sv_maxrate") (value "100000")
L 05/13/2022 - 04:01:59: [basecommands.smx] "Console<0><Console><Console>" changed cvar (cvar "sv_mincmdrate") (value "100")
L 05/13/2022 - 04:01:59: [basecommands.smx] "Console<0><Console><Console>" changed cvar (cvar "sv_maxcmdrate") (value "100")
L 05/13/2022 - 04:01:59: [basecommands.smx] "Console<0><Console><Console>" changed cvar (cvar "sv_maxupdaterate") (value "10sm_cvar")
L 05/13/2022 - 04:01:59: [basecommands.smx] "Console<0><Console><Console>" changed cvar (cvar "sv_maxrate") (value "100000")
L 05/13/2022 - 04:01:59: [basecommands.smx] "Console<0><Console><Console>" changed cvar (cvar "sv_minupdaterate") (value "100")
L 05/13/2022 - 04:01:59: [basecommands.smx] "Console<0><Console><Console>" changed cvar (cvar "sv_maxupdaterate") (value "100")
L 05/13/2022 - 04:01:59: [basecommands.smx] "Console<0><Console><Console>" changed cvar (cvar "sv_mincmdrate") (value "100")
L 05/13/2022 - 04:01:59: [basecommands.smx] "Console<0><Console><Console>" changed cvar (cvar "sv_maxcmdrate") (value "100")
L 05/13/2022 - 04:01:59: [basecommands.smx] "Console<0><Console><Console>" changed cvar (cvar "sv_client_min_interp_ratio") (value "-1")
L 05/13/2022 - 04:01:59: [basecommands.smx] "Console<0><Console><Console>" changed cvar (cvar "sv_client_max_interp_ratio") (value "0")
L 05/13/2022 - 04:01:59: [basecommands.smx] "Console<0><Console><Console>" changed cvar (cvar "nb_update_frequency") (value "0.014")
L 05/13/2022 - 04:01:59: [basecommands.smx] "Console<0><Console><Console>" changed cvar (cvar "net_splitpacket_maxrate") (value "50000")
L 05/13/2022 - 04:01:59: [basecommands.smx] "Console<0><Console><Console>" changed cvar (cvar "fps_max") (value "0")
L 05/13/2022 - 04:01:59: [basecommands.smx] "Console<0><Console><Console>" changed cvar (cvar "tick_door_speed") (value "1.30")
L 05/13/2022 - 04:01:59: [basecommands.smx] "Console<0><Console><Console>" changed cvar (cvar "sb_all_bot_game") (value "1")
L 05/13/2022 - 04:01:59: [basecommands.smx] "Console<0><Console><Console>" changed cvar (cvar "allow_all_bot_survivor_team") (value "0")
L 05/13/2022 - 04:02:17: SourceMod log file session started (file "/home/steam/l4d2/left4dead2/addons/sourcemod/logs/L20220513.log") (Version "1.10.0.6528")
L 05/13/2022 - 04:02:17: [rcon_lock.smx] 28 cheat commands
L 05/13/2022 - 04:02:17: [rcon_lock.smx] Couldn't find ai_test_los (this may be normal)
L 05/13/2022 - 04:02:17: [rcon_lock.smx] Flagging dbghist_dump as cheat
L 05/13/2022 - 04:02:17: [rcon_lock.smx] dump_entity_sizes already has cheats flag
L 05/13/2022 - 04:02:17: [rcon_lock.smx] Flagging dump_globals as cheat
L 05/13/2022 - 04:02:17: [rcon_lock.smx] Couldn't find dump_terrain (this may be normal)
L 05/13/2022 - 04:02:17: [rcon_lock.smx] Couldn't find dumpcountedstrings (this may be normal)
L 05/13/2022 - 04:02:17: [rcon_lock.smx] dumpentityfactories already has cheats flag
L 05/13/2022 - 04:02:17: [rcon_lock.smx] Flagging dumpeventqueue as cheat
L 05/13/2022 - 04:02:17: [rcon_lock.smx] Couldn't find es_version (this may be normal)
L 05/13/2022 - 04:02:17: [rcon_lock.smx] groundlist already has cheats flag
L 05/13/2022 - 04:02:17: [rcon_lock.smx] Flagging listmodels as cheat
L 05/13/2022 - 04:02:17: [rcon_lock.smx] Flagging mem_dump as cheat
L 05/13/2022 - 04:02:17: [rcon_lock.smx] Couldn't find mp_dump_timers (this may be normal)
L 05/13/2022 - 04:02:17: [rcon_lock.smx] Couldn't find npc_ammo_deplete (this may be normal)
L 05/13/2022 - 04:02:17: [rcon_lock.smx] Couldn't find npc_heal (this may be normal)
L 05/13/2022 - 04:02:17: [rcon_lock.smx] Couldn't find npc_speakall (this may be normal)
L 05/13/2022 - 04:02:17: [rcon_lock.smx] Couldn't find npc_thinknow (this may be normal)
L 05/13/2022 - 04:02:17: [rcon_lock.smx] Flagging physics_budget as cheat
L 05/13/2022 - 04:02:17: [rcon_lock.smx] Flagging physics_debug_entity as cheat
L 05/13/2022 - 04:02:17: [rcon_lock.smx] Flagging physics_report_active as cheat
L 05/13/2022 - 04:02:17: [rcon_lock.smx] Flagging physics_select as cheat
L 05/13/2022 - 04:02:17: [rcon_lock.smx] report_entities already has cheats flag
L 05/13/2022 - 04:02:17: [rcon_lock.smx] report_touchlinks already has cheats flag
L 05/13/2022 - 04:02:17: [rcon_lock.smx] Couldn't find snd_digital_surround (this may be normal)
L 05/13/2022 - 04:02:17: [rcon_lock.smx] Flagging snd_restart as cheat
L 05/13/2022 - 04:02:17: [rcon_lock.smx] Couldn't find soundlist (this may be normal)
L 05/13/2022 - 04:02:17: [rcon_lock.smx] Flagging soundscape_flush as cheat
L 05/13/2022 - 04:02:17: [rcon_lock.smx] Couldn't find wc_update_entity (this may be normal)
L 05/13/2022 - 04:02:18: [basecommands.smx] "Console<0><Console><Console>" changed cvar (cvar "sv_minrate") (value "100000")
L 05/13/2022 - 04:02:18: [basecommands.smx] "Console<0><Console><Console>" changed cvar (cvar "sv_maxrate") (value "100000")
L 05/13/2022 - 04:02:18: [basecommands.smx] "Console<0><Console><Console>" changed cvar (cvar "sv_mincmdrate") (value "100")
L 05/13/2022 - 04:02:18: [basecommands.smx] "Console<0><Console><Console>" changed cvar (cvar "sv_maxcmdrate") (value "100")
L 05/13/2022 - 04:02:18: [basecommands.smx] "Console<0><Console><Console>" changed cvar (cvar "sv_maxupdaterate") (value "10sm_cvar")
L 05/13/2022 - 04:02:18: [basecommands.smx] "Console<0><Console><Console>" changed cvar (cvar "sv_maxrate") (value "100000")
L 05/13/2022 - 04:02:18: [basecommands.smx] "Console<0><Console><Console>" changed cvar (cvar "sv_minupdaterate") (value "100")
L 05/13/2022 - 04:02:18: [basecommands.smx] "Console<0><Console><Console>" changed cvar (cvar "sv_maxupdaterate") (value "100")
L 05/13/2022 - 04:02:18: [basecommands.smx] "Console<0><Console><Console>" changed cvar (cvar "sv_mincmdrate") (value "100")
L 05/13/2022 - 04:02:18: [basecommands.smx] "Console<0><Console><Console>" changed cvar (cvar "sv_maxcmdrate") (value "100")
L 05/13/2022 - 04:02:18: [basecommands.smx] "Console<0><Console><Console>" changed cvar (cvar "sv_client_min_interp_ratio") (value "-1")
L 05/13/2022 - 04:02:18: [basecommands.smx] "Console<0><Console><Console>" changed cvar (cvar "sv_client_max_interp_ratio") (value "0")
L 05/13/2022 - 04:02:18: [basecommands.smx] "Console<0><Console><Console>" changed cvar (cvar "nb_update_frequency") (value "0.014")
L 05/13/2022 - 04:02:18: [basecommands.smx] "Console<0><Console><Console>" changed cvar (cvar "net_splitpacket_maxrate") (value "50000")
L 05/13/2022 - 04:02:18: [basecommands.smx] "Console<0><Console><Console>" changed cvar (cvar "fps_max") (value "0")
L 05/13/2022 - 04:02:18: [basecommands.smx] "Console<0><Console><Console>" changed cvar (cvar "tick_door_speed") (value "1.30")
L 05/13/2022 - 04:02:18: [basecommands.smx] "Console<0><Console><Console>" changed cvar (cvar "sb_all_bot_game") (value "1")
L 05/13/2022 - 04:02:18: [basecommands.smx] "Console<0><Console><Console>" changed cvar (cvar "allow_all_bot_survivor_team") (value "0")
L 05/13/2022 - 04:40:15: -------- Mapchange to l4d2_tank_challenge_30_rounds --------
L 05/13/2022 - 04:40:17: [basecommands.smx] "Console<0><Console><Console>" changed cvar (cvar "sv_minrate") (value "100000")
L 05/13/2022 - 04:40:17: [basecommands.smx] "Console<0><Console><Console>" changed cvar (cvar "sv_maxrate") (value "100000")
L 05/13/2022 - 04:40:17: [basecommands.smx] "Console<0><Console><Console>" changed cvar (cvar "sv_mincmdrate") (value "100")
L 05/13/2022 - 04:40:17: [basecommands.smx] "Console<0><Console><Console>" changed cvar (cvar "sv_maxcmdrate") (value "100")
L 05/13/2022 - 04:40:17: [basecommands.smx] "Console<0><Console><Console>" changed cvar (cvar "sv_maxupdaterate") (value "10sm_cvar")
L 05/13/2022 - 04:40:17: [basecommands.smx] "Console<0><Console><Console>" changed cvar (cvar "sv_maxrate") (value "100000")
L 05/13/2022 - 04:40:17: [basecommands.smx] "Console<0><Console><Console>" changed cvar (cvar "sv_minupdaterate") (value "100")
L 05/13/2022 - 04:40:17: [basecommands.smx] "Console<0><Console><Console>" changed cvar (cvar "sv_maxupdaterate") (value "100")
L 05/13/2022 - 04:40:17: [basecommands.smx] "Console<0><Console><Console>" changed cvar (cvar "sv_mincmdrate") (value "100")
L 05/13/2022 - 04:40:17: [basecommands.smx] "Console<0><Console><Console>" changed cvar (cvar "sv_maxcmdrate") (value "100")
L 05/13/2022 - 04:40:17: [basecommands.smx] "Console<0><Console><Console>" changed cvar (cvar "sv_client_min_interp_ratio") (value "-1")
L 05/13/2022 - 04:40:17: [basecommands.smx] "Console<0><Console><Console>" changed cvar (cvar "sv_client_max_interp_ratio") (value "0")
L 05/13/2022 - 04:40:17: [basecommands.smx] "Console<0><Console><Console>" changed cvar (cvar "nb_update_frequency") (value "0.014")
L 05/13/2022 - 04:40:17: [basecommands.smx] "Console<0><Console><Console>" changed cvar (cvar "net_splitpacket_maxrate") (value "50000")
L 05/13/2022 - 04:40:17: [basecommands.smx] "Console<0><Console><Console>" changed cvar (cvar "fps_max") (value "0")
L 05/13/2022 - 04:40:17: [basecommands.smx] "Console<0><Console><Console>" changed cvar (cvar "tick_door_speed") (value "1.30")
L 05/13/2022 - 04:40:17: [basecommands.smx] "Console<0><Console><Console>" changed cvar (cvar "sb_all_bot_game") (value "1")
L 05/13/2022 - 04:40:17: [basecommands.smx] "Console<0><Console><Console>" changed cvar (cvar "allow_all_bot_survivor_team") (value "0")
L 05/13/2022 - 10:08:39: SourceMod log file session started (file "/home/steam/l4d2/left4dead2/addons/sourcemod/logs/L20220513.log") (Version "1.10.0.6528")
L 05/13/2022 - 10:08:39: [rcon_lock.smx] 28 cheat commands
L 05/13/2022 - 10:08:39: [rcon_lock.smx] Couldn't find ai_test_los (this may be normal)
L 05/13/2022 - 10:08:39: [rcon_lock.smx] Flagging dbghist_dump as cheat
L 05/13/2022 - 10:08:39: [rcon_lock.smx] dump_entity_sizes already has cheats flag
L 05/13/2022 - 10:08:39: [rcon_lock.smx] Flagging dump_globals as cheat
L 05/13/2022 - 10:08:39: [rcon_lock.smx] Couldn't find dump_terrain (this may be normal)
L 05/13/2022 - 10:08:39: [rcon_lock.smx] Couldn't find dumpcountedstrings (this may be normal)
L 05/13/2022 - 10:08:39: [rcon_lock.smx] dumpentityfactories already has cheats flag
L 05/13/2022 - 10:08:39: [rcon_lock.smx] Flagging dumpeventqueue as cheat
L 05/13/2022 - 10:08:39: [rcon_lock.smx] Couldn't find es_version (this may be normal)
L 05/13/2022 - 10:08:39: [rcon_lock.smx] groundlist already has cheats flag
L 05/13/2022 - 10:08:39: [rcon_lock.smx] Flagging listmodels as cheat
L 05/13/2022 - 10:08:39: [rcon_lock.smx] Flagging mem_dump as cheat
L 05/13/2022 - 10:08:39: [rcon_lock.smx] Couldn't find mp_dump_timers (this may be normal)
L 05/13/2022 - 10:08:39: [rcon_lock.smx] Couldn't find npc_ammo_deplete (this may be normal)
L 05/13/2022 - 10:08:39: [rcon_lock.smx] Couldn't find npc_heal (this may be normal)
L 05/13/2022 - 10:08:39: [rcon_lock.smx] Couldn't find npc_speakall (this may be normal)
L 05/13/2022 - 10:08:39: [rcon_lock.smx] Couldn't find npc_thinknow (this may be normal)
L 05/13/2022 - 10:08:39: [rcon_lock.smx] Flagging physics_budget as cheat
L 05/13/2022 - 10:08:39: [rcon_lock.smx] Flagging physics_debug_entity as cheat
L 05/13/2022 - 10:08:39: [rcon_lock.smx] Flagging physics_report_active as cheat
L 05/13/2022 - 10:08:39: [rcon_lock.smx] Flagging physics_select as cheat
L 05/13/2022 - 10:08:39: [rcon_lock.smx] report_entities already has cheats flag
L 05/13/2022 - 10:08:39: [rcon_lock.smx] report_touchlinks already has cheats flag
L 05/13/2022 - 10:08:39: [rcon_lock.smx] Couldn't find snd_digital_surround (this may be normal)
L 05/13/2022 - 10:08:39: [rcon_lock.smx] Flagging snd_restart as cheat
L 05/13/2022 - 10:08:39: [rcon_lock.smx] Couldn't find soundlist (this may be normal)
L 05/13/2022 - 10:08:39: [rcon_lock.smx] Flagging soundscape_flush as cheat
L 05/13/2022 - 10:08:39: [rcon_lock.smx] Couldn't find wc_update_entity (this may be normal)
L 05/13/2022 - 10:08:44: [basecommands.smx] "Console<0><Console><Console>" changed cvar (cvar "sv_minrate") (value "100000")
L 05/13/2022 - 10:08:44: [basecommands.smx] "Console<0><Console><Console>" changed cvar (cvar "sv_maxrate") (value "100000")
L 05/13/2022 - 10:08:44: [basecommands.smx] "Console<0><Console><Console>" changed cvar (cvar "sv_mincmdrate") (value "100")
L 05/13/2022 - 10:08:44: [basecommands.smx] "Console<0><Console><Console>" changed cvar (cvar "sv_maxcmdrate") (value "100")
L 05/13/2022 - 10:08:44: [basecommands.smx] "Console<0><Console><Console>" changed cvar (cvar "sv_maxupdaterate") (value "10sm_cvar")
L 05/13/2022 - 10:08:44: [basecommands.smx] "Console<0><Console><Console>" changed cvar (cvar "sv_maxrate") (value "100000")
L 05/13/2022 - 10:08:44: [basecommands.smx] "Console<0><Console><Console>" changed cvar (cvar "sv_minupdaterate") (value "100")
L 05/13/2022 - 10:08:44: [basecommands.smx] "Console<0><Console><Console>" changed cvar (cvar "sv_maxupdaterate") (value "100")
L 05/13/2022 - 10:08:44: [basecommands.smx] "Console<0><Console><Console>" changed cvar (cvar "sv_mincmdrate") (value "100")
L 05/13/2022 - 10:08:44: [basecommands.smx] "Console<0><Console><Console>" changed cvar (cvar "sv_maxcmdrate") (value "100")
L 05/13/2022 - 10:08:44: [basecommands.smx] "Console<0><Console><Console>" changed cvar (cvar "sv_client_min_interp_ratio") (value "-1")
L 05/13/2022 - 10:08:44: [basecommands.smx] "Console<0><Console><Console>" changed cvar (cvar "sv_client_max_interp_ratio") (value "0")
L 05/13/2022 - 10:08:44: [basecommands.smx] "Console<0><Console><Console>" changed cvar (cvar "nb_update_frequency") (value "0.014")
L 05/13/2022 - 10:08:44: [basecommands.smx] "Console<0><Console><Console>" changed cvar (cvar "net_splitpacket_maxrate") (value "50000")
L 05/13/2022 - 10:08:44: [basecommands.smx] "Console<0><Console><Console>" changed cvar (cvar "fps_max") (value "0")
L 05/13/2022 - 10:08:44: [basecommands.smx] "Console<0><Console><Console>" changed cvar (cvar "tick_door_speed") (value "1.30")
L 05/13/2022 - 10:08:44: [basecommands.smx] "Console<0><Console><Console>" changed cvar (cvar "sb_all_bot_game") (value "1")
L 05/13/2022 - 10:08:44: [basecommands.smx] "Console<0><Console><Console>" changed cvar (cvar "allow_all_bot_survivor_team") (value "0")
L 05/13/2022 - 20:35:23: SourceMod log file session started (file "/home/steam/l4d2/left4dead2/addons/sourcemod/logs/L20220513.log") (Version "1.10.0.6528")
L 05/13/2022 - 20:35:23: [rcon_lock.smx] 28 cheat commands
L 05/13/2022 - 20:35:23: [rcon_lock.smx] Couldn't find ai_test_los (this may be normal)
L 05/13/2022 - 20:35:23: [rcon_lock.smx] Flagging dbghist_dump as cheat
L 05/13/2022 - 20:35:23: [rcon_lock.smx] dump_entity_sizes already has cheats flag
L 05/13/2022 - 20:35:23: [rcon_lock.smx] Flagging dump_globals as cheat
L 05/13/2022 - 20:35:23: [rcon_lock.smx] Couldn't find dump_terrain (this may be normal)
L 05/13/2022 - 20:35:23: [rcon_lock.smx] Couldn't find dumpcountedstrings (this may be normal)
L 05/13/2022 - 20:35:23: [rcon_lock.smx] dumpentityfactories already has cheats flag
L 05/13/2022 - 20:35:23: [rcon_lock.smx] Flagging dumpeventqueue as cheat
L 05/13/2022 - 20:35:23: [rcon_lock.smx] Couldn't find es_version (this may be normal)
L 05/13/2022 - 20:35:23: [rcon_lock.smx] groundlist already has cheats flag
L 05/13/2022 - 20:35:23: [rcon_lock.smx] Flagging listmodels as cheat
L 05/13/2022 - 20:35:23: [rcon_lock.smx] Flagging mem_dump as cheat
L 05/13/2022 - 20:35:23: [rcon_lock.smx] Couldn't find mp_dump_timers (this may be normal)
L 05/13/2022 - 20:35:23: [rcon_lock.smx] Couldn't find npc_ammo_deplete (this may be normal)
L 05/13/2022 - 20:35:23: [rcon_lock.smx] Couldn't find npc_heal (this may be normal)
L 05/13/2022 - 20:35:23: [rcon_lock.smx] Couldn't find npc_speakall (this may be normal)
L 05/13/2022 - 20:35:23: [rcon_lock.smx] Couldn't find npc_thinknow (this may be normal)
L 05/13/2022 - 20:35:23: [rcon_lock.smx] Flagging physics_budget as cheat
L 05/13/2022 - 20:35:23: [rcon_lock.smx] Flagging physics_debug_entity as cheat
L 05/13/2022 - 20:35:23: [rcon_lock.smx] Flagging physics_report_active as cheat
L 05/13/2022 - 20:35:23: [rcon_lock.smx] Flagging physics_select as cheat
L 05/13/2022 - 20:35:23: [rcon_lock.smx] report_entities already has cheats flag
L 05/13/2022 - 20:35:23: [rcon_lock.smx] report_touchlinks already has cheats flag
L 05/13/2022 - 20:35:23: [rcon_lock.smx] Couldn't find snd_digital_surround (this may be normal)
L 05/13/2022 - 20:35:23: [rcon_lock.smx] Flagging snd_restart as cheat
L 05/13/2022 - 20:35:23: [rcon_lock.smx] Couldn't find soundlist (this may be normal)
L 05/13/2022 - 20:35:23: [rcon_lock.smx] Flagging soundscape_flush as cheat
L 05/13/2022 - 20:35:23: [rcon_lock.smx] Couldn't find wc_update_entity (this may be normal)
L 05/13/2022 - 20:35:29: [basecommands.smx] "Console<0><Console><Console>" changed cvar (cvar "sv_minrate") (value "100000")
L 05/13/2022 - 20:35:29: [basecommands.smx] "Console<0><Console><Console>" changed cvar (cvar "sv_maxrate") (value "100000")
L 05/13/2022 - 20:35:29: [basecommands.smx] "Console<0><Console><Console>" changed cvar (cvar "sv_mincmdrate") (value "100")
L 05/13/2022 - 20:35:29: [basecommands.smx] "Console<0><Console><Console>" changed cvar (cvar "sv_maxcmdrate") (value "100")
L 05/13/2022 - 20:35:29: [basecommands.smx] "Console<0><Console><Console>" changed cvar (cvar "sv_maxupdaterate") (value "10sm_cvar")
L 05/13/2022 - 20:35:29: [basecommands.smx] "Console<0><Console><Console>" changed cvar (cvar "sv_maxrate") (value "100000")
L 05/13/2022 - 20:35:29: [basecommands.smx] "Console<0><Console><Console>" changed cvar (cvar "sv_minupdaterate") (value "100")
L 05/13/2022 - 20:35:29: [basecommands.smx] "Console<0><Console><Console>" changed cvar (cvar "sv_maxupdaterate") (value "100")
L 05/13/2022 - 20:35:29: [basecommands.smx] "Console<0><Console><Console>" changed cvar (cvar "sv_mincmdrate") (value "100")
L 05/13/2022 - 20:35:29: [basecommands.smx] "Console<0><Console><Console>" changed cvar (cvar "sv_maxcmdrate") (value "100")
L 05/13/2022 - 20:35:29: [basecommands.smx] "Console<0><Console><Console>" changed cvar (cvar "sv_client_min_interp_ratio") (value "-1")
L 05/13/2022 - 20:35:29: [basecommands.smx] "Console<0><Console><Console>" changed cvar (cvar "sv_client_max_interp_ratio") (value "0")
L 05/13/2022 - 20:35:29: [basecommands.smx] "Console<0><Console><Console>" changed cvar (cvar "nb_update_frequency") (value "0.014")
L 05/13/2022 - 20:35:29: [basecommands.smx] "Console<0><Console><Console>" changed cvar (cvar "net_splitpacket_maxrate") (value "50000")
L 05/13/2022 - 20:35:29: [basecommands.smx] "Console<0><Console><Console>" changed cvar (cvar "fps_max") (value "0")
L 05/13/2022 - 20:35:29: [basecommands.smx] "Console<0><Console><Console>" changed cvar (cvar "tick_door_speed") (value "1.30")
L 05/13/2022 - 20:35:29: [basecommands.smx] "Console<0><Console><Console>" changed cvar (cvar "sb_all_bot_game") (value "1")
L 05/13/2022 - 20:35:29: [basecommands.smx] "Console<0><Console><Console>" changed cvar (cvar "allow_all_bot_survivor_team") (value "0")
L 05/13/2022 - 20:36:17: -------- Mapchange to c8m1_apartment --------
L 05/13/2022 - 20:36:20: [basecommands.smx] "Console<0><Console><Console>" changed cvar (cvar "sv_minrate") (value "100000")
L 05/13/2022 - 20:36:20: [basecommands.smx] "Console<0><Console><Console>" changed cvar (cvar "sv_maxrate") (value "100000")
L 05/13/2022 - 20:36:20: [basecommands.smx] "Console<0><Console><Console>" changed cvar (cvar "sv_mincmdrate") (value "100")
L 05/13/2022 - 20:36:20: [basecommands.smx] "Console<0><Console><Console>" changed cvar (cvar "sv_maxcmdrate") (value "100")
L 05/13/2022 - 20:36:20: [basecommands.smx] "Console<0><Console><Console>" changed cvar (cvar "sv_maxupdaterate") (value "10sm_cvar")
L 05/13/2022 - 20:36:20: [basecommands.smx] "Console<0><Console><Console>" changed cvar (cvar "sv_maxrate") (value "100000")
L 05/13/2022 - 20:36:20: [basecommands.smx] "Console<0><Console><Console>" changed cvar (cvar "sv_minupdaterate") (value "100")
L 05/13/2022 - 20:36:20: [basecommands.smx] "Console<0><Console><Console>" changed cvar (cvar "sv_maxupdaterate") (value "100")
L 05/13/2022 - 20:36:20: [basecommands.smx] "Console<0><Console><Console>" changed cvar (cvar "sv_mincmdrate") (value "100")
L 05/13/2022 - 20:36:20: [basecommands.smx] "Console<0><Console><Console>" changed cvar (cvar "sv_maxcmdrate") (value "100")
L 05/13/2022 - 20:36:20: [basecommands.smx] "Console<0><Console><Console>" changed cvar (cvar "sv_client_min_interp_ratio") (value "-1")
L 05/13/2022 - 20:36:20: [basecommands.smx] "Console<0><Console><Console>" changed cvar (cvar "sv_client_max_interp_ratio") (value "0")
L 05/13/2022 - 20:36:20: [basecommands.smx] "Console<0><Console><Console>" changed cvar (cvar "nb_update_frequency") (value "0.014")
L 05/13/2022 - 20:36:20: [basecommands.smx] "Console<0><Console><Console>" changed cvar (cvar "net_splitpacket_maxrate") (value "50000")
L 05/13/2022 - 20:36:20: [basecommands.smx] "Console<0><Console><Console>" changed cvar (cvar "fps_max") (value "0")
L 05/13/2022 - 20:36:20: [basecommands.smx] "Console<0><Console><Console>" changed cvar (cvar "tick_door_speed") (value "1.30")
L 05/13/2022 - 20:36:20: [basecommands.smx] "Console<0><Console><Console>" changed cvar (cvar "sb_all_bot_game") (value "1")
L 05/13/2022 - 20:36:20: [basecommands.smx] "Console<0><Console><Console>" changed cvar (cvar "allow_all_bot_survivor_team") (value "0")
L 05/13/2022 - 23:54:58: SourceMod log file session started (file "/home/steam/l4d2/left4dead2/addons/sourcemod/logs/L20220513.log") (Version "1.10.0.6528")
L 05/13/2022 - 23:54:58: [rcon_lock.smx] 28 cheat commands
L 05/13/2022 - 23:54:58: [rcon_lock.smx] Couldn't find ai_test_los (this may be normal)
L 05/13/2022 - 23:54:58: [rcon_lock.smx] Flagging dbghist_dump as cheat
L 05/13/2022 - 23:54:58: [rcon_lock.smx] dump_entity_sizes already has cheats flag
L 05/13/2022 - 23:54:58: [rcon_lock.smx] Flagging dump_globals as cheat
L 05/13/2022 - 23:54:58: [rcon_lock.smx] Couldn't find dump_terrain (this may be normal)
L 05/13/2022 - 23:54:58: [rcon_lock.smx] Couldn't find dumpcountedstrings (this may be normal)
L 05/13/2022 - 23:54:58: [rcon_lock.smx] dumpentityfactories already has cheats flag
L 05/13/2022 - 23:54:58: [rcon_lock.smx] Flagging dumpeventqueue as cheat
L 05/13/2022 - 23:54:58: [rcon_lock.smx] Couldn't find es_version (this may be normal)
L 05/13/2022 - 23:54:58: [rcon_lock.smx] groundlist already has cheats flag
L 05/13/2022 - 23:54:58: [rcon_lock.smx] Flagging listmodels as cheat
L 05/13/2022 - 23:54:58: [rcon_lock.smx] Flagging mem_dump as cheat
L 05/13/2022 - 23:54:58: [rcon_lock.smx] Couldn't find mp_dump_timers (this may be normal)
L 05/13/2022 - 23:54:58: [rcon_lock.smx] Couldn't find npc_ammo_deplete (this may be normal)
L 05/13/2022 - 23:54:58: [rcon_lock.smx] Couldn't find npc_heal (this may be normal)
L 05/13/2022 - 23:54:58: [rcon_lock.smx] Couldn't find npc_speakall (this may be normal)
L 05/13/2022 - 23:54:58: [rcon_lock.smx] Couldn't find npc_thinknow (this may be normal)
L 05/13/2022 - 23:54:58: [rcon_lock.smx] Flagging physics_budget as cheat
L 05/13/2022 - 23:54:58: [rcon_lock.smx] Flagging physics_debug_entity as cheat
L 05/13/2022 - 23:54:58: [rcon_lock.smx] Flagging physics_report_active as cheat
L 05/13/2022 - 23:54:58: [rcon_lock.smx] Flagging physics_select as cheat
L 05/13/2022 - 23:54:58: [rcon_lock.smx] report_entities already has cheats flag
L 05/13/2022 - 23:54:58: [rcon_lock.smx] report_touchlinks already has cheats flag
L 05/13/2022 - 23:54:58: [rcon_lock.smx] Couldn't find snd_digital_surround (this may be normal)
L 05/13/2022 - 23:54:58: [rcon_lock.smx] Flagging snd_restart as cheat
L 05/13/2022 - 23:54:58: [rcon_lock.smx] Couldn't find soundlist (this may be normal)
L 05/13/2022 - 23:54:58: [rcon_lock.smx] Flagging soundscape_flush as cheat
L 05/13/2022 - 23:54:58: [rcon_lock.smx] Couldn't find wc_update_entity (this may be normal)
L 05/13/2022 - 23:55:04: [basecommands.smx] "Console<0><Console><Console>" changed cvar (cvar "sv_minrate") (value "100000")
L 05/13/2022 - 23:55:04: [basecommands.smx] "Console<0><Console><Console>" changed cvar (cvar "sv_maxrate") (value "100000")
L 05/13/2022 - 23:55:04: [basecommands.smx] "Console<0><Console><Console>" changed cvar (cvar "sv_mincmdrate") (value "100")
L 05/13/2022 - 23:55:04: [basecommands.smx] "Console<0><Console><Console>" changed cvar (cvar "sv_maxcmdrate") (value "100")
L 05/13/2022 - 23:55:04: [basecommands.smx] "Console<0><Console><Console>" changed cvar (cvar "sv_maxupdaterate") (value "10sm_cvar")
L 05/13/2022 - 23:55:04: [basecommands.smx] "Console<0><Console><Console>" changed cvar (cvar "sv_maxrate") (value "100000")
L 05/13/2022 - 23:55:04: [basecommands.smx] "Console<0><Console><Console>" changed cvar (cvar "sv_minupdaterate") (value "100")
L 05/13/2022 - 23:55:04: [basecommands.smx] "Console<0><Console><Console>" changed cvar (cvar "sv_maxupdaterate") (value "100")
L 05/13/2022 - 23:55:04: [basecommands.smx] "Console<0><Console><Console>" changed cvar (cvar "sv_mincmdrate") (value "100")
L 05/13/2022 - 23:55:04: [basecommands.smx] "Console<0><Console><Console>" changed cvar (cvar "sv_maxcmdrate") (value "100")
L 05/13/2022 - 23:55:04: [basecommands.smx] "Console<0><Console><Console>" changed cvar (cvar "sv_client_min_interp_ratio") (value "-1")
L 05/13/2022 - 23:55:04: [basecommands.smx] "Console<0><Console><Console>" changed cvar (cvar "sv_client_max_interp_ratio") (value "0")
L 05/13/2022 - 23:55:04: [basecommands.smx] "Console<0><Console><Console>" changed cvar (cvar "nb_update_frequency") (value "0.014")
L 05/13/2022 - 23:55:04: [basecommands.smx] "Console<0><Console><Console>" changed cvar (cvar "net_splitpacket_maxrate") (value "50000")
L 05/13/2022 - 23:55:04: [basecommands.smx] "Console<0><Console><Console>" changed cvar (cvar "fps_max") (value "0")
L 05/13/2022 - 23:55:04: [basecommands.smx] "Console<0><Console><Console>" changed cvar (cvar "tick_door_speed") (value "1.30")
L 05/13/2022 - 23:55:04: [basecommands.smx] "Console<0><Console><Console>" changed cvar (cvar "sb_all_bot_game") (value "1")
L 05/13/2022 - 23:55:04: [basecommands.smx] "Console<0><Console><Console>" changed cvar (cvar "allow_all_bot_survivor_team") (value "0")
L 05/13/2022 - 23:55:33: -------- Mapchange to c4m1_milltown_a --------
L 05/13/2022 - 23:55:35: [basecommands.smx] "Console<0><Console><Console>" changed cvar (cvar "sv_minrate") (value "100000")
L 05/13/2022 - 23:55:35: [basecommands.smx] "Console<0><Console><Console>" changed cvar (cvar "sv_maxrate") (value "100000")
L 05/13/2022 - 23:55:35: [basecommands.smx] "Console<0><Console><Console>" changed cvar (cvar "sv_mincmdrate") (value "100")
L 05/13/2022 - 23:55:35: [basecommands.smx] "Console<0><Console><Console>" changed cvar (cvar "sv_maxcmdrate") (value "100")
L 05/13/2022 - 23:55:35: [basecommands.smx] "Console<0><Console><Console>" changed cvar (cvar "sv_maxupdaterate") (value "10sm_cvar")
L 05/13/2022 - 23:55:35: [basecommands.smx] "Console<0><Console><Console>" changed cvar (cvar "sv_maxrate") (value "100000")
L 05/13/2022 - 23:55:35: [basecommands.smx] "Console<0><Console><Console>" changed cvar (cvar "sv_minupdaterate") (value "100")
L 05/13/2022 - 23:55:35: [basecommands.smx] "Console<0><Console><Console>" changed cvar (cvar "sv_maxupdaterate") (value "100")
L 05/13/2022 - 23:55:35: [basecommands.smx] "Console<0><Console><Console>" changed cvar (cvar "sv_mincmdrate") (value "100")
L 05/13/2022 - 23:55:35: [basecommands.smx] "Console<0><Console><Console>" changed cvar (cvar "sv_maxcmdrate") (value "100")
L 05/13/2022 - 23:55:35: [basecommands.smx] "Console<0><Console><Console>" changed cvar (cvar "sv_client_min_interp_ratio") (value "-1")
L 05/13/2022 - 23:55:35: [basecommands.smx] "Console<0><Console><Console>" changed cvar (cvar "sv_client_max_interp_ratio") (value "0")
L 05/13/2022 - 23:55:35: [basecommands.smx] "Console<0><Console><Console>" changed cvar (cvar "nb_update_frequency") (value "0.014")
L 05/13/2022 - 23:55:35: [basecommands.smx] "Console<0><Console><Console>" changed cvar (cvar "net_splitpacket_maxrate") (value "50000")
L 05/13/2022 - 23:55:35: [basecommands.smx] "Console<0><Console><Console>" changed cvar (cvar "fps_max") (value "0")
L 05/13/2022 - 23:55:35: [basecommands.smx] "Console<0><Console><Console>" changed cvar (cvar "tick_door_speed") (value "1.30")
L 05/13/2022 - 23:55:35: [basecommands.smx] "Console<0><Console><Console>" changed cvar (cvar "sb_all_bot_game") (value "1")
L 05/13/2022 - 23:55:35: [basecommands.smx] "Console<0><Console><Console>" changed cvar (cvar "allow_all_bot_survivor_team") (value "0")
L 05/13/2022 - 23:58:39: -------- Mapchange to c4m1_milltown_a --------
L 05/13/2022 - 23:58:40: [rcon_lock.smx] Got half-connected command from client 1 (ip unknown): setpause 
L 05/13/2022 - 23:58:40: [basecommands.smx] "Console<0><Console><Console>" changed cvar (cvar "sv_minrate") (value "100000")
L 05/13/2022 - 23:58:40: [basecommands.smx] "Console<0><Console><Console>" changed cvar (cvar "sv_maxrate") (value "100000")
L 05/13/2022 - 23:58:40: [basecommands.smx] "Console<0><Console><Console>" changed cvar (cvar "sv_mincmdrate") (value "100")
L 05/13/2022 - 23:58:40: [basecommands.smx] "Console<0><Console><Console>" changed cvar (cvar "sv_maxcmdrate") (value "100")
L 05/13/2022 - 23:58:40: [basecommands.smx] "Console<0><Console><Console>" changed cvar (cvar "sv_maxupdaterate") (value "10sm_cvar")
L 05/13/2022 - 23:58:40: [basecommands.smx] "Console<0><Console><Console>" changed cvar (cvar "sv_maxrate") (value "100000")
L 05/13/2022 - 23:58:40: [basecommands.smx] "Console<0><Console><Console>" changed cvar (cvar "sv_minupdaterate") (value "100")
L 05/13/2022 - 23:58:40: [basecommands.smx] "Console<0><Console><Console>" changed cvar (cvar "sv_maxupdaterate") (value "100")
L 05/13/2022 - 23:58:40: [basecommands.smx] "Console<0><Console><Console>" changed cvar (cvar "sv_mincmdrate") (value "100")
L 05/13/2022 - 23:58:40: [basecommands.smx] "Console<0><Console><Console>" changed cvar (cvar "sv_maxcmdrate") (value "100")
L 05/13/2022 - 23:58:40: [basecommands.smx] "Console<0><Console><Console>" changed cvar (cvar "sv_client_min_interp_ratio") (value "-1")
L 05/13/2022 - 23:58:40: [basecommands.smx] "Console<0><Console><Console>" changed cvar (cvar "sv_client_max_interp_ratio") (value "0")
L 05/13/2022 - 23:58:40: [basecommands.smx] "Console<0><Console><Console>" changed cvar (cvar "nb_update_frequency") (value "0.014")
L 05/13/2022 - 23:58:40: [basecommands.smx] "Console<0><Console><Console>" changed cvar (cvar "net_splitpacket_maxrate") (value "50000")
L 05/13/2022 - 23:58:40: [basecommands.smx] "Console<0><Console><Console>" changed cvar (cvar "fps_max") (value "0")
L 05/13/2022 - 23:58:40: [basecommands.smx] "Console<0><Console><Console>" changed cvar (cvar "tick_door_speed") (value "1.30")
L 05/13/2022 - 23:58:40: [basecommands.smx] "Console<0><Console><Console>" changed cvar (cvar "sb_all_bot_game") (value "1")
L 05/13/2022 - 23:58:40: [basecommands.smx] "Console<0><Console><Console>" changed cvar (cvar "allow_all_bot_survivor_team") (value "0")
L 05/14/2022 - 00:12:07: Log file closed.
