L 02/05/2022 - 00:07:10: SourceMod log file session started (file "/home/steam/l4d2/left4dead2/addons/sourcemod/logs/L20220205.log") (Version "1.10.0.6528")
L 02/05/2022 - 00:07:10: [basecommands.smx] "Console<0><Console><Console>" changed cvar (cvar "sb_all_bot_game") (value "1")
L 02/05/2022 - 00:07:10: [basecommands.smx] "Console<0><Console><Console>" changed cvar (cvar "allow_all_bot_survivor_team") (value "0")
L 02/05/2022 - 00:26:56: -------- Mapchange to c2m2_fairgrounds --------
L 02/05/2022 - 00:26:57: [basecommands.smx] "Console<0><Console><Console>" changed cvar (cvar "sb_all_bot_game") (value "1")
L 02/05/2022 - 00:26:57: [basecommands.smx] "Console<0><Console><Console>" changed cvar (cvar "allow_all_bot_survivor_team") (value "0")
L 02/05/2022 - 00:43:31: -------- Mapchange to c2m3_coaster --------
L 02/05/2022 - 00:43:33: [basecommands.smx] "Console<0><Console><Console>" changed cvar (cvar "sb_all_bot_game") (value "1")
L 02/05/2022 - 00:43:33: [basecommands.smx] "Console<0><Console><Console>" changed cvar (cvar "allow_all_bot_survivor_team") (value "0")
L 02/05/2022 - 17:22:36: SourceMod log file session started (file "/home/steam/l4d2/left4dead2/addons/sourcemod/logs/L20220205.log") (Version "1.10.0.6528")
L 02/05/2022 - 17:22:36: [basecommands.smx] "Console<0><Console><Console>" changed cvar (cvar "sb_all_bot_game") (value "1")
L 02/05/2022 - 17:22:36: [basecommands.smx] "Console<0><Console><Console>" changed cvar (cvar "allow_all_bot_survivor_team") (value "0")
L 02/05/2022 - 17:23:15: -------- Mapchange to c1m1_hotel --------
L 02/05/2022 - 17:23:16: [basecommands.smx] "Console<0><Console><Console>" changed cvar (cvar "sb_all_bot_game") (value "1")
L 02/05/2022 - 17:23:16: [basecommands.smx] "Console<0><Console><Console>" changed cvar (cvar "allow_all_bot_survivor_team") (value "0")
L 02/05/2022 - 17:24:32: [funcommands.smx] "Altair<2><STEAM_1:0:90628109><>" toggled noclip on "Altair<2><STEAM_1:0:90628109><>"
L 02/05/2022 - 17:24:33: [funcommands.smx] "Altair<2><STEAM_1:0:90628109><>" toggled noclip on "nillbatera8<8><STEAM_1:1:57367511><>"
L 02/05/2022 - 17:24:41: [funcommands.smx] "Altair<2><STEAM_1:0:90628109><>" toggled noclip on "Altair<2><STEAM_1:0:90628109><>"
L 02/05/2022 - 17:24:56: [funcommands.smx] "Altair<2><STEAM_1:0:90628109><>" toggled noclip on "nillbatera8<8><STEAM_1:1:57367511><>"
L 02/05/2022 - 17:24:57: [funcommands.smx] "Altair<2><STEAM_1:0:90628109><>" toggled noclip on "nillbatera8<8><STEAM_1:1:57367511><>"
L 02/05/2022 - 17:25:01: [funcommands.smx] "Altair<2><STEAM_1:0:90628109><>" toggled noclip on "vinizera<3><STEAM_1:0:585562180><>"
L 02/05/2022 - 17:25:02: [funcommands.smx] "Altair<2><STEAM_1:0:90628109><>" toggled noclip on "vinizera<3><STEAM_1:0:585562180><>"
L 02/05/2022 - 17:25:04: [funcommands.smx] "Altair<2><STEAM_1:0:90628109><>" toggled noclip on "vinizera<3><STEAM_1:0:585562180><>"
L 02/05/2022 - 17:25:06: [funcommands.smx] "Altair<2><STEAM_1:0:90628109><>" toggled noclip on "nillbatera8<8><STEAM_1:1:57367511><>"
L 02/05/2022 - 17:25:09: [funcommands.smx] "Altair<2><STEAM_1:0:90628109><>" toggled noclip on "nillbatera8<8><STEAM_1:1:57367511><>"
L 02/05/2022 - 17:29:58: SourceMod log file session started (file "/home/steam/l4d2/left4dead2/addons/sourcemod/logs/L20220205.log") (Version "1.10.0.6528")
L 02/05/2022 - 17:29:58: [basecommands.smx] "Console<0><Console><Console>" changed cvar (cvar "sb_all_bot_game") (value "1")
L 02/05/2022 - 17:29:58: [basecommands.smx] "Console<0><Console><Console>" changed cvar (cvar "allow_all_bot_survivor_team") (value "0")
L 02/05/2022 - 17:30:03: -------- Mapchange to c2m1_highway --------
L 02/05/2022 - 17:30:05: [basecommands.smx] "Console<0><Console><Console>" changed cvar (cvar "sb_all_bot_game") (value "1")
L 02/05/2022 - 17:30:05: [basecommands.smx] "Console<0><Console><Console>" changed cvar (cvar "allow_all_bot_survivor_team") (value "0")
L 02/05/2022 - 17:44:49: [playercommands.smx] "Miguel<4><STEAM_1:1:452964136><>" slapped "Altair<3><STEAM_1:0:90628109><>" (damage "0")
L 02/05/2022 - 17:44:50: [playercommands.smx] "Miguel<4><STEAM_1:1:452964136><>" slapped "Altair<3><STEAM_1:0:90628109><>" (damage "0")
L 02/05/2022 - 17:44:58: [playercommands.smx] "Miguel<4><STEAM_1:1:452964136><>" slapped "Altair<3><STEAM_1:0:90628109><>" (damage "0")
L 02/05/2022 - 17:51:31: -------- Mapchange to c2m2_fairgrounds --------
L 02/05/2022 - 17:51:33: [basecommands.smx] "Console<0><Console><Console>" changed cvar (cvar "sb_all_bot_game") (value "1")
L 02/05/2022 - 17:51:33: [basecommands.smx] "Console<0><Console><Console>" changed cvar (cvar "allow_all_bot_survivor_team") (value "0")
L 02/05/2022 - 18:12:33: -------- Mapchange to c2m3_coaster --------
L 02/05/2022 - 18:12:34: [basecommands.smx] "Console<0><Console><Console>" changed cvar (cvar "sb_all_bot_game") (value "1")
L 02/05/2022 - 18:12:34: [basecommands.smx] "Console<0><Console><Console>" changed cvar (cvar "allow_all_bot_survivor_team") (value "0")
L 02/05/2022 - 18:14:40: -------- Mapchange to c2m3_coaster --------
L 02/05/2022 - 18:14:41: [basecommands.smx] "Console<0><Console><Console>" changed cvar (cvar "sb_all_bot_game") (value "1")
L 02/05/2022 - 18:14:41: [basecommands.smx] "Console<0><Console><Console>" changed cvar (cvar "allow_all_bot_survivor_team") (value "0")
L 02/05/2022 - 18:31:53: -------- Mapchange to c2m4_barns --------
L 02/05/2022 - 18:31:54: [basecommands.smx] "Console<0><Console><Console>" changed cvar (cvar "sb_all_bot_game") (value "1")
L 02/05/2022 - 18:31:54: [basecommands.smx] "Console<0><Console><Console>" changed cvar (cvar "allow_all_bot_survivor_team") (value "0")
L 02/05/2022 - 18:44:06: -------- Mapchange to c2m5_concert --------
L 02/05/2022 - 18:44:06: [basecommands.smx] "Console<0><Console><Console>" changed cvar (cvar "sb_all_bot_game") (value "1")
L 02/05/2022 - 18:44:06: [basecommands.smx] "Console<0><Console><Console>" changed cvar (cvar "allow_all_bot_survivor_team") (value "0")
L 02/05/2022 - 18:54:54: -------- Mapchange to c11m1_greenhouse --------
L 02/05/2022 - 18:54:57: [basecommands.smx] "Console<0><Console><Console>" changed cvar (cvar "sb_all_bot_game") (value "1")
L 02/05/2022 - 18:54:57: [basecommands.smx] "Console<0><Console><Console>" changed cvar (cvar "allow_all_bot_survivor_team") (value "0")
L 02/05/2022 - 19:04:02: [basecommands.smx] "Miguel<4><STEAM_1:1:452964136><>" kicked "Cybron Vaughan<126><STEAM_1:1:59185436><>" (reason "")
L 02/05/2022 - 19:06:57: -------- Mapchange to c11m2_offices --------
L 02/05/2022 - 19:06:58: [basecommands.smx] "Console<0><Console><Console>" changed cvar (cvar "sb_all_bot_game") (value "1")
L 02/05/2022 - 19:06:58: [basecommands.smx] "Console<0><Console><Console>" changed cvar (cvar "allow_all_bot_survivor_team") (value "0")
L 02/05/2022 - 19:24:40: -------- Mapchange to c11m3_garage --------
L 02/05/2022 - 19:24:41: [basecommands.smx] "Console<0><Console><Console>" changed cvar (cvar "sb_all_bot_game") (value "1")
L 02/05/2022 - 19:24:41: [basecommands.smx] "Console<0><Console><Console>" changed cvar (cvar "allow_all_bot_survivor_team") (value "0")
L 02/05/2022 - 19:43:30: [basecommands.smx] "Altair<135><STEAM_1:0:90628109><>" kicked "백영준<117><STEAM_1:1:99346589><>" (reason "")
L 02/05/2022 - 19:56:47: -------- Mapchange to c11m4_terminal --------
L 02/05/2022 - 19:56:49: [basecommands.smx] "Console<0><Console><Console>" changed cvar (cvar "sb_all_bot_game") (value "1")
L 02/05/2022 - 19:56:49: [basecommands.smx] "Console<0><Console><Console>" changed cvar (cvar "allow_all_bot_survivor_team") (value "0")
L 02/05/2022 - 20:17:51: -------- Mapchange to c11m5_runway --------
L 02/05/2022 - 20:17:53: [basecommands.smx] "Console<0><Console><Console>" changed cvar (cvar "sb_all_bot_game") (value "1")
L 02/05/2022 - 20:17:53: [basecommands.smx] "Console<0><Console><Console>" changed cvar (cvar "allow_all_bot_survivor_team") (value "0")
