L 03/27/2022 - 17:38:47: SourceMod log file session started (file "/home/steam/l4d2/left4dead2/addons/sourcemod/logs/L20220327.log") (Version "1.10.0.6528")
L 03/27/2022 - 17:38:47: [basecommands.smx] "Console<0><Console><Console>" changed cvar (cvar "sb_all_bot_game") (value "1")
L 03/27/2022 - 17:38:47: [basecommands.smx] "Console<0><Console><Console>" changed cvar (cvar "allow_all_bot_survivor_team") (value "0")
L 03/27/2022 - 17:39:02: -------- Mapchange to c8m1_apartment --------
L 03/27/2022 - 17:39:05: [basecommands.smx] "Console<0><Console><Console>" changed cvar (cvar "sb_all_bot_game") (value "1")
L 03/27/2022 - 17:39:05: [basecommands.smx] "Console<0><Console><Console>" changed cvar (cvar "allow_all_bot_survivor_team") (value "0")
L 03/27/2022 - 17:50:53: -------- Mapchange to c8m2_subway --------
L 03/27/2022 - 17:50:55: [basecommands.smx] "Console<0><Console><Console>" changed cvar (cvar "sb_all_bot_game") (value "1")
L 03/27/2022 - 17:50:55: [basecommands.smx] "Console<0><Console><Console>" changed cvar (cvar "allow_all_bot_survivor_team") (value "0")
L 03/27/2022 - 18:08:19: [basecommands.smx] "Altair<5><STEAM_1:0:90628109><>" kicked "Riddick<46><STEAM_1:0:644256181><>" (reason "")
L 03/27/2022 - 18:08:22: [basecommands.smx] "Altair<5><STEAM_1:0:90628109><>" kicked "Vinni Vicius<4><STEAM_1:1:225061396><>" (reason "")
L 03/27/2022 - 18:09:16: [basebans.smx] "Altair<5><STEAM_1:0:90628109><>" banned "Riddick<49><STEAM_1:0:644256181><>" (minutes "0") (reason "Aimbot")
L 03/27/2022 - 18:16:36: -------- Mapchange to c8m3_sewers --------
L 03/27/2022 - 18:16:37: [basecommands.smx] "Console<0><Console><Console>" changed cvar (cvar "sb_all_bot_game") (value "1")
L 03/27/2022 - 18:16:37: [basecommands.smx] "Console<0><Console><Console>" changed cvar (cvar "allow_all_bot_survivor_team") (value "0")
L 03/27/2022 - 18:35:09: -------- Mapchange to c8m4_interior --------
L 03/27/2022 - 18:35:11: [basecommands.smx] "Console<0><Console><Console>" changed cvar (cvar "sb_all_bot_game") (value "1")
L 03/27/2022 - 18:35:11: [basecommands.smx] "Console<0><Console><Console>" changed cvar (cvar "allow_all_bot_survivor_team") (value "0")
L 03/27/2022 - 18:50:45: -------- Mapchange to c8m5_rooftop --------
L 03/27/2022 - 18:50:46: [basecommands.smx] "Console<0><Console><Console>" changed cvar (cvar "sb_all_bot_game") (value "1")
L 03/27/2022 - 18:50:46: [basecommands.smx] "Console<0><Console><Console>" changed cvar (cvar "allow_all_bot_survivor_team") (value "0")
L 03/27/2022 - 19:13:38: -------- Mapchange to c2m1_highway --------
L 03/27/2022 - 19:13:41: [basecommands.smx] "Console<0><Console><Console>" changed cvar (cvar "sb_all_bot_game") (value "1")
L 03/27/2022 - 19:13:41: [basecommands.smx] "Console<0><Console><Console>" changed cvar (cvar "allow_all_bot_survivor_team") (value "0")
L 03/27/2022 - 19:36:06: -------- Mapchange to c2m2_fairgrounds --------
L 03/27/2022 - 19:36:08: [basecommands.smx] "Console<0><Console><Console>" changed cvar (cvar "sb_all_bot_game") (value "1")
L 03/27/2022 - 19:36:08: [basecommands.smx] "Console<0><Console><Console>" changed cvar (cvar "allow_all_bot_survivor_team") (value "0")
L 03/27/2022 - 19:54:17: -------- Mapchange to c2m3_coaster --------
L 03/27/2022 - 19:54:19: [basecommands.smx] "Console<0><Console><Console>" changed cvar (cvar "sb_all_bot_game") (value "1")
L 03/27/2022 - 19:54:19: [basecommands.smx] "Console<0><Console><Console>" changed cvar (cvar "allow_all_bot_survivor_team") (value "0")
L 03/27/2022 - 20:14:02: -------- Mapchange to c2m4_barns --------
L 03/27/2022 - 20:14:04: [basecommands.smx] "Console<0><Console><Console>" changed cvar (cvar "sb_all_bot_game") (value "1")
L 03/27/2022 - 20:14:04: [basecommands.smx] "Console<0><Console><Console>" changed cvar (cvar "allow_all_bot_survivor_team") (value "0")
L 03/27/2022 - 20:29:25: -------- Mapchange to c2m5_concert --------
L 03/27/2022 - 20:29:26: [basecommands.smx] "Console<0><Console><Console>" changed cvar (cvar "sb_all_bot_game") (value "1")
L 03/27/2022 - 20:29:26: [basecommands.smx] "Console<0><Console><Console>" changed cvar (cvar "allow_all_bot_survivor_team") (value "0")
L 03/28/2022 - 01:20:00: Log file closed.
