L 02/02/2022 - 21:34:12: SourceMod log file session started (file "/home/steam/l4d2/left4dead2/addons/sourcemod/logs/L20220202.log") (Version "1.10.0.6528")
L 02/02/2022 - 21:34:12: [basecommands.smx] "Console<0><Console><Console>" changed cvar (cvar "sb_all_bot_game") (value "1")
L 02/02/2022 - 21:34:12: [basecommands.smx] "Console<0><Console><Console>" changed cvar (cvar "allow_all_bot_survivor_team") (value "1")
L 02/02/2022 - 21:35:22: SourceMod log file session started (file "/home/steam/l4d2/left4dead2/addons/sourcemod/logs/L20220202.log") (Version "1.10.0.6528")
L 02/02/2022 - 21:35:22: [basecommands.smx] "Console<0><Console><Console>" changed cvar (cvar "sb_all_bot_game") (value "1")
L 02/02/2022 - 21:35:22: [basecommands.smx] "Console<0><Console><Console>" changed cvar (cvar "allow_all_bot_survivor_team") (value "1")
L 02/02/2022 - 21:37:54: SourceMod log file session started (file "/home/steam/l4d2/left4dead2/addons/sourcemod/logs/L20220202.log") (Version "1.10.0.6528")
L 02/02/2022 - 21:37:54: [basecommands.smx] "Console<0><Console><Console>" changed cvar (cvar "sb_all_bot_game") (value "1")
L 02/02/2022 - 21:37:54: [basecommands.smx] "Console<0><Console><Console>" changed cvar (cvar "allow_all_bot_survivor_team") (value "1")
L 02/02/2022 - 21:38:04: -------- Mapchange to c2m4_barns --------
L 02/02/2022 - 21:38:06: [basecommands.smx] "Console<0><Console><Console>" changed cvar (cvar "sb_all_bot_game") (value "1")
L 02/02/2022 - 21:38:06: [basecommands.smx] "Console<0><Console><Console>" changed cvar (cvar "allow_all_bot_survivor_team") (value "1")
L 02/02/2022 - 21:38:28: -------- Mapchange to c2m4_barns --------
L 02/02/2022 - 21:38:29: [basecommands.smx] "Console<0><Console><Console>" changed cvar (cvar "sb_all_bot_game") (value "1")
L 02/02/2022 - 21:38:29: [basecommands.smx] "Console<0><Console><Console>" changed cvar (cvar "allow_all_bot_survivor_team") (value "1")
L 02/02/2022 - 21:39:34: [funcommands.smx] "Altair<2><STEAM_1:0:90628109><>" toggled noclip on "Altair<2><STEAM_1:0:90628109><>"
L 02/02/2022 - 21:39:34: [funcommands.smx] "Altair<2><STEAM_1:0:90628109><>" toggled noclip on "hard<3><STEAM_1:1:598701106><>"
L 02/02/2022 - 21:40:15: [funcommands.smx] "Altair<2><STEAM_1:0:90628109><>" toggled noclip on "Dark_GTツ<7><STEAM_1:1:615371699><>"
L 02/02/2022 - 21:41:20: [funcommands.smx] "Altair<2><STEAM_1:0:90628109><>" toggled noclip on "Dark_GTツ<7><STEAM_1:1:615371699><>"
L 02/02/2022 - 21:43:37: [funcommands.smx] "Altair<2><STEAM_1:0:90628109><>" toggled noclip on "hard<3><STEAM_1:1:598701106><>"
L 02/02/2022 - 21:48:20: [funcommands.smx] "Altair<2><STEAM_1:0:90628109><>" toggled noclip on "hard<3><STEAM_1:1:598701106><>"
L 02/02/2022 - 21:50:14: [funcommands.smx] "Altair<2><STEAM_1:0:90628109><>" toggled noclip on "Altair<2><STEAM_1:0:90628109><>"
L 02/02/2022 - 21:50:15: [funcommands.smx] "Altair<2><STEAM_1:0:90628109><>" toggled noclip on "Dark_GTツ<7><STEAM_1:1:615371699><>"
L 02/02/2022 - 21:50:38: [funcommands.smx] "Altair<2><STEAM_1:0:90628109><>" toggled noclip on "hard<3><STEAM_1:1:598701106><>"
L 02/02/2022 - 21:51:41: [funcommands.smx] "Altair<2><STEAM_1:0:90628109><>" toggled noclip on "hard<3><STEAM_1:1:598701106><>"
L 02/02/2022 - 21:52:35: [funcommands.smx] "Altair<2><STEAM_1:0:90628109><>" toggled noclip on "hard<3><STEAM_1:1:598701106><>"
L 02/02/2022 - 21:52:55: [funcommands.smx] "Altair<2><STEAM_1:0:90628109><>" toggled noclip on "Dark_GTツ<7><STEAM_1:1:615371699><>"
L 02/02/2022 - 21:52:57: [funcommands.smx] "Altair<2><STEAM_1:0:90628109><>" toggled noclip on "Altair<2><STEAM_1:0:90628109><>"
L 02/02/2022 - 21:53:10: [funcommands.smx] "Altair<2><STEAM_1:0:90628109><>" toggled noclip on "Altair<2><STEAM_1:0:90628109><>"
L 02/02/2022 - 21:53:57: [funcommands.smx] "Altair<2><STEAM_1:0:90628109><>" toggled noclip on "hard<3><STEAM_1:1:598701106><>"
L 02/02/2022 - 21:53:58: [funcommands.smx] "Altair<2><STEAM_1:0:90628109><>" toggled noclip on "hard<3><STEAM_1:1:598701106><>"
L 02/02/2022 - 21:54:46: [funcommands.smx] "Altair<2><STEAM_1:0:90628109><>" toggled noclip on "Altair<2><STEAM_1:0:90628109><>"
L 02/02/2022 - 21:54:46: [funcommands.smx] "Altair<2><STEAM_1:0:90628109><>" toggled noclip on "hard<3><STEAM_1:1:598701106><>"
L 02/02/2022 - 21:54:46: [funcommands.smx] "Altair<2><STEAM_1:0:90628109><>" toggled noclip on "SANS<184><STEAM_1:1:112659959><>"
L 02/02/2022 - 21:54:47: [funcommands.smx] "Altair<2><STEAM_1:0:90628109><>" toggled noclip on "Dark_GTツ<7><STEAM_1:1:615371699><>"
L 02/02/2022 - 21:58:40: [funcommands.smx] "Altair<2><STEAM_1:0:90628109><>" toggled noclip on "Altair<2><STEAM_1:0:90628109><>"
L 02/02/2022 - 21:58:53: [funcommands.smx] "Altair<2><STEAM_1:0:90628109><>" toggled noclip on "SANS<184><STEAM_1:1:112659959><>"
L 02/02/2022 - 21:59:29: [funcommands.smx] "Altair<2><STEAM_1:0:90628109><>" toggled noclip on "Dark_GTツ<7><STEAM_1:1:615371699><>"
L 02/02/2022 - 21:59:41: [funcommands.smx] "Altair<2><STEAM_1:0:90628109><>" toggled noclip on "Dark_GTツ<7><STEAM_1:1:615371699><>"
L 02/02/2022 - 21:59:42: [funcommands.smx] "Altair<2><STEAM_1:0:90628109><>" toggled noclip on "SANS<184><STEAM_1:1:112659959><>"
L 02/02/2022 - 21:59:45: [funcommands.smx] "Altair<2><STEAM_1:0:90628109><>" toggled noclip on "SANS<184><STEAM_1:1:112659959><>"
L 02/02/2022 - 22:00:24: [funcommands.smx] "Altair<2><STEAM_1:0:90628109><>" toggled noclip on "Altair<2><STEAM_1:0:90628109><>"
L 02/02/2022 - 22:00:25: [funcommands.smx] "Altair<2><STEAM_1:0:90628109><>" toggled noclip on "SANS<184><STEAM_1:1:112659959><>"
L 02/02/2022 - 22:00:26: [funcommands.smx] "Altair<2><STEAM_1:0:90628109><>" toggled noclip on "Dark_GTツ<7><STEAM_1:1:615371699><>"
L 02/02/2022 - 22:01:34: [funcommands.smx] "Altair<2><STEAM_1:0:90628109><>" toggled noclip on "hard<3><STEAM_1:1:598701106><>"
L 02/02/2022 - 22:01:56: [funcommands.smx] "Altair<2><STEAM_1:0:90628109><>" toggled noclip on "Altair<2><STEAM_1:0:90628109><>"
L 02/02/2022 - 22:01:57: [funcommands.smx] "Altair<2><STEAM_1:0:90628109><>" toggled noclip on "hard<3><STEAM_1:1:598701106><>"
L 02/02/2022 - 22:01:58: [funcommands.smx] "Altair<2><STEAM_1:0:90628109><>" toggled noclip on "SANS<184><STEAM_1:1:112659959><>"
L 02/02/2022 - 22:08:00: [funcommands.smx] "Altair<2><STEAM_1:0:90628109><>" set gravity on "hard<3><STEAM_1:1:598701106><>" (amount "0.100000")
L 02/02/2022 - 22:08:19: [funcommands.smx] "Altair<2><STEAM_1:0:90628109><>" set gravity on "hard<3><STEAM_1:1:598701106><>" (amount "1.000000")
L 02/02/2022 - 22:08:28: [funcommands.smx] "Altair<2><STEAM_1:0:90628109><>" toggled noclip on "hard<3><STEAM_1:1:598701106><>"
L 02/02/2022 - 22:08:28: [funcommands.smx] "Altair<2><STEAM_1:0:90628109><>" toggled noclip on "SANS<184><STEAM_1:1:112659959><>"
L 02/02/2022 - 22:08:29: [funcommands.smx] "Altair<2><STEAM_1:0:90628109><>" toggled noclip on "Dark_GTツ<7><STEAM_1:1:615371699><>"
L 02/02/2022 - 22:08:33: [funcommands.smx] "Altair<2><STEAM_1:0:90628109><>" toggled noclip on "niviru<323><STEAM_1:0:598078705><>"
L 02/02/2022 - 22:10:00: [funcommands.smx] "Altair<2><STEAM_1:0:90628109><>" toggled noclip on "SANS<184><STEAM_1:1:112659959><>"
L 02/02/2022 - 22:10:15: [funcommands.smx] "Altair<2><STEAM_1:0:90628109><>" toggled noclip on "SANS<184><STEAM_1:1:112659959><>"
L 02/02/2022 - 22:12:33: [funcommands.smx] "Altair<2><STEAM_1:0:90628109><>" toggled noclip on "niviru<323><STEAM_1:0:598078705><>"
L 02/02/2022 - 22:12:34: [funcommands.smx] "Altair<2><STEAM_1:0:90628109><>" toggled noclip on "(3)Smoker<374><BOT><>"
L 02/02/2022 - 22:12:50: [funcommands.smx] "Altair<2><STEAM_1:0:90628109><>" toggled noclip on "SANS<184><STEAM_1:1:112659959><>"
L 02/02/2022 - 22:12:53: [funcommands.smx] "Altair<2><STEAM_1:0:90628109><>" toggled noclip on "niviru<323><STEAM_1:0:598078705><>"
L 02/02/2022 - 22:14:28: [funcommands.smx] "Altair<2><STEAM_1:0:90628109><>" toggled noclip on "SANS<184><STEAM_1:1:112659959><>"
L 02/02/2022 - 22:16:53: [funcommands.smx] "Altair<2><STEAM_1:0:90628109><>" toggled noclip on "SANS<184><STEAM_1:1:112659959><>"
L 02/02/2022 - 22:16:54: [funcommands.smx] "Altair<2><STEAM_1:0:90628109><>" toggled noclip on "Smoker<495><BOT><>"
L 02/02/2022 - 22:17:11: [funcommands.smx] "Altair<2><STEAM_1:0:90628109><>" toggled noclip on "SANS<184><STEAM_1:1:112659959><>"
L 02/02/2022 - 22:17:39: [funcommands.smx] "Altair<2><STEAM_1:0:90628109><>" toggled noclip on "(1)Tank<494><BOT><>"
L 02/02/2022 - 22:17:40: [funcommands.smx] "Altair<2><STEAM_1:0:90628109><>" toggled noclip on "(2)Smoker<535><BOT><>"
L 02/02/2022 - 22:17:59: [funcommands.smx] "Altair<2><STEAM_1:0:90628109><>" toggled noclip on "Tank<545><BOT><>"
L 02/02/2022 - 22:18:52: [funcommands.smx] "Altair<2><STEAM_1:0:90628109><>" ignited "Charger<550><BOT><>" (seconds "20.000000")
L 02/02/2022 - 22:18:53: [funcommands.smx] "Altair<2><STEAM_1:0:90628109><>" ignited "Smoker<554><BOT><>" (seconds "20.000000")
L 02/02/2022 - 22:18:54: [funcommands.smx] "Altair<2><STEAM_1:0:90628109><>" ignited "Spitter<552><BOT><>" (seconds "20.000000")
L 02/02/2022 - 22:18:54: [funcommands.smx] "Altair<2><STEAM_1:0:90628109><>" ignited "Boomer<539><BOT><>" (seconds "20.000000")
L 02/02/2022 - 22:18:59: [funcommands.smx] "Altair<2><STEAM_1:0:90628109><>" ignited "(2)Jockey<522><BOT><>" (seconds "20.000000")
L 02/02/2022 - 22:19:02: [funcommands.smx] "Altair<2><STEAM_1:0:90628109><>" ignited "Jockey<546><BOT><>" (seconds "20.000000")
L 02/02/2022 - 22:19:08: [funcommands.smx] "Altair<2><STEAM_1:0:90628109><>" ignited "(1)Tank<494><BOT><>" (seconds "20.000000")
L 02/02/2022 - 22:19:13: [funcommands.smx] "Altair<2><STEAM_1:0:90628109><>" ignited "Tank<545><BOT><>" (seconds "20.000000")
L 02/02/2022 - 22:20:24: [funcommands.smx] "Altair<2><STEAM_1:0:90628109><>" toggled noclip on "Altair<2><STEAM_1:0:90628109><>"
L 02/02/2022 - 22:21:00: [funcommands.smx] "Altair<2><STEAM_1:0:90628109><>" toggled noclip on "Altair<2><STEAM_1:0:90628109><>"
L 02/02/2022 - 22:21:33: [funcommands.smx] "Altair<2><STEAM_1:0:90628109><>" set a beacon on "Boomer<558><BOT><>"
L 02/02/2022 - 22:21:48: [funcommands.smx] "Altair<2><STEAM_1:0:90628109><>" set a beacon on "(3)Smoker<565><BOT><>"
L 02/02/2022 - 22:22:07: [funcommands.smx] "Altair<2><STEAM_1:0:90628109><>" removed a beacon on "Boomer<558><BOT><>"
L 02/02/2022 - 22:23:00: [funcommands.smx] "Altair<2><STEAM_1:0:90628109><>" toggled noclip on "Altair<2><STEAM_1:0:90628109><>"
L 02/02/2022 - 22:23:30: [funcommands.smx] "Altair<2><STEAM_1:0:90628109><>" toggled noclip on "niviru<323><STEAM_1:0:598078705><>"
L 02/02/2022 - 22:24:23: [funcommands.smx] "Altair<2><STEAM_1:0:90628109><>" set a beacon on "Altair<2><STEAM_1:0:90628109><>"
L 02/02/2022 - 22:25:07: [funcommands.smx] "Altair<2><STEAM_1:0:90628109><>" toggled noclip on "Altair<2><STEAM_1:0:90628109><>"
L 02/02/2022 - 22:25:08: [funcommands.smx] "Altair<2><STEAM_1:0:90628109><>" toggled noclip on "SANS<184><STEAM_1:1:112659959><>"
L 02/02/2022 - 22:25:14: [funcommands.smx] "Altair<2><STEAM_1:0:90628109><>" toggled noclip on "niviru<323><STEAM_1:0:598078705><>"
L 02/02/2022 - 22:25:20: [funcommands.smx] "Altair<2><STEAM_1:0:90628109><>" toggled noclip on "Altair<2><STEAM_1:0:90628109><>"
L 02/02/2022 - 22:25:32: [funcommands.smx] "Altair<2><STEAM_1:0:90628109><>" set a beacon on "Jockey<731><BOT><>"
L 02/02/2022 - 22:25:33: [funcommands.smx] "Altair<2><STEAM_1:0:90628109><>" set a beacon on "Boomer<683><BOT><>"
L 02/02/2022 - 22:25:34: [funcommands.smx] "Altair<2><STEAM_1:0:90628109><>" set a beacon on "(1)Jockey<732><BOT><>"
L 02/02/2022 - 22:25:35: [funcommands.smx] "Altair<2><STEAM_1:0:90628109><>" set a beacon on "(2)Jockey<733><BOT><>"
L 02/02/2022 - 22:25:35: [funcommands.smx] "Altair<2><STEAM_1:0:90628109><>" set a beacon on "Spitter<716><BOT><>"
L 02/02/2022 - 22:25:36: [funcommands.smx] "Altair<2><STEAM_1:0:90628109><>" set a beacon on "Hunter<712><BOT><>"
L 02/02/2022 - 22:25:53: [funcommands.smx] "Altair<2><STEAM_1:0:90628109><>" set a FireBomb on "Altair<2><STEAM_1:0:90628109><>"
L 02/02/2022 - 22:26:11: [funcommands.smx] "Altair<2><STEAM_1:0:90628109><>" toggled noclip on "Altair<2><STEAM_1:0:90628109><>"
L 02/02/2022 - 22:26:27: [funcommands.smx] "Altair<2><STEAM_1:0:90628109><>" ignited "niviru<323><STEAM_1:0:598078705><>" (seconds "20.000000")
L 02/02/2022 - 22:26:40: [funcommands.smx] "Altair<2><STEAM_1:0:90628109><>" toggled noclip on "niviru<323><STEAM_1:0:598078705><>"
L 02/02/2022 - 22:26:54: [funcommands.smx] "Altair<2><STEAM_1:0:90628109><>" ignited "niviru<323><STEAM_1:0:598078705><>" (seconds "20.000000")
L 02/02/2022 - 22:27:00: [funcommands.smx] "Altair<2><STEAM_1:0:90628109><>" ignited "niviru<323><STEAM_1:0:598078705><>" (seconds "20.000000")
L 02/02/2022 - 22:27:17: [playercommands.smx] "Altair<2><STEAM_1:0:90628109><>" slapped "niviru<323><STEAM_1:0:598078705><>" (damage "99")
L 02/02/2022 - 22:27:20: [playercommands.smx] "Altair<2><STEAM_1:0:90628109><>" slapped "niviru<323><STEAM_1:0:598078705><>" (damage "99")
L 02/02/2022 - 22:27:38: [funcommands.smx] "Altair<2><STEAM_1:0:90628109><>" ignited "niviru<323><STEAM_1:0:598078705><>" (seconds "20.000000")
L 02/02/2022 - 22:27:47: [funcommands.smx] "Altair<2><STEAM_1:0:90628109><>" ignited "niviru<323><STEAM_1:0:598078705><>" (seconds "20.000000")
L 02/02/2022 - 22:28:00: [funcommands.smx] "Altair<2><STEAM_1:0:90628109><>" toggled noclip on "niviru<323><STEAM_1:0:598078705><>"
L 02/02/2022 - 22:28:18: [funcommands.smx] "Altair<2><STEAM_1:0:90628109><>" ignited "niviru<323><STEAM_1:0:598078705><>" (seconds "20.000000")
L 02/02/2022 - 22:29:35: [basecommands.smx] "Altair<2><STEAM_1:0:90628109><>" kicked "Ellis<735><BOT><>" (reason "")
