L 07/05/2022 - 17:01:53: SourceMod log file session started (file "/home/steam/l4d2/left4dead2/addons/sourcemod/logs/L20220705.log") (Version "1.10.0.6528")
L 07/05/2022 - 17:01:53: [basecommands.smx] "Console<0><Console><Console>" changed cvar (cvar "sv_minrate") (value "100000")
L 07/05/2022 - 17:01:53: [basecommands.smx] "Console<0><Console><Console>" changed cvar (cvar "sv_maxrate") (value "100000")
L 07/05/2022 - 17:01:53: [basecommands.smx] "Console<0><Console><Console>" changed cvar (cvar "sv_mincmdrate") (value "100")
L 07/05/2022 - 17:01:53: [basecommands.smx] "Console<0><Console><Console>" changed cvar (cvar "sv_maxcmdrate") (value "100")
L 07/05/2022 - 17:01:53: [basecommands.smx] "Console<0><Console><Console>" changed cvar (cvar "sv_maxupdaterate") (value "10sm_cvar")
L 07/05/2022 - 17:01:53: [basecommands.smx] "Console<0><Console><Console>" changed cvar (cvar "sv_maxrate") (value "100000")
L 07/05/2022 - 17:01:53: [basecommands.smx] "Console<0><Console><Console>" changed cvar (cvar "sv_minupdaterate") (value "100")
L 07/05/2022 - 17:01:53: [basecommands.smx] "Console<0><Console><Console>" changed cvar (cvar "sv_maxupdaterate") (value "100")
L 07/05/2022 - 17:01:53: [basecommands.smx] "Console<0><Console><Console>" changed cvar (cvar "sv_mincmdrate") (value "100")
L 07/05/2022 - 17:01:53: [basecommands.smx] "Console<0><Console><Console>" changed cvar (cvar "sv_maxcmdrate") (value "100")
L 07/05/2022 - 17:01:53: [basecommands.smx] "Console<0><Console><Console>" changed cvar (cvar "sv_client_min_interp_ratio") (value "-1")
L 07/05/2022 - 17:01:53: [basecommands.smx] "Console<0><Console><Console>" changed cvar (cvar "sv_client_max_interp_ratio") (value "0")
L 07/05/2022 - 17:01:53: [basecommands.smx] "Console<0><Console><Console>" changed cvar (cvar "nb_update_frequency") (value "0.014")
L 07/05/2022 - 17:01:53: [basecommands.smx] "Console<0><Console><Console>" changed cvar (cvar "net_splitpacket_maxrate") (value "50000")
L 07/05/2022 - 17:01:53: [basecommands.smx] "Console<0><Console><Console>" changed cvar (cvar "fps_max") (value "0")
L 07/05/2022 - 17:01:53: [basecommands.smx] "Console<0><Console><Console>" changed cvar (cvar "sv_allowupload") (value "0")
L 07/05/2022 - 17:01:53: [basecommands.smx] "Console<0><Console><Console>" changed cvar (cvar "sv_allowdownload") (value "0")
L 07/05/2022 - 17:01:53: [basecommands.smx] "Console<0><Console><Console>" changed cvar (cvar "tick_door_speed") (value "1.30")
L 07/05/2022 - 17:01:53: [basecommands.smx] "Console<0><Console><Console>" changed cvar (cvar "sb_all_bot_game") (value "1")
L 07/05/2022 - 17:01:53: [basecommands.smx] "Console<0><Console><Console>" changed cvar (cvar "allow_all_bot_survivor_team") (value "0")
L 07/05/2022 - 17:01:53: [basecommands.smx] "Console<0><Console><Console>" changed cvar (cvar "versus_tank_chance_intro") (value "1")
L 07/05/2022 - 17:01:53: [basecommands.smx] "Console<0><Console><Console>" changed cvar (cvar "versus_tank_chance") (value "1")
L 07/05/2022 - 17:01:53: [basecommands.smx] "Console<0><Console><Console>" changed cvar (cvar "versus_tank_chance_finale") (value "1")
L 07/05/2022 - 17:01:53: [basecommands.smx] "Console<0><Console><Console>" changed cvar (cvar "versus_witch_chance_intro") (value "1")
L 07/05/2022 - 17:01:53: [basecommands.smx] "Console<0><Console><Console>" changed cvar (cvar "versus_witch_chance") (value "1")
L 07/05/2022 - 17:01:53: [basecommands.smx] "Console<0><Console><Console>" changed cvar (cvar "versus_witch_chance_finale") (value "1")
L 07/05/2022 - 17:03:18: [playercommands.smx] "Altair<2><STEAM_1:0:90628109><>" slayed "Ellis<3><BOT><>"
L 07/05/2022 - 17:03:20: [playercommands.smx] "Altair<2><STEAM_1:0:90628109><>" slayed "Rochelle<4><BOT><>"
L 07/05/2022 - 17:03:21: [playercommands.smx] "Altair<2><STEAM_1:0:90628109><>" slayed "Coach<5><BOT><>"
L 07/05/2022 - 17:03:30: [l4d_sm_respawn.smx] "Altair<2><STEAM_1:0:90628109><>" teleported "Ellis<3><BOT><>" after respawning him
L 07/05/2022 - 17:03:38: [l4d_sm_respawn.smx] "Altair<2><STEAM_1:0:90628109><>" teleported "Rochelle<4><BOT><>" after respawning him
L 07/05/2022 - 17:03:42: [l4d_sm_respawn.smx] "Altair<2><STEAM_1:0:90628109><>" teleported "Rochelle<4><BOT><>" after respawning him
L 07/05/2022 - 17:03:46: [l4d_sm_respawn.smx] "Altair<2><STEAM_1:0:90628109><>" teleported "Altair<2><STEAM_1:0:90628109><>" after respawning him
L 07/05/2022 - 17:03:52: [l4d_sm_respawn.smx] "Altair<2><STEAM_1:0:90628109><>" teleported "Coach<5><BOT><>" after respawning him
L 07/05/2022 - 17:04:01: [playercommands.smx] "Altair<2><STEAM_1:0:90628109><>" slayed "Ellis<3><BOT><>"
L 07/05/2022 - 17:04:01: [playercommands.smx] "Altair<2><STEAM_1:0:90628109><>" slayed "Rochelle<4><BOT><>"
L 07/05/2022 - 17:04:02: [playercommands.smx] "Altair<2><STEAM_1:0:90628109><>" slayed "Coach<5><BOT><>"
L 07/05/2022 - 17:05:10: [l4d_sm_respawn.smx] "Altair<2><STEAM_1:0:90628109><>" teleported "Ellis<3><BOT><>" after respawning him
L 07/05/2022 - 17:05:25: [l4d_sm_respawn.smx] "Altair<2><STEAM_1:0:90628109><>" teleported "Rochelle<4><BOT><>" after respawning him
L 07/05/2022 - 17:05:28: [l4d_sm_respawn.smx] "Altair<2><STEAM_1:0:90628109><>" teleported "Coach<5><BOT><>" after respawning him
