L 01/21/2022 - 21:24:54: SourceMod log file session started (file "/home/steam/l4d2/left4dead2/addons/sourcemod/logs/L20220121.log") (Version "1.10.0.6528")
L 01/21/2022 - 21:24:54: [basecommands.smx] "Console<0><Console><Console>" changed cvar (cvar "versus_tank_chance_finale") (value "1.0")
L 01/21/2022 - 21:24:54: [basecommands.smx] "Console<0><Console><Console>" changed cvar (cvar "versus_tank_chance_intro") (value "1.0")
L 01/21/2022 - 21:24:54: [basecommands.smx] "Console<0><Console><Console>" changed cvar (cvar "versus_witch_chance") (value "1.0000")
L 01/21/2022 - 21:24:54: [basecommands.smx] "Console<0><Console><Console>" changed cvar (cvar "versus_witch_chance_finale") (value "1.0")
L 01/21/2022 - 21:24:54: [basecommands.smx] "Console<0><Console><Console>" changed cvar (cvar "versus_witch_chance_intro") (value "1.0")
L 01/21/2022 - 21:24:54: [basecommands.smx] "Console<0><Console><Console>" changed cvar (cvar "vs_max_team_switches") (value "9999")
L 01/21/2022 - 21:44:59: -------- Mapchange to c8m1_apartment --------
L 01/21/2022 - 21:45:01: [basecommands.smx] "Console<0><Console><Console>" changed cvar (cvar "versus_tank_chance_finale") (value "1.0")
L 01/21/2022 - 21:45:01: [basecommands.smx] "Console<0><Console><Console>" changed cvar (cvar "versus_tank_chance_intro") (value "1.0")
L 01/21/2022 - 21:45:01: [basecommands.smx] "Console<0><Console><Console>" changed cvar (cvar "versus_witch_chance") (value "1.0000")
L 01/21/2022 - 21:45:01: [basecommands.smx] "Console<0><Console><Console>" changed cvar (cvar "versus_witch_chance_finale") (value "1.0")
L 01/21/2022 - 21:45:01: [basecommands.smx] "Console<0><Console><Console>" changed cvar (cvar "versus_witch_chance_intro") (value "1.0")
L 01/21/2022 - 21:45:01: [basecommands.smx] "Console<0><Console><Console>" changed cvar (cvar "vs_max_team_switches") (value "9999")
L 01/21/2022 - 23:59:44: SourceMod log file session started (file "/home/steam/l4d2/left4dead2/addons/sourcemod/logs/L20220121.log") (Version "1.10.0.6528")
L 01/21/2022 - 23:59:44: [basecommands.smx] "Console<0><Console><Console>" changed cvar (cvar "versus_tank_chance_finale") (value "1.0")
L 01/21/2022 - 23:59:44: [basecommands.smx] "Console<0><Console><Console>" changed cvar (cvar "versus_tank_chance_intro") (value "1.0")
L 01/21/2022 - 23:59:44: [basecommands.smx] "Console<0><Console><Console>" changed cvar (cvar "versus_witch_chance") (value "1.0000")
L 01/21/2022 - 23:59:44: [basecommands.smx] "Console<0><Console><Console>" changed cvar (cvar "versus_witch_chance_finale") (value "1.0")
L 01/21/2022 - 23:59:44: [basecommands.smx] "Console<0><Console><Console>" changed cvar (cvar "versus_witch_chance_intro") (value "1.0")
L 01/21/2022 - 23:59:44: [basecommands.smx] "Console<0><Console><Console>" changed cvar (cvar "vs_max_team_switches") (value "9999")
L 01/22/2022 - 00:05:39: Log file closed.
