L 02/22/2022 - 20:06:03: SourceMod log file session started (file "/home/steam/l4d2/left4dead2/addons/sourcemod/logs/L20220222.log") (Version "1.10.0.6528")
L 02/22/2022 - 20:06:03: [basecommands.smx] "Console<0><Console><Console>" changed cvar (cvar "sb_all_bot_game") (value "1")
L 02/22/2022 - 20:06:03: [basecommands.smx] "Console<0><Console><Console>" changed cvar (cvar "allow_all_bot_survivor_team") (value "0")
L 02/22/2022 - 20:06:46: -------- Mapchange to c8m1_apartment --------
L 02/22/2022 - 20:06:49: [basecommands.smx] "Console<0><Console><Console>" changed cvar (cvar "sb_all_bot_game") (value "1")
L 02/22/2022 - 20:06:49: [basecommands.smx] "Console<0><Console><Console>" changed cvar (cvar "allow_all_bot_survivor_team") (value "0")
L 02/22/2022 - 20:18:25: SourceMod log file session started (file "/home/steam/l4d2/left4dead2/addons/sourcemod/logs/L20220222.log") (Version "1.10.0.6528")
L 02/22/2022 - 20:18:25: [basecommands.smx] "Console<0><Console><Console>" changed cvar (cvar "sb_all_bot_game") (value "1")
L 02/22/2022 - 20:18:25: [basecommands.smx] "Console<0><Console><Console>" changed cvar (cvar "allow_all_bot_survivor_team") (value "0")
L 02/22/2022 - 20:19:23: -------- Mapchange to c8m1_apartment --------
L 02/22/2022 - 20:19:25: [basecommands.smx] "Console<0><Console><Console>" changed cvar (cvar "sb_all_bot_game") (value "1")
L 02/22/2022 - 20:19:25: [basecommands.smx] "Console<0><Console><Console>" changed cvar (cvar "allow_all_bot_survivor_team") (value "0")
L 02/22/2022 - 20:20:27: [basecommands.smx] "Altair<3><STEAM_1:0:90628109><>" kicked "yolestat<6><STEAM_1:1:197205993><>" (reason "")
L 02/22/2022 - 20:29:56: -------- Mapchange to c8m1_apartment --------
L 02/22/2022 - 20:29:56: [basecommands.smx] "Console<0><Console><Console>" changed cvar (cvar "sb_all_bot_game") (value "1")
L 02/22/2022 - 20:29:56: [basecommands.smx] "Console<0><Console><Console>" changed cvar (cvar "allow_all_bot_survivor_team") (value "0")
L 02/22/2022 - 20:39:07: -------- Mapchange to c8m2_subway --------
L 02/22/2022 - 20:39:08: [basecommands.smx] "Console<0><Console><Console>" changed cvar (cvar "sb_all_bot_game") (value "1")
L 02/22/2022 - 20:39:08: [basecommands.smx] "Console<0><Console><Console>" changed cvar (cvar "allow_all_bot_survivor_team") (value "0")
L 02/22/2022 - 20:48:53: -------- Mapchange to c8m3_sewers --------
L 02/22/2022 - 20:48:55: [basecommands.smx] "Console<0><Console><Console>" changed cvar (cvar "sb_all_bot_game") (value "1")
L 02/22/2022 - 20:48:55: [basecommands.smx] "Console<0><Console><Console>" changed cvar (cvar "allow_all_bot_survivor_team") (value "0")
