L 03/04/2022 - 00:10:30: SourceMod log file session started (file "/home/steam/l4d2/left4dead2/addons/sourcemod/logs/L20220304.log") (Version "1.10.0.6528")
L 03/04/2022 - 00:10:30: [basecommands.smx] "Console<0><Console><Console>" changed cvar (cvar "sb_all_bot_game") (value "1")
L 03/04/2022 - 00:10:30: [basecommands.smx] "Console<0><Console><Console>" changed cvar (cvar "allow_all_bot_survivor_team") (value "0")
L 03/04/2022 - 00:10:45: -------- Mapchange to c8m1_apartment --------
L 03/04/2022 - 00:10:48: [basecommands.smx] "Console<0><Console><Console>" changed cvar (cvar "sb_all_bot_game") (value "1")
L 03/04/2022 - 00:10:48: [basecommands.smx] "Console<0><Console><Console>" changed cvar (cvar "allow_all_bot_survivor_team") (value "0")
L 03/04/2022 - 00:19:53: -------- Mapchange to c8m1_apartment --------
L 03/04/2022 - 00:19:53: [basecommands.smx] "Console<0><Console><Console>" changed cvar (cvar "sb_all_bot_game") (value "1")
L 03/04/2022 - 00:19:53: [basecommands.smx] "Console<0><Console><Console>" changed cvar (cvar "allow_all_bot_survivor_team") (value "0")
L 03/04/2022 - 00:28:17: [basecommands.smx] "Miguel<22><STEAM_1:1:452964136><>" kicked "ComePoshito<19><STEAM_1:0:455991146><>" (reason "")
L 03/04/2022 - 00:28:48: -------- Mapchange to c8m1_apartment --------
L 03/04/2022 - 00:28:48: [basecommands.smx] "Console<0><Console><Console>" changed cvar (cvar "sb_all_bot_game") (value "1")
L 03/04/2022 - 00:28:48: [basecommands.smx] "Console<0><Console><Console>" changed cvar (cvar "allow_all_bot_survivor_team") (value "0")
L 03/04/2022 - 00:40:26: -------- Mapchange to c8m2_subway --------
L 03/04/2022 - 00:40:27: [basecommands.smx] "Console<0><Console><Console>" changed cvar (cvar "sb_all_bot_game") (value "1")
L 03/04/2022 - 00:40:27: [basecommands.smx] "Console<0><Console><Console>" changed cvar (cvar "allow_all_bot_survivor_team") (value "0")
L 03/04/2022 - 00:55:34: -------- Mapchange to c8m3_sewers --------
L 03/04/2022 - 00:55:36: [basecommands.smx] "Console<0><Console><Console>" changed cvar (cvar "sb_all_bot_game") (value "1")
L 03/04/2022 - 00:55:36: [basecommands.smx] "Console<0><Console><Console>" changed cvar (cvar "allow_all_bot_survivor_team") (value "0")
L 03/04/2022 - 01:23:11: -------- Mapchange to c8m4_interior --------
L 03/04/2022 - 01:23:13: [basecommands.smx] "Console<0><Console><Console>" changed cvar (cvar "sb_all_bot_game") (value "1")
L 03/04/2022 - 01:23:13: [basecommands.smx] "Console<0><Console><Console>" changed cvar (cvar "allow_all_bot_survivor_team") (value "0")
L 03/04/2022 - 01:39:52: -------- Mapchange to c8m5_rooftop --------
L 03/04/2022 - 01:39:53: [basecommands.smx] "Console<0><Console><Console>" changed cvar (cvar "sb_all_bot_game") (value "1")
L 03/04/2022 - 01:39:53: [basecommands.smx] "Console<0><Console><Console>" changed cvar (cvar "allow_all_bot_survivor_team") (value "0")
L 03/04/2022 - 01:58:56: -------- Mapchange to c5m1_waterfront --------
L 03/04/2022 - 01:58:58: [basecommands.smx] "Console<0><Console><Console>" changed cvar (cvar "sb_all_bot_game") (value "1")
L 03/04/2022 - 01:58:58: [basecommands.smx] "Console<0><Console><Console>" changed cvar (cvar "allow_all_bot_survivor_team") (value "0")
L 03/04/2022 - 02:04:54: -------- Mapchange to c5m1_waterfront --------
L 03/04/2022 - 02:04:55: [basecommands.smx] "Console<0><Console><Console>" changed cvar (cvar "sb_all_bot_game") (value "1")
L 03/04/2022 - 02:04:55: [basecommands.smx] "Console<0><Console><Console>" changed cvar (cvar "allow_all_bot_survivor_team") (value "0")
L 03/04/2022 - 02:06:46: [basecommands.smx] "Miguel<99><STEAM_1:1:452964136><>" kicked "KeviN<114><STEAM_1:0:600655127><>" (reason "")
L 03/04/2022 - 02:07:02: [basecommands.smx] "mind<97><STEAM_1:1:53759167><>" kicked "Don_Falopa_450<117><STEAM_1:1:585260385><>" (reason "")
L 03/04/2022 - 02:18:03: -------- Mapchange to c5m2_park --------
L 03/04/2022 - 02:18:05: [basecommands.smx] "Console<0><Console><Console>" changed cvar (cvar "sb_all_bot_game") (value "1")
L 03/04/2022 - 02:18:05: [basecommands.smx] "Console<0><Console><Console>" changed cvar (cvar "allow_all_bot_survivor_team") (value "0")
L 03/04/2022 - 02:19:41: [basecommands.smx] "mind<97><STEAM_1:1:53759167><>" kicked "Insider<129><STEAM_1:1:566645250><>" (reason "")
L 03/04/2022 - 02:37:08: -------- Mapchange to c5m3_cemetery --------
L 03/04/2022 - 02:37:10: [basecommands.smx] "Console<0><Console><Console>" changed cvar (cvar "sb_all_bot_game") (value "1")
L 03/04/2022 - 02:37:10: [basecommands.smx] "Console<0><Console><Console>" changed cvar (cvar "allow_all_bot_survivor_team") (value "0")
L 03/04/2022 - 02:55:17: -------- Mapchange to c5m4_quarter --------
L 03/04/2022 - 02:55:19: [basecommands.smx] "Console<0><Console><Console>" changed cvar (cvar "sb_all_bot_game") (value "1")
L 03/04/2022 - 02:55:19: [basecommands.smx] "Console<0><Console><Console>" changed cvar (cvar "allow_all_bot_survivor_team") (value "0")
L 03/04/2022 - 03:15:22: -------- Mapchange to c5m5_bridge --------
L 03/04/2022 - 03:15:26: [basecommands.smx] "Console<0><Console><Console>" changed cvar (cvar "sb_all_bot_game") (value "1")
L 03/04/2022 - 03:15:26: [basecommands.smx] "Console<0><Console><Console>" changed cvar (cvar "allow_all_bot_survivor_team") (value "0")
L 03/04/2022 - 03:16:12: -------- Mapchange to c8m1_apartment --------
L 03/04/2022 - 03:16:14: [basecommands.smx] "Console<0><Console><Console>" changed cvar (cvar "sb_all_bot_game") (value "1")
L 03/04/2022 - 03:16:14: [basecommands.smx] "Console<0><Console><Console>" changed cvar (cvar "allow_all_bot_survivor_team") (value "0")
L 03/04/2022 - 03:27:44: -------- Mapchange to c8m2_subway --------
L 03/04/2022 - 03:27:45: [basecommands.smx] "Console<0><Console><Console>" changed cvar (cvar "sb_all_bot_game") (value "1")
L 03/04/2022 - 03:27:45: [basecommands.smx] "Console<0><Console><Console>" changed cvar (cvar "allow_all_bot_survivor_team") (value "0")
L 03/04/2022 - 03:47:25: -------- Mapchange to c8m3_sewers --------
L 03/04/2022 - 03:47:26: [basecommands.smx] "Console<0><Console><Console>" changed cvar (cvar "sb_all_bot_game") (value "1")
L 03/04/2022 - 03:47:26: [basecommands.smx] "Console<0><Console><Console>" changed cvar (cvar "allow_all_bot_survivor_team") (value "0")
L 03/04/2022 - 04:07:39: -------- Mapchange to c8m4_interior --------
L 03/04/2022 - 04:07:40: [basecommands.smx] "Console<0><Console><Console>" changed cvar (cvar "sb_all_bot_game") (value "1")
L 03/04/2022 - 04:07:40: [basecommands.smx] "Console<0><Console><Console>" changed cvar (cvar "allow_all_bot_survivor_team") (value "0")
L 03/04/2022 - 04:23:59: -------- Mapchange to c8m5_rooftop --------
L 03/04/2022 - 04:24:00: [basecommands.smx] "Console<0><Console><Console>" changed cvar (cvar "sb_all_bot_game") (value "1")
L 03/04/2022 - 04:24:00: [basecommands.smx] "Console<0><Console><Console>" changed cvar (cvar "allow_all_bot_survivor_team") (value "0")
L 03/04/2022 - 04:35:56: [basecommands.smx] "mind<146><STEAM_1:1:53759167><>" kicked "[BR] Destroyer<131><STEAM_1:1:124882792><>" (reason "")
L 03/04/2022 - 04:40:42: -------- Mapchange to c10m1_caves --------
L 03/04/2022 - 04:40:43: [basecommands.smx] "Console<0><Console><Console>" changed cvar (cvar "sb_all_bot_game") (value "1")
L 03/04/2022 - 04:40:43: [basecommands.smx] "Console<0><Console><Console>" changed cvar (cvar "allow_all_bot_survivor_team") (value "0")
L 03/04/2022 - 04:50:21: -------- Mapchange to c10m1_caves --------
L 03/04/2022 - 04:50:22: [basecommands.smx] "Console<0><Console><Console>" changed cvar (cvar "sb_all_bot_game") (value "1")
L 03/04/2022 - 04:50:22: [basecommands.smx] "Console<0><Console><Console>" changed cvar (cvar "allow_all_bot_survivor_team") (value "0")
L 03/04/2022 - 05:07:03: -------- Mapchange to c10m2_drainage --------
L 03/04/2022 - 05:07:04: [basecommands.smx] "Console<0><Console><Console>" changed cvar (cvar "sb_all_bot_game") (value "1")
L 03/04/2022 - 05:07:04: [basecommands.smx] "Console<0><Console><Console>" changed cvar (cvar "allow_all_bot_survivor_team") (value "0")
L 03/04/2022 - 05:20:00: -------- Mapchange to c10m3_ranchhouse --------
L 03/04/2022 - 05:20:01: [basecommands.smx] "Console<0><Console><Console>" changed cvar (cvar "sb_all_bot_game") (value "1")
L 03/04/2022 - 05:20:01: [basecommands.smx] "Console<0><Console><Console>" changed cvar (cvar "allow_all_bot_survivor_team") (value "0")
L 03/04/2022 - 05:38:56: -------- Mapchange to c10m4_mainstreet --------
L 03/04/2022 - 05:38:57: [basecommands.smx] "Console<0><Console><Console>" changed cvar (cvar "sb_all_bot_game") (value "1")
L 03/04/2022 - 05:38:57: [basecommands.smx] "Console<0><Console><Console>" changed cvar (cvar "allow_all_bot_survivor_team") (value "0")
L 03/04/2022 - 05:48:51: -------- Mapchange to c10m5_houseboat --------
L 03/04/2022 - 05:48:53: [basecommands.smx] "Console<0><Console><Console>" changed cvar (cvar "sb_all_bot_game") (value "1")
L 03/04/2022 - 05:48:53: [basecommands.smx] "Console<0><Console><Console>" changed cvar (cvar "allow_all_bot_survivor_team") (value "0")
