L 06/16/2022 - 00:28:53: SourceMod log file session started (file "/home/steam/l4d2/left4dead2/addons/sourcemod/logs/L20220616.log") (Version "1.10.0.6528")
L 06/16/2022 - 00:28:53: [basecommands.smx] "Console<0><Console><Console>" changed cvar (cvar "mp_gamemode") (value "versus")
L 06/16/2022 - 00:28:53: [basecommands.smx] "Console<0><Console><Console>" changed cvar (cvar "sv_minrate") (value "100000")
L 06/16/2022 - 00:28:53: [basecommands.smx] "Console<0><Console><Console>" changed cvar (cvar "sv_maxrate") (value "100000")
L 06/16/2022 - 00:28:53: [basecommands.smx] "Console<0><Console><Console>" changed cvar (cvar "sv_mincmdrate") (value "100")
L 06/16/2022 - 00:28:53: [basecommands.smx] "Console<0><Console><Console>" changed cvar (cvar "sv_maxcmdrate") (value "100")
L 06/16/2022 - 00:28:53: [basecommands.smx] "Console<0><Console><Console>" changed cvar (cvar "sv_maxupdaterate") (value "10sm_cvar")
L 06/16/2022 - 00:28:53: [basecommands.smx] "Console<0><Console><Console>" changed cvar (cvar "sv_maxrate") (value "100000")
L 06/16/2022 - 00:28:53: [basecommands.smx] "Console<0><Console><Console>" changed cvar (cvar "sv_minupdaterate") (value "100")
L 06/16/2022 - 00:28:53: [basecommands.smx] "Console<0><Console><Console>" changed cvar (cvar "sv_maxupdaterate") (value "100")
L 06/16/2022 - 00:28:53: [basecommands.smx] "Console<0><Console><Console>" changed cvar (cvar "sv_mincmdrate") (value "100")
L 06/16/2022 - 00:28:53: [basecommands.smx] "Console<0><Console><Console>" changed cvar (cvar "sv_maxcmdrate") (value "100")
L 06/16/2022 - 00:28:53: [basecommands.smx] "Console<0><Console><Console>" changed cvar (cvar "sv_client_min_interp_ratio") (value "-1")
L 06/16/2022 - 00:28:53: [basecommands.smx] "Console<0><Console><Console>" changed cvar (cvar "sv_client_max_interp_ratio") (value "0")
L 06/16/2022 - 00:28:53: [basecommands.smx] "Console<0><Console><Console>" changed cvar (cvar "nb_update_frequency") (value "0.014")
L 06/16/2022 - 00:28:53: [basecommands.smx] "Console<0><Console><Console>" changed cvar (cvar "net_splitpacket_maxrate") (value "50000")
L 06/16/2022 - 00:28:53: [basecommands.smx] "Console<0><Console><Console>" changed cvar (cvar "fps_max") (value "0")
L 06/16/2022 - 00:28:53: [basecommands.smx] "Console<0><Console><Console>" changed cvar (cvar "sv_allowupload") (value "0")
L 06/16/2022 - 00:28:53: [basecommands.smx] "Console<0><Console><Console>" changed cvar (cvar "sv_allowdownload") (value "0")
L 06/16/2022 - 00:28:53: [basecommands.smx] "Console<0><Console><Console>" changed cvar (cvar "tick_door_speed") (value "1.30")
L 06/16/2022 - 00:28:53: [basecommands.smx] "Console<0><Console><Console>" changed cvar (cvar "sb_all_bot_game") (value "1")
L 06/16/2022 - 00:28:53: [basecommands.smx] "Console<0><Console><Console>" changed cvar (cvar "allow_all_bot_survivor_team") (value "0")
L 06/16/2022 - 19:53:32: SourceMod log file session started (file "/home/steam/l4d2/left4dead2/addons/sourcemod/logs/L20220616.log") (Version "1.10.0.6528")
L 06/16/2022 - 19:53:32: [basecommands.smx] "Console<0><Console><Console>" changed cvar (cvar "mp_gamemode") (value "versus")
L 06/16/2022 - 19:53:32: [basecommands.smx] "Console<0><Console><Console>" changed cvar (cvar "sv_minrate") (value "100000")
L 06/16/2022 - 19:53:32: [basecommands.smx] "Console<0><Console><Console>" changed cvar (cvar "sv_maxrate") (value "100000")
L 06/16/2022 - 19:53:32: [basecommands.smx] "Console<0><Console><Console>" changed cvar (cvar "sv_mincmdrate") (value "100")
L 06/16/2022 - 19:53:32: [basecommands.smx] "Console<0><Console><Console>" changed cvar (cvar "sv_maxcmdrate") (value "100")
L 06/16/2022 - 19:53:32: [basecommands.smx] "Console<0><Console><Console>" changed cvar (cvar "sv_maxupdaterate") (value "10sm_cvar")
L 06/16/2022 - 19:53:32: [basecommands.smx] "Console<0><Console><Console>" changed cvar (cvar "sv_maxrate") (value "100000")
L 06/16/2022 - 19:53:32: [basecommands.smx] "Console<0><Console><Console>" changed cvar (cvar "sv_minupdaterate") (value "100")
L 06/16/2022 - 19:53:32: [basecommands.smx] "Console<0><Console><Console>" changed cvar (cvar "sv_maxupdaterate") (value "100")
L 06/16/2022 - 19:53:32: [basecommands.smx] "Console<0><Console><Console>" changed cvar (cvar "sv_mincmdrate") (value "100")
L 06/16/2022 - 19:53:32: [basecommands.smx] "Console<0><Console><Console>" changed cvar (cvar "sv_maxcmdrate") (value "100")
L 06/16/2022 - 19:53:32: [basecommands.smx] "Console<0><Console><Console>" changed cvar (cvar "sv_client_min_interp_ratio") (value "-1")
L 06/16/2022 - 19:53:32: [basecommands.smx] "Console<0><Console><Console>" changed cvar (cvar "sv_client_max_interp_ratio") (value "0")
L 06/16/2022 - 19:53:32: [basecommands.smx] "Console<0><Console><Console>" changed cvar (cvar "nb_update_frequency") (value "0.014")
L 06/16/2022 - 19:53:32: [basecommands.smx] "Console<0><Console><Console>" changed cvar (cvar "net_splitpacket_maxrate") (value "50000")
L 06/16/2022 - 19:53:32: [basecommands.smx] "Console<0><Console><Console>" changed cvar (cvar "fps_max") (value "0")
L 06/16/2022 - 19:53:32: [basecommands.smx] "Console<0><Console><Console>" changed cvar (cvar "sv_allowupload") (value "0")
L 06/16/2022 - 19:53:32: [basecommands.smx] "Console<0><Console><Console>" changed cvar (cvar "sv_allowdownload") (value "0")
L 06/16/2022 - 19:53:32: [basecommands.smx] "Console<0><Console><Console>" changed cvar (cvar "tick_door_speed") (value "1.30")
L 06/16/2022 - 19:53:32: [basecommands.smx] "Console<0><Console><Console>" changed cvar (cvar "sb_all_bot_game") (value "1")
L 06/16/2022 - 19:53:32: [basecommands.smx] "Console<0><Console><Console>" changed cvar (cvar "allow_all_bot_survivor_team") (value "0")
L 06/16/2022 - 19:53:50: -------- Mapchange to c8m1_apartment --------
L 06/16/2022 - 19:53:54: [basecommands.smx] "Console<0><Console><Console>" changed cvar (cvar "mp_gamemode") (value "versus")
L 06/16/2022 - 19:53:54: [basecommands.smx] "Console<0><Console><Console>" changed cvar (cvar "sv_minrate") (value "100000")
L 06/16/2022 - 19:53:54: [basecommands.smx] "Console<0><Console><Console>" changed cvar (cvar "sv_maxrate") (value "100000")
L 06/16/2022 - 19:53:54: [basecommands.smx] "Console<0><Console><Console>" changed cvar (cvar "sv_mincmdrate") (value "100")
L 06/16/2022 - 19:53:54: [basecommands.smx] "Console<0><Console><Console>" changed cvar (cvar "sv_maxcmdrate") (value "100")
L 06/16/2022 - 19:53:54: [basecommands.smx] "Console<0><Console><Console>" changed cvar (cvar "sv_maxupdaterate") (value "10sm_cvar")
L 06/16/2022 - 19:53:54: [basecommands.smx] "Console<0><Console><Console>" changed cvar (cvar "sv_maxrate") (value "100000")
L 06/16/2022 - 19:53:54: [basecommands.smx] "Console<0><Console><Console>" changed cvar (cvar "sv_minupdaterate") (value "100")
L 06/16/2022 - 19:53:54: [basecommands.smx] "Console<0><Console><Console>" changed cvar (cvar "sv_maxupdaterate") (value "100")
L 06/16/2022 - 19:53:54: [basecommands.smx] "Console<0><Console><Console>" changed cvar (cvar "sv_mincmdrate") (value "100")
L 06/16/2022 - 19:53:54: [basecommands.smx] "Console<0><Console><Console>" changed cvar (cvar "sv_maxcmdrate") (value "100")
L 06/16/2022 - 19:53:54: [basecommands.smx] "Console<0><Console><Console>" changed cvar (cvar "sv_client_min_interp_ratio") (value "-1")
L 06/16/2022 - 19:53:54: [basecommands.smx] "Console<0><Console><Console>" changed cvar (cvar "sv_client_max_interp_ratio") (value "0")
L 06/16/2022 - 19:53:54: [basecommands.smx] "Console<0><Console><Console>" changed cvar (cvar "nb_update_frequency") (value "0.014")
L 06/16/2022 - 19:53:54: [basecommands.smx] "Console<0><Console><Console>" changed cvar (cvar "net_splitpacket_maxrate") (value "50000")
L 06/16/2022 - 19:53:54: [basecommands.smx] "Console<0><Console><Console>" changed cvar (cvar "fps_max") (value "0")
L 06/16/2022 - 19:53:54: [basecommands.smx] "Console<0><Console><Console>" changed cvar (cvar "sv_allowupload") (value "0")
L 06/16/2022 - 19:53:54: [basecommands.smx] "Console<0><Console><Console>" changed cvar (cvar "sv_allowdownload") (value "0")
L 06/16/2022 - 19:53:54: [basecommands.smx] "Console<0><Console><Console>" changed cvar (cvar "tick_door_speed") (value "1.30")
L 06/16/2022 - 19:53:54: [basecommands.smx] "Console<0><Console><Console>" changed cvar (cvar "sb_all_bot_game") (value "1")
L 06/16/2022 - 19:53:54: [basecommands.smx] "Console<0><Console><Console>" changed cvar (cvar "allow_all_bot_survivor_team") (value "0")
L 06/16/2022 - 19:58:23: [funcommands.smx] "Altair<4><STEAM_1:0:90628109><>" toggled noclip on "Altair<4><STEAM_1:0:90628109><>"
L 06/16/2022 - 19:58:27: [funcommands.smx] "Altair<4><STEAM_1:0:90628109><>" toggled noclip on "Altair<4><STEAM_1:0:90628109><>"
L 06/16/2022 - 19:59:25: -------- Mapchange to c8m1_apartment --------
L 06/16/2022 - 19:59:26: [basecommands.smx] "Console<0><Console><Console>" changed cvar (cvar "mp_gamemode") (value "versus")
L 06/16/2022 - 19:59:26: [basecommands.smx] "Console<0><Console><Console>" changed cvar (cvar "sv_minrate") (value "100000")
L 06/16/2022 - 19:59:26: [basecommands.smx] "Console<0><Console><Console>" changed cvar (cvar "sv_maxrate") (value "100000")
L 06/16/2022 - 19:59:26: [basecommands.smx] "Console<0><Console><Console>" changed cvar (cvar "sv_mincmdrate") (value "100")
L 06/16/2022 - 19:59:26: [basecommands.smx] "Console<0><Console><Console>" changed cvar (cvar "sv_maxcmdrate") (value "100")
L 06/16/2022 - 19:59:26: [basecommands.smx] "Console<0><Console><Console>" changed cvar (cvar "sv_maxupdaterate") (value "10sm_cvar")
L 06/16/2022 - 19:59:26: [basecommands.smx] "Console<0><Console><Console>" changed cvar (cvar "sv_maxrate") (value "100000")
L 06/16/2022 - 19:59:26: [basecommands.smx] "Console<0><Console><Console>" changed cvar (cvar "sv_minupdaterate") (value "100")
L 06/16/2022 - 19:59:26: [basecommands.smx] "Console<0><Console><Console>" changed cvar (cvar "sv_maxupdaterate") (value "100")
L 06/16/2022 - 19:59:26: [basecommands.smx] "Console<0><Console><Console>" changed cvar (cvar "sv_mincmdrate") (value "100")
L 06/16/2022 - 19:59:26: [basecommands.smx] "Console<0><Console><Console>" changed cvar (cvar "sv_maxcmdrate") (value "100")
L 06/16/2022 - 19:59:26: [basecommands.smx] "Console<0><Console><Console>" changed cvar (cvar "sv_client_min_interp_ratio") (value "-1")
L 06/16/2022 - 19:59:26: [basecommands.smx] "Console<0><Console><Console>" changed cvar (cvar "sv_client_max_interp_ratio") (value "0")
L 06/16/2022 - 19:59:26: [basecommands.smx] "Console<0><Console><Console>" changed cvar (cvar "nb_update_frequency") (value "0.014")
L 06/16/2022 - 19:59:26: [basecommands.smx] "Console<0><Console><Console>" changed cvar (cvar "net_splitpacket_maxrate") (value "50000")
L 06/16/2022 - 19:59:26: [basecommands.smx] "Console<0><Console><Console>" changed cvar (cvar "fps_max") (value "0")
L 06/16/2022 - 19:59:26: [basecommands.smx] "Console<0><Console><Console>" changed cvar (cvar "sv_allowupload") (value "0")
L 06/16/2022 - 19:59:26: [basecommands.smx] "Console<0><Console><Console>" changed cvar (cvar "sv_allowdownload") (value "0")
L 06/16/2022 - 19:59:26: [basecommands.smx] "Console<0><Console><Console>" changed cvar (cvar "tick_door_speed") (value "1.30")
L 06/16/2022 - 19:59:26: [basecommands.smx] "Console<0><Console><Console>" changed cvar (cvar "sb_all_bot_game") (value "1")
L 06/16/2022 - 19:59:26: [basecommands.smx] "Console<0><Console><Console>" changed cvar (cvar "allow_all_bot_survivor_team") (value "0")
L 06/16/2022 - 20:04:05: -------- Mapchange to c8m1_apartment --------
L 06/16/2022 - 20:04:06: [basecommands.smx] "Console<0><Console><Console>" changed cvar (cvar "mp_gamemode") (value "versus")
L 06/16/2022 - 20:04:06: [basecommands.smx] "Console<0><Console><Console>" changed cvar (cvar "sv_minrate") (value "100000")
L 06/16/2022 - 20:04:06: [basecommands.smx] "Console<0><Console><Console>" changed cvar (cvar "sv_maxrate") (value "100000")
L 06/16/2022 - 20:04:06: [basecommands.smx] "Console<0><Console><Console>" changed cvar (cvar "sv_mincmdrate") (value "100")
L 06/16/2022 - 20:04:06: [basecommands.smx] "Console<0><Console><Console>" changed cvar (cvar "sv_maxcmdrate") (value "100")
L 06/16/2022 - 20:04:06: [basecommands.smx] "Console<0><Console><Console>" changed cvar (cvar "sv_maxupdaterate") (value "10sm_cvar")
L 06/16/2022 - 20:04:06: [basecommands.smx] "Console<0><Console><Console>" changed cvar (cvar "sv_maxrate") (value "100000")
L 06/16/2022 - 20:04:06: [basecommands.smx] "Console<0><Console><Console>" changed cvar (cvar "sv_minupdaterate") (value "100")
L 06/16/2022 - 20:04:06: [basecommands.smx] "Console<0><Console><Console>" changed cvar (cvar "sv_maxupdaterate") (value "100")
L 06/16/2022 - 20:04:06: [basecommands.smx] "Console<0><Console><Console>" changed cvar (cvar "sv_mincmdrate") (value "100")
L 06/16/2022 - 20:04:06: [basecommands.smx] "Console<0><Console><Console>" changed cvar (cvar "sv_maxcmdrate") (value "100")
L 06/16/2022 - 20:04:06: [basecommands.smx] "Console<0><Console><Console>" changed cvar (cvar "sv_client_min_interp_ratio") (value "-1")
L 06/16/2022 - 20:04:06: [basecommands.smx] "Console<0><Console><Console>" changed cvar (cvar "sv_client_max_interp_ratio") (value "0")
L 06/16/2022 - 20:04:06: [basecommands.smx] "Console<0><Console><Console>" changed cvar (cvar "nb_update_frequency") (value "0.014")
L 06/16/2022 - 20:04:06: [basecommands.smx] "Console<0><Console><Console>" changed cvar (cvar "net_splitpacket_maxrate") (value "50000")
L 06/16/2022 - 20:04:06: [basecommands.smx] "Console<0><Console><Console>" changed cvar (cvar "fps_max") (value "0")
L 06/16/2022 - 20:04:06: [basecommands.smx] "Console<0><Console><Console>" changed cvar (cvar "sv_allowupload") (value "0")
L 06/16/2022 - 20:04:06: [basecommands.smx] "Console<0><Console><Console>" changed cvar (cvar "sv_allowdownload") (value "0")
L 06/16/2022 - 20:04:06: [basecommands.smx] "Console<0><Console><Console>" changed cvar (cvar "tick_door_speed") (value "1.30")
L 06/16/2022 - 20:04:06: [basecommands.smx] "Console<0><Console><Console>" changed cvar (cvar "sb_all_bot_game") (value "1")
L 06/16/2022 - 20:04:06: [basecommands.smx] "Console<0><Console><Console>" changed cvar (cvar "allow_all_bot_survivor_team") (value "0")
L 06/16/2022 - 20:09:17: -------- Mapchange to c8m1_apartment --------
L 06/16/2022 - 20:09:18: [basecommands.smx] "Console<0><Console><Console>" changed cvar (cvar "mp_gamemode") (value "versus")
L 06/16/2022 - 20:09:18: [basecommands.smx] "Console<0><Console><Console>" changed cvar (cvar "sv_minrate") (value "100000")
L 06/16/2022 - 20:09:18: [basecommands.smx] "Console<0><Console><Console>" changed cvar (cvar "sv_maxrate") (value "100000")
L 06/16/2022 - 20:09:18: [basecommands.smx] "Console<0><Console><Console>" changed cvar (cvar "sv_mincmdrate") (value "100")
L 06/16/2022 - 20:09:18: [basecommands.smx] "Console<0><Console><Console>" changed cvar (cvar "sv_maxcmdrate") (value "100")
L 06/16/2022 - 20:09:18: [basecommands.smx] "Console<0><Console><Console>" changed cvar (cvar "sv_maxupdaterate") (value "10sm_cvar")
L 06/16/2022 - 20:09:18: [basecommands.smx] "Console<0><Console><Console>" changed cvar (cvar "sv_maxrate") (value "100000")
L 06/16/2022 - 20:09:18: [basecommands.smx] "Console<0><Console><Console>" changed cvar (cvar "sv_minupdaterate") (value "100")
L 06/16/2022 - 20:09:18: [basecommands.smx] "Console<0><Console><Console>" changed cvar (cvar "sv_maxupdaterate") (value "100")
L 06/16/2022 - 20:09:18: [basecommands.smx] "Console<0><Console><Console>" changed cvar (cvar "sv_mincmdrate") (value "100")
L 06/16/2022 - 20:09:18: [basecommands.smx] "Console<0><Console><Console>" changed cvar (cvar "sv_maxcmdrate") (value "100")
L 06/16/2022 - 20:09:18: [basecommands.smx] "Console<0><Console><Console>" changed cvar (cvar "sv_client_min_interp_ratio") (value "-1")
L 06/16/2022 - 20:09:18: [basecommands.smx] "Console<0><Console><Console>" changed cvar (cvar "sv_client_max_interp_ratio") (value "0")
L 06/16/2022 - 20:09:18: [basecommands.smx] "Console<0><Console><Console>" changed cvar (cvar "nb_update_frequency") (value "0.014")
L 06/16/2022 - 20:09:18: [basecommands.smx] "Console<0><Console><Console>" changed cvar (cvar "net_splitpacket_maxrate") (value "50000")
L 06/16/2022 - 20:09:18: [basecommands.smx] "Console<0><Console><Console>" changed cvar (cvar "fps_max") (value "0")
L 06/16/2022 - 20:09:18: [basecommands.smx] "Console<0><Console><Console>" changed cvar (cvar "sv_allowupload") (value "0")
L 06/16/2022 - 20:09:18: [basecommands.smx] "Console<0><Console><Console>" changed cvar (cvar "sv_allowdownload") (value "0")
L 06/16/2022 - 20:09:18: [basecommands.smx] "Console<0><Console><Console>" changed cvar (cvar "tick_door_speed") (value "1.30")
L 06/16/2022 - 20:09:18: [basecommands.smx] "Console<0><Console><Console>" changed cvar (cvar "sb_all_bot_game") (value "1")
L 06/16/2022 - 20:09:18: [basecommands.smx] "Console<0><Console><Console>" changed cvar (cvar "allow_all_bot_survivor_team") (value "0")
L 06/16/2022 - 20:20:30: -------- Mapchange to c8m2_subway --------
L 06/16/2022 - 20:20:31: [basecommands.smx] "Console<0><Console><Console>" changed cvar (cvar "mp_gamemode") (value "versus")
L 06/16/2022 - 20:20:31: [basecommands.smx] "Console<0><Console><Console>" changed cvar (cvar "sv_minrate") (value "100000")
L 06/16/2022 - 20:20:31: [basecommands.smx] "Console<0><Console><Console>" changed cvar (cvar "sv_maxrate") (value "100000")
L 06/16/2022 - 20:20:31: [basecommands.smx] "Console<0><Console><Console>" changed cvar (cvar "sv_mincmdrate") (value "100")
L 06/16/2022 - 20:20:31: [basecommands.smx] "Console<0><Console><Console>" changed cvar (cvar "sv_maxcmdrate") (value "100")
L 06/16/2022 - 20:20:31: [basecommands.smx] "Console<0><Console><Console>" changed cvar (cvar "sv_maxupdaterate") (value "10sm_cvar")
L 06/16/2022 - 20:20:31: [basecommands.smx] "Console<0><Console><Console>" changed cvar (cvar "sv_maxrate") (value "100000")
L 06/16/2022 - 20:20:31: [basecommands.smx] "Console<0><Console><Console>" changed cvar (cvar "sv_minupdaterate") (value "100")
L 06/16/2022 - 20:20:31: [basecommands.smx] "Console<0><Console><Console>" changed cvar (cvar "sv_maxupdaterate") (value "100")
L 06/16/2022 - 20:20:31: [basecommands.smx] "Console<0><Console><Console>" changed cvar (cvar "sv_mincmdrate") (value "100")
L 06/16/2022 - 20:20:31: [basecommands.smx] "Console<0><Console><Console>" changed cvar (cvar "sv_maxcmdrate") (value "100")
L 06/16/2022 - 20:20:31: [basecommands.smx] "Console<0><Console><Console>" changed cvar (cvar "sv_client_min_interp_ratio") (value "-1")
L 06/16/2022 - 20:20:31: [basecommands.smx] "Console<0><Console><Console>" changed cvar (cvar "sv_client_max_interp_ratio") (value "0")
L 06/16/2022 - 20:20:31: [basecommands.smx] "Console<0><Console><Console>" changed cvar (cvar "nb_update_frequency") (value "0.014")
L 06/16/2022 - 20:20:31: [basecommands.smx] "Console<0><Console><Console>" changed cvar (cvar "net_splitpacket_maxrate") (value "50000")
L 06/16/2022 - 20:20:31: [basecommands.smx] "Console<0><Console><Console>" changed cvar (cvar "fps_max") (value "0")
L 06/16/2022 - 20:20:31: [basecommands.smx] "Console<0><Console><Console>" changed cvar (cvar "sv_allowupload") (value "0")
L 06/16/2022 - 20:20:31: [basecommands.smx] "Console<0><Console><Console>" changed cvar (cvar "sv_allowdownload") (value "0")
L 06/16/2022 - 20:20:31: [basecommands.smx] "Console<0><Console><Console>" changed cvar (cvar "tick_door_speed") (value "1.30")
L 06/16/2022 - 20:20:31: [basecommands.smx] "Console<0><Console><Console>" changed cvar (cvar "sb_all_bot_game") (value "1")
L 06/16/2022 - 20:20:31: [basecommands.smx] "Console<0><Console><Console>" changed cvar (cvar "allow_all_bot_survivor_team") (value "0")
L 06/16/2022 - 20:33:05: -------- Mapchange to c8m3_sewers --------
L 06/16/2022 - 20:33:06: [basecommands.smx] "Console<0><Console><Console>" changed cvar (cvar "mp_gamemode") (value "versus")
L 06/16/2022 - 20:33:06: [basecommands.smx] "Console<0><Console><Console>" changed cvar (cvar "sv_minrate") (value "100000")
L 06/16/2022 - 20:33:06: [basecommands.smx] "Console<0><Console><Console>" changed cvar (cvar "sv_maxrate") (value "100000")
L 06/16/2022 - 20:33:06: [basecommands.smx] "Console<0><Console><Console>" changed cvar (cvar "sv_mincmdrate") (value "100")
L 06/16/2022 - 20:33:06: [basecommands.smx] "Console<0><Console><Console>" changed cvar (cvar "sv_maxcmdrate") (value "100")
L 06/16/2022 - 20:33:06: [basecommands.smx] "Console<0><Console><Console>" changed cvar (cvar "sv_maxupdaterate") (value "10sm_cvar")
L 06/16/2022 - 20:33:06: [basecommands.smx] "Console<0><Console><Console>" changed cvar (cvar "sv_maxrate") (value "100000")
L 06/16/2022 - 20:33:06: [basecommands.smx] "Console<0><Console><Console>" changed cvar (cvar "sv_minupdaterate") (value "100")
L 06/16/2022 - 20:33:06: [basecommands.smx] "Console<0><Console><Console>" changed cvar (cvar "sv_maxupdaterate") (value "100")
L 06/16/2022 - 20:33:06: [basecommands.smx] "Console<0><Console><Console>" changed cvar (cvar "sv_mincmdrate") (value "100")
L 06/16/2022 - 20:33:06: [basecommands.smx] "Console<0><Console><Console>" changed cvar (cvar "sv_maxcmdrate") (value "100")
L 06/16/2022 - 20:33:06: [basecommands.smx] "Console<0><Console><Console>" changed cvar (cvar "sv_client_min_interp_ratio") (value "-1")
L 06/16/2022 - 20:33:06: [basecommands.smx] "Console<0><Console><Console>" changed cvar (cvar "sv_client_max_interp_ratio") (value "0")
L 06/16/2022 - 20:33:06: [basecommands.smx] "Console<0><Console><Console>" changed cvar (cvar "nb_update_frequency") (value "0.014")
L 06/16/2022 - 20:33:06: [basecommands.smx] "Console<0><Console><Console>" changed cvar (cvar "net_splitpacket_maxrate") (value "50000")
L 06/16/2022 - 20:33:06: [basecommands.smx] "Console<0><Console><Console>" changed cvar (cvar "fps_max") (value "0")
L 06/16/2022 - 20:33:06: [basecommands.smx] "Console<0><Console><Console>" changed cvar (cvar "sv_allowupload") (value "0")
L 06/16/2022 - 20:33:06: [basecommands.smx] "Console<0><Console><Console>" changed cvar (cvar "sv_allowdownload") (value "0")
L 06/16/2022 - 20:33:06: [basecommands.smx] "Console<0><Console><Console>" changed cvar (cvar "tick_door_speed") (value "1.30")
L 06/16/2022 - 20:33:06: [basecommands.smx] "Console<0><Console><Console>" changed cvar (cvar "sb_all_bot_game") (value "1")
L 06/16/2022 - 20:33:06: [basecommands.smx] "Console<0><Console><Console>" changed cvar (cvar "allow_all_bot_survivor_team") (value "0")
L 06/16/2022 - 20:55:12: -------- Mapchange to c8m4_interior --------
L 06/16/2022 - 20:55:13: [basecommands.smx] "Console<0><Console><Console>" changed cvar (cvar "mp_gamemode") (value "versus")
L 06/16/2022 - 20:55:13: [basecommands.smx] "Console<0><Console><Console>" changed cvar (cvar "sv_minrate") (value "100000")
L 06/16/2022 - 20:55:13: [basecommands.smx] "Console<0><Console><Console>" changed cvar (cvar "sv_maxrate") (value "100000")
L 06/16/2022 - 20:55:13: [basecommands.smx] "Console<0><Console><Console>" changed cvar (cvar "sv_mincmdrate") (value "100")
L 06/16/2022 - 20:55:13: [basecommands.smx] "Console<0><Console><Console>" changed cvar (cvar "sv_maxcmdrate") (value "100")
L 06/16/2022 - 20:55:13: [basecommands.smx] "Console<0><Console><Console>" changed cvar (cvar "sv_maxupdaterate") (value "10sm_cvar")
L 06/16/2022 - 20:55:13: [basecommands.smx] "Console<0><Console><Console>" changed cvar (cvar "sv_maxrate") (value "100000")
L 06/16/2022 - 20:55:13: [basecommands.smx] "Console<0><Console><Console>" changed cvar (cvar "sv_minupdaterate") (value "100")
L 06/16/2022 - 20:55:13: [basecommands.smx] "Console<0><Console><Console>" changed cvar (cvar "sv_maxupdaterate") (value "100")
L 06/16/2022 - 20:55:13: [basecommands.smx] "Console<0><Console><Console>" changed cvar (cvar "sv_mincmdrate") (value "100")
L 06/16/2022 - 20:55:13: [basecommands.smx] "Console<0><Console><Console>" changed cvar (cvar "sv_maxcmdrate") (value "100")
L 06/16/2022 - 20:55:13: [basecommands.smx] "Console<0><Console><Console>" changed cvar (cvar "sv_client_min_interp_ratio") (value "-1")
L 06/16/2022 - 20:55:13: [basecommands.smx] "Console<0><Console><Console>" changed cvar (cvar "sv_client_max_interp_ratio") (value "0")
L 06/16/2022 - 20:55:13: [basecommands.smx] "Console<0><Console><Console>" changed cvar (cvar "nb_update_frequency") (value "0.014")
L 06/16/2022 - 20:55:13: [basecommands.smx] "Console<0><Console><Console>" changed cvar (cvar "net_splitpacket_maxrate") (value "50000")
L 06/16/2022 - 20:55:13: [basecommands.smx] "Console<0><Console><Console>" changed cvar (cvar "fps_max") (value "0")
L 06/16/2022 - 20:55:13: [basecommands.smx] "Console<0><Console><Console>" changed cvar (cvar "sv_allowupload") (value "0")
L 06/16/2022 - 20:55:13: [basecommands.smx] "Console<0><Console><Console>" changed cvar (cvar "sv_allowdownload") (value "0")
L 06/16/2022 - 20:55:13: [basecommands.smx] "Console<0><Console><Console>" changed cvar (cvar "tick_door_speed") (value "1.30")
L 06/16/2022 - 20:55:13: [basecommands.smx] "Console<0><Console><Console>" changed cvar (cvar "sb_all_bot_game") (value "1")
L 06/16/2022 - 20:55:13: [basecommands.smx] "Console<0><Console><Console>" changed cvar (cvar "allow_all_bot_survivor_team") (value "0")
L 06/16/2022 - 21:10:59: -------- Mapchange to c8m5_rooftop --------
L 06/16/2022 - 21:11:00: [basecommands.smx] "Console<0><Console><Console>" changed cvar (cvar "mp_gamemode") (value "versus")
L 06/16/2022 - 21:11:00: [basecommands.smx] "Console<0><Console><Console>" changed cvar (cvar "sv_minrate") (value "100000")
L 06/16/2022 - 21:11:00: [basecommands.smx] "Console<0><Console><Console>" changed cvar (cvar "sv_maxrate") (value "100000")
L 06/16/2022 - 21:11:00: [basecommands.smx] "Console<0><Console><Console>" changed cvar (cvar "sv_mincmdrate") (value "100")
L 06/16/2022 - 21:11:00: [basecommands.smx] "Console<0><Console><Console>" changed cvar (cvar "sv_maxcmdrate") (value "100")
L 06/16/2022 - 21:11:00: [basecommands.smx] "Console<0><Console><Console>" changed cvar (cvar "sv_maxupdaterate") (value "10sm_cvar")
L 06/16/2022 - 21:11:00: [basecommands.smx] "Console<0><Console><Console>" changed cvar (cvar "sv_maxrate") (value "100000")
L 06/16/2022 - 21:11:00: [basecommands.smx] "Console<0><Console><Console>" changed cvar (cvar "sv_minupdaterate") (value "100")
L 06/16/2022 - 21:11:00: [basecommands.smx] "Console<0><Console><Console>" changed cvar (cvar "sv_maxupdaterate") (value "100")
L 06/16/2022 - 21:11:00: [basecommands.smx] "Console<0><Console><Console>" changed cvar (cvar "sv_mincmdrate") (value "100")
L 06/16/2022 - 21:11:00: [basecommands.smx] "Console<0><Console><Console>" changed cvar (cvar "sv_maxcmdrate") (value "100")
L 06/16/2022 - 21:11:00: [basecommands.smx] "Console<0><Console><Console>" changed cvar (cvar "sv_client_min_interp_ratio") (value "-1")
L 06/16/2022 - 21:11:00: [basecommands.smx] "Console<0><Console><Console>" changed cvar (cvar "sv_client_max_interp_ratio") (value "0")
L 06/16/2022 - 21:11:00: [basecommands.smx] "Console<0><Console><Console>" changed cvar (cvar "nb_update_frequency") (value "0.014")
L 06/16/2022 - 21:11:00: [basecommands.smx] "Console<0><Console><Console>" changed cvar (cvar "net_splitpacket_maxrate") (value "50000")
L 06/16/2022 - 21:11:00: [basecommands.smx] "Console<0><Console><Console>" changed cvar (cvar "fps_max") (value "0")
L 06/16/2022 - 21:11:00: [basecommands.smx] "Console<0><Console><Console>" changed cvar (cvar "sv_allowupload") (value "0")
L 06/16/2022 - 21:11:00: [basecommands.smx] "Console<0><Console><Console>" changed cvar (cvar "sv_allowdownload") (value "0")
L 06/16/2022 - 21:11:00: [basecommands.smx] "Console<0><Console><Console>" changed cvar (cvar "tick_door_speed") (value "1.30")
L 06/16/2022 - 21:11:00: [basecommands.smx] "Console<0><Console><Console>" changed cvar (cvar "sb_all_bot_game") (value "1")
L 06/16/2022 - 21:11:00: [basecommands.smx] "Console<0><Console><Console>" changed cvar (cvar "allow_all_bot_survivor_team") (value "0")
L 06/16/2022 - 21:23:24: -------- Mapchange to c10m1_caves --------
L 06/16/2022 - 21:23:25: [basecommands.smx] "Console<0><Console><Console>" changed cvar (cvar "mp_gamemode") (value "versus")
L 06/16/2022 - 21:23:25: [basecommands.smx] "Console<0><Console><Console>" changed cvar (cvar "sv_minrate") (value "100000")
L 06/16/2022 - 21:23:25: [basecommands.smx] "Console<0><Console><Console>" changed cvar (cvar "sv_maxrate") (value "100000")
L 06/16/2022 - 21:23:25: [basecommands.smx] "Console<0><Console><Console>" changed cvar (cvar "sv_mincmdrate") (value "100")
L 06/16/2022 - 21:23:25: [basecommands.smx] "Console<0><Console><Console>" changed cvar (cvar "sv_maxcmdrate") (value "100")
L 06/16/2022 - 21:23:25: [basecommands.smx] "Console<0><Console><Console>" changed cvar (cvar "sv_maxupdaterate") (value "10sm_cvar")
L 06/16/2022 - 21:23:25: [basecommands.smx] "Console<0><Console><Console>" changed cvar (cvar "sv_maxrate") (value "100000")
L 06/16/2022 - 21:23:25: [basecommands.smx] "Console<0><Console><Console>" changed cvar (cvar "sv_minupdaterate") (value "100")
L 06/16/2022 - 21:23:25: [basecommands.smx] "Console<0><Console><Console>" changed cvar (cvar "sv_maxupdaterate") (value "100")
L 06/16/2022 - 21:23:25: [basecommands.smx] "Console<0><Console><Console>" changed cvar (cvar "sv_mincmdrate") (value "100")
L 06/16/2022 - 21:23:25: [basecommands.smx] "Console<0><Console><Console>" changed cvar (cvar "sv_maxcmdrate") (value "100")
L 06/16/2022 - 21:23:25: [basecommands.smx] "Console<0><Console><Console>" changed cvar (cvar "sv_client_min_interp_ratio") (value "-1")
L 06/16/2022 - 21:23:25: [basecommands.smx] "Console<0><Console><Console>" changed cvar (cvar "sv_client_max_interp_ratio") (value "0")
L 06/16/2022 - 21:23:25: [basecommands.smx] "Console<0><Console><Console>" changed cvar (cvar "nb_update_frequency") (value "0.014")
L 06/16/2022 - 21:23:25: [basecommands.smx] "Console<0><Console><Console>" changed cvar (cvar "net_splitpacket_maxrate") (value "50000")
L 06/16/2022 - 21:23:25: [basecommands.smx] "Console<0><Console><Console>" changed cvar (cvar "fps_max") (value "0")
L 06/16/2022 - 21:23:25: [basecommands.smx] "Console<0><Console><Console>" changed cvar (cvar "sv_allowupload") (value "0")
L 06/16/2022 - 21:23:25: [basecommands.smx] "Console<0><Console><Console>" changed cvar (cvar "sv_allowdownload") (value "0")
L 06/16/2022 - 21:23:25: [basecommands.smx] "Console<0><Console><Console>" changed cvar (cvar "tick_door_speed") (value "1.30")
L 06/16/2022 - 21:23:25: [basecommands.smx] "Console<0><Console><Console>" changed cvar (cvar "sb_all_bot_game") (value "1")
L 06/16/2022 - 21:23:25: [basecommands.smx] "Console<0><Console><Console>" changed cvar (cvar "allow_all_bot_survivor_team") (value "0")
L 06/16/2022 - 21:37:47: -------- Mapchange to c10m2_drainage --------
L 06/16/2022 - 21:37:48: [basecommands.smx] "Console<0><Console><Console>" changed cvar (cvar "mp_gamemode") (value "versus")
L 06/16/2022 - 21:37:48: [basecommands.smx] "Console<0><Console><Console>" changed cvar (cvar "sv_minrate") (value "100000")
L 06/16/2022 - 21:37:48: [basecommands.smx] "Console<0><Console><Console>" changed cvar (cvar "sv_maxrate") (value "100000")
L 06/16/2022 - 21:37:48: [basecommands.smx] "Console<0><Console><Console>" changed cvar (cvar "sv_mincmdrate") (value "100")
L 06/16/2022 - 21:37:48: [basecommands.smx] "Console<0><Console><Console>" changed cvar (cvar "sv_maxcmdrate") (value "100")
L 06/16/2022 - 21:37:48: [basecommands.smx] "Console<0><Console><Console>" changed cvar (cvar "sv_maxupdaterate") (value "10sm_cvar")
L 06/16/2022 - 21:37:48: [basecommands.smx] "Console<0><Console><Console>" changed cvar (cvar "sv_maxrate") (value "100000")
L 06/16/2022 - 21:37:48: [basecommands.smx] "Console<0><Console><Console>" changed cvar (cvar "sv_minupdaterate") (value "100")
L 06/16/2022 - 21:37:48: [basecommands.smx] "Console<0><Console><Console>" changed cvar (cvar "sv_maxupdaterate") (value "100")
L 06/16/2022 - 21:37:48: [basecommands.smx] "Console<0><Console><Console>" changed cvar (cvar "sv_mincmdrate") (value "100")
L 06/16/2022 - 21:37:48: [basecommands.smx] "Console<0><Console><Console>" changed cvar (cvar "sv_maxcmdrate") (value "100")
L 06/16/2022 - 21:37:48: [basecommands.smx] "Console<0><Console><Console>" changed cvar (cvar "sv_client_min_interp_ratio") (value "-1")
L 06/16/2022 - 21:37:48: [basecommands.smx] "Console<0><Console><Console>" changed cvar (cvar "sv_client_max_interp_ratio") (value "0")
L 06/16/2022 - 21:37:48: [basecommands.smx] "Console<0><Console><Console>" changed cvar (cvar "nb_update_frequency") (value "0.014")
L 06/16/2022 - 21:37:48: [basecommands.smx] "Console<0><Console><Console>" changed cvar (cvar "net_splitpacket_maxrate") (value "50000")
L 06/16/2022 - 21:37:48: [basecommands.smx] "Console<0><Console><Console>" changed cvar (cvar "fps_max") (value "0")
L 06/16/2022 - 21:37:48: [basecommands.smx] "Console<0><Console><Console>" changed cvar (cvar "sv_allowupload") (value "0")
L 06/16/2022 - 21:37:48: [basecommands.smx] "Console<0><Console><Console>" changed cvar (cvar "sv_allowdownload") (value "0")
L 06/16/2022 - 21:37:48: [basecommands.smx] "Console<0><Console><Console>" changed cvar (cvar "tick_door_speed") (value "1.30")
L 06/16/2022 - 21:37:48: [basecommands.smx] "Console<0><Console><Console>" changed cvar (cvar "sb_all_bot_game") (value "1")
L 06/16/2022 - 21:37:48: [basecommands.smx] "Console<0><Console><Console>" changed cvar (cvar "allow_all_bot_survivor_team") (value "0")
L 06/16/2022 - 21:51:00: -------- Mapchange to c10m3_ranchhouse --------
L 06/16/2022 - 21:51:01: [basecommands.smx] "Console<0><Console><Console>" changed cvar (cvar "mp_gamemode") (value "versus")
L 06/16/2022 - 21:51:01: [basecommands.smx] "Console<0><Console><Console>" changed cvar (cvar "sv_minrate") (value "100000")
L 06/16/2022 - 21:51:01: [basecommands.smx] "Console<0><Console><Console>" changed cvar (cvar "sv_maxrate") (value "100000")
L 06/16/2022 - 21:51:01: [basecommands.smx] "Console<0><Console><Console>" changed cvar (cvar "sv_mincmdrate") (value "100")
L 06/16/2022 - 21:51:01: [basecommands.smx] "Console<0><Console><Console>" changed cvar (cvar "sv_maxcmdrate") (value "100")
L 06/16/2022 - 21:51:01: [basecommands.smx] "Console<0><Console><Console>" changed cvar (cvar "sv_maxupdaterate") (value "10sm_cvar")
L 06/16/2022 - 21:51:01: [basecommands.smx] "Console<0><Console><Console>" changed cvar (cvar "sv_maxrate") (value "100000")
L 06/16/2022 - 21:51:01: [basecommands.smx] "Console<0><Console><Console>" changed cvar (cvar "sv_minupdaterate") (value "100")
L 06/16/2022 - 21:51:01: [basecommands.smx] "Console<0><Console><Console>" changed cvar (cvar "sv_maxupdaterate") (value "100")
L 06/16/2022 - 21:51:01: [basecommands.smx] "Console<0><Console><Console>" changed cvar (cvar "sv_mincmdrate") (value "100")
L 06/16/2022 - 21:51:01: [basecommands.smx] "Console<0><Console><Console>" changed cvar (cvar "sv_maxcmdrate") (value "100")
L 06/16/2022 - 21:51:01: [basecommands.smx] "Console<0><Console><Console>" changed cvar (cvar "sv_client_min_interp_ratio") (value "-1")
L 06/16/2022 - 21:51:01: [basecommands.smx] "Console<0><Console><Console>" changed cvar (cvar "sv_client_max_interp_ratio") (value "0")
L 06/16/2022 - 21:51:01: [basecommands.smx] "Console<0><Console><Console>" changed cvar (cvar "nb_update_frequency") (value "0.014")
L 06/16/2022 - 21:51:01: [basecommands.smx] "Console<0><Console><Console>" changed cvar (cvar "net_splitpacket_maxrate") (value "50000")
L 06/16/2022 - 21:51:01: [basecommands.smx] "Console<0><Console><Console>" changed cvar (cvar "fps_max") (value "0")
L 06/16/2022 - 21:51:01: [basecommands.smx] "Console<0><Console><Console>" changed cvar (cvar "sv_allowupload") (value "0")
L 06/16/2022 - 21:51:01: [basecommands.smx] "Console<0><Console><Console>" changed cvar (cvar "sv_allowdownload") (value "0")
L 06/16/2022 - 21:51:01: [basecommands.smx] "Console<0><Console><Console>" changed cvar (cvar "tick_door_speed") (value "1.30")
L 06/16/2022 - 21:51:01: [basecommands.smx] "Console<0><Console><Console>" changed cvar (cvar "sb_all_bot_game") (value "1")
L 06/16/2022 - 21:51:01: [basecommands.smx] "Console<0><Console><Console>" changed cvar (cvar "allow_all_bot_survivor_team") (value "0")
L 06/16/2022 - 22:11:24: -------- Mapchange to c10m4_mainstreet --------
L 06/16/2022 - 22:11:25: [basecommands.smx] "Console<0><Console><Console>" changed cvar (cvar "mp_gamemode") (value "versus")
L 06/16/2022 - 22:11:25: [basecommands.smx] "Console<0><Console><Console>" changed cvar (cvar "sv_minrate") (value "100000")
L 06/16/2022 - 22:11:25: [basecommands.smx] "Console<0><Console><Console>" changed cvar (cvar "sv_maxrate") (value "100000")
L 06/16/2022 - 22:11:25: [basecommands.smx] "Console<0><Console><Console>" changed cvar (cvar "sv_mincmdrate") (value "100")
L 06/16/2022 - 22:11:25: [basecommands.smx] "Console<0><Console><Console>" changed cvar (cvar "sv_maxcmdrate") (value "100")
L 06/16/2022 - 22:11:25: [basecommands.smx] "Console<0><Console><Console>" changed cvar (cvar "sv_maxupdaterate") (value "10sm_cvar")
L 06/16/2022 - 22:11:25: [basecommands.smx] "Console<0><Console><Console>" changed cvar (cvar "sv_maxrate") (value "100000")
L 06/16/2022 - 22:11:25: [basecommands.smx] "Console<0><Console><Console>" changed cvar (cvar "sv_minupdaterate") (value "100")
L 06/16/2022 - 22:11:25: [basecommands.smx] "Console<0><Console><Console>" changed cvar (cvar "sv_maxupdaterate") (value "100")
L 06/16/2022 - 22:11:25: [basecommands.smx] "Console<0><Console><Console>" changed cvar (cvar "sv_mincmdrate") (value "100")
L 06/16/2022 - 22:11:25: [basecommands.smx] "Console<0><Console><Console>" changed cvar (cvar "sv_maxcmdrate") (value "100")
L 06/16/2022 - 22:11:25: [basecommands.smx] "Console<0><Console><Console>" changed cvar (cvar "sv_client_min_interp_ratio") (value "-1")
L 06/16/2022 - 22:11:25: [basecommands.smx] "Console<0><Console><Console>" changed cvar (cvar "sv_client_max_interp_ratio") (value "0")
L 06/16/2022 - 22:11:25: [basecommands.smx] "Console<0><Console><Console>" changed cvar (cvar "nb_update_frequency") (value "0.014")
L 06/16/2022 - 22:11:25: [basecommands.smx] "Console<0><Console><Console>" changed cvar (cvar "net_splitpacket_maxrate") (value "50000")
L 06/16/2022 - 22:11:25: [basecommands.smx] "Console<0><Console><Console>" changed cvar (cvar "fps_max") (value "0")
L 06/16/2022 - 22:11:25: [basecommands.smx] "Console<0><Console><Console>" changed cvar (cvar "sv_allowupload") (value "0")
L 06/16/2022 - 22:11:25: [basecommands.smx] "Console<0><Console><Console>" changed cvar (cvar "sv_allowdownload") (value "0")
L 06/16/2022 - 22:11:25: [basecommands.smx] "Console<0><Console><Console>" changed cvar (cvar "tick_door_speed") (value "1.30")
L 06/16/2022 - 22:11:25: [basecommands.smx] "Console<0><Console><Console>" changed cvar (cvar "sb_all_bot_game") (value "1")
L 06/16/2022 - 22:11:25: [basecommands.smx] "Console<0><Console><Console>" changed cvar (cvar "allow_all_bot_survivor_team") (value "0")
L 06/16/2022 - 22:27:04: -------- Mapchange to c10m5_houseboat --------
L 06/16/2022 - 22:27:05: [basecommands.smx] "Console<0><Console><Console>" changed cvar (cvar "mp_gamemode") (value "versus")
L 06/16/2022 - 22:27:05: [basecommands.smx] "Console<0><Console><Console>" changed cvar (cvar "sv_minrate") (value "100000")
L 06/16/2022 - 22:27:05: [basecommands.smx] "Console<0><Console><Console>" changed cvar (cvar "sv_maxrate") (value "100000")
L 06/16/2022 - 22:27:05: [basecommands.smx] "Console<0><Console><Console>" changed cvar (cvar "sv_mincmdrate") (value "100")
L 06/16/2022 - 22:27:05: [basecommands.smx] "Console<0><Console><Console>" changed cvar (cvar "sv_maxcmdrate") (value "100")
L 06/16/2022 - 22:27:05: [basecommands.smx] "Console<0><Console><Console>" changed cvar (cvar "sv_maxupdaterate") (value "10sm_cvar")
L 06/16/2022 - 22:27:05: [basecommands.smx] "Console<0><Console><Console>" changed cvar (cvar "sv_maxrate") (value "100000")
L 06/16/2022 - 22:27:05: [basecommands.smx] "Console<0><Console><Console>" changed cvar (cvar "sv_minupdaterate") (value "100")
L 06/16/2022 - 22:27:05: [basecommands.smx] "Console<0><Console><Console>" changed cvar (cvar "sv_maxupdaterate") (value "100")
L 06/16/2022 - 22:27:05: [basecommands.smx] "Console<0><Console><Console>" changed cvar (cvar "sv_mincmdrate") (value "100")
L 06/16/2022 - 22:27:05: [basecommands.smx] "Console<0><Console><Console>" changed cvar (cvar "sv_maxcmdrate") (value "100")
L 06/16/2022 - 22:27:05: [basecommands.smx] "Console<0><Console><Console>" changed cvar (cvar "sv_client_min_interp_ratio") (value "-1")
L 06/16/2022 - 22:27:05: [basecommands.smx] "Console<0><Console><Console>" changed cvar (cvar "sv_client_max_interp_ratio") (value "0")
L 06/16/2022 - 22:27:05: [basecommands.smx] "Console<0><Console><Console>" changed cvar (cvar "nb_update_frequency") (value "0.014")
L 06/16/2022 - 22:27:05: [basecommands.smx] "Console<0><Console><Console>" changed cvar (cvar "net_splitpacket_maxrate") (value "50000")
L 06/16/2022 - 22:27:05: [basecommands.smx] "Console<0><Console><Console>" changed cvar (cvar "fps_max") (value "0")
L 06/16/2022 - 22:27:05: [basecommands.smx] "Console<0><Console><Console>" changed cvar (cvar "sv_allowupload") (value "0")
L 06/16/2022 - 22:27:05: [basecommands.smx] "Console<0><Console><Console>" changed cvar (cvar "sv_allowdownload") (value "0")
L 06/16/2022 - 22:27:05: [basecommands.smx] "Console<0><Console><Console>" changed cvar (cvar "tick_door_speed") (value "1.30")
L 06/16/2022 - 22:27:05: [basecommands.smx] "Console<0><Console><Console>" changed cvar (cvar "sb_all_bot_game") (value "1")
L 06/16/2022 - 22:27:05: [basecommands.smx] "Console<0><Console><Console>" changed cvar (cvar "allow_all_bot_survivor_team") (value "0")
L 06/16/2022 - 22:46:25: -------- Mapchange to c2m1_highway --------
L 06/16/2022 - 22:46:27: [basecommands.smx] "Console<0><Console><Console>" changed cvar (cvar "mp_gamemode") (value "versus")
L 06/16/2022 - 22:46:27: [basecommands.smx] "Console<0><Console><Console>" changed cvar (cvar "sv_minrate") (value "100000")
L 06/16/2022 - 22:46:27: [basecommands.smx] "Console<0><Console><Console>" changed cvar (cvar "sv_maxrate") (value "100000")
L 06/16/2022 - 22:46:27: [basecommands.smx] "Console<0><Console><Console>" changed cvar (cvar "sv_mincmdrate") (value "100")
L 06/16/2022 - 22:46:27: [basecommands.smx] "Console<0><Console><Console>" changed cvar (cvar "sv_maxcmdrate") (value "100")
L 06/16/2022 - 22:46:27: [basecommands.smx] "Console<0><Console><Console>" changed cvar (cvar "sv_maxupdaterate") (value "10sm_cvar")
L 06/16/2022 - 22:46:27: [basecommands.smx] "Console<0><Console><Console>" changed cvar (cvar "sv_maxrate") (value "100000")
L 06/16/2022 - 22:46:27: [basecommands.smx] "Console<0><Console><Console>" changed cvar (cvar "sv_minupdaterate") (value "100")
L 06/16/2022 - 22:46:27: [basecommands.smx] "Console<0><Console><Console>" changed cvar (cvar "sv_maxupdaterate") (value "100")
L 06/16/2022 - 22:46:27: [basecommands.smx] "Console<0><Console><Console>" changed cvar (cvar "sv_mincmdrate") (value "100")
L 06/16/2022 - 22:46:27: [basecommands.smx] "Console<0><Console><Console>" changed cvar (cvar "sv_maxcmdrate") (value "100")
L 06/16/2022 - 22:46:27: [basecommands.smx] "Console<0><Console><Console>" changed cvar (cvar "sv_client_min_interp_ratio") (value "-1")
L 06/16/2022 - 22:46:27: [basecommands.smx] "Console<0><Console><Console>" changed cvar (cvar "sv_client_max_interp_ratio") (value "0")
L 06/16/2022 - 22:46:27: [basecommands.smx] "Console<0><Console><Console>" changed cvar (cvar "nb_update_frequency") (value "0.014")
L 06/16/2022 - 22:46:27: [basecommands.smx] "Console<0><Console><Console>" changed cvar (cvar "net_splitpacket_maxrate") (value "50000")
L 06/16/2022 - 22:46:27: [basecommands.smx] "Console<0><Console><Console>" changed cvar (cvar "fps_max") (value "0")
L 06/16/2022 - 22:46:27: [basecommands.smx] "Console<0><Console><Console>" changed cvar (cvar "sv_allowupload") (value "0")
L 06/16/2022 - 22:46:27: [basecommands.smx] "Console<0><Console><Console>" changed cvar (cvar "sv_allowdownload") (value "0")
L 06/16/2022 - 22:46:27: [basecommands.smx] "Console<0><Console><Console>" changed cvar (cvar "tick_door_speed") (value "1.30")
L 06/16/2022 - 22:46:27: [basecommands.smx] "Console<0><Console><Console>" changed cvar (cvar "sb_all_bot_game") (value "1")
L 06/16/2022 - 22:46:27: [basecommands.smx] "Console<0><Console><Console>" changed cvar (cvar "allow_all_bot_survivor_team") (value "0")
L 06/16/2022 - 23:03:13: -------- Mapchange to c2m2_fairgrounds --------
L 06/16/2022 - 23:03:14: [basecommands.smx] "Console<0><Console><Console>" changed cvar (cvar "mp_gamemode") (value "versus")
L 06/16/2022 - 23:03:14: [basecommands.smx] "Console<0><Console><Console>" changed cvar (cvar "sv_minrate") (value "100000")
L 06/16/2022 - 23:03:14: [basecommands.smx] "Console<0><Console><Console>" changed cvar (cvar "sv_maxrate") (value "100000")
L 06/16/2022 - 23:03:14: [basecommands.smx] "Console<0><Console><Console>" changed cvar (cvar "sv_mincmdrate") (value "100")
L 06/16/2022 - 23:03:14: [basecommands.smx] "Console<0><Console><Console>" changed cvar (cvar "sv_maxcmdrate") (value "100")
L 06/16/2022 - 23:03:14: [basecommands.smx] "Console<0><Console><Console>" changed cvar (cvar "sv_maxupdaterate") (value "10sm_cvar")
L 06/16/2022 - 23:03:14: [basecommands.smx] "Console<0><Console><Console>" changed cvar (cvar "sv_maxrate") (value "100000")
L 06/16/2022 - 23:03:14: [basecommands.smx] "Console<0><Console><Console>" changed cvar (cvar "sv_minupdaterate") (value "100")
L 06/16/2022 - 23:03:14: [basecommands.smx] "Console<0><Console><Console>" changed cvar (cvar "sv_maxupdaterate") (value "100")
L 06/16/2022 - 23:03:14: [basecommands.smx] "Console<0><Console><Console>" changed cvar (cvar "sv_mincmdrate") (value "100")
L 06/16/2022 - 23:03:14: [basecommands.smx] "Console<0><Console><Console>" changed cvar (cvar "sv_maxcmdrate") (value "100")
L 06/16/2022 - 23:03:14: [basecommands.smx] "Console<0><Console><Console>" changed cvar (cvar "sv_client_min_interp_ratio") (value "-1")
L 06/16/2022 - 23:03:14: [basecommands.smx] "Console<0><Console><Console>" changed cvar (cvar "sv_client_max_interp_ratio") (value "0")
L 06/16/2022 - 23:03:14: [basecommands.smx] "Console<0><Console><Console>" changed cvar (cvar "nb_update_frequency") (value "0.014")
L 06/16/2022 - 23:03:14: [basecommands.smx] "Console<0><Console><Console>" changed cvar (cvar "net_splitpacket_maxrate") (value "50000")
L 06/16/2022 - 23:03:14: [basecommands.smx] "Console<0><Console><Console>" changed cvar (cvar "fps_max") (value "0")
L 06/16/2022 - 23:03:14: [basecommands.smx] "Console<0><Console><Console>" changed cvar (cvar "sv_allowupload") (value "0")
L 06/16/2022 - 23:03:14: [basecommands.smx] "Console<0><Console><Console>" changed cvar (cvar "sv_allowdownload") (value "0")
L 06/16/2022 - 23:03:14: [basecommands.smx] "Console<0><Console><Console>" changed cvar (cvar "tick_door_speed") (value "1.30")
L 06/16/2022 - 23:03:14: [basecommands.smx] "Console<0><Console><Console>" changed cvar (cvar "sb_all_bot_game") (value "1")
L 06/16/2022 - 23:03:14: [basecommands.smx] "Console<0><Console><Console>" changed cvar (cvar "allow_all_bot_survivor_team") (value "0")
L 06/16/2022 - 23:21:29: -------- Mapchange to c2m3_coaster --------
L 06/16/2022 - 23:21:30: [basecommands.smx] "Console<0><Console><Console>" changed cvar (cvar "mp_gamemode") (value "versus")
L 06/16/2022 - 23:21:30: [basecommands.smx] "Console<0><Console><Console>" changed cvar (cvar "sv_minrate") (value "100000")
L 06/16/2022 - 23:21:30: [basecommands.smx] "Console<0><Console><Console>" changed cvar (cvar "sv_maxrate") (value "100000")
L 06/16/2022 - 23:21:30: [basecommands.smx] "Console<0><Console><Console>" changed cvar (cvar "sv_mincmdrate") (value "100")
L 06/16/2022 - 23:21:30: [basecommands.smx] "Console<0><Console><Console>" changed cvar (cvar "sv_maxcmdrate") (value "100")
L 06/16/2022 - 23:21:30: [basecommands.smx] "Console<0><Console><Console>" changed cvar (cvar "sv_maxupdaterate") (value "10sm_cvar")
L 06/16/2022 - 23:21:30: [basecommands.smx] "Console<0><Console><Console>" changed cvar (cvar "sv_maxrate") (value "100000")
L 06/16/2022 - 23:21:30: [basecommands.smx] "Console<0><Console><Console>" changed cvar (cvar "sv_minupdaterate") (value "100")
L 06/16/2022 - 23:21:30: [basecommands.smx] "Console<0><Console><Console>" changed cvar (cvar "sv_maxupdaterate") (value "100")
L 06/16/2022 - 23:21:30: [basecommands.smx] "Console<0><Console><Console>" changed cvar (cvar "sv_mincmdrate") (value "100")
L 06/16/2022 - 23:21:30: [basecommands.smx] "Console<0><Console><Console>" changed cvar (cvar "sv_maxcmdrate") (value "100")
L 06/16/2022 - 23:21:30: [basecommands.smx] "Console<0><Console><Console>" changed cvar (cvar "sv_client_min_interp_ratio") (value "-1")
L 06/16/2022 - 23:21:30: [basecommands.smx] "Console<0><Console><Console>" changed cvar (cvar "sv_client_max_interp_ratio") (value "0")
L 06/16/2022 - 23:21:30: [basecommands.smx] "Console<0><Console><Console>" changed cvar (cvar "nb_update_frequency") (value "0.014")
L 06/16/2022 - 23:21:30: [basecommands.smx] "Console<0><Console><Console>" changed cvar (cvar "net_splitpacket_maxrate") (value "50000")
L 06/16/2022 - 23:21:30: [basecommands.smx] "Console<0><Console><Console>" changed cvar (cvar "fps_max") (value "0")
L 06/16/2022 - 23:21:30: [basecommands.smx] "Console<0><Console><Console>" changed cvar (cvar "sv_allowupload") (value "0")
L 06/16/2022 - 23:21:30: [basecommands.smx] "Console<0><Console><Console>" changed cvar (cvar "sv_allowdownload") (value "0")
L 06/16/2022 - 23:21:30: [basecommands.smx] "Console<0><Console><Console>" changed cvar (cvar "tick_door_speed") (value "1.30")
L 06/16/2022 - 23:21:30: [basecommands.smx] "Console<0><Console><Console>" changed cvar (cvar "sb_all_bot_game") (value "1")
L 06/16/2022 - 23:21:30: [basecommands.smx] "Console<0><Console><Console>" changed cvar (cvar "allow_all_bot_survivor_team") (value "0")
L 06/16/2022 - 23:34:20: -------- Mapchange to c2m4_barns --------
L 06/16/2022 - 23:34:21: [basecommands.smx] "Console<0><Console><Console>" changed cvar (cvar "mp_gamemode") (value "versus")
L 06/16/2022 - 23:34:21: [basecommands.smx] "Console<0><Console><Console>" changed cvar (cvar "sv_minrate") (value "100000")
L 06/16/2022 - 23:34:21: [basecommands.smx] "Console<0><Console><Console>" changed cvar (cvar "sv_maxrate") (value "100000")
L 06/16/2022 - 23:34:21: [basecommands.smx] "Console<0><Console><Console>" changed cvar (cvar "sv_mincmdrate") (value "100")
L 06/16/2022 - 23:34:21: [basecommands.smx] "Console<0><Console><Console>" changed cvar (cvar "sv_maxcmdrate") (value "100")
L 06/16/2022 - 23:34:21: [basecommands.smx] "Console<0><Console><Console>" changed cvar (cvar "sv_maxupdaterate") (value "10sm_cvar")
L 06/16/2022 - 23:34:21: [basecommands.smx] "Console<0><Console><Console>" changed cvar (cvar "sv_maxrate") (value "100000")
L 06/16/2022 - 23:34:21: [basecommands.smx] "Console<0><Console><Console>" changed cvar (cvar "sv_minupdaterate") (value "100")
L 06/16/2022 - 23:34:21: [basecommands.smx] "Console<0><Console><Console>" changed cvar (cvar "sv_maxupdaterate") (value "100")
L 06/16/2022 - 23:34:21: [basecommands.smx] "Console<0><Console><Console>" changed cvar (cvar "sv_mincmdrate") (value "100")
L 06/16/2022 - 23:34:21: [basecommands.smx] "Console<0><Console><Console>" changed cvar (cvar "sv_maxcmdrate") (value "100")
L 06/16/2022 - 23:34:21: [basecommands.smx] "Console<0><Console><Console>" changed cvar (cvar "sv_client_min_interp_ratio") (value "-1")
L 06/16/2022 - 23:34:21: [basecommands.smx] "Console<0><Console><Console>" changed cvar (cvar "sv_client_max_interp_ratio") (value "0")
L 06/16/2022 - 23:34:21: [basecommands.smx] "Console<0><Console><Console>" changed cvar (cvar "nb_update_frequency") (value "0.014")
L 06/16/2022 - 23:34:21: [basecommands.smx] "Console<0><Console><Console>" changed cvar (cvar "net_splitpacket_maxrate") (value "50000")
L 06/16/2022 - 23:34:21: [basecommands.smx] "Console<0><Console><Console>" changed cvar (cvar "fps_max") (value "0")
L 06/16/2022 - 23:34:21: [basecommands.smx] "Console<0><Console><Console>" changed cvar (cvar "sv_allowupload") (value "0")
L 06/16/2022 - 23:34:21: [basecommands.smx] "Console<0><Console><Console>" changed cvar (cvar "sv_allowdownload") (value "0")
L 06/16/2022 - 23:34:21: [basecommands.smx] "Console<0><Console><Console>" changed cvar (cvar "tick_door_speed") (value "1.30")
L 06/16/2022 - 23:34:21: [basecommands.smx] "Console<0><Console><Console>" changed cvar (cvar "sb_all_bot_game") (value "1")
L 06/16/2022 - 23:34:21: [basecommands.smx] "Console<0><Console><Console>" changed cvar (cvar "allow_all_bot_survivor_team") (value "0")
L 06/16/2022 - 23:48:31: -------- Mapchange to c2m5_concert --------
L 06/16/2022 - 23:48:32: [basecommands.smx] "Console<0><Console><Console>" changed cvar (cvar "mp_gamemode") (value "versus")
L 06/16/2022 - 23:48:32: [basecommands.smx] "Console<0><Console><Console>" changed cvar (cvar "sv_minrate") (value "100000")
L 06/16/2022 - 23:48:32: [basecommands.smx] "Console<0><Console><Console>" changed cvar (cvar "sv_maxrate") (value "100000")
L 06/16/2022 - 23:48:32: [basecommands.smx] "Console<0><Console><Console>" changed cvar (cvar "sv_mincmdrate") (value "100")
L 06/16/2022 - 23:48:32: [basecommands.smx] "Console<0><Console><Console>" changed cvar (cvar "sv_maxcmdrate") (value "100")
L 06/16/2022 - 23:48:32: [basecommands.smx] "Console<0><Console><Console>" changed cvar (cvar "sv_maxupdaterate") (value "10sm_cvar")
L 06/16/2022 - 23:48:32: [basecommands.smx] "Console<0><Console><Console>" changed cvar (cvar "sv_maxrate") (value "100000")
L 06/16/2022 - 23:48:32: [basecommands.smx] "Console<0><Console><Console>" changed cvar (cvar "sv_minupdaterate") (value "100")
L 06/16/2022 - 23:48:32: [basecommands.smx] "Console<0><Console><Console>" changed cvar (cvar "sv_maxupdaterate") (value "100")
L 06/16/2022 - 23:48:32: [basecommands.smx] "Console<0><Console><Console>" changed cvar (cvar "sv_mincmdrate") (value "100")
L 06/16/2022 - 23:48:32: [basecommands.smx] "Console<0><Console><Console>" changed cvar (cvar "sv_maxcmdrate") (value "100")
L 06/16/2022 - 23:48:32: [basecommands.smx] "Console<0><Console><Console>" changed cvar (cvar "sv_client_min_interp_ratio") (value "-1")
L 06/16/2022 - 23:48:32: [basecommands.smx] "Console<0><Console><Console>" changed cvar (cvar "sv_client_max_interp_ratio") (value "0")
L 06/16/2022 - 23:48:32: [basecommands.smx] "Console<0><Console><Console>" changed cvar (cvar "nb_update_frequency") (value "0.014")
L 06/16/2022 - 23:48:32: [basecommands.smx] "Console<0><Console><Console>" changed cvar (cvar "net_splitpacket_maxrate") (value "50000")
L 06/16/2022 - 23:48:32: [basecommands.smx] "Console<0><Console><Console>" changed cvar (cvar "fps_max") (value "0")
L 06/16/2022 - 23:48:32: [basecommands.smx] "Console<0><Console><Console>" changed cvar (cvar "sv_allowupload") (value "0")
L 06/16/2022 - 23:48:32: [basecommands.smx] "Console<0><Console><Console>" changed cvar (cvar "sv_allowdownload") (value "0")
L 06/16/2022 - 23:48:32: [basecommands.smx] "Console<0><Console><Console>" changed cvar (cvar "tick_door_speed") (value "1.30")
L 06/16/2022 - 23:48:32: [basecommands.smx] "Console<0><Console><Console>" changed cvar (cvar "sb_all_bot_game") (value "1")
L 06/16/2022 - 23:48:32: [basecommands.smx] "Console<0><Console><Console>" changed cvar (cvar "allow_all_bot_survivor_team") (value "0")
L 06/17/2022 - 00:08:05: Log file closed.
