L 06/10/2022 - 00:05:35: SourceMod log file session started (file "/home/steam/l4d2/left4dead2/addons/sourcemod/logs/L20220610.log") (Version "1.10.0.6528")
L 06/10/2022 - 00:05:35: [basecommands.smx] "Console<0><Console><Console>" changed cvar (cvar "sv_minrate") (value "100000")
L 06/10/2022 - 00:05:35: [basecommands.smx] "Console<0><Console><Console>" changed cvar (cvar "sv_maxrate") (value "100000")
L 06/10/2022 - 00:05:35: [basecommands.smx] "Console<0><Console><Console>" changed cvar (cvar "sv_mincmdrate") (value "100")
L 06/10/2022 - 00:05:35: [basecommands.smx] "Console<0><Console><Console>" changed cvar (cvar "sv_maxcmdrate") (value "100")
L 06/10/2022 - 00:05:35: [basecommands.smx] "Console<0><Console><Console>" changed cvar (cvar "sv_maxupdaterate") (value "10sm_cvar")
L 06/10/2022 - 00:05:35: [basecommands.smx] "Console<0><Console><Console>" changed cvar (cvar "sv_maxrate") (value "100000")
L 06/10/2022 - 00:05:35: [basecommands.smx] "Console<0><Console><Console>" changed cvar (cvar "sv_minupdaterate") (value "100")
L 06/10/2022 - 00:05:35: [basecommands.smx] "Console<0><Console><Console>" changed cvar (cvar "sv_maxupdaterate") (value "100")
L 06/10/2022 - 00:05:35: [basecommands.smx] "Console<0><Console><Console>" changed cvar (cvar "sv_mincmdrate") (value "100")
L 06/10/2022 - 00:05:35: [basecommands.smx] "Console<0><Console><Console>" changed cvar (cvar "sv_maxcmdrate") (value "100")
L 06/10/2022 - 00:05:35: [basecommands.smx] "Console<0><Console><Console>" changed cvar (cvar "sv_client_min_interp_ratio") (value "-1")
L 06/10/2022 - 00:05:35: [basecommands.smx] "Console<0><Console><Console>" changed cvar (cvar "sv_client_max_interp_ratio") (value "0")
L 06/10/2022 - 00:05:35: [basecommands.smx] "Console<0><Console><Console>" changed cvar (cvar "nb_update_frequency") (value "0.014")
L 06/10/2022 - 00:05:35: [basecommands.smx] "Console<0><Console><Console>" changed cvar (cvar "net_splitpacket_maxrate") (value "50000")
L 06/10/2022 - 00:05:35: [basecommands.smx] "Console<0><Console><Console>" changed cvar (cvar "fps_max") (value "0")
L 06/10/2022 - 00:05:35: [basecommands.smx] "Console<0><Console><Console>" changed cvar (cvar "sv_allowupload") (value "0")
L 06/10/2022 - 00:05:35: [basecommands.smx] "Console<0><Console><Console>" changed cvar (cvar "sv_allowdownload") (value "0")
L 06/10/2022 - 00:05:35: [basecommands.smx] "Console<0><Console><Console>" changed cvar (cvar "tick_door_speed") (value "1.30")
L 06/10/2022 - 00:05:35: [basecommands.smx] "Console<0><Console><Console>" changed cvar (cvar "sb_all_bot_game") (value "1")
L 06/10/2022 - 00:05:35: [basecommands.smx] "Console<0><Console><Console>" changed cvar (cvar "allow_all_bot_survivor_team") (value "0")
L 06/10/2022 - 00:20:55: -------- Mapchange to c2m5_concert --------
L 06/10/2022 - 00:20:56: [basecommands.smx] "Console<0><Console><Console>" changed cvar (cvar "sv_minrate") (value "100000")
L 06/10/2022 - 00:20:56: [basecommands.smx] "Console<0><Console><Console>" changed cvar (cvar "sv_maxrate") (value "100000")
L 06/10/2022 - 00:20:56: [basecommands.smx] "Console<0><Console><Console>" changed cvar (cvar "sv_mincmdrate") (value "100")
L 06/10/2022 - 00:20:56: [basecommands.smx] "Console<0><Console><Console>" changed cvar (cvar "sv_maxcmdrate") (value "100")
L 06/10/2022 - 00:20:56: [basecommands.smx] "Console<0><Console><Console>" changed cvar (cvar "sv_maxupdaterate") (value "10sm_cvar")
L 06/10/2022 - 00:20:56: [basecommands.smx] "Console<0><Console><Console>" changed cvar (cvar "sv_maxrate") (value "100000")
L 06/10/2022 - 00:20:56: [basecommands.smx] "Console<0><Console><Console>" changed cvar (cvar "sv_minupdaterate") (value "100")
L 06/10/2022 - 00:20:56: [basecommands.smx] "Console<0><Console><Console>" changed cvar (cvar "sv_maxupdaterate") (value "100")
L 06/10/2022 - 00:20:56: [basecommands.smx] "Console<0><Console><Console>" changed cvar (cvar "sv_mincmdrate") (value "100")
L 06/10/2022 - 00:20:56: [basecommands.smx] "Console<0><Console><Console>" changed cvar (cvar "sv_maxcmdrate") (value "100")
L 06/10/2022 - 00:20:56: [basecommands.smx] "Console<0><Console><Console>" changed cvar (cvar "sv_client_min_interp_ratio") (value "-1")
L 06/10/2022 - 00:20:56: [basecommands.smx] "Console<0><Console><Console>" changed cvar (cvar "sv_client_max_interp_ratio") (value "0")
L 06/10/2022 - 00:20:56: [basecommands.smx] "Console<0><Console><Console>" changed cvar (cvar "nb_update_frequency") (value "0.014")
L 06/10/2022 - 00:20:56: [basecommands.smx] "Console<0><Console><Console>" changed cvar (cvar "net_splitpacket_maxrate") (value "50000")
L 06/10/2022 - 00:20:56: [basecommands.smx] "Console<0><Console><Console>" changed cvar (cvar "fps_max") (value "0")
L 06/10/2022 - 00:20:56: [basecommands.smx] "Console<0><Console><Console>" changed cvar (cvar "sv_allowupload") (value "0")
L 06/10/2022 - 00:20:56: [basecommands.smx] "Console<0><Console><Console>" changed cvar (cvar "sv_allowdownload") (value "0")
L 06/10/2022 - 00:20:56: [basecommands.smx] "Console<0><Console><Console>" changed cvar (cvar "tick_door_speed") (value "1.30")
L 06/10/2022 - 00:20:56: [basecommands.smx] "Console<0><Console><Console>" changed cvar (cvar "sb_all_bot_game") (value "1")
L 06/10/2022 - 00:20:56: [basecommands.smx] "Console<0><Console><Console>" changed cvar (cvar "allow_all_bot_survivor_team") (value "0")
L 06/10/2022 - 00:41:49: -------- Mapchange to c2m1_highway --------
L 06/10/2022 - 00:41:50: [basecommands.smx] "Console<0><Console><Console>" changed cvar (cvar "sv_minrate") (value "100000")
L 06/10/2022 - 00:41:50: [basecommands.smx] "Console<0><Console><Console>" changed cvar (cvar "sv_maxrate") (value "100000")
L 06/10/2022 - 00:41:50: [basecommands.smx] "Console<0><Console><Console>" changed cvar (cvar "sv_mincmdrate") (value "100")
L 06/10/2022 - 00:41:50: [basecommands.smx] "Console<0><Console><Console>" changed cvar (cvar "sv_maxcmdrate") (value "100")
L 06/10/2022 - 00:41:50: [basecommands.smx] "Console<0><Console><Console>" changed cvar (cvar "sv_maxupdaterate") (value "10sm_cvar")
L 06/10/2022 - 00:41:50: [basecommands.smx] "Console<0><Console><Console>" changed cvar (cvar "sv_maxrate") (value "100000")
L 06/10/2022 - 00:41:50: [basecommands.smx] "Console<0><Console><Console>" changed cvar (cvar "sv_minupdaterate") (value "100")
L 06/10/2022 - 00:41:50: [basecommands.smx] "Console<0><Console><Console>" changed cvar (cvar "sv_maxupdaterate") (value "100")
L 06/10/2022 - 00:41:50: [basecommands.smx] "Console<0><Console><Console>" changed cvar (cvar "sv_mincmdrate") (value "100")
L 06/10/2022 - 00:41:50: [basecommands.smx] "Console<0><Console><Console>" changed cvar (cvar "sv_maxcmdrate") (value "100")
L 06/10/2022 - 00:41:50: [basecommands.smx] "Console<0><Console><Console>" changed cvar (cvar "sv_client_min_interp_ratio") (value "-1")
L 06/10/2022 - 00:41:50: [basecommands.smx] "Console<0><Console><Console>" changed cvar (cvar "sv_client_max_interp_ratio") (value "0")
L 06/10/2022 - 00:41:50: [basecommands.smx] "Console<0><Console><Console>" changed cvar (cvar "nb_update_frequency") (value "0.014")
L 06/10/2022 - 00:41:50: [basecommands.smx] "Console<0><Console><Console>" changed cvar (cvar "net_splitpacket_maxrate") (value "50000")
L 06/10/2022 - 00:41:50: [basecommands.smx] "Console<0><Console><Console>" changed cvar (cvar "fps_max") (value "0")
L 06/10/2022 - 00:41:50: [basecommands.smx] "Console<0><Console><Console>" changed cvar (cvar "sv_allowupload") (value "0")
L 06/10/2022 - 00:41:50: [basecommands.smx] "Console<0><Console><Console>" changed cvar (cvar "sv_allowdownload") (value "0")
L 06/10/2022 - 00:41:50: [basecommands.smx] "Console<0><Console><Console>" changed cvar (cvar "tick_door_speed") (value "1.30")
L 06/10/2022 - 00:41:50: [basecommands.smx] "Console<0><Console><Console>" changed cvar (cvar "sb_all_bot_game") (value "1")
L 06/10/2022 - 00:41:50: [basecommands.smx] "Console<0><Console><Console>" changed cvar (cvar "allow_all_bot_survivor_team") (value "0")
L 06/10/2022 - 23:41:45: SourceMod log file session started (file "/home/steam/l4d2/left4dead2/addons/sourcemod/logs/L20220610.log") (Version "1.10.0.6528")
L 06/10/2022 - 23:41:45: [basecommands.smx] "Console<0><Console><Console>" changed cvar (cvar "sv_minrate") (value "100000")
L 06/10/2022 - 23:41:45: [basecommands.smx] "Console<0><Console><Console>" changed cvar (cvar "sv_maxrate") (value "100000")
L 06/10/2022 - 23:41:45: [basecommands.smx] "Console<0><Console><Console>" changed cvar (cvar "sv_mincmdrate") (value "100")
L 06/10/2022 - 23:41:45: [basecommands.smx] "Console<0><Console><Console>" changed cvar (cvar "sv_maxcmdrate") (value "100")
L 06/10/2022 - 23:41:45: [basecommands.smx] "Console<0><Console><Console>" changed cvar (cvar "sv_maxupdaterate") (value "10sm_cvar")
L 06/10/2022 - 23:41:45: [basecommands.smx] "Console<0><Console><Console>" changed cvar (cvar "sv_maxrate") (value "100000")
L 06/10/2022 - 23:41:45: [basecommands.smx] "Console<0><Console><Console>" changed cvar (cvar "sv_minupdaterate") (value "100")
L 06/10/2022 - 23:41:45: [basecommands.smx] "Console<0><Console><Console>" changed cvar (cvar "sv_maxupdaterate") (value "100")
L 06/10/2022 - 23:41:45: [basecommands.smx] "Console<0><Console><Console>" changed cvar (cvar "sv_mincmdrate") (value "100")
L 06/10/2022 - 23:41:45: [basecommands.smx] "Console<0><Console><Console>" changed cvar (cvar "sv_maxcmdrate") (value "100")
L 06/10/2022 - 23:41:45: [basecommands.smx] "Console<0><Console><Console>" changed cvar (cvar "sv_client_min_interp_ratio") (value "-1")
L 06/10/2022 - 23:41:45: [basecommands.smx] "Console<0><Console><Console>" changed cvar (cvar "sv_client_max_interp_ratio") (value "0")
L 06/10/2022 - 23:41:45: [basecommands.smx] "Console<0><Console><Console>" changed cvar (cvar "nb_update_frequency") (value "0.014")
L 06/10/2022 - 23:41:45: [basecommands.smx] "Console<0><Console><Console>" changed cvar (cvar "net_splitpacket_maxrate") (value "50000")
L 06/10/2022 - 23:41:45: [basecommands.smx] "Console<0><Console><Console>" changed cvar (cvar "fps_max") (value "0")
L 06/10/2022 - 23:41:45: [basecommands.smx] "Console<0><Console><Console>" changed cvar (cvar "sv_allowupload") (value "0")
L 06/10/2022 - 23:41:45: [basecommands.smx] "Console<0><Console><Console>" changed cvar (cvar "sv_allowdownload") (value "0")
L 06/10/2022 - 23:41:45: [basecommands.smx] "Console<0><Console><Console>" changed cvar (cvar "tick_door_speed") (value "1.30")
L 06/10/2022 - 23:41:45: [basecommands.smx] "Console<0><Console><Console>" changed cvar (cvar "sb_all_bot_game") (value "1")
L 06/10/2022 - 23:41:45: [basecommands.smx] "Console<0><Console><Console>" changed cvar (cvar "allow_all_bot_survivor_team") (value "0")
L 06/10/2022 - 23:42:12: -------- Mapchange to c2m1_highway --------
L 06/10/2022 - 23:42:14: [basecommands.smx] "Console<0><Console><Console>" changed cvar (cvar "sv_minrate") (value "100000")
L 06/10/2022 - 23:42:14: [basecommands.smx] "Console<0><Console><Console>" changed cvar (cvar "sv_maxrate") (value "100000")
L 06/10/2022 - 23:42:14: [basecommands.smx] "Console<0><Console><Console>" changed cvar (cvar "sv_mincmdrate") (value "100")
L 06/10/2022 - 23:42:14: [basecommands.smx] "Console<0><Console><Console>" changed cvar (cvar "sv_maxcmdrate") (value "100")
L 06/10/2022 - 23:42:14: [basecommands.smx] "Console<0><Console><Console>" changed cvar (cvar "sv_maxupdaterate") (value "10sm_cvar")
L 06/10/2022 - 23:42:14: [basecommands.smx] "Console<0><Console><Console>" changed cvar (cvar "sv_maxrate") (value "100000")
L 06/10/2022 - 23:42:14: [basecommands.smx] "Console<0><Console><Console>" changed cvar (cvar "sv_minupdaterate") (value "100")
L 06/10/2022 - 23:42:14: [basecommands.smx] "Console<0><Console><Console>" changed cvar (cvar "sv_maxupdaterate") (value "100")
L 06/10/2022 - 23:42:14: [basecommands.smx] "Console<0><Console><Console>" changed cvar (cvar "sv_mincmdrate") (value "100")
L 06/10/2022 - 23:42:14: [basecommands.smx] "Console<0><Console><Console>" changed cvar (cvar "sv_maxcmdrate") (value "100")
L 06/10/2022 - 23:42:14: [basecommands.smx] "Console<0><Console><Console>" changed cvar (cvar "sv_client_min_interp_ratio") (value "-1")
L 06/10/2022 - 23:42:14: [basecommands.smx] "Console<0><Console><Console>" changed cvar (cvar "sv_client_max_interp_ratio") (value "0")
L 06/10/2022 - 23:42:14: [basecommands.smx] "Console<0><Console><Console>" changed cvar (cvar "nb_update_frequency") (value "0.014")
L 06/10/2022 - 23:42:14: [basecommands.smx] "Console<0><Console><Console>" changed cvar (cvar "net_splitpacket_maxrate") (value "50000")
L 06/10/2022 - 23:42:14: [basecommands.smx] "Console<0><Console><Console>" changed cvar (cvar "fps_max") (value "0")
L 06/10/2022 - 23:42:14: [basecommands.smx] "Console<0><Console><Console>" changed cvar (cvar "sv_allowupload") (value "0")
L 06/10/2022 - 23:42:14: [basecommands.smx] "Console<0><Console><Console>" changed cvar (cvar "sv_allowdownload") (value "0")
L 06/10/2022 - 23:42:14: [basecommands.smx] "Console<0><Console><Console>" changed cvar (cvar "tick_door_speed") (value "1.30")
L 06/10/2022 - 23:42:14: [basecommands.smx] "Console<0><Console><Console>" changed cvar (cvar "sb_all_bot_game") (value "1")
L 06/10/2022 - 23:42:14: [basecommands.smx] "Console<0><Console><Console>" changed cvar (cvar "allow_all_bot_survivor_team") (value "0")
L 06/10/2022 - 23:52:44: -------- Mapchange to c2m2_fairgrounds --------
L 06/10/2022 - 23:52:46: [basecommands.smx] "Console<0><Console><Console>" changed cvar (cvar "sv_minrate") (value "100000")
L 06/10/2022 - 23:52:46: [basecommands.smx] "Console<0><Console><Console>" changed cvar (cvar "sv_maxrate") (value "100000")
L 06/10/2022 - 23:52:46: [basecommands.smx] "Console<0><Console><Console>" changed cvar (cvar "sv_mincmdrate") (value "100")
L 06/10/2022 - 23:52:46: [basecommands.smx] "Console<0><Console><Console>" changed cvar (cvar "sv_maxcmdrate") (value "100")
L 06/10/2022 - 23:52:46: [basecommands.smx] "Console<0><Console><Console>" changed cvar (cvar "sv_maxupdaterate") (value "10sm_cvar")
L 06/10/2022 - 23:52:46: [basecommands.smx] "Console<0><Console><Console>" changed cvar (cvar "sv_maxrate") (value "100000")
L 06/10/2022 - 23:52:46: [basecommands.smx] "Console<0><Console><Console>" changed cvar (cvar "sv_minupdaterate") (value "100")
L 06/10/2022 - 23:52:46: [basecommands.smx] "Console<0><Console><Console>" changed cvar (cvar "sv_maxupdaterate") (value "100")
L 06/10/2022 - 23:52:46: [basecommands.smx] "Console<0><Console><Console>" changed cvar (cvar "sv_mincmdrate") (value "100")
L 06/10/2022 - 23:52:46: [basecommands.smx] "Console<0><Console><Console>" changed cvar (cvar "sv_maxcmdrate") (value "100")
L 06/10/2022 - 23:52:46: [basecommands.smx] "Console<0><Console><Console>" changed cvar (cvar "sv_client_min_interp_ratio") (value "-1")
L 06/10/2022 - 23:52:46: [basecommands.smx] "Console<0><Console><Console>" changed cvar (cvar "sv_client_max_interp_ratio") (value "0")
L 06/10/2022 - 23:52:46: [basecommands.smx] "Console<0><Console><Console>" changed cvar (cvar "nb_update_frequency") (value "0.014")
L 06/10/2022 - 23:52:46: [basecommands.smx] "Console<0><Console><Console>" changed cvar (cvar "net_splitpacket_maxrate") (value "50000")
L 06/10/2022 - 23:52:46: [basecommands.smx] "Console<0><Console><Console>" changed cvar (cvar "fps_max") (value "0")
L 06/10/2022 - 23:52:46: [basecommands.smx] "Console<0><Console><Console>" changed cvar (cvar "sv_allowupload") (value "0")
L 06/10/2022 - 23:52:46: [basecommands.smx] "Console<0><Console><Console>" changed cvar (cvar "sv_allowdownload") (value "0")
L 06/10/2022 - 23:52:46: [basecommands.smx] "Console<0><Console><Console>" changed cvar (cvar "tick_door_speed") (value "1.30")
L 06/10/2022 - 23:52:46: [basecommands.smx] "Console<0><Console><Console>" changed cvar (cvar "sb_all_bot_game") (value "1")
L 06/10/2022 - 23:52:46: [basecommands.smx] "Console<0><Console><Console>" changed cvar (cvar "allow_all_bot_survivor_team") (value "0")
L 06/11/2022 - 00:08:45: Log file closed.
