L 02/24/2022 - 00:14:14: SourceMod log file session started (file "/home/steam/l4d2/left4dead2/addons/sourcemod/logs/L20220224.log") (Version "1.10.0.6528")
L 02/24/2022 - 00:14:14: [basecommands.smx] "Console<0><Console><Console>" changed cvar (cvar "sb_all_bot_game") (value "1")
L 02/24/2022 - 00:14:14: [basecommands.smx] "Console<0><Console><Console>" changed cvar (cvar "allow_all_bot_survivor_team") (value "0")
L 02/24/2022 - 00:42:48: -------- Mapchange to c8m4_interior --------
L 02/24/2022 - 00:42:49: [basecommands.smx] "Console<0><Console><Console>" changed cvar (cvar "sb_all_bot_game") (value "1")
L 02/24/2022 - 00:42:49: [basecommands.smx] "Console<0><Console><Console>" changed cvar (cvar "allow_all_bot_survivor_team") (value "0")
L 02/24/2022 - 01:01:00: -------- Mapchange to c8m5_rooftop --------
L 02/24/2022 - 01:01:01: [basecommands.smx] "Console<0><Console><Console>" changed cvar (cvar "sb_all_bot_game") (value "1")
L 02/24/2022 - 01:01:01: [basecommands.smx] "Console<0><Console><Console>" changed cvar (cvar "allow_all_bot_survivor_team") (value "0")
L 02/24/2022 - 01:15:14: -------- Mapchange to c2m1_highway --------
L 02/24/2022 - 01:15:16: [basecommands.smx] "Console<0><Console><Console>" changed cvar (cvar "sb_all_bot_game") (value "1")
L 02/24/2022 - 01:15:16: [basecommands.smx] "Console<0><Console><Console>" changed cvar (cvar "allow_all_bot_survivor_team") (value "0")
L 02/24/2022 - 01:38:06: -------- Mapchange to c2m2_fairgrounds --------
L 02/24/2022 - 01:38:07: [basecommands.smx] "Console<0><Console><Console>" changed cvar (cvar "sb_all_bot_game") (value "1")
L 02/24/2022 - 01:38:07: [basecommands.smx] "Console<0><Console><Console>" changed cvar (cvar "allow_all_bot_survivor_team") (value "0")
L 02/24/2022 - 01:54:43: -------- Mapchange to c2m3_coaster --------
L 02/24/2022 - 01:54:44: [basecommands.smx] "Console<0><Console><Console>" changed cvar (cvar "sb_all_bot_game") (value "1")
L 02/24/2022 - 01:54:44: [basecommands.smx] "Console<0><Console><Console>" changed cvar (cvar "allow_all_bot_survivor_team") (value "0")
L 02/24/2022 - 02:21:09: -------- Mapchange to c2m4_barns --------
L 02/24/2022 - 02:21:10: [basecommands.smx] "Console<0><Console><Console>" changed cvar (cvar "sb_all_bot_game") (value "1")
L 02/24/2022 - 02:21:10: [basecommands.smx] "Console<0><Console><Console>" changed cvar (cvar "allow_all_bot_survivor_team") (value "0")
L 02/24/2022 - 02:36:55: -------- Mapchange to c2m5_concert --------
L 02/24/2022 - 02:36:56: [basecommands.smx] "Console<0><Console><Console>" changed cvar (cvar "sb_all_bot_game") (value "1")
L 02/24/2022 - 02:36:56: [basecommands.smx] "Console<0><Console><Console>" changed cvar (cvar "allow_all_bot_survivor_team") (value "0")
L 02/24/2022 - 19:59:00: SourceMod log file session started (file "/home/steam/l4d2/left4dead2/addons/sourcemod/logs/L20220224.log") (Version "1.10.0.6528")
L 02/24/2022 - 19:59:00: [basecommands.smx] "Console<0><Console><Console>" changed cvar (cvar "sb_all_bot_game") (value "1")
L 02/24/2022 - 19:59:00: [basecommands.smx] "Console<0><Console><Console>" changed cvar (cvar "allow_all_bot_survivor_team") (value "0")
L 02/24/2022 - 20:07:55: SourceMod log file session started (file "/home/steam/l4d2/left4dead2/addons/sourcemod/logs/L20220224.log") (Version "1.10.0.6528")
L 02/24/2022 - 20:07:55: [basecommands.smx] "Console<0><Console><Console>" changed cvar (cvar "sb_all_bot_game") (value "1")
L 02/24/2022 - 20:07:55: [basecommands.smx] "Console<0><Console><Console>" changed cvar (cvar "allow_all_bot_survivor_team") (value "0")
L 02/24/2022 - 20:08:07: -------- Mapchange to c8m1_apartment --------
L 02/24/2022 - 20:08:10: [basecommands.smx] "Console<0><Console><Console>" changed cvar (cvar "sb_all_bot_game") (value "1")
L 02/24/2022 - 20:08:10: [basecommands.smx] "Console<0><Console><Console>" changed cvar (cvar "allow_all_bot_survivor_team") (value "0")
L 02/24/2022 - 20:18:34: -------- Mapchange to c8m2_subway --------
L 02/24/2022 - 20:18:35: [basecommands.smx] "Console<0><Console><Console>" changed cvar (cvar "sb_all_bot_game") (value "1")
L 02/24/2022 - 20:18:35: [basecommands.smx] "Console<0><Console><Console>" changed cvar (cvar "allow_all_bot_survivor_team") (value "0")
L 02/24/2022 - 20:26:00: SourceMod log file session started (file "/home/steam/l4d2/left4dead2/addons/sourcemod/logs/L20220224.log") (Version "1.10.0.6528")
L 02/24/2022 - 20:26:00: [basecommands.smx] "Console<0><Console><Console>" changed cvar (cvar "sb_all_bot_game") (value "1")
L 02/24/2022 - 20:26:00: [basecommands.smx] "Console<0><Console><Console>" changed cvar (cvar "allow_all_bot_survivor_team") (value "0")
L 02/24/2022 - 20:29:23: -------- Mapchange to c8m1_apartment --------
L 02/24/2022 - 20:29:25: [basecommands.smx] "Console<0><Console><Console>" changed cvar (cvar "sb_all_bot_game") (value "1")
L 02/24/2022 - 20:29:25: [basecommands.smx] "Console<0><Console><Console>" changed cvar (cvar "allow_all_bot_survivor_team") (value "0")
L 02/24/2022 - 20:32:29: [basecomm.smx] "Altair<3><STEAM_1:0:90628109><>" muted "BOCA JUNIORS<14><STEAM_1:1:180221517><>"
L 02/24/2022 - 20:37:16: -------- Mapchange to c8m1_apartment --------
L 02/24/2022 - 20:37:17: [basecommands.smx] "Console<0><Console><Console>" changed cvar (cvar "sb_all_bot_game") (value "1")
L 02/24/2022 - 20:37:17: [basecommands.smx] "Console<0><Console><Console>" changed cvar (cvar "allow_all_bot_survivor_team") (value "0")
L 02/24/2022 - 20:39:52: [funcommands.smx] "Altair<3><STEAM_1:0:90628109><>" toggled noclip on "Lightoller<5><STEAM_1:1:193218740><>"
L 02/24/2022 - 20:40:00: [funcommands.smx] "Altair<3><STEAM_1:0:90628109><>" toggled noclip on "Lightoller<5><STEAM_1:1:193218740><>"
L 02/24/2022 - 20:40:36: [basecommands.smx] "Altair<3><STEAM_1:0:90628109><>" changed map to "c8m1_apartment"
L 02/24/2022 - 20:40:39: [SM] Changed map to "c8m1_apartment"
L 02/24/2022 - 20:40:39: -------- Mapchange to c8m1_apartment --------
L 02/24/2022 - 20:40:40: [basecommands.smx] "Console<0><Console><Console>" changed cvar (cvar "sb_all_bot_game") (value "1")
L 02/24/2022 - 20:40:40: [basecommands.smx] "Console<0><Console><Console>" changed cvar (cvar "allow_all_bot_survivor_team") (value "0")
L 02/24/2022 - 20:43:44: -------- Mapchange to c8m1_apartment --------
L 02/24/2022 - 20:43:44: [basecommands.smx] "Console<0><Console><Console>" changed cvar (cvar "sb_all_bot_game") (value "1")
L 02/24/2022 - 20:43:44: [basecommands.smx] "Console<0><Console><Console>" changed cvar (cvar "allow_all_bot_survivor_team") (value "0")
L 02/24/2022 - 20:47:12: [funcommands.smx] "Altair<3><STEAM_1:0:90628109><>" toggled noclip on "Lightoller<5><STEAM_1:1:193218740><>"
L 02/24/2022 - 20:49:08: [funcommands.smx] "Altair<3><STEAM_1:0:90628109><>" toggled noclip on "Lightoller<5><STEAM_1:1:193218740><>"
L 02/24/2022 - 20:51:57: SourceMod log file session started (file "/home/steam/l4d2/left4dead2/addons/sourcemod/logs/L20220224.log") (Version "1.10.0.6528")
L 02/24/2022 - 20:51:57: [basecommands.smx] "Console<0><Console><Console>" changed cvar (cvar "sb_all_bot_game") (value "1")
L 02/24/2022 - 20:51:57: [basecommands.smx] "Console<0><Console><Console>" changed cvar (cvar "allow_all_bot_survivor_team") (value "0")
L 02/24/2022 - 20:54:18: -------- Mapchange to c8m2_subway --------
L 02/24/2022 - 20:54:19: [basecommands.smx] "Console<0><Console><Console>" changed cvar (cvar "sb_all_bot_game") (value "1")
L 02/24/2022 - 20:54:19: [basecommands.smx] "Console<0><Console><Console>" changed cvar (cvar "allow_all_bot_survivor_team") (value "0")
