L 03/13/2022 - 15:23:47: SourceMod log file session started (file "/home/steam/l4d2/left4dead2/addons/sourcemod/logs/L20220313.log") (Version "1.10.0.6528")
L 03/13/2022 - 15:23:47: [basecommands.smx] "Console<0><Console><Console>" changed cvar (cvar "sb_all_bot_game") (value "1")
L 03/13/2022 - 15:23:47: [basecommands.smx] "Console<0><Console><Console>" changed cvar (cvar "allow_all_bot_survivor_team") (value "0")
L 03/13/2022 - 15:24:14: -------- Mapchange to l4d2_freezing_01 --------
L 03/13/2022 - 15:24:18: [basecommands.smx] "Console<0><Console><Console>" changed cvar (cvar "sb_all_bot_game") (value "1")
L 03/13/2022 - 15:24:18: [basecommands.smx] "Console<0><Console><Console>" changed cvar (cvar "allow_all_bot_survivor_team") (value "0")
L 03/13/2022 - 15:29:24: -------- Mapchange to l4d2_freezing_02 --------
L 03/13/2022 - 15:29:25: [basecommands.smx] "Console<0><Console><Console>" changed cvar (cvar "sb_all_bot_game") (value "1")
L 03/13/2022 - 15:29:25: [basecommands.smx] "Console<0><Console><Console>" changed cvar (cvar "allow_all_bot_survivor_team") (value "0")
L 03/13/2022 - 15:35:02: -------- Mapchange to l4d2_freezing_03 --------
L 03/13/2022 - 15:35:03: [basecommands.smx] "Console<0><Console><Console>" changed cvar (cvar "sb_all_bot_game") (value "1")
L 03/13/2022 - 15:35:03: [basecommands.smx] "Console<0><Console><Console>" changed cvar (cvar "allow_all_bot_survivor_team") (value "0")
L 03/13/2022 - 15:40:36: -------- Mapchange to l4d2_freezing_04 --------
L 03/13/2022 - 15:40:37: [basecommands.smx] "Console<0><Console><Console>" changed cvar (cvar "sb_all_bot_game") (value "1")
L 03/13/2022 - 15:40:37: [basecommands.smx] "Console<0><Console><Console>" changed cvar (cvar "allow_all_bot_survivor_team") (value "0")
L 03/13/2022 - 19:03:55: SourceMod log file session started (file "/home/steam/l4d2/left4dead2/addons/sourcemod/logs/L20220313.log") (Version "1.10.0.6528")
L 03/13/2022 - 19:03:55: [basecommands.smx] "Console<0><Console><Console>" changed cvar (cvar "sb_all_bot_game") (value "1")
L 03/13/2022 - 19:03:55: [basecommands.smx] "Console<0><Console><Console>" changed cvar (cvar "allow_all_bot_survivor_team") (value "0")
L 03/13/2022 - 19:04:32: -------- Mapchange to l4d2_freezing_01 --------
L 03/13/2022 - 19:04:34: [basecommands.smx] "Console<0><Console><Console>" changed cvar (cvar "sb_all_bot_game") (value "1")
L 03/13/2022 - 19:04:34: [basecommands.smx] "Console<0><Console><Console>" changed cvar (cvar "allow_all_bot_survivor_team") (value "0")
L 03/13/2022 - 19:13:54: -------- Mapchange to l4d2_freezing_02 --------
L 03/13/2022 - 19:13:55: [basecommands.smx] "Console<0><Console><Console>" changed cvar (cvar "sb_all_bot_game") (value "1")
L 03/13/2022 - 19:13:55: [basecommands.smx] "Console<0><Console><Console>" changed cvar (cvar "allow_all_bot_survivor_team") (value "0")
L 03/13/2022 - 19:34:00: -------- Mapchange to l4d2_freezing_03 --------
L 03/13/2022 - 19:34:01: [basecommands.smx] "Console<0><Console><Console>" changed cvar (cvar "sb_all_bot_game") (value "1")
L 03/13/2022 - 19:34:01: [basecommands.smx] "Console<0><Console><Console>" changed cvar (cvar "allow_all_bot_survivor_team") (value "0")
L 03/13/2022 - 19:53:03: -------- Mapchange to l4d2_freezing_04 --------
L 03/13/2022 - 19:53:04: [basecommands.smx] "Console<0><Console><Console>" changed cvar (cvar "sb_all_bot_game") (value "1")
L 03/13/2022 - 19:53:04: [basecommands.smx] "Console<0><Console><Console>" changed cvar (cvar "allow_all_bot_survivor_team") (value "0")
L 03/13/2022 - 20:17:48: [playercommands.smx] "Altair<4><STEAM_1:0:90628109><>" slayed "armado batista<2><STEAM_1:0:549397307><>"
L 03/13/2022 - 20:17:50: [playercommands.smx] "Altair<4><STEAM_1:0:90628109><>" slayed "Cяคɳε<7><STEAM_1:0:153781129><>"
L 03/13/2022 - 20:17:50: [playercommands.smx] "Altair<4><STEAM_1:0:90628109><>" slayed "Brunex Crocodilex<6><STEAM_1:1:91233069><>"
L 03/13/2022 - 20:56:44: -------- Mapchange to c10m1_caves --------
L 03/13/2022 - 20:56:46: [basecommands.smx] "Console<0><Console><Console>" changed cvar (cvar "sb_all_bot_game") (value "1")
L 03/13/2022 - 20:56:46: [basecommands.smx] "Console<0><Console><Console>" changed cvar (cvar "allow_all_bot_survivor_team") (value "0")
L 03/13/2022 - 21:09:37: -------- Mapchange to c10m2_drainage --------
L 03/13/2022 - 21:09:38: [basecommands.smx] "Console<0><Console><Console>" changed cvar (cvar "sb_all_bot_game") (value "1")
L 03/13/2022 - 21:09:38: [basecommands.smx] "Console<0><Console><Console>" changed cvar (cvar "allow_all_bot_survivor_team") (value "0")
L 03/13/2022 - 21:12:24: -------- Mapchange to c10m2_drainage --------
L 03/13/2022 - 21:12:24: [basecommands.smx] "Console<0><Console><Console>" changed cvar (cvar "sb_all_bot_game") (value "1")
L 03/13/2022 - 21:12:24: [basecommands.smx] "Console<0><Console><Console>" changed cvar (cvar "allow_all_bot_survivor_team") (value "0")
L 03/13/2022 - 21:24:10: -------- Mapchange to c10m3_ranchhouse --------
L 03/13/2022 - 21:24:12: [basecommands.smx] "Console<0><Console><Console>" changed cvar (cvar "sb_all_bot_game") (value "1")
L 03/13/2022 - 21:24:12: [basecommands.smx] "Console<0><Console><Console>" changed cvar (cvar "allow_all_bot_survivor_team") (value "0")
L 03/13/2022 - 21:27:01: -------- Mapchange to c10m3_ranchhouse --------
L 03/13/2022 - 21:27:02: [basecommands.smx] "Console<0><Console><Console>" changed cvar (cvar "sb_all_bot_game") (value "1")
L 03/13/2022 - 21:27:02: [basecommands.smx] "Console<0><Console><Console>" changed cvar (cvar "allow_all_bot_survivor_team") (value "0")
L 03/13/2022 - 21:30:53: -------- Mapchange to c10m3_ranchhouse --------
L 03/13/2022 - 21:30:54: [basecommands.smx] "Console<0><Console><Console>" changed cvar (cvar "sb_all_bot_game") (value "1")
L 03/13/2022 - 21:30:54: [basecommands.smx] "Console<0><Console><Console>" changed cvar (cvar "allow_all_bot_survivor_team") (value "0")
L 03/13/2022 - 21:32:05: SourceMod log file session started (file "/home/steam/l4d2/left4dead2/addons/sourcemod/logs/L20220313.log") (Version "1.10.0.6528")
L 03/13/2022 - 21:32:05: [basecommands.smx] "Console<0><Console><Console>" changed cvar (cvar "sb_all_bot_game") (value "1")
L 03/13/2022 - 21:32:05: [basecommands.smx] "Console<0><Console><Console>" changed cvar (cvar "allow_all_bot_survivor_team") (value "0")
L 03/13/2022 - 21:32:07: -------- Mapchange to c10m1_caves --------
L 03/13/2022 - 21:32:08: [basecommands.smx] "Console<0><Console><Console>" changed cvar (cvar "sb_all_bot_game") (value "1")
L 03/13/2022 - 21:32:08: [basecommands.smx] "Console<0><Console><Console>" changed cvar (cvar "allow_all_bot_survivor_team") (value "0")
L 03/13/2022 - 21:33:47: [basecommands.smx] "Altair<4><STEAM_1:0:90628109><>" changed map to "c10m3_ranchhouse"
L 03/13/2022 - 21:33:50: [SM] Changed map to "c10m3_ranchhouse"
L 03/13/2022 - 21:33:51: -------- Mapchange to c10m3_ranchhouse --------
L 03/13/2022 - 21:33:52: [basecommands.smx] "Console<0><Console><Console>" changed cvar (cvar "sb_all_bot_game") (value "1")
L 03/13/2022 - 21:33:52: [basecommands.smx] "Console<0><Console><Console>" changed cvar (cvar "allow_all_bot_survivor_team") (value "0")
L 03/13/2022 - 21:55:19: -------- Mapchange to c10m4_mainstreet --------
L 03/13/2022 - 21:55:20: [basecommands.smx] "Console<0><Console><Console>" changed cvar (cvar "sb_all_bot_game") (value "1")
L 03/13/2022 - 21:55:20: [basecommands.smx] "Console<0><Console><Console>" changed cvar (cvar "allow_all_bot_survivor_team") (value "0")
L 03/13/2022 - 22:14:39: -------- Mapchange to c10m5_houseboat --------
L 03/13/2022 - 22:14:41: [basecommands.smx] "Console<0><Console><Console>" changed cvar (cvar "sb_all_bot_game") (value "1")
L 03/13/2022 - 22:14:41: [basecommands.smx] "Console<0><Console><Console>" changed cvar (cvar "allow_all_bot_survivor_team") (value "0")
L 03/13/2022 - 22:36:15: -------- Mapchange to c8m1_apartment --------
L 03/13/2022 - 22:36:16: [basecommands.smx] "Console<0><Console><Console>" changed cvar (cvar "sb_all_bot_game") (value "1")
L 03/13/2022 - 22:36:16: [basecommands.smx] "Console<0><Console><Console>" changed cvar (cvar "allow_all_bot_survivor_team") (value "0")
L 03/13/2022 - 22:52:46: -------- Mapchange to c8m2_subway --------
L 03/13/2022 - 22:52:47: [basecommands.smx] "Console<0><Console><Console>" changed cvar (cvar "sb_all_bot_game") (value "1")
L 03/13/2022 - 22:52:47: [basecommands.smx] "Console<0><Console><Console>" changed cvar (cvar "allow_all_bot_survivor_team") (value "0")
L 03/13/2022 - 22:56:50: -------- Mapchange to c8m2_subway --------
L 03/13/2022 - 22:56:51: [basecommands.smx] "Console<0><Console><Console>" changed cvar (cvar "sb_all_bot_game") (value "1")
L 03/13/2022 - 22:56:51: [basecommands.smx] "Console<0><Console><Console>" changed cvar (cvar "allow_all_bot_survivor_team") (value "0")
L 03/13/2022 - 23:10:24: -------- Mapchange to c8m3_sewers --------
L 03/13/2022 - 23:10:25: [basecommands.smx] "Console<0><Console><Console>" changed cvar (cvar "sb_all_bot_game") (value "1")
L 03/13/2022 - 23:10:25: [basecommands.smx] "Console<0><Console><Console>" changed cvar (cvar "allow_all_bot_survivor_team") (value "0")
L 03/13/2022 - 23:43:33: -------- Mapchange to c8m4_interior --------
L 03/13/2022 - 23:43:34: [basecommands.smx] "Console<0><Console><Console>" changed cvar (cvar "sb_all_bot_game") (value "1")
L 03/13/2022 - 23:43:34: [basecommands.smx] "Console<0><Console><Console>" changed cvar (cvar "allow_all_bot_survivor_team") (value "0")
L 03/13/2022 - 23:50:43: [basecommands.smx] "mind<111><STEAM_1:1:53759167><>" kicked "[BR] Destroyer<117><STEAM_1:1:124882792><>" (reason "")
L 03/14/2022 - 00:01:18: Log file closed.
