L 04/17/2022 - 00:08:25: SourceMod log file session started (file "/home/steam/l4d2/left4dead2/addons/sourcemod/logs/L20220417.log") (Version "1.10.0.6528")
L 04/17/2022 - 00:08:25: [basecommands.smx] "Console<0><Console><Console>" changed cvar (cvar "sb_all_bot_game") (value "1")
L 04/17/2022 - 00:08:25: [basecommands.smx] "Console<0><Console><Console>" changed cvar (cvar "allow_all_bot_survivor_team") (value "0")
L 04/17/2022 - 00:35:35: -------- Mapchange to c8m1_apartment --------
L 04/17/2022 - 00:35:36: [basecommands.smx] "Console<0><Console><Console>" changed cvar (cvar "sb_all_bot_game") (value "1")
L 04/17/2022 - 00:35:36: [basecommands.smx] "Console<0><Console><Console>" changed cvar (cvar "allow_all_bot_survivor_team") (value "0")
L 04/17/2022 - 00:45:55: -------- Mapchange to c8m2_subway --------
L 04/17/2022 - 00:45:56: [basecommands.smx] "Console<0><Console><Console>" changed cvar (cvar "sb_all_bot_game") (value "1")
L 04/17/2022 - 00:45:56: [basecommands.smx] "Console<0><Console><Console>" changed cvar (cvar "allow_all_bot_survivor_team") (value "0")
L 04/17/2022 - 01:01:24: -------- Mapchange to c8m3_sewers --------
L 04/17/2022 - 01:01:24: [basecommands.smx] "Console<0><Console><Console>" changed cvar (cvar "sb_all_bot_game") (value "1")
L 04/17/2022 - 01:01:24: [basecommands.smx] "Console<0><Console><Console>" changed cvar (cvar "allow_all_bot_survivor_team") (value "0")
L 04/17/2022 - 01:12:26: -------- Mapchange to c8m4_interior --------
L 04/17/2022 - 01:12:27: [basecommands.smx] "Console<0><Console><Console>" changed cvar (cvar "sb_all_bot_game") (value "1")
L 04/17/2022 - 01:12:27: [basecommands.smx] "Console<0><Console><Console>" changed cvar (cvar "allow_all_bot_survivor_team") (value "0")
L 04/17/2022 - 01:23:50: -------- Mapchange to c8m5_rooftop --------
L 04/17/2022 - 01:23:51: [basecommands.smx] "Console<0><Console><Console>" changed cvar (cvar "sb_all_bot_game") (value "1")
L 04/17/2022 - 01:23:51: [basecommands.smx] "Console<0><Console><Console>" changed cvar (cvar "allow_all_bot_survivor_team") (value "0")
L 04/17/2022 - 20:45:51: SourceMod log file session started (file "/home/steam/l4d2/left4dead2/addons/sourcemod/logs/L20220417.log") (Version "1.10.0.6528")
L 04/17/2022 - 20:45:51: [basecommands.smx] "Console<0><Console><Console>" changed cvar (cvar "sb_all_bot_game") (value "1")
L 04/17/2022 - 20:45:51: [basecommands.smx] "Console<0><Console><Console>" changed cvar (cvar "allow_all_bot_survivor_team") (value "0")
L 04/17/2022 - 20:50:39: SourceMod log file session started (file "/home/steam/l4d2/left4dead2/addons/sourcemod/logs/L20220417.log") (Version "1.10.0.6528")
L 04/17/2022 - 20:50:39: [basecommands.smx] "Console<0><Console><Console>" changed cvar (cvar "sb_all_bot_game") (value "1")
L 04/17/2022 - 20:50:39: [basecommands.smx] "Console<0><Console><Console>" changed cvar (cvar "allow_all_bot_survivor_team") (value "0")
L 04/17/2022 - 20:52:52: SourceMod log file session started (file "/home/steam/l4d2/left4dead2/addons/sourcemod/logs/L20220417.log") (Version "1.10.0.6528")
L 04/17/2022 - 20:52:52: [basecommands.smx] "Console<0><Console><Console>" changed cvar (cvar "sb_all_bot_game") (value "1")
L 04/17/2022 - 20:52:52: [basecommands.smx] "Console<0><Console><Console>" changed cvar (cvar "allow_all_bot_survivor_team") (value "0")
L 04/17/2022 - 20:53:43: -------- Mapchange to c8m1_apartment --------
L 04/17/2022 - 20:53:45: [basecommands.smx] "Console<0><Console><Console>" changed cvar (cvar "sb_all_bot_game") (value "1")
L 04/17/2022 - 20:53:45: [basecommands.smx] "Console<0><Console><Console>" changed cvar (cvar "allow_all_bot_survivor_team") (value "0")
L 04/17/2022 - 21:05:57: -------- Mapchange to c8m2_subway --------
L 04/17/2022 - 21:05:58: [basecommands.smx] "Console<0><Console><Console>" changed cvar (cvar "sb_all_bot_game") (value "1")
L 04/17/2022 - 21:05:58: [basecommands.smx] "Console<0><Console><Console>" changed cvar (cvar "allow_all_bot_survivor_team") (value "0")
L 04/17/2022 - 21:24:24: -------- Mapchange to c8m3_sewers --------
L 04/17/2022 - 21:24:25: [basecommands.smx] "Console<0><Console><Console>" changed cvar (cvar "sb_all_bot_game") (value "1")
L 04/17/2022 - 21:24:25: [basecommands.smx] "Console<0><Console><Console>" changed cvar (cvar "allow_all_bot_survivor_team") (value "0")
L 04/17/2022 - 21:31:10: [basecommands.smx] "mind<13><STEAM_1:1:53759167><>" kicked "El c90<53><STEAM_1:1:569776366><>" (reason "")
L 04/17/2022 - 21:32:01: -------- Mapchange to c8m3_sewers --------
L 04/17/2022 - 21:32:02: [basecommands.smx] "Console<0><Console><Console>" changed cvar (cvar "sb_all_bot_game") (value "1")
L 04/17/2022 - 21:32:02: [basecommands.smx] "Console<0><Console><Console>" changed cvar (cvar "allow_all_bot_survivor_team") (value "0")
L 04/17/2022 - 21:52:52: -------- Mapchange to c8m4_interior --------
L 04/17/2022 - 21:52:53: [basecommands.smx] "Console<0><Console><Console>" changed cvar (cvar "sb_all_bot_game") (value "1")
L 04/17/2022 - 21:52:53: [basecommands.smx] "Console<0><Console><Console>" changed cvar (cvar "allow_all_bot_survivor_team") (value "0")
L 04/17/2022 - 22:07:09: -------- Mapchange to c8m5_rooftop --------
L 04/17/2022 - 22:07:10: [basecommands.smx] "Console<0><Console><Console>" changed cvar (cvar "sb_all_bot_game") (value "1")
L 04/17/2022 - 22:07:10: [basecommands.smx] "Console<0><Console><Console>" changed cvar (cvar "allow_all_bot_survivor_team") (value "0")
L 04/17/2022 - 22:18:21: -------- Mapchange to c10m1_caves --------
L 04/17/2022 - 22:18:22: [basecommands.smx] "Console<0><Console><Console>" changed cvar (cvar "sb_all_bot_game") (value "1")
L 04/17/2022 - 22:18:22: [basecommands.smx] "Console<0><Console><Console>" changed cvar (cvar "allow_all_bot_survivor_team") (value "0")
L 04/17/2022 - 22:35:18: -------- Mapchange to c10m2_drainage --------
L 04/17/2022 - 22:35:19: [basecommands.smx] "Console<0><Console><Console>" changed cvar (cvar "sb_all_bot_game") (value "1")
L 04/17/2022 - 22:35:19: [basecommands.smx] "Console<0><Console><Console>" changed cvar (cvar "allow_all_bot_survivor_team") (value "0")
L 04/17/2022 - 22:46:04: -------- Mapchange to c10m3_ranchhouse --------
L 04/17/2022 - 22:46:05: [basecommands.smx] "Console<0><Console><Console>" changed cvar (cvar "sb_all_bot_game") (value "1")
L 04/17/2022 - 22:46:05: [basecommands.smx] "Console<0><Console><Console>" changed cvar (cvar "allow_all_bot_survivor_team") (value "0")
L 04/17/2022 - 23:00:45: -------- Mapchange to c10m4_mainstreet --------
L 04/17/2022 - 23:00:46: [basecommands.smx] "Console<0><Console><Console>" changed cvar (cvar "sb_all_bot_game") (value "1")
L 04/17/2022 - 23:00:46: [basecommands.smx] "Console<0><Console><Console>" changed cvar (cvar "allow_all_bot_survivor_team") (value "0")
L 04/17/2022 - 23:19:41: -------- Mapchange to c10m5_houseboat --------
L 04/17/2022 - 23:19:43: [basecommands.smx] "Console<0><Console><Console>" changed cvar (cvar "sb_all_bot_game") (value "1")
L 04/17/2022 - 23:19:43: [basecommands.smx] "Console<0><Console><Console>" changed cvar (cvar "allow_all_bot_survivor_team") (value "0")
L 04/17/2022 - 23:29:43: [basecommands.smx] "mind<237><STEAM_1:1:53759167><>" kicked "jorgerivas<206><STEAM_1:1:650510596><>" (reason "")
L 04/18/2022 - 01:40:38: Log file closed.
