L 03/14/2022 - 00:01:19: SourceMod log file session started (file "/home/steam/l4d2/left4dead2/addons/sourcemod/logs/L20220314.log") (Version "1.10.0.6528")
L 03/14/2022 - 00:01:19: [basecommands.smx] "Console<0><Console><Console>" changed cvar (cvar "sb_all_bot_game") (value "1")
L 03/14/2022 - 00:01:19: [basecommands.smx] "Console<0><Console><Console>" changed cvar (cvar "allow_all_bot_survivor_team") (value "0")
L 03/14/2022 - 00:12:46: -------- Mapchange to c5m1_waterfront --------
L 03/14/2022 - 00:12:48: [basecommands.smx] "Console<0><Console><Console>" changed cvar (cvar "sb_all_bot_game") (value "1")
L 03/14/2022 - 00:12:48: [basecommands.smx] "Console<0><Console><Console>" changed cvar (cvar "allow_all_bot_survivor_team") (value "0")
L 03/14/2022 - 00:31:09: -------- Mapchange to c5m2_park --------
L 03/14/2022 - 00:31:10: [basecommands.smx] "Console<0><Console><Console>" changed cvar (cvar "sb_all_bot_game") (value "1")
L 03/14/2022 - 00:31:10: [basecommands.smx] "Console<0><Console><Console>" changed cvar (cvar "allow_all_bot_survivor_team") (value "0")
L 03/14/2022 - 00:39:52: -------- Mapchange to c5m2_park --------
L 03/14/2022 - 00:39:53: [basecommands.smx] "Console<0><Console><Console>" changed cvar (cvar "sb_all_bot_game") (value "1")
L 03/14/2022 - 00:39:53: [basecommands.smx] "Console<0><Console><Console>" changed cvar (cvar "allow_all_bot_survivor_team") (value "0")
L 03/14/2022 - 00:55:09: [basecommands.smx] "mind<167><STEAM_1:1:53759167><>" kicked "Alfacia<171><STEAM_1:1:190227250><>" (reason "")
L 03/14/2022 - 00:57:25: -------- Mapchange to c5m3_cemetery --------
L 03/14/2022 - 00:57:27: [basecommands.smx] "Console<0><Console><Console>" changed cvar (cvar "sb_all_bot_game") (value "1")
L 03/14/2022 - 00:57:27: [basecommands.smx] "Console<0><Console><Console>" changed cvar (cvar "allow_all_bot_survivor_team") (value "0")
L 03/14/2022 - 01:14:36: -------- Mapchange to c5m4_quarter --------
L 03/14/2022 - 01:14:38: [basecommands.smx] "Console<0><Console><Console>" changed cvar (cvar "sb_all_bot_game") (value "1")
L 03/14/2022 - 01:14:38: [basecommands.smx] "Console<0><Console><Console>" changed cvar (cvar "allow_all_bot_survivor_team") (value "0")
L 03/14/2022 - 01:35:42: -------- Mapchange to c5m5_bridge --------
L 03/14/2022 - 01:35:46: [basecommands.smx] "Console<0><Console><Console>" changed cvar (cvar "sb_all_bot_game") (value "1")
L 03/14/2022 - 01:35:46: [basecommands.smx] "Console<0><Console><Console>" changed cvar (cvar "allow_all_bot_survivor_team") (value "0")
