L 04/26/2022 - 02:01:04: SourceMod log file session started (file "/home/steam/l4d2/left4dead2/addons/sourcemod/logs/L20220426.log") (Version "1.10.0.6528")
L 04/26/2022 - 02:01:04: [basecommands.smx] "Console<0><Console><Console>" changed cvar (cvar "sb_all_bot_game") (value "1")
L 04/26/2022 - 02:01:04: [basecommands.smx] "Console<0><Console><Console>" changed cvar (cvar "allow_all_bot_survivor_team") (value "0")
L 04/26/2022 - 02:09:03: -------- Mapchange to c8m2_subway --------
L 04/26/2022 - 02:09:04: [basecommands.smx] "Console<0><Console><Console>" changed cvar (cvar "sb_all_bot_game") (value "1")
L 04/26/2022 - 02:09:04: [basecommands.smx] "Console<0><Console><Console>" changed cvar (cvar "allow_all_bot_survivor_team") (value "0")
L 04/26/2022 - 02:23:36: -------- Mapchange to c8m3_sewers --------
L 04/26/2022 - 02:23:37: [basecommands.smx] "Console<0><Console><Console>" changed cvar (cvar "sb_all_bot_game") (value "1")
L 04/26/2022 - 02:23:37: [basecommands.smx] "Console<0><Console><Console>" changed cvar (cvar "allow_all_bot_survivor_team") (value "0")
L 04/26/2022 - 02:40:28: -------- Mapchange to c8m4_interior --------
L 04/26/2022 - 02:40:29: [basecommands.smx] "Console<0><Console><Console>" changed cvar (cvar "sb_all_bot_game") (value "1")
L 04/26/2022 - 02:40:29: [basecommands.smx] "Console<0><Console><Console>" changed cvar (cvar "allow_all_bot_survivor_team") (value "0")
L 04/26/2022 - 02:52:04: -------- Mapchange to c8m5_rooftop --------
L 04/26/2022 - 02:52:05: [basecommands.smx] "Console<0><Console><Console>" changed cvar (cvar "sb_all_bot_game") (value "1")
L 04/26/2022 - 02:52:05: [basecommands.smx] "Console<0><Console><Console>" changed cvar (cvar "allow_all_bot_survivor_team") (value "0")
L 04/26/2022 - 02:54:14: -------- Mapchange to c5m1_waterfront --------
L 04/26/2022 - 02:54:16: [basecommands.smx] "Console<0><Console><Console>" changed cvar (cvar "sb_all_bot_game") (value "1")
L 04/26/2022 - 02:54:16: [basecommands.smx] "Console<0><Console><Console>" changed cvar (cvar "allow_all_bot_survivor_team") (value "0")
L 04/26/2022 - 03:02:57: -------- Mapchange to c5m2_park --------
L 04/26/2022 - 03:02:58: [basecommands.smx] "Console<0><Console><Console>" changed cvar (cvar "sb_all_bot_game") (value "1")
L 04/26/2022 - 03:02:58: [basecommands.smx] "Console<0><Console><Console>" changed cvar (cvar "allow_all_bot_survivor_team") (value "0")
L 04/26/2022 - 20:48:05: SourceMod log file session started (file "/home/steam/l4d2/left4dead2/addons/sourcemod/logs/L20220426.log") (Version "1.10.0.6528")
L 04/26/2022 - 20:48:05: [basecommands.smx] "Console<0><Console><Console>" changed cvar (cvar "sb_all_bot_game") (value "1")
L 04/26/2022 - 20:48:05: [basecommands.smx] "Console<0><Console><Console>" changed cvar (cvar "allow_all_bot_survivor_team") (value "0")
L 04/26/2022 - 20:48:16: -------- Mapchange to c14m1_junkyard --------
L 04/26/2022 - 20:48:22: [basecommands.smx] "Console<0><Console><Console>" changed cvar (cvar "sb_all_bot_game") (value "1")
L 04/26/2022 - 20:48:22: [basecommands.smx] "Console<0><Console><Console>" changed cvar (cvar "allow_all_bot_survivor_team") (value "0")
L 04/26/2022 - 20:49:35: SourceMod log file session started (file "/home/steam/l4d2/left4dead2/addons/sourcemod/logs/L20220426.log") (Version "1.10.0.6528")
L 04/26/2022 - 20:49:35: [basecommands.smx] "Console<0><Console><Console>" changed cvar (cvar "sb_all_bot_game") (value "1")
L 04/26/2022 - 20:49:35: [basecommands.smx] "Console<0><Console><Console>" changed cvar (cvar "allow_all_bot_survivor_team") (value "0")
L 04/26/2022 - 20:49:39: -------- Mapchange to c8m1_apartment --------
L 04/26/2022 - 20:49:41: [basecommands.smx] "Console<0><Console><Console>" changed cvar (cvar "sb_all_bot_game") (value "1")
L 04/26/2022 - 20:49:41: [basecommands.smx] "Console<0><Console><Console>" changed cvar (cvar "allow_all_bot_survivor_team") (value "0")
L 04/26/2022 - 20:58:48: -------- Mapchange to c8m2_subway --------
L 04/26/2022 - 20:58:50: [basecommands.smx] "Console<0><Console><Console>" changed cvar (cvar "sb_all_bot_game") (value "1")
L 04/26/2022 - 20:58:50: [basecommands.smx] "Console<0><Console><Console>" changed cvar (cvar "allow_all_bot_survivor_team") (value "0")
L 04/26/2022 - 21:04:48: -------- Mapchange to c8m2_subway --------
L 04/26/2022 - 21:04:49: [basecommands.smx] "Console<0><Console><Console>" changed cvar (cvar "sb_all_bot_game") (value "1")
L 04/26/2022 - 21:04:49: [basecommands.smx] "Console<0><Console><Console>" changed cvar (cvar "allow_all_bot_survivor_team") (value "0")
L 04/26/2022 - 21:18:25: -------- Mapchange to c8m3_sewers --------
L 04/26/2022 - 21:18:26: [basecommands.smx] "Console<0><Console><Console>" changed cvar (cvar "sb_all_bot_game") (value "1")
L 04/26/2022 - 21:18:26: [basecommands.smx] "Console<0><Console><Console>" changed cvar (cvar "allow_all_bot_survivor_team") (value "0")
L 04/26/2022 - 21:34:43: -------- Mapchange to c8m4_interior --------
L 04/26/2022 - 21:34:44: [basecommands.smx] "Console<0><Console><Console>" changed cvar (cvar "sb_all_bot_game") (value "1")
L 04/26/2022 - 21:34:44: [basecommands.smx] "Console<0><Console><Console>" changed cvar (cvar "allow_all_bot_survivor_team") (value "0")
L 04/26/2022 - 21:42:28: -------- Mapchange to c5m1_waterfront --------
L 04/26/2022 - 21:42:30: [basecommands.smx] "Console<0><Console><Console>" changed cvar (cvar "sb_all_bot_game") (value "1")
L 04/26/2022 - 21:42:30: [basecommands.smx] "Console<0><Console><Console>" changed cvar (cvar "allow_all_bot_survivor_team") (value "0")
L 04/26/2022 - 21:52:19: -------- Mapchange to c5m2_park --------
L 04/26/2022 - 21:52:20: [basecommands.smx] "Console<0><Console><Console>" changed cvar (cvar "sb_all_bot_game") (value "1")
L 04/26/2022 - 21:52:20: [basecommands.smx] "Console<0><Console><Console>" changed cvar (cvar "allow_all_bot_survivor_team") (value "0")
L 04/26/2022 - 22:05:41: -------- Mapchange to c5m3_cemetery --------
L 04/26/2022 - 22:05:42: [basecommands.smx] "Console<0><Console><Console>" changed cvar (cvar "sb_all_bot_game") (value "1")
L 04/26/2022 - 22:05:42: [basecommands.smx] "Console<0><Console><Console>" changed cvar (cvar "allow_all_bot_survivor_team") (value "0")
L 04/26/2022 - 22:22:43: -------- Mapchange to c5m4_quarter --------
L 04/26/2022 - 22:22:45: [basecommands.smx] "Console<0><Console><Console>" changed cvar (cvar "sb_all_bot_game") (value "1")
L 04/26/2022 - 22:22:45: [basecommands.smx] "Console<0><Console><Console>" changed cvar (cvar "allow_all_bot_survivor_team") (value "0")
