L 05/12/2022 - 19:20:20: SourceMod log file session started (file "/home/steam/l4d2/left4dead2/addons/sourcemod/logs/L20220512.log") (Version "1.10.0.6528")
L 05/12/2022 - 19:20:20: [rcon_lock.smx] 28 cheat commands
L 05/12/2022 - 19:20:20: [rcon_lock.smx] Couldn't find ai_test_los (this may be normal)
L 05/12/2022 - 19:20:20: [rcon_lock.smx] Flagging dbghist_dump as cheat
L 05/12/2022 - 19:20:20: [rcon_lock.smx] dump_entity_sizes already has cheats flag
L 05/12/2022 - 19:20:20: [rcon_lock.smx] Flagging dump_globals as cheat
L 05/12/2022 - 19:20:20: [rcon_lock.smx] Couldn't find dump_terrain (this may be normal)
L 05/12/2022 - 19:20:20: [rcon_lock.smx] Couldn't find dumpcountedstrings (this may be normal)
L 05/12/2022 - 19:20:20: [rcon_lock.smx] dumpentityfactories already has cheats flag
L 05/12/2022 - 19:20:20: [rcon_lock.smx] Flagging dumpeventqueue as cheat
L 05/12/2022 - 19:20:20: [rcon_lock.smx] Couldn't find es_version (this may be normal)
L 05/12/2022 - 19:20:20: [rcon_lock.smx] groundlist already has cheats flag
L 05/12/2022 - 19:20:20: [rcon_lock.smx] Flagging listmodels as cheat
L 05/12/2022 - 19:20:20: [rcon_lock.smx] Flagging mem_dump as cheat
L 05/12/2022 - 19:20:20: [rcon_lock.smx] Couldn't find mp_dump_timers (this may be normal)
L 05/12/2022 - 19:20:20: [rcon_lock.smx] Couldn't find npc_ammo_deplete (this may be normal)
L 05/12/2022 - 19:20:20: [rcon_lock.smx] Couldn't find npc_heal (this may be normal)
L 05/12/2022 - 19:20:20: [rcon_lock.smx] Couldn't find npc_speakall (this may be normal)
L 05/12/2022 - 19:20:20: [rcon_lock.smx] Couldn't find npc_thinknow (this may be normal)
L 05/12/2022 - 19:20:20: [rcon_lock.smx] Flagging physics_budget as cheat
L 05/12/2022 - 19:20:20: [rcon_lock.smx] Flagging physics_debug_entity as cheat
L 05/12/2022 - 19:20:20: [rcon_lock.smx] Flagging physics_report_active as cheat
L 05/12/2022 - 19:20:20: [rcon_lock.smx] Flagging physics_select as cheat
L 05/12/2022 - 19:20:20: [rcon_lock.smx] report_entities already has cheats flag
L 05/12/2022 - 19:20:20: [rcon_lock.smx] report_touchlinks already has cheats flag
L 05/12/2022 - 19:20:20: [rcon_lock.smx] Couldn't find snd_digital_surround (this may be normal)
L 05/12/2022 - 19:20:20: [rcon_lock.smx] Flagging snd_restart as cheat
L 05/12/2022 - 19:20:20: [rcon_lock.smx] Couldn't find soundlist (this may be normal)
L 05/12/2022 - 19:20:20: [rcon_lock.smx] Flagging soundscape_flush as cheat
L 05/12/2022 - 19:20:20: [rcon_lock.smx] Couldn't find wc_update_entity (this may be normal)
L 05/12/2022 - 19:20:26: [basecommands.smx] "Console<0><Console><Console>" changed cvar (cvar "sv_minrate") (value "100000")
L 05/12/2022 - 19:20:26: [basecommands.smx] "Console<0><Console><Console>" changed cvar (cvar "sv_maxrate") (value "100000")
L 05/12/2022 - 19:20:26: [basecommands.smx] "Console<0><Console><Console>" changed cvar (cvar "sv_mincmdrate") (value "100")
L 05/12/2022 - 19:20:26: [basecommands.smx] "Console<0><Console><Console>" changed cvar (cvar "sv_maxcmdrate") (value "100")
L 05/12/2022 - 19:20:26: [basecommands.smx] "Console<0><Console><Console>" changed cvar (cvar "sv_maxupdaterate") (value "10sm_cvar")
L 05/12/2022 - 19:20:26: [basecommands.smx] "Console<0><Console><Console>" changed cvar (cvar "sv_maxrate") (value "100000")
L 05/12/2022 - 19:20:26: [basecommands.smx] "Console<0><Console><Console>" changed cvar (cvar "sv_minupdaterate") (value "100")
L 05/12/2022 - 19:20:26: [basecommands.smx] "Console<0><Console><Console>" changed cvar (cvar "sv_maxupdaterate") (value "100")
L 05/12/2022 - 19:20:26: [basecommands.smx] "Console<0><Console><Console>" changed cvar (cvar "sv_mincmdrate") (value "100")
L 05/12/2022 - 19:20:26: [basecommands.smx] "Console<0><Console><Console>" changed cvar (cvar "sv_maxcmdrate") (value "100")
L 05/12/2022 - 19:20:26: [basecommands.smx] "Console<0><Console><Console>" changed cvar (cvar "sv_client_min_interp_ratio") (value "-1")
L 05/12/2022 - 19:20:26: [basecommands.smx] "Console<0><Console><Console>" changed cvar (cvar "sv_client_max_interp_ratio") (value "0")
L 05/12/2022 - 19:20:26: [basecommands.smx] "Console<0><Console><Console>" changed cvar (cvar "nb_update_frequency") (value "0.014")
L 05/12/2022 - 19:20:26: [basecommands.smx] "Console<0><Console><Console>" changed cvar (cvar "net_splitpacket_maxrate") (value "50000")
L 05/12/2022 - 19:20:26: [basecommands.smx] "Console<0><Console><Console>" changed cvar (cvar "fps_max") (value "0")
L 05/12/2022 - 19:20:26: [basecommands.smx] "Console<0><Console><Console>" changed cvar (cvar "tick_door_speed") (value "1.30")
L 05/12/2022 - 19:20:26: [basecommands.smx] "Console<0><Console><Console>" changed cvar (cvar "sb_all_bot_game") (value "1")
L 05/12/2022 - 19:20:26: [basecommands.smx] "Console<0><Console><Console>" changed cvar (cvar "allow_all_bot_survivor_team") (value "0")
L 05/12/2022 - 19:20:46: -------- Mapchange to c10m1_caves --------
L 05/12/2022 - 19:20:49: [basecommands.smx] "Console<0><Console><Console>" changed cvar (cvar "sv_minrate") (value "100000")
L 05/12/2022 - 19:20:49: [basecommands.smx] "Console<0><Console><Console>" changed cvar (cvar "sv_maxrate") (value "100000")
L 05/12/2022 - 19:20:49: [basecommands.smx] "Console<0><Console><Console>" changed cvar (cvar "sv_mincmdrate") (value "100")
L 05/12/2022 - 19:20:49: [basecommands.smx] "Console<0><Console><Console>" changed cvar (cvar "sv_maxcmdrate") (value "100")
L 05/12/2022 - 19:20:49: [basecommands.smx] "Console<0><Console><Console>" changed cvar (cvar "sv_maxupdaterate") (value "10sm_cvar")
L 05/12/2022 - 19:20:49: [basecommands.smx] "Console<0><Console><Console>" changed cvar (cvar "sv_maxrate") (value "100000")
L 05/12/2022 - 19:20:49: [basecommands.smx] "Console<0><Console><Console>" changed cvar (cvar "sv_minupdaterate") (value "100")
L 05/12/2022 - 19:20:49: [basecommands.smx] "Console<0><Console><Console>" changed cvar (cvar "sv_maxupdaterate") (value "100")
L 05/12/2022 - 19:20:49: [basecommands.smx] "Console<0><Console><Console>" changed cvar (cvar "sv_mincmdrate") (value "100")
L 05/12/2022 - 19:20:49: [basecommands.smx] "Console<0><Console><Console>" changed cvar (cvar "sv_maxcmdrate") (value "100")
L 05/12/2022 - 19:20:49: [basecommands.smx] "Console<0><Console><Console>" changed cvar (cvar "sv_client_min_interp_ratio") (value "-1")
L 05/12/2022 - 19:20:49: [basecommands.smx] "Console<0><Console><Console>" changed cvar (cvar "sv_client_max_interp_ratio") (value "0")
L 05/12/2022 - 19:20:49: [basecommands.smx] "Console<0><Console><Console>" changed cvar (cvar "nb_update_frequency") (value "0.014")
L 05/12/2022 - 19:20:49: [basecommands.smx] "Console<0><Console><Console>" changed cvar (cvar "net_splitpacket_maxrate") (value "50000")
L 05/12/2022 - 19:20:49: [basecommands.smx] "Console<0><Console><Console>" changed cvar (cvar "fps_max") (value "0")
L 05/12/2022 - 19:20:49: [basecommands.smx] "Console<0><Console><Console>" changed cvar (cvar "tick_door_speed") (value "1.30")
L 05/12/2022 - 19:20:49: [basecommands.smx] "Console<0><Console><Console>" changed cvar (cvar "sb_all_bot_game") (value "1")
L 05/12/2022 - 19:20:49: [basecommands.smx] "Console<0><Console><Console>" changed cvar (cvar "allow_all_bot_survivor_team") (value "0")
L 05/12/2022 - 19:27:40: -------- Mapchange to c10m1_caves --------
L 05/12/2022 - 19:27:41: [basecommands.smx] "Console<0><Console><Console>" changed cvar (cvar "sv_minrate") (value "100000")
L 05/12/2022 - 19:27:41: [basecommands.smx] "Console<0><Console><Console>" changed cvar (cvar "sv_maxrate") (value "100000")
L 05/12/2022 - 19:27:41: [basecommands.smx] "Console<0><Console><Console>" changed cvar (cvar "sv_mincmdrate") (value "100")
L 05/12/2022 - 19:27:41: [basecommands.smx] "Console<0><Console><Console>" changed cvar (cvar "sv_maxcmdrate") (value "100")
L 05/12/2022 - 19:27:41: [basecommands.smx] "Console<0><Console><Console>" changed cvar (cvar "sv_maxupdaterate") (value "10sm_cvar")
L 05/12/2022 - 19:27:41: [basecommands.smx] "Console<0><Console><Console>" changed cvar (cvar "sv_maxrate") (value "100000")
L 05/12/2022 - 19:27:41: [basecommands.smx] "Console<0><Console><Console>" changed cvar (cvar "sv_minupdaterate") (value "100")
L 05/12/2022 - 19:27:41: [basecommands.smx] "Console<0><Console><Console>" changed cvar (cvar "sv_maxupdaterate") (value "100")
L 05/12/2022 - 19:27:41: [basecommands.smx] "Console<0><Console><Console>" changed cvar (cvar "sv_mincmdrate") (value "100")
L 05/12/2022 - 19:27:41: [basecommands.smx] "Console<0><Console><Console>" changed cvar (cvar "sv_maxcmdrate") (value "100")
L 05/12/2022 - 19:27:41: [basecommands.smx] "Console<0><Console><Console>" changed cvar (cvar "sv_client_min_interp_ratio") (value "-1")
L 05/12/2022 - 19:27:41: [basecommands.smx] "Console<0><Console><Console>" changed cvar (cvar "sv_client_max_interp_ratio") (value "0")
L 05/12/2022 - 19:27:41: [basecommands.smx] "Console<0><Console><Console>" changed cvar (cvar "nb_update_frequency") (value "0.014")
L 05/12/2022 - 19:27:41: [basecommands.smx] "Console<0><Console><Console>" changed cvar (cvar "net_splitpacket_maxrate") (value "50000")
L 05/12/2022 - 19:27:41: [basecommands.smx] "Console<0><Console><Console>" changed cvar (cvar "fps_max") (value "0")
L 05/12/2022 - 19:27:41: [basecommands.smx] "Console<0><Console><Console>" changed cvar (cvar "tick_door_speed") (value "1.30")
L 05/12/2022 - 19:27:41: [basecommands.smx] "Console<0><Console><Console>" changed cvar (cvar "sb_all_bot_game") (value "1")
L 05/12/2022 - 19:27:41: [basecommands.smx] "Console<0><Console><Console>" changed cvar (cvar "allow_all_bot_survivor_team") (value "0")
L 05/12/2022 - 19:41:26: -------- Mapchange to c10m2_drainage --------
L 05/12/2022 - 19:41:28: [rcon_lock.smx] Got half-connected command from client 9 (ip unknown): setpause 
L 05/12/2022 - 19:41:28: [basecommands.smx] "Console<0><Console><Console>" changed cvar (cvar "sv_minrate") (value "100000")
L 05/12/2022 - 19:41:28: [basecommands.smx] "Console<0><Console><Console>" changed cvar (cvar "sv_maxrate") (value "100000")
L 05/12/2022 - 19:41:28: [basecommands.smx] "Console<0><Console><Console>" changed cvar (cvar "sv_mincmdrate") (value "100")
L 05/12/2022 - 19:41:28: [basecommands.smx] "Console<0><Console><Console>" changed cvar (cvar "sv_maxcmdrate") (value "100")
L 05/12/2022 - 19:41:28: [basecommands.smx] "Console<0><Console><Console>" changed cvar (cvar "sv_maxupdaterate") (value "10sm_cvar")
L 05/12/2022 - 19:41:28: [basecommands.smx] "Console<0><Console><Console>" changed cvar (cvar "sv_maxrate") (value "100000")
L 05/12/2022 - 19:41:28: [basecommands.smx] "Console<0><Console><Console>" changed cvar (cvar "sv_minupdaterate") (value "100")
L 05/12/2022 - 19:41:28: [basecommands.smx] "Console<0><Console><Console>" changed cvar (cvar "sv_maxupdaterate") (value "100")
L 05/12/2022 - 19:41:28: [basecommands.smx] "Console<0><Console><Console>" changed cvar (cvar "sv_mincmdrate") (value "100")
L 05/12/2022 - 19:41:28: [basecommands.smx] "Console<0><Console><Console>" changed cvar (cvar "sv_maxcmdrate") (value "100")
L 05/12/2022 - 19:41:28: [basecommands.smx] "Console<0><Console><Console>" changed cvar (cvar "sv_client_min_interp_ratio") (value "-1")
L 05/12/2022 - 19:41:28: [basecommands.smx] "Console<0><Console><Console>" changed cvar (cvar "sv_client_max_interp_ratio") (value "0")
L 05/12/2022 - 19:41:28: [basecommands.smx] "Console<0><Console><Console>" changed cvar (cvar "nb_update_frequency") (value "0.014")
L 05/12/2022 - 19:41:28: [basecommands.smx] "Console<0><Console><Console>" changed cvar (cvar "net_splitpacket_maxrate") (value "50000")
L 05/12/2022 - 19:41:28: [basecommands.smx] "Console<0><Console><Console>" changed cvar (cvar "fps_max") (value "0")
L 05/12/2022 - 19:41:28: [basecommands.smx] "Console<0><Console><Console>" changed cvar (cvar "tick_door_speed") (value "1.30")
L 05/12/2022 - 19:41:28: [basecommands.smx] "Console<0><Console><Console>" changed cvar (cvar "sb_all_bot_game") (value "1")
L 05/12/2022 - 19:41:28: [basecommands.smx] "Console<0><Console><Console>" changed cvar (cvar "allow_all_bot_survivor_team") (value "0")
L 05/12/2022 - 19:52:58: -------- Mapchange to c10m3_ranchhouse --------
L 05/12/2022 - 19:53:00: [rcon_lock.smx] Got half-connected command from client 3 (ip unknown): setpause 
L 05/12/2022 - 19:53:00: [basecommands.smx] "Console<0><Console><Console>" changed cvar (cvar "sv_minrate") (value "100000")
L 05/12/2022 - 19:53:00: [basecommands.smx] "Console<0><Console><Console>" changed cvar (cvar "sv_maxrate") (value "100000")
L 05/12/2022 - 19:53:00: [basecommands.smx] "Console<0><Console><Console>" changed cvar (cvar "sv_mincmdrate") (value "100")
L 05/12/2022 - 19:53:00: [basecommands.smx] "Console<0><Console><Console>" changed cvar (cvar "sv_maxcmdrate") (value "100")
L 05/12/2022 - 19:53:00: [basecommands.smx] "Console<0><Console><Console>" changed cvar (cvar "sv_maxupdaterate") (value "10sm_cvar")
L 05/12/2022 - 19:53:00: [basecommands.smx] "Console<0><Console><Console>" changed cvar (cvar "sv_maxrate") (value "100000")
L 05/12/2022 - 19:53:00: [basecommands.smx] "Console<0><Console><Console>" changed cvar (cvar "sv_minupdaterate") (value "100")
L 05/12/2022 - 19:53:00: [basecommands.smx] "Console<0><Console><Console>" changed cvar (cvar "sv_maxupdaterate") (value "100")
L 05/12/2022 - 19:53:00: [basecommands.smx] "Console<0><Console><Console>" changed cvar (cvar "sv_mincmdrate") (value "100")
L 05/12/2022 - 19:53:00: [basecommands.smx] "Console<0><Console><Console>" changed cvar (cvar "sv_maxcmdrate") (value "100")
L 05/12/2022 - 19:53:00: [basecommands.smx] "Console<0><Console><Console>" changed cvar (cvar "sv_client_min_interp_ratio") (value "-1")
L 05/12/2022 - 19:53:00: [basecommands.smx] "Console<0><Console><Console>" changed cvar (cvar "sv_client_max_interp_ratio") (value "0")
L 05/12/2022 - 19:53:00: [basecommands.smx] "Console<0><Console><Console>" changed cvar (cvar "nb_update_frequency") (value "0.014")
L 05/12/2022 - 19:53:00: [basecommands.smx] "Console<0><Console><Console>" changed cvar (cvar "net_splitpacket_maxrate") (value "50000")
L 05/12/2022 - 19:53:00: [basecommands.smx] "Console<0><Console><Console>" changed cvar (cvar "fps_max") (value "0")
L 05/12/2022 - 19:53:00: [basecommands.smx] "Console<0><Console><Console>" changed cvar (cvar "tick_door_speed") (value "1.30")
L 05/12/2022 - 19:53:00: [basecommands.smx] "Console<0><Console><Console>" changed cvar (cvar "sb_all_bot_game") (value "1")
L 05/12/2022 - 19:53:00: [basecommands.smx] "Console<0><Console><Console>" changed cvar (cvar "allow_all_bot_survivor_team") (value "0")
L 05/12/2022 - 20:11:43: -------- Mapchange to c10m4_mainstreet --------
L 05/12/2022 - 20:11:45: [basecommands.smx] "Console<0><Console><Console>" changed cvar (cvar "sv_minrate") (value "100000")
L 05/12/2022 - 20:11:45: [basecommands.smx] "Console<0><Console><Console>" changed cvar (cvar "sv_maxrate") (value "100000")
L 05/12/2022 - 20:11:45: [basecommands.smx] "Console<0><Console><Console>" changed cvar (cvar "sv_mincmdrate") (value "100")
L 05/12/2022 - 20:11:45: [basecommands.smx] "Console<0><Console><Console>" changed cvar (cvar "sv_maxcmdrate") (value "100")
L 05/12/2022 - 20:11:45: [basecommands.smx] "Console<0><Console><Console>" changed cvar (cvar "sv_maxupdaterate") (value "10sm_cvar")
L 05/12/2022 - 20:11:45: [basecommands.smx] "Console<0><Console><Console>" changed cvar (cvar "sv_maxrate") (value "100000")
L 05/12/2022 - 20:11:45: [basecommands.smx] "Console<0><Console><Console>" changed cvar (cvar "sv_minupdaterate") (value "100")
L 05/12/2022 - 20:11:45: [basecommands.smx] "Console<0><Console><Console>" changed cvar (cvar "sv_maxupdaterate") (value "100")
L 05/12/2022 - 20:11:45: [basecommands.smx] "Console<0><Console><Console>" changed cvar (cvar "sv_mincmdrate") (value "100")
L 05/12/2022 - 20:11:45: [basecommands.smx] "Console<0><Console><Console>" changed cvar (cvar "sv_maxcmdrate") (value "100")
L 05/12/2022 - 20:11:45: [basecommands.smx] "Console<0><Console><Console>" changed cvar (cvar "sv_client_min_interp_ratio") (value "-1")
L 05/12/2022 - 20:11:45: [basecommands.smx] "Console<0><Console><Console>" changed cvar (cvar "sv_client_max_interp_ratio") (value "0")
L 05/12/2022 - 20:11:45: [basecommands.smx] "Console<0><Console><Console>" changed cvar (cvar "nb_update_frequency") (value "0.014")
L 05/12/2022 - 20:11:45: [basecommands.smx] "Console<0><Console><Console>" changed cvar (cvar "net_splitpacket_maxrate") (value "50000")
L 05/12/2022 - 20:11:45: [basecommands.smx] "Console<0><Console><Console>" changed cvar (cvar "fps_max") (value "0")
L 05/12/2022 - 20:11:45: [basecommands.smx] "Console<0><Console><Console>" changed cvar (cvar "tick_door_speed") (value "1.30")
L 05/12/2022 - 20:11:45: [basecommands.smx] "Console<0><Console><Console>" changed cvar (cvar "sb_all_bot_game") (value "1")
L 05/12/2022 - 20:11:45: [basecommands.smx] "Console<0><Console><Console>" changed cvar (cvar "allow_all_bot_survivor_team") (value "0")
L 05/12/2022 - 20:30:17: -------- Mapchange to c10m5_houseboat --------
L 05/12/2022 - 20:30:19: [basecommands.smx] "Console<0><Console><Console>" changed cvar (cvar "sv_minrate") (value "100000")
L 05/12/2022 - 20:30:19: [basecommands.smx] "Console<0><Console><Console>" changed cvar (cvar "sv_maxrate") (value "100000")
L 05/12/2022 - 20:30:19: [basecommands.smx] "Console<0><Console><Console>" changed cvar (cvar "sv_mincmdrate") (value "100")
L 05/12/2022 - 20:30:19: [basecommands.smx] "Console<0><Console><Console>" changed cvar (cvar "sv_maxcmdrate") (value "100")
L 05/12/2022 - 20:30:19: [basecommands.smx] "Console<0><Console><Console>" changed cvar (cvar "sv_maxupdaterate") (value "10sm_cvar")
L 05/12/2022 - 20:30:19: [basecommands.smx] "Console<0><Console><Console>" changed cvar (cvar "sv_maxrate") (value "100000")
L 05/12/2022 - 20:30:19: [basecommands.smx] "Console<0><Console><Console>" changed cvar (cvar "sv_minupdaterate") (value "100")
L 05/12/2022 - 20:30:19: [basecommands.smx] "Console<0><Console><Console>" changed cvar (cvar "sv_maxupdaterate") (value "100")
L 05/12/2022 - 20:30:19: [basecommands.smx] "Console<0><Console><Console>" changed cvar (cvar "sv_mincmdrate") (value "100")
L 05/12/2022 - 20:30:19: [basecommands.smx] "Console<0><Console><Console>" changed cvar (cvar "sv_maxcmdrate") (value "100")
L 05/12/2022 - 20:30:19: [basecommands.smx] "Console<0><Console><Console>" changed cvar (cvar "sv_client_min_interp_ratio") (value "-1")
L 05/12/2022 - 20:30:19: [basecommands.smx] "Console<0><Console><Console>" changed cvar (cvar "sv_client_max_interp_ratio") (value "0")
L 05/12/2022 - 20:30:19: [basecommands.smx] "Console<0><Console><Console>" changed cvar (cvar "nb_update_frequency") (value "0.014")
L 05/12/2022 - 20:30:19: [basecommands.smx] "Console<0><Console><Console>" changed cvar (cvar "net_splitpacket_maxrate") (value "50000")
L 05/12/2022 - 20:30:19: [basecommands.smx] "Console<0><Console><Console>" changed cvar (cvar "fps_max") (value "0")
L 05/12/2022 - 20:30:19: [basecommands.smx] "Console<0><Console><Console>" changed cvar (cvar "tick_door_speed") (value "1.30")
L 05/12/2022 - 20:30:19: [basecommands.smx] "Console<0><Console><Console>" changed cvar (cvar "sb_all_bot_game") (value "1")
L 05/12/2022 - 20:30:19: [basecommands.smx] "Console<0><Console><Console>" changed cvar (cvar "allow_all_bot_survivor_team") (value "0")
L 05/12/2022 - 20:52:30: -------- Mapchange to c10m1_caves --------
L 05/12/2022 - 20:52:32: [rcon_lock.smx] Got half-connected command from client 7 (ip unknown): setpause 
L 05/12/2022 - 20:52:32: [rcon_lock.smx] Got half-connected command from client 5 (ip unknown): setpause 
L 05/12/2022 - 20:52:32: [rcon_lock.smx] Got half-connected command from client 2 (ip unknown): setpause 
L 05/12/2022 - 20:52:32: [basecommands.smx] "Console<0><Console><Console>" changed cvar (cvar "sv_minrate") (value "100000")
L 05/12/2022 - 20:52:32: [basecommands.smx] "Console<0><Console><Console>" changed cvar (cvar "sv_maxrate") (value "100000")
L 05/12/2022 - 20:52:32: [basecommands.smx] "Console<0><Console><Console>" changed cvar (cvar "sv_mincmdrate") (value "100")
L 05/12/2022 - 20:52:32: [basecommands.smx] "Console<0><Console><Console>" changed cvar (cvar "sv_maxcmdrate") (value "100")
L 05/12/2022 - 20:52:32: [basecommands.smx] "Console<0><Console><Console>" changed cvar (cvar "sv_maxupdaterate") (value "10sm_cvar")
L 05/12/2022 - 20:52:32: [basecommands.smx] "Console<0><Console><Console>" changed cvar (cvar "sv_maxrate") (value "100000")
L 05/12/2022 - 20:52:32: [basecommands.smx] "Console<0><Console><Console>" changed cvar (cvar "sv_minupdaterate") (value "100")
L 05/12/2022 - 20:52:32: [basecommands.smx] "Console<0><Console><Console>" changed cvar (cvar "sv_maxupdaterate") (value "100")
L 05/12/2022 - 20:52:32: [basecommands.smx] "Console<0><Console><Console>" changed cvar (cvar "sv_mincmdrate") (value "100")
L 05/12/2022 - 20:52:32: [basecommands.smx] "Console<0><Console><Console>" changed cvar (cvar "sv_maxcmdrate") (value "100")
L 05/12/2022 - 20:52:32: [basecommands.smx] "Console<0><Console><Console>" changed cvar (cvar "sv_client_min_interp_ratio") (value "-1")
L 05/12/2022 - 20:52:32: [basecommands.smx] "Console<0><Console><Console>" changed cvar (cvar "sv_client_max_interp_ratio") (value "0")
L 05/12/2022 - 20:52:32: [basecommands.smx] "Console<0><Console><Console>" changed cvar (cvar "nb_update_frequency") (value "0.014")
L 05/12/2022 - 20:52:32: [basecommands.smx] "Console<0><Console><Console>" changed cvar (cvar "net_splitpacket_maxrate") (value "50000")
L 05/12/2022 - 20:52:32: [basecommands.smx] "Console<0><Console><Console>" changed cvar (cvar "fps_max") (value "0")
L 05/12/2022 - 20:52:32: [basecommands.smx] "Console<0><Console><Console>" changed cvar (cvar "tick_door_speed") (value "1.30")
L 05/12/2022 - 20:52:32: [basecommands.smx] "Console<0><Console><Console>" changed cvar (cvar "sb_all_bot_game") (value "1")
L 05/12/2022 - 20:52:32: [basecommands.smx] "Console<0><Console><Console>" changed cvar (cvar "allow_all_bot_survivor_team") (value "0")
L 05/12/2022 - 21:05:34: -------- Mapchange to c10m2_drainage --------
L 05/12/2022 - 21:05:35: [basecommands.smx] "Console<0><Console><Console>" changed cvar (cvar "sv_minrate") (value "100000")
L 05/12/2022 - 21:05:35: [basecommands.smx] "Console<0><Console><Console>" changed cvar (cvar "sv_maxrate") (value "100000")
L 05/12/2022 - 21:05:35: [basecommands.smx] "Console<0><Console><Console>" changed cvar (cvar "sv_mincmdrate") (value "100")
L 05/12/2022 - 21:05:35: [basecommands.smx] "Console<0><Console><Console>" changed cvar (cvar "sv_maxcmdrate") (value "100")
L 05/12/2022 - 21:05:35: [basecommands.smx] "Console<0><Console><Console>" changed cvar (cvar "sv_maxupdaterate") (value "10sm_cvar")
L 05/12/2022 - 21:05:35: [basecommands.smx] "Console<0><Console><Console>" changed cvar (cvar "sv_maxrate") (value "100000")
L 05/12/2022 - 21:05:35: [basecommands.smx] "Console<0><Console><Console>" changed cvar (cvar "sv_minupdaterate") (value "100")
L 05/12/2022 - 21:05:35: [basecommands.smx] "Console<0><Console><Console>" changed cvar (cvar "sv_maxupdaterate") (value "100")
L 05/12/2022 - 21:05:35: [basecommands.smx] "Console<0><Console><Console>" changed cvar (cvar "sv_mincmdrate") (value "100")
L 05/12/2022 - 21:05:35: [basecommands.smx] "Console<0><Console><Console>" changed cvar (cvar "sv_maxcmdrate") (value "100")
L 05/12/2022 - 21:05:35: [basecommands.smx] "Console<0><Console><Console>" changed cvar (cvar "sv_client_min_interp_ratio") (value "-1")
L 05/12/2022 - 21:05:35: [basecommands.smx] "Console<0><Console><Console>" changed cvar (cvar "sv_client_max_interp_ratio") (value "0")
L 05/12/2022 - 21:05:35: [basecommands.smx] "Console<0><Console><Console>" changed cvar (cvar "nb_update_frequency") (value "0.014")
L 05/12/2022 - 21:05:35: [basecommands.smx] "Console<0><Console><Console>" changed cvar (cvar "net_splitpacket_maxrate") (value "50000")
L 05/12/2022 - 21:05:35: [basecommands.smx] "Console<0><Console><Console>" changed cvar (cvar "fps_max") (value "0")
L 05/12/2022 - 21:05:35: [basecommands.smx] "Console<0><Console><Console>" changed cvar (cvar "tick_door_speed") (value "1.30")
L 05/12/2022 - 21:05:35: [basecommands.smx] "Console<0><Console><Console>" changed cvar (cvar "sb_all_bot_game") (value "1")
L 05/12/2022 - 21:05:35: [basecommands.smx] "Console<0><Console><Console>" changed cvar (cvar "allow_all_bot_survivor_team") (value "0")
L 05/12/2022 - 21:05:35: [rcon_lock.smx] Got half-connected command from client 7 (ip unknown): setpause 
L 05/12/2022 - 21:05:35: [rcon_lock.smx] Got half-connected command from client 8 (ip unknown): setpause 
L 05/12/2022 - 21:05:35: [rcon_lock.smx] Got half-connected command from client 5 (ip unknown): setpause 
L 05/12/2022 - 21:05:35: [rcon_lock.smx] Got half-connected command from client 3 (ip unknown): setpause 
L 05/12/2022 - 21:05:35: [rcon_lock.smx] Got half-connected command from client 6 (ip unknown): setpause 
L 05/12/2022 - 21:05:35: [rcon_lock.smx] Got half-connected command from client 9 (ip unknown): setpause 
L 05/12/2022 - 21:05:35: [rcon_lock.smx] Got half-connected command from client 4 (ip unknown): setpause 
L 05/12/2022 - 21:05:43: [rcon_lock.smx] Got half-connected command from client 38.25.15.212: unpause 
L 05/12/2022 - 21:13:40: -------- Mapchange to c10m3_ranchhouse --------
L 05/12/2022 - 21:13:53: [rcon_lock.smx] Got half-connected command from client 10 (ip unknown): setpause 
L 05/12/2022 - 21:13:54: [basecommands.smx] "Console<0><Console><Console>" changed cvar (cvar "sv_minrate") (value "100000")
L 05/12/2022 - 21:13:54: [basecommands.smx] "Console<0><Console><Console>" changed cvar (cvar "sv_maxrate") (value "100000")
L 05/12/2022 - 21:13:54: [basecommands.smx] "Console<0><Console><Console>" changed cvar (cvar "sv_mincmdrate") (value "100")
L 05/12/2022 - 21:13:54: [basecommands.smx] "Console<0><Console><Console>" changed cvar (cvar "sv_maxcmdrate") (value "100")
L 05/12/2022 - 21:13:54: [basecommands.smx] "Console<0><Console><Console>" changed cvar (cvar "sv_maxupdaterate") (value "10sm_cvar")
L 05/12/2022 - 21:13:54: [basecommands.smx] "Console<0><Console><Console>" changed cvar (cvar "sv_maxrate") (value "100000")
L 05/12/2022 - 21:13:54: [basecommands.smx] "Console<0><Console><Console>" changed cvar (cvar "sv_minupdaterate") (value "100")
L 05/12/2022 - 21:13:54: [basecommands.smx] "Console<0><Console><Console>" changed cvar (cvar "sv_maxupdaterate") (value "100")
L 05/12/2022 - 21:13:54: [basecommands.smx] "Console<0><Console><Console>" changed cvar (cvar "sv_mincmdrate") (value "100")
L 05/12/2022 - 21:13:54: [basecommands.smx] "Console<0><Console><Console>" changed cvar (cvar "sv_maxcmdrate") (value "100")
L 05/12/2022 - 21:13:54: [basecommands.smx] "Console<0><Console><Console>" changed cvar (cvar "sv_client_min_interp_ratio") (value "-1")
L 05/12/2022 - 21:13:54: [basecommands.smx] "Console<0><Console><Console>" changed cvar (cvar "sv_client_max_interp_ratio") (value "0")
L 05/12/2022 - 21:13:54: [basecommands.smx] "Console<0><Console><Console>" changed cvar (cvar "nb_update_frequency") (value "0.014")
L 05/12/2022 - 21:13:54: [basecommands.smx] "Console<0><Console><Console>" changed cvar (cvar "net_splitpacket_maxrate") (value "50000")
L 05/12/2022 - 21:13:54: [basecommands.smx] "Console<0><Console><Console>" changed cvar (cvar "fps_max") (value "0")
L 05/12/2022 - 21:13:54: [basecommands.smx] "Console<0><Console><Console>" changed cvar (cvar "tick_door_speed") (value "1.30")
L 05/12/2022 - 21:13:54: [basecommands.smx] "Console<0><Console><Console>" changed cvar (cvar "sb_all_bot_game") (value "1")
L 05/12/2022 - 21:13:54: [basecommands.smx] "Console<0><Console><Console>" changed cvar (cvar "allow_all_bot_survivor_team") (value "0")
L 05/12/2022 - 21:14:29: SourceMod log file session started (file "/home/steam/l4d2/left4dead2/addons/sourcemod/logs/L20220512.log") (Version "1.10.0.6528")
L 05/12/2022 - 21:14:29: [rcon_lock.smx] 28 cheat commands
L 05/12/2022 - 21:14:29: [rcon_lock.smx] Couldn't find ai_test_los (this may be normal)
L 05/12/2022 - 21:14:29: [rcon_lock.smx] Flagging dbghist_dump as cheat
L 05/12/2022 - 21:14:29: [rcon_lock.smx] dump_entity_sizes already has cheats flag
L 05/12/2022 - 21:14:29: [rcon_lock.smx] Flagging dump_globals as cheat
L 05/12/2022 - 21:14:29: [rcon_lock.smx] Couldn't find dump_terrain (this may be normal)
L 05/12/2022 - 21:14:29: [rcon_lock.smx] Couldn't find dumpcountedstrings (this may be normal)
L 05/12/2022 - 21:14:29: [rcon_lock.smx] dumpentityfactories already has cheats flag
L 05/12/2022 - 21:14:29: [rcon_lock.smx] Flagging dumpeventqueue as cheat
L 05/12/2022 - 21:14:29: [rcon_lock.smx] Couldn't find es_version (this may be normal)
L 05/12/2022 - 21:14:29: [rcon_lock.smx] groundlist already has cheats flag
L 05/12/2022 - 21:14:29: [rcon_lock.smx] Flagging listmodels as cheat
L 05/12/2022 - 21:14:29: [rcon_lock.smx] Flagging mem_dump as cheat
L 05/12/2022 - 21:14:29: [rcon_lock.smx] Couldn't find mp_dump_timers (this may be normal)
L 05/12/2022 - 21:14:29: [rcon_lock.smx] Couldn't find npc_ammo_deplete (this may be normal)
L 05/12/2022 - 21:14:29: [rcon_lock.smx] Couldn't find npc_heal (this may be normal)
L 05/12/2022 - 21:14:29: [rcon_lock.smx] Couldn't find npc_speakall (this may be normal)
L 05/12/2022 - 21:14:29: [rcon_lock.smx] Couldn't find npc_thinknow (this may be normal)
L 05/12/2022 - 21:14:29: [rcon_lock.smx] Flagging physics_budget as cheat
L 05/12/2022 - 21:14:29: [rcon_lock.smx] Flagging physics_debug_entity as cheat
L 05/12/2022 - 21:14:29: [rcon_lock.smx] Flagging physics_report_active as cheat
L 05/12/2022 - 21:14:29: [rcon_lock.smx] Flagging physics_select as cheat
L 05/12/2022 - 21:14:29: [rcon_lock.smx] report_entities already has cheats flag
L 05/12/2022 - 21:14:29: [rcon_lock.smx] report_touchlinks already has cheats flag
L 05/12/2022 - 21:14:29: [rcon_lock.smx] Couldn't find snd_digital_surround (this may be normal)
L 05/12/2022 - 21:14:29: [rcon_lock.smx] Flagging snd_restart as cheat
L 05/12/2022 - 21:14:29: [rcon_lock.smx] Couldn't find soundlist (this may be normal)
L 05/12/2022 - 21:14:29: [rcon_lock.smx] Flagging soundscape_flush as cheat
L 05/12/2022 - 21:14:29: [rcon_lock.smx] Couldn't find wc_update_entity (this may be normal)
L 05/12/2022 - 21:14:50: [basecommands.smx] "Console<0><Console><Console>" changed cvar (cvar "sv_minrate") (value "100000")
L 05/12/2022 - 21:14:50: [basecommands.smx] "Console<0><Console><Console>" changed cvar (cvar "sv_maxrate") (value "100000")
L 05/12/2022 - 21:14:50: [basecommands.smx] "Console<0><Console><Console>" changed cvar (cvar "sv_mincmdrate") (value "100")
L 05/12/2022 - 21:14:50: [basecommands.smx] "Console<0><Console><Console>" changed cvar (cvar "sv_maxcmdrate") (value "100")
L 05/12/2022 - 21:14:50: [basecommands.smx] "Console<0><Console><Console>" changed cvar (cvar "sv_maxupdaterate") (value "10sm_cvar")
L 05/12/2022 - 21:14:50: [basecommands.smx] "Console<0><Console><Console>" changed cvar (cvar "sv_maxrate") (value "100000")
L 05/12/2022 - 21:14:50: [basecommands.smx] "Console<0><Console><Console>" changed cvar (cvar "sv_minupdaterate") (value "100")
L 05/12/2022 - 21:14:50: [basecommands.smx] "Console<0><Console><Console>" changed cvar (cvar "sv_maxupdaterate") (value "100")
L 05/12/2022 - 21:14:50: [basecommands.smx] "Console<0><Console><Console>" changed cvar (cvar "sv_mincmdrate") (value "100")
L 05/12/2022 - 21:14:50: [basecommands.smx] "Console<0><Console><Console>" changed cvar (cvar "sv_maxcmdrate") (value "100")
L 05/12/2022 - 21:14:50: [basecommands.smx] "Console<0><Console><Console>" changed cvar (cvar "sv_client_min_interp_ratio") (value "-1")
L 05/12/2022 - 21:14:50: [basecommands.smx] "Console<0><Console><Console>" changed cvar (cvar "sv_client_max_interp_ratio") (value "0")
L 05/12/2022 - 21:14:50: [basecommands.smx] "Console<0><Console><Console>" changed cvar (cvar "nb_update_frequency") (value "0.014")
L 05/12/2022 - 21:14:50: [basecommands.smx] "Console<0><Console><Console>" changed cvar (cvar "net_splitpacket_maxrate") (value "50000")
L 05/12/2022 - 21:14:50: [basecommands.smx] "Console<0><Console><Console>" changed cvar (cvar "fps_max") (value "0")
L 05/12/2022 - 21:14:50: [basecommands.smx] "Console<0><Console><Console>" changed cvar (cvar "tick_door_speed") (value "1.30")
L 05/12/2022 - 21:14:50: [basecommands.smx] "Console<0><Console><Console>" changed cvar (cvar "sb_all_bot_game") (value "1")
L 05/12/2022 - 21:14:50: [basecommands.smx] "Console<0><Console><Console>" changed cvar (cvar "allow_all_bot_survivor_team") (value "0")
L 05/12/2022 - 21:15:23: SourceMod log file session started (file "/home/steam/l4d2/left4dead2/addons/sourcemod/logs/L20220512.log") (Version "1.10.0.6528")
L 05/12/2022 - 21:15:23: [rcon_lock.smx] 28 cheat commands
L 05/12/2022 - 21:15:23: [rcon_lock.smx] Couldn't find ai_test_los (this may be normal)
L 05/12/2022 - 21:15:23: [rcon_lock.smx] Flagging dbghist_dump as cheat
L 05/12/2022 - 21:15:23: [rcon_lock.smx] dump_entity_sizes already has cheats flag
L 05/12/2022 - 21:15:23: [rcon_lock.smx] Flagging dump_globals as cheat
L 05/12/2022 - 21:15:23: [rcon_lock.smx] Couldn't find dump_terrain (this may be normal)
L 05/12/2022 - 21:15:23: [rcon_lock.smx] Couldn't find dumpcountedstrings (this may be normal)
L 05/12/2022 - 21:15:23: [rcon_lock.smx] dumpentityfactories already has cheats flag
L 05/12/2022 - 21:15:23: [rcon_lock.smx] Flagging dumpeventqueue as cheat
L 05/12/2022 - 21:15:23: [rcon_lock.smx] Couldn't find es_version (this may be normal)
L 05/12/2022 - 21:15:23: [rcon_lock.smx] groundlist already has cheats flag
L 05/12/2022 - 21:15:23: [rcon_lock.smx] Flagging listmodels as cheat
L 05/12/2022 - 21:15:23: [rcon_lock.smx] Flagging mem_dump as cheat
L 05/12/2022 - 21:15:23: [rcon_lock.smx] Couldn't find mp_dump_timers (this may be normal)
L 05/12/2022 - 21:15:23: [rcon_lock.smx] Couldn't find npc_ammo_deplete (this may be normal)
L 05/12/2022 - 21:15:23: [rcon_lock.smx] Couldn't find npc_heal (this may be normal)
L 05/12/2022 - 21:15:23: [rcon_lock.smx] Couldn't find npc_speakall (this may be normal)
L 05/12/2022 - 21:15:23: [rcon_lock.smx] Couldn't find npc_thinknow (this may be normal)
L 05/12/2022 - 21:15:23: [rcon_lock.smx] Flagging physics_budget as cheat
L 05/12/2022 - 21:15:23: [rcon_lock.smx] Flagging physics_debug_entity as cheat
L 05/12/2022 - 21:15:23: [rcon_lock.smx] Flagging physics_report_active as cheat
L 05/12/2022 - 21:15:23: [rcon_lock.smx] Flagging physics_select as cheat
L 05/12/2022 - 21:15:23: [rcon_lock.smx] report_entities already has cheats flag
L 05/12/2022 - 21:15:23: [rcon_lock.smx] report_touchlinks already has cheats flag
L 05/12/2022 - 21:15:23: [rcon_lock.smx] Couldn't find snd_digital_surround (this may be normal)
L 05/12/2022 - 21:15:23: [rcon_lock.smx] Flagging snd_restart as cheat
L 05/12/2022 - 21:15:23: [rcon_lock.smx] Couldn't find soundlist (this may be normal)
L 05/12/2022 - 21:15:23: [rcon_lock.smx] Flagging soundscape_flush as cheat
L 05/12/2022 - 21:15:23: [rcon_lock.smx] Couldn't find wc_update_entity (this may be normal)
L 05/12/2022 - 21:15:45: [basecommands.smx] "Console<0><Console><Console>" changed cvar (cvar "sv_minrate") (value "100000")
L 05/12/2022 - 21:15:45: [basecommands.smx] "Console<0><Console><Console>" changed cvar (cvar "sv_maxrate") (value "100000")
L 05/12/2022 - 21:15:45: [basecommands.smx] "Console<0><Console><Console>" changed cvar (cvar "sv_mincmdrate") (value "100")
L 05/12/2022 - 21:15:45: [basecommands.smx] "Console<0><Console><Console>" changed cvar (cvar "sv_maxcmdrate") (value "100")
L 05/12/2022 - 21:15:45: [basecommands.smx] "Console<0><Console><Console>" changed cvar (cvar "sv_maxupdaterate") (value "10sm_cvar")
L 05/12/2022 - 21:15:45: [basecommands.smx] "Console<0><Console><Console>" changed cvar (cvar "sv_maxrate") (value "100000")
L 05/12/2022 - 21:15:45: [basecommands.smx] "Console<0><Console><Console>" changed cvar (cvar "sv_minupdaterate") (value "100")
L 05/12/2022 - 21:15:45: [basecommands.smx] "Console<0><Console><Console>" changed cvar (cvar "sv_maxupdaterate") (value "100")
L 05/12/2022 - 21:15:45: [basecommands.smx] "Console<0><Console><Console>" changed cvar (cvar "sv_mincmdrate") (value "100")
L 05/12/2022 - 21:15:45: [basecommands.smx] "Console<0><Console><Console>" changed cvar (cvar "sv_maxcmdrate") (value "100")
L 05/12/2022 - 21:15:45: [basecommands.smx] "Console<0><Console><Console>" changed cvar (cvar "sv_client_min_interp_ratio") (value "-1")
L 05/12/2022 - 21:15:45: [basecommands.smx] "Console<0><Console><Console>" changed cvar (cvar "sv_client_max_interp_ratio") (value "0")
L 05/12/2022 - 21:15:45: [basecommands.smx] "Console<0><Console><Console>" changed cvar (cvar "nb_update_frequency") (value "0.014")
L 05/12/2022 - 21:15:45: [basecommands.smx] "Console<0><Console><Console>" changed cvar (cvar "net_splitpacket_maxrate") (value "50000")
L 05/12/2022 - 21:15:45: [basecommands.smx] "Console<0><Console><Console>" changed cvar (cvar "fps_max") (value "0")
L 05/12/2022 - 21:15:45: [basecommands.smx] "Console<0><Console><Console>" changed cvar (cvar "tick_door_speed") (value "1.30")
L 05/12/2022 - 21:15:45: [basecommands.smx] "Console<0><Console><Console>" changed cvar (cvar "sb_all_bot_game") (value "1")
L 05/12/2022 - 21:15:45: [basecommands.smx] "Console<0><Console><Console>" changed cvar (cvar "allow_all_bot_survivor_team") (value "0")
L 05/12/2022 - 21:16:18: SourceMod log file session started (file "/home/steam/l4d2/left4dead2/addons/sourcemod/logs/L20220512.log") (Version "1.10.0.6528")
L 05/12/2022 - 21:16:18: [rcon_lock.smx] 28 cheat commands
L 05/12/2022 - 21:16:18: [rcon_lock.smx] Couldn't find ai_test_los (this may be normal)
L 05/12/2022 - 21:16:18: [rcon_lock.smx] Flagging dbghist_dump as cheat
L 05/12/2022 - 21:16:18: [rcon_lock.smx] dump_entity_sizes already has cheats flag
L 05/12/2022 - 21:16:18: [rcon_lock.smx] Flagging dump_globals as cheat
L 05/12/2022 - 21:16:18: [rcon_lock.smx] Couldn't find dump_terrain (this may be normal)
L 05/12/2022 - 21:16:18: [rcon_lock.smx] Couldn't find dumpcountedstrings (this may be normal)
L 05/12/2022 - 21:16:18: [rcon_lock.smx] dumpentityfactories already has cheats flag
L 05/12/2022 - 21:16:18: [rcon_lock.smx] Flagging dumpeventqueue as cheat
L 05/12/2022 - 21:16:18: [rcon_lock.smx] Couldn't find es_version (this may be normal)
L 05/12/2022 - 21:16:18: [rcon_lock.smx] groundlist already has cheats flag
L 05/12/2022 - 21:16:18: [rcon_lock.smx] Flagging listmodels as cheat
L 05/12/2022 - 21:16:18: [rcon_lock.smx] Flagging mem_dump as cheat
L 05/12/2022 - 21:16:18: [rcon_lock.smx] Couldn't find mp_dump_timers (this may be normal)
L 05/12/2022 - 21:16:18: [rcon_lock.smx] Couldn't find npc_ammo_deplete (this may be normal)
L 05/12/2022 - 21:16:18: [rcon_lock.smx] Couldn't find npc_heal (this may be normal)
L 05/12/2022 - 21:16:18: [rcon_lock.smx] Couldn't find npc_speakall (this may be normal)
L 05/12/2022 - 21:16:18: [rcon_lock.smx] Couldn't find npc_thinknow (this may be normal)
L 05/12/2022 - 21:16:18: [rcon_lock.smx] Flagging physics_budget as cheat
L 05/12/2022 - 21:16:18: [rcon_lock.smx] Flagging physics_debug_entity as cheat
L 05/12/2022 - 21:16:18: [rcon_lock.smx] Flagging physics_report_active as cheat
L 05/12/2022 - 21:16:18: [rcon_lock.smx] Flagging physics_select as cheat
L 05/12/2022 - 21:16:18: [rcon_lock.smx] report_entities already has cheats flag
L 05/12/2022 - 21:16:18: [rcon_lock.smx] report_touchlinks already has cheats flag
L 05/12/2022 - 21:16:18: [rcon_lock.smx] Couldn't find snd_digital_surround (this may be normal)
L 05/12/2022 - 21:16:18: [rcon_lock.smx] Flagging snd_restart as cheat
L 05/12/2022 - 21:16:18: [rcon_lock.smx] Couldn't find soundlist (this may be normal)
L 05/12/2022 - 21:16:18: [rcon_lock.smx] Flagging soundscape_flush as cheat
L 05/12/2022 - 21:16:18: [rcon_lock.smx] Couldn't find wc_update_entity (this may be normal)
L 05/12/2022 - 21:16:40: [basecommands.smx] "Console<0><Console><Console>" changed cvar (cvar "sv_minrate") (value "100000")
L 05/12/2022 - 21:16:40: [basecommands.smx] "Console<0><Console><Console>" changed cvar (cvar "sv_maxrate") (value "100000")
L 05/12/2022 - 21:16:40: [basecommands.smx] "Console<0><Console><Console>" changed cvar (cvar "sv_mincmdrate") (value "100")
L 05/12/2022 - 21:16:40: [basecommands.smx] "Console<0><Console><Console>" changed cvar (cvar "sv_maxcmdrate") (value "100")
L 05/12/2022 - 21:16:40: [basecommands.smx] "Console<0><Console><Console>" changed cvar (cvar "sv_maxupdaterate") (value "10sm_cvar")
L 05/12/2022 - 21:16:40: [basecommands.smx] "Console<0><Console><Console>" changed cvar (cvar "sv_maxrate") (value "100000")
L 05/12/2022 - 21:16:40: [basecommands.smx] "Console<0><Console><Console>" changed cvar (cvar "sv_minupdaterate") (value "100")
L 05/12/2022 - 21:16:40: [basecommands.smx] "Console<0><Console><Console>" changed cvar (cvar "sv_maxupdaterate") (value "100")
L 05/12/2022 - 21:16:40: [basecommands.smx] "Console<0><Console><Console>" changed cvar (cvar "sv_mincmdrate") (value "100")
L 05/12/2022 - 21:16:40: [basecommands.smx] "Console<0><Console><Console>" changed cvar (cvar "sv_maxcmdrate") (value "100")
L 05/12/2022 - 21:16:40: [basecommands.smx] "Console<0><Console><Console>" changed cvar (cvar "sv_client_min_interp_ratio") (value "-1")
L 05/12/2022 - 21:16:40: [basecommands.smx] "Console<0><Console><Console>" changed cvar (cvar "sv_client_max_interp_ratio") (value "0")
L 05/12/2022 - 21:16:40: [basecommands.smx] "Console<0><Console><Console>" changed cvar (cvar "nb_update_frequency") (value "0.014")
L 05/12/2022 - 21:16:40: [basecommands.smx] "Console<0><Console><Console>" changed cvar (cvar "net_splitpacket_maxrate") (value "50000")
L 05/12/2022 - 21:16:40: [basecommands.smx] "Console<0><Console><Console>" changed cvar (cvar "fps_max") (value "0")
L 05/12/2022 - 21:16:40: [basecommands.smx] "Console<0><Console><Console>" changed cvar (cvar "tick_door_speed") (value "1.30")
L 05/12/2022 - 21:16:40: [basecommands.smx] "Console<0><Console><Console>" changed cvar (cvar "sb_all_bot_game") (value "1")
L 05/12/2022 - 21:16:40: [basecommands.smx] "Console<0><Console><Console>" changed cvar (cvar "allow_all_bot_survivor_team") (value "0")
L 05/12/2022 - 21:17:13: SourceMod log file session started (file "/home/steam/l4d2/left4dead2/addons/sourcemod/logs/L20220512.log") (Version "1.10.0.6528")
L 05/12/2022 - 21:17:13: [rcon_lock.smx] 28 cheat commands
L 05/12/2022 - 21:17:13: [rcon_lock.smx] Couldn't find ai_test_los (this may be normal)
L 05/12/2022 - 21:17:13: [rcon_lock.smx] Flagging dbghist_dump as cheat
L 05/12/2022 - 21:17:13: [rcon_lock.smx] dump_entity_sizes already has cheats flag
L 05/12/2022 - 21:17:13: [rcon_lock.smx] Flagging dump_globals as cheat
L 05/12/2022 - 21:17:13: [rcon_lock.smx] Couldn't find dump_terrain (this may be normal)
L 05/12/2022 - 21:17:13: [rcon_lock.smx] Couldn't find dumpcountedstrings (this may be normal)
L 05/12/2022 - 21:17:13: [rcon_lock.smx] dumpentityfactories already has cheats flag
L 05/12/2022 - 21:17:13: [rcon_lock.smx] Flagging dumpeventqueue as cheat
L 05/12/2022 - 21:17:13: [rcon_lock.smx] Couldn't find es_version (this may be normal)
L 05/12/2022 - 21:17:13: [rcon_lock.smx] groundlist already has cheats flag
L 05/12/2022 - 21:17:13: [rcon_lock.smx] Flagging listmodels as cheat
L 05/12/2022 - 21:17:13: [rcon_lock.smx] Flagging mem_dump as cheat
L 05/12/2022 - 21:17:13: [rcon_lock.smx] Couldn't find mp_dump_timers (this may be normal)
L 05/12/2022 - 21:17:13: [rcon_lock.smx] Couldn't find npc_ammo_deplete (this may be normal)
L 05/12/2022 - 21:17:13: [rcon_lock.smx] Couldn't find npc_heal (this may be normal)
L 05/12/2022 - 21:17:13: [rcon_lock.smx] Couldn't find npc_speakall (this may be normal)
L 05/12/2022 - 21:17:13: [rcon_lock.smx] Couldn't find npc_thinknow (this may be normal)
L 05/12/2022 - 21:17:13: [rcon_lock.smx] Flagging physics_budget as cheat
L 05/12/2022 - 21:17:13: [rcon_lock.smx] Flagging physics_debug_entity as cheat
L 05/12/2022 - 21:17:13: [rcon_lock.smx] Flagging physics_report_active as cheat
L 05/12/2022 - 21:17:13: [rcon_lock.smx] Flagging physics_select as cheat
L 05/12/2022 - 21:17:13: [rcon_lock.smx] report_entities already has cheats flag
L 05/12/2022 - 21:17:13: [rcon_lock.smx] report_touchlinks already has cheats flag
L 05/12/2022 - 21:17:13: [rcon_lock.smx] Couldn't find snd_digital_surround (this may be normal)
L 05/12/2022 - 21:17:13: [rcon_lock.smx] Flagging snd_restart as cheat
L 05/12/2022 - 21:17:13: [rcon_lock.smx] Couldn't find soundlist (this may be normal)
L 05/12/2022 - 21:17:13: [rcon_lock.smx] Flagging soundscape_flush as cheat
L 05/12/2022 - 21:17:13: [rcon_lock.smx] Couldn't find wc_update_entity (this may be normal)
L 05/12/2022 - 21:17:36: [basecommands.smx] "Console<0><Console><Console>" changed cvar (cvar "sv_minrate") (value "100000")
L 05/12/2022 - 21:17:36: [basecommands.smx] "Console<0><Console><Console>" changed cvar (cvar "sv_maxrate") (value "100000")
L 05/12/2022 - 21:17:36: [basecommands.smx] "Console<0><Console><Console>" changed cvar (cvar "sv_mincmdrate") (value "100")
L 05/12/2022 - 21:17:36: [basecommands.smx] "Console<0><Console><Console>" changed cvar (cvar "sv_maxcmdrate") (value "100")
L 05/12/2022 - 21:17:36: [basecommands.smx] "Console<0><Console><Console>" changed cvar (cvar "sv_maxupdaterate") (value "10sm_cvar")
L 05/12/2022 - 21:17:36: [basecommands.smx] "Console<0><Console><Console>" changed cvar (cvar "sv_maxrate") (value "100000")
L 05/12/2022 - 21:17:36: [basecommands.smx] "Console<0><Console><Console>" changed cvar (cvar "sv_minupdaterate") (value "100")
L 05/12/2022 - 21:17:36: [basecommands.smx] "Console<0><Console><Console>" changed cvar (cvar "sv_maxupdaterate") (value "100")
L 05/12/2022 - 21:17:36: [basecommands.smx] "Console<0><Console><Console>" changed cvar (cvar "sv_mincmdrate") (value "100")
L 05/12/2022 - 21:17:36: [basecommands.smx] "Console<0><Console><Console>" changed cvar (cvar "sv_maxcmdrate") (value "100")
L 05/12/2022 - 21:17:36: [basecommands.smx] "Console<0><Console><Console>" changed cvar (cvar "sv_client_min_interp_ratio") (value "-1")
L 05/12/2022 - 21:17:36: [basecommands.smx] "Console<0><Console><Console>" changed cvar (cvar "sv_client_max_interp_ratio") (value "0")
L 05/12/2022 - 21:17:36: [basecommands.smx] "Console<0><Console><Console>" changed cvar (cvar "nb_update_frequency") (value "0.014")
L 05/12/2022 - 21:17:36: [basecommands.smx] "Console<0><Console><Console>" changed cvar (cvar "net_splitpacket_maxrate") (value "50000")
L 05/12/2022 - 21:17:36: [basecommands.smx] "Console<0><Console><Console>" changed cvar (cvar "fps_max") (value "0")
L 05/12/2022 - 21:17:36: [basecommands.smx] "Console<0><Console><Console>" changed cvar (cvar "tick_door_speed") (value "1.30")
L 05/12/2022 - 21:17:36: [basecommands.smx] "Console<0><Console><Console>" changed cvar (cvar "sb_all_bot_game") (value "1")
L 05/12/2022 - 21:17:36: [basecommands.smx] "Console<0><Console><Console>" changed cvar (cvar "allow_all_bot_survivor_team") (value "0")
L 05/12/2022 - 21:17:54: SourceMod log file session started (file "/home/steam/l4d2/left4dead2/addons/sourcemod/logs/L20220512.log") (Version "1.10.0.6528")
L 05/12/2022 - 21:17:54: [rcon_lock.smx] 28 cheat commands
L 05/12/2022 - 21:17:54: [rcon_lock.smx] Couldn't find ai_test_los (this may be normal)
L 05/12/2022 - 21:17:54: [rcon_lock.smx] Flagging dbghist_dump as cheat
L 05/12/2022 - 21:17:54: [rcon_lock.smx] dump_entity_sizes already has cheats flag
L 05/12/2022 - 21:17:54: [rcon_lock.smx] Flagging dump_globals as cheat
L 05/12/2022 - 21:17:54: [rcon_lock.smx] Couldn't find dump_terrain (this may be normal)
L 05/12/2022 - 21:17:54: [rcon_lock.smx] Couldn't find dumpcountedstrings (this may be normal)
L 05/12/2022 - 21:17:54: [rcon_lock.smx] dumpentityfactories already has cheats flag
L 05/12/2022 - 21:17:54: [rcon_lock.smx] Flagging dumpeventqueue as cheat
L 05/12/2022 - 21:17:54: [rcon_lock.smx] Couldn't find es_version (this may be normal)
L 05/12/2022 - 21:17:54: [rcon_lock.smx] groundlist already has cheats flag
L 05/12/2022 - 21:17:54: [rcon_lock.smx] Flagging listmodels as cheat
L 05/12/2022 - 21:17:54: [rcon_lock.smx] Flagging mem_dump as cheat
L 05/12/2022 - 21:17:54: [rcon_lock.smx] Couldn't find mp_dump_timers (this may be normal)
L 05/12/2022 - 21:17:54: [rcon_lock.smx] Couldn't find npc_ammo_deplete (this may be normal)
L 05/12/2022 - 21:17:54: [rcon_lock.smx] Couldn't find npc_heal (this may be normal)
L 05/12/2022 - 21:17:54: [rcon_lock.smx] Couldn't find npc_speakall (this may be normal)
L 05/12/2022 - 21:17:54: [rcon_lock.smx] Couldn't find npc_thinknow (this may be normal)
L 05/12/2022 - 21:17:54: [rcon_lock.smx] Flagging physics_budget as cheat
L 05/12/2022 - 21:17:54: [rcon_lock.smx] Flagging physics_debug_entity as cheat
L 05/12/2022 - 21:17:54: [rcon_lock.smx] Flagging physics_report_active as cheat
L 05/12/2022 - 21:17:54: [rcon_lock.smx] Flagging physics_select as cheat
L 05/12/2022 - 21:17:54: [rcon_lock.smx] report_entities already has cheats flag
L 05/12/2022 - 21:17:54: [rcon_lock.smx] report_touchlinks already has cheats flag
L 05/12/2022 - 21:17:54: [rcon_lock.smx] Couldn't find snd_digital_surround (this may be normal)
L 05/12/2022 - 21:17:54: [rcon_lock.smx] Flagging snd_restart as cheat
L 05/12/2022 - 21:17:54: [rcon_lock.smx] Couldn't find soundlist (this may be normal)
L 05/12/2022 - 21:17:54: [rcon_lock.smx] Flagging soundscape_flush as cheat
L 05/12/2022 - 21:17:54: [rcon_lock.smx] Couldn't find wc_update_entity (this may be normal)
L 05/12/2022 - 21:17:56: [basecommands.smx] "Console<0><Console><Console>" changed cvar (cvar "sv_minrate") (value "100000")
L 05/12/2022 - 21:17:56: [basecommands.smx] "Console<0><Console><Console>" changed cvar (cvar "sv_maxrate") (value "100000")
L 05/12/2022 - 21:17:56: [basecommands.smx] "Console<0><Console><Console>" changed cvar (cvar "sv_mincmdrate") (value "100")
L 05/12/2022 - 21:17:56: [basecommands.smx] "Console<0><Console><Console>" changed cvar (cvar "sv_maxcmdrate") (value "100")
L 05/12/2022 - 21:17:56: [basecommands.smx] "Console<0><Console><Console>" changed cvar (cvar "sv_maxupdaterate") (value "10sm_cvar")
L 05/12/2022 - 21:17:56: [basecommands.smx] "Console<0><Console><Console>" changed cvar (cvar "sv_maxrate") (value "100000")
L 05/12/2022 - 21:17:56: [basecommands.smx] "Console<0><Console><Console>" changed cvar (cvar "sv_minupdaterate") (value "100")
L 05/12/2022 - 21:17:56: [basecommands.smx] "Console<0><Console><Console>" changed cvar (cvar "sv_maxupdaterate") (value "100")
L 05/12/2022 - 21:17:56: [basecommands.smx] "Console<0><Console><Console>" changed cvar (cvar "sv_mincmdrate") (value "100")
L 05/12/2022 - 21:17:56: [basecommands.smx] "Console<0><Console><Console>" changed cvar (cvar "sv_maxcmdrate") (value "100")
L 05/12/2022 - 21:17:56: [basecommands.smx] "Console<0><Console><Console>" changed cvar (cvar "sv_client_min_interp_ratio") (value "-1")
L 05/12/2022 - 21:17:56: [basecommands.smx] "Console<0><Console><Console>" changed cvar (cvar "sv_client_max_interp_ratio") (value "0")
L 05/12/2022 - 21:17:56: [basecommands.smx] "Console<0><Console><Console>" changed cvar (cvar "nb_update_frequency") (value "0.014")
L 05/12/2022 - 21:17:56: [basecommands.smx] "Console<0><Console><Console>" changed cvar (cvar "net_splitpacket_maxrate") (value "50000")
L 05/12/2022 - 21:17:56: [basecommands.smx] "Console<0><Console><Console>" changed cvar (cvar "fps_max") (value "0")
L 05/12/2022 - 21:17:56: [basecommands.smx] "Console<0><Console><Console>" changed cvar (cvar "tick_door_speed") (value "1.30")
L 05/12/2022 - 21:17:56: [basecommands.smx] "Console<0><Console><Console>" changed cvar (cvar "sb_all_bot_game") (value "1")
L 05/12/2022 - 21:17:56: [basecommands.smx] "Console<0><Console><Console>" changed cvar (cvar "allow_all_bot_survivor_team") (value "0")
L 05/12/2022 - 21:24:13: -------- Mapchange to l4d2_tank_challenge --------
L 05/12/2022 - 21:24:14: [basecommands.smx] "Console<0><Console><Console>" changed cvar (cvar "sv_minrate") (value "100000")
L 05/12/2022 - 21:24:14: [basecommands.smx] "Console<0><Console><Console>" changed cvar (cvar "sv_maxrate") (value "100000")
L 05/12/2022 - 21:24:14: [basecommands.smx] "Console<0><Console><Console>" changed cvar (cvar "sv_mincmdrate") (value "100")
L 05/12/2022 - 21:24:14: [basecommands.smx] "Console<0><Console><Console>" changed cvar (cvar "sv_maxcmdrate") (value "100")
L 05/12/2022 - 21:24:14: [basecommands.smx] "Console<0><Console><Console>" changed cvar (cvar "sv_maxupdaterate") (value "10sm_cvar")
L 05/12/2022 - 21:24:14: [basecommands.smx] "Console<0><Console><Console>" changed cvar (cvar "sv_maxrate") (value "100000")
L 05/12/2022 - 21:24:14: [basecommands.smx] "Console<0><Console><Console>" changed cvar (cvar "sv_minupdaterate") (value "100")
L 05/12/2022 - 21:24:14: [basecommands.smx] "Console<0><Console><Console>" changed cvar (cvar "sv_maxupdaterate") (value "100")
L 05/12/2022 - 21:24:14: [basecommands.smx] "Console<0><Console><Console>" changed cvar (cvar "sv_mincmdrate") (value "100")
L 05/12/2022 - 21:24:14: [basecommands.smx] "Console<0><Console><Console>" changed cvar (cvar "sv_maxcmdrate") (value "100")
L 05/12/2022 - 21:24:14: [basecommands.smx] "Console<0><Console><Console>" changed cvar (cvar "sv_client_min_interp_ratio") (value "-1")
L 05/12/2022 - 21:24:14: [basecommands.smx] "Console<0><Console><Console>" changed cvar (cvar "sv_client_max_interp_ratio") (value "0")
L 05/12/2022 - 21:24:14: [basecommands.smx] "Console<0><Console><Console>" changed cvar (cvar "nb_update_frequency") (value "0.014")
L 05/12/2022 - 21:24:14: [basecommands.smx] "Console<0><Console><Console>" changed cvar (cvar "net_splitpacket_maxrate") (value "50000")
L 05/12/2022 - 21:24:14: [basecommands.smx] "Console<0><Console><Console>" changed cvar (cvar "fps_max") (value "0")
L 05/12/2022 - 21:24:14: [basecommands.smx] "Console<0><Console><Console>" changed cvar (cvar "tick_door_speed") (value "1.30")
L 05/12/2022 - 21:24:14: [basecommands.smx] "Console<0><Console><Console>" changed cvar (cvar "sb_all_bot_game") (value "1")
L 05/12/2022 - 21:24:14: [basecommands.smx] "Console<0><Console><Console>" changed cvar (cvar "allow_all_bot_survivor_team") (value "0")
L 05/12/2022 - 23:02:39: SourceMod log file session started (file "/home/steam/l4d2/left4dead2/addons/sourcemod/logs/L20220512.log") (Version "1.10.0.6528")
L 05/12/2022 - 23:02:39: [rcon_lock.smx] 28 cheat commands
L 05/12/2022 - 23:02:39: [rcon_lock.smx] Couldn't find ai_test_los (this may be normal)
L 05/12/2022 - 23:02:39: [rcon_lock.smx] Flagging dbghist_dump as cheat
L 05/12/2022 - 23:02:39: [rcon_lock.smx] dump_entity_sizes already has cheats flag
L 05/12/2022 - 23:02:39: [rcon_lock.smx] Flagging dump_globals as cheat
L 05/12/2022 - 23:02:39: [rcon_lock.smx] Couldn't find dump_terrain (this may be normal)
L 05/12/2022 - 23:02:39: [rcon_lock.smx] Couldn't find dumpcountedstrings (this may be normal)
L 05/12/2022 - 23:02:39: [rcon_lock.smx] dumpentityfactories already has cheats flag
L 05/12/2022 - 23:02:39: [rcon_lock.smx] Flagging dumpeventqueue as cheat
L 05/12/2022 - 23:02:39: [rcon_lock.smx] Couldn't find es_version (this may be normal)
L 05/12/2022 - 23:02:39: [rcon_lock.smx] groundlist already has cheats flag
L 05/12/2022 - 23:02:39: [rcon_lock.smx] Flagging listmodels as cheat
L 05/12/2022 - 23:02:39: [rcon_lock.smx] Flagging mem_dump as cheat
L 05/12/2022 - 23:02:39: [rcon_lock.smx] Couldn't find mp_dump_timers (this may be normal)
L 05/12/2022 - 23:02:39: [rcon_lock.smx] Couldn't find npc_ammo_deplete (this may be normal)
L 05/12/2022 - 23:02:39: [rcon_lock.smx] Couldn't find npc_heal (this may be normal)
L 05/12/2022 - 23:02:39: [rcon_lock.smx] Couldn't find npc_speakall (this may be normal)
L 05/12/2022 - 23:02:39: [rcon_lock.smx] Couldn't find npc_thinknow (this may be normal)
L 05/12/2022 - 23:02:39: [rcon_lock.smx] Flagging physics_budget as cheat
L 05/12/2022 - 23:02:39: [rcon_lock.smx] Flagging physics_debug_entity as cheat
L 05/12/2022 - 23:02:39: [rcon_lock.smx] Flagging physics_report_active as cheat
L 05/12/2022 - 23:02:39: [rcon_lock.smx] Flagging physics_select as cheat
L 05/12/2022 - 23:02:39: [rcon_lock.smx] report_entities already has cheats flag
L 05/12/2022 - 23:02:39: [rcon_lock.smx] report_touchlinks already has cheats flag
L 05/12/2022 - 23:02:39: [rcon_lock.smx] Couldn't find snd_digital_surround (this may be normal)
L 05/12/2022 - 23:02:39: [rcon_lock.smx] Flagging snd_restart as cheat
L 05/12/2022 - 23:02:39: [rcon_lock.smx] Couldn't find soundlist (this may be normal)
L 05/12/2022 - 23:02:39: [rcon_lock.smx] Flagging soundscape_flush as cheat
L 05/12/2022 - 23:02:39: [rcon_lock.smx] Couldn't find wc_update_entity (this may be normal)
L 05/12/2022 - 23:02:44: [basecommands.smx] "Console<0><Console><Console>" changed cvar (cvar "sv_minrate") (value "100000")
L 05/12/2022 - 23:02:44: [basecommands.smx] "Console<0><Console><Console>" changed cvar (cvar "sv_maxrate") (value "100000")
L 05/12/2022 - 23:02:44: [basecommands.smx] "Console<0><Console><Console>" changed cvar (cvar "sv_mincmdrate") (value "100")
L 05/12/2022 - 23:02:44: [basecommands.smx] "Console<0><Console><Console>" changed cvar (cvar "sv_maxcmdrate") (value "100")
L 05/12/2022 - 23:02:44: [basecommands.smx] "Console<0><Console><Console>" changed cvar (cvar "sv_maxupdaterate") (value "10sm_cvar")
L 05/12/2022 - 23:02:44: [basecommands.smx] "Console<0><Console><Console>" changed cvar (cvar "sv_maxrate") (value "100000")
L 05/12/2022 - 23:02:44: [basecommands.smx] "Console<0><Console><Console>" changed cvar (cvar "sv_minupdaterate") (value "100")
L 05/12/2022 - 23:02:44: [basecommands.smx] "Console<0><Console><Console>" changed cvar (cvar "sv_maxupdaterate") (value "100")
L 05/12/2022 - 23:02:44: [basecommands.smx] "Console<0><Console><Console>" changed cvar (cvar "sv_mincmdrate") (value "100")
L 05/12/2022 - 23:02:44: [basecommands.smx] "Console<0><Console><Console>" changed cvar (cvar "sv_maxcmdrate") (value "100")
L 05/12/2022 - 23:02:44: [basecommands.smx] "Console<0><Console><Console>" changed cvar (cvar "sv_client_min_interp_ratio") (value "-1")
L 05/12/2022 - 23:02:44: [basecommands.smx] "Console<0><Console><Console>" changed cvar (cvar "sv_client_max_interp_ratio") (value "0")
L 05/12/2022 - 23:02:44: [basecommands.smx] "Console<0><Console><Console>" changed cvar (cvar "nb_update_frequency") (value "0.014")
L 05/12/2022 - 23:02:44: [basecommands.smx] "Console<0><Console><Console>" changed cvar (cvar "net_splitpacket_maxrate") (value "50000")
L 05/12/2022 - 23:02:44: [basecommands.smx] "Console<0><Console><Console>" changed cvar (cvar "fps_max") (value "0")
L 05/12/2022 - 23:02:44: [basecommands.smx] "Console<0><Console><Console>" changed cvar (cvar "tick_door_speed") (value "1.30")
L 05/12/2022 - 23:02:44: [basecommands.smx] "Console<0><Console><Console>" changed cvar (cvar "sb_all_bot_game") (value "1")
L 05/12/2022 - 23:02:44: [basecommands.smx] "Console<0><Console><Console>" changed cvar (cvar "allow_all_bot_survivor_team") (value "0")
L 05/12/2022 - 23:03:15: -------- Mapchange to c10m1_caves --------
L 05/12/2022 - 23:03:18: [basecommands.smx] "Console<0><Console><Console>" changed cvar (cvar "sv_minrate") (value "100000")
L 05/12/2022 - 23:03:18: [basecommands.smx] "Console<0><Console><Console>" changed cvar (cvar "sv_maxrate") (value "100000")
L 05/12/2022 - 23:03:18: [basecommands.smx] "Console<0><Console><Console>" changed cvar (cvar "sv_mincmdrate") (value "100")
L 05/12/2022 - 23:03:18: [basecommands.smx] "Console<0><Console><Console>" changed cvar (cvar "sv_maxcmdrate") (value "100")
L 05/12/2022 - 23:03:18: [basecommands.smx] "Console<0><Console><Console>" changed cvar (cvar "sv_maxupdaterate") (value "10sm_cvar")
L 05/12/2022 - 23:03:18: [basecommands.smx] "Console<0><Console><Console>" changed cvar (cvar "sv_maxrate") (value "100000")
L 05/12/2022 - 23:03:18: [basecommands.smx] "Console<0><Console><Console>" changed cvar (cvar "sv_minupdaterate") (value "100")
L 05/12/2022 - 23:03:18: [basecommands.smx] "Console<0><Console><Console>" changed cvar (cvar "sv_maxupdaterate") (value "100")
L 05/12/2022 - 23:03:18: [basecommands.smx] "Console<0><Console><Console>" changed cvar (cvar "sv_mincmdrate") (value "100")
L 05/12/2022 - 23:03:18: [basecommands.smx] "Console<0><Console><Console>" changed cvar (cvar "sv_maxcmdrate") (value "100")
L 05/12/2022 - 23:03:18: [basecommands.smx] "Console<0><Console><Console>" changed cvar (cvar "sv_client_min_interp_ratio") (value "-1")
L 05/12/2022 - 23:03:18: [basecommands.smx] "Console<0><Console><Console>" changed cvar (cvar "sv_client_max_interp_ratio") (value "0")
L 05/12/2022 - 23:03:18: [basecommands.smx] "Console<0><Console><Console>" changed cvar (cvar "nb_update_frequency") (value "0.014")
L 05/12/2022 - 23:03:18: [basecommands.smx] "Console<0><Console><Console>" changed cvar (cvar "net_splitpacket_maxrate") (value "50000")
L 05/12/2022 - 23:03:18: [basecommands.smx] "Console<0><Console><Console>" changed cvar (cvar "fps_max") (value "0")
L 05/12/2022 - 23:03:18: [basecommands.smx] "Console<0><Console><Console>" changed cvar (cvar "tick_door_speed") (value "1.30")
L 05/12/2022 - 23:03:18: [basecommands.smx] "Console<0><Console><Console>" changed cvar (cvar "sb_all_bot_game") (value "1")
L 05/12/2022 - 23:03:18: [basecommands.smx] "Console<0><Console><Console>" changed cvar (cvar "allow_all_bot_survivor_team") (value "0")
L 05/12/2022 - 23:16:02: -------- Mapchange to c10m2_drainage --------
L 05/12/2022 - 23:16:03: [basecommands.smx] "Console<0><Console><Console>" changed cvar (cvar "sv_minrate") (value "100000")
L 05/12/2022 - 23:16:03: [basecommands.smx] "Console<0><Console><Console>" changed cvar (cvar "sv_maxrate") (value "100000")
L 05/12/2022 - 23:16:03: [basecommands.smx] "Console<0><Console><Console>" changed cvar (cvar "sv_mincmdrate") (value "100")
L 05/12/2022 - 23:16:03: [basecommands.smx] "Console<0><Console><Console>" changed cvar (cvar "sv_maxcmdrate") (value "100")
L 05/12/2022 - 23:16:03: [basecommands.smx] "Console<0><Console><Console>" changed cvar (cvar "sv_maxupdaterate") (value "10sm_cvar")
L 05/12/2022 - 23:16:03: [basecommands.smx] "Console<0><Console><Console>" changed cvar (cvar "sv_maxrate") (value "100000")
L 05/12/2022 - 23:16:03: [basecommands.smx] "Console<0><Console><Console>" changed cvar (cvar "sv_minupdaterate") (value "100")
L 05/12/2022 - 23:16:03: [basecommands.smx] "Console<0><Console><Console>" changed cvar (cvar "sv_maxupdaterate") (value "100")
L 05/12/2022 - 23:16:03: [basecommands.smx] "Console<0><Console><Console>" changed cvar (cvar "sv_mincmdrate") (value "100")
L 05/12/2022 - 23:16:03: [basecommands.smx] "Console<0><Console><Console>" changed cvar (cvar "sv_maxcmdrate") (value "100")
L 05/12/2022 - 23:16:03: [basecommands.smx] "Console<0><Console><Console>" changed cvar (cvar "sv_client_min_interp_ratio") (value "-1")
L 05/12/2022 - 23:16:03: [basecommands.smx] "Console<0><Console><Console>" changed cvar (cvar "sv_client_max_interp_ratio") (value "0")
L 05/12/2022 - 23:16:03: [basecommands.smx] "Console<0><Console><Console>" changed cvar (cvar "nb_update_frequency") (value "0.014")
L 05/12/2022 - 23:16:03: [basecommands.smx] "Console<0><Console><Console>" changed cvar (cvar "net_splitpacket_maxrate") (value "50000")
L 05/12/2022 - 23:16:03: [basecommands.smx] "Console<0><Console><Console>" changed cvar (cvar "fps_max") (value "0")
L 05/12/2022 - 23:16:03: [basecommands.smx] "Console<0><Console><Console>" changed cvar (cvar "tick_door_speed") (value "1.30")
L 05/12/2022 - 23:16:03: [basecommands.smx] "Console<0><Console><Console>" changed cvar (cvar "sb_all_bot_game") (value "1")
L 05/12/2022 - 23:16:03: [basecommands.smx] "Console<0><Console><Console>" changed cvar (cvar "allow_all_bot_survivor_team") (value "0")
L 05/12/2022 - 23:27:57: -------- Mapchange to c10m3_ranchhouse --------
L 05/12/2022 - 23:27:58: [basecommands.smx] "Console<0><Console><Console>" changed cvar (cvar "sv_minrate") (value "100000")
L 05/12/2022 - 23:27:58: [basecommands.smx] "Console<0><Console><Console>" changed cvar (cvar "sv_maxrate") (value "100000")
L 05/12/2022 - 23:27:58: [basecommands.smx] "Console<0><Console><Console>" changed cvar (cvar "sv_mincmdrate") (value "100")
L 05/12/2022 - 23:27:58: [basecommands.smx] "Console<0><Console><Console>" changed cvar (cvar "sv_maxcmdrate") (value "100")
L 05/12/2022 - 23:27:58: [basecommands.smx] "Console<0><Console><Console>" changed cvar (cvar "sv_maxupdaterate") (value "10sm_cvar")
L 05/12/2022 - 23:27:58: [basecommands.smx] "Console<0><Console><Console>" changed cvar (cvar "sv_maxrate") (value "100000")
L 05/12/2022 - 23:27:58: [basecommands.smx] "Console<0><Console><Console>" changed cvar (cvar "sv_minupdaterate") (value "100")
L 05/12/2022 - 23:27:58: [basecommands.smx] "Console<0><Console><Console>" changed cvar (cvar "sv_maxupdaterate") (value "100")
L 05/12/2022 - 23:27:58: [basecommands.smx] "Console<0><Console><Console>" changed cvar (cvar "sv_mincmdrate") (value "100")
L 05/12/2022 - 23:27:58: [basecommands.smx] "Console<0><Console><Console>" changed cvar (cvar "sv_maxcmdrate") (value "100")
L 05/12/2022 - 23:27:58: [basecommands.smx] "Console<0><Console><Console>" changed cvar (cvar "sv_client_min_interp_ratio") (value "-1")
L 05/12/2022 - 23:27:58: [basecommands.smx] "Console<0><Console><Console>" changed cvar (cvar "sv_client_max_interp_ratio") (value "0")
L 05/12/2022 - 23:27:58: [basecommands.smx] "Console<0><Console><Console>" changed cvar (cvar "nb_update_frequency") (value "0.014")
L 05/12/2022 - 23:27:58: [basecommands.smx] "Console<0><Console><Console>" changed cvar (cvar "net_splitpacket_maxrate") (value "50000")
L 05/12/2022 - 23:27:58: [basecommands.smx] "Console<0><Console><Console>" changed cvar (cvar "fps_max") (value "0")
L 05/12/2022 - 23:27:58: [basecommands.smx] "Console<0><Console><Console>" changed cvar (cvar "tick_door_speed") (value "1.30")
L 05/12/2022 - 23:27:58: [basecommands.smx] "Console<0><Console><Console>" changed cvar (cvar "sb_all_bot_game") (value "1")
L 05/12/2022 - 23:27:58: [basecommands.smx] "Console<0><Console><Console>" changed cvar (cvar "allow_all_bot_survivor_team") (value "0")
L 05/12/2022 - 23:47:52: -------- Mapchange to c10m4_mainstreet --------
L 05/12/2022 - 23:47:54: [basecommands.smx] "Console<0><Console><Console>" changed cvar (cvar "sv_minrate") (value "100000")
L 05/12/2022 - 23:47:54: [basecommands.smx] "Console<0><Console><Console>" changed cvar (cvar "sv_maxrate") (value "100000")
L 05/12/2022 - 23:47:54: [basecommands.smx] "Console<0><Console><Console>" changed cvar (cvar "sv_mincmdrate") (value "100")
L 05/12/2022 - 23:47:54: [basecommands.smx] "Console<0><Console><Console>" changed cvar (cvar "sv_maxcmdrate") (value "100")
L 05/12/2022 - 23:47:54: [basecommands.smx] "Console<0><Console><Console>" changed cvar (cvar "sv_maxupdaterate") (value "10sm_cvar")
L 05/12/2022 - 23:47:54: [basecommands.smx] "Console<0><Console><Console>" changed cvar (cvar "sv_maxrate") (value "100000")
L 05/12/2022 - 23:47:54: [basecommands.smx] "Console<0><Console><Console>" changed cvar (cvar "sv_minupdaterate") (value "100")
L 05/12/2022 - 23:47:54: [basecommands.smx] "Console<0><Console><Console>" changed cvar (cvar "sv_maxupdaterate") (value "100")
L 05/12/2022 - 23:47:54: [basecommands.smx] "Console<0><Console><Console>" changed cvar (cvar "sv_mincmdrate") (value "100")
L 05/12/2022 - 23:47:54: [basecommands.smx] "Console<0><Console><Console>" changed cvar (cvar "sv_maxcmdrate") (value "100")
L 05/12/2022 - 23:47:54: [basecommands.smx] "Console<0><Console><Console>" changed cvar (cvar "sv_client_min_interp_ratio") (value "-1")
L 05/12/2022 - 23:47:54: [basecommands.smx] "Console<0><Console><Console>" changed cvar (cvar "sv_client_max_interp_ratio") (value "0")
L 05/12/2022 - 23:47:54: [basecommands.smx] "Console<0><Console><Console>" changed cvar (cvar "nb_update_frequency") (value "0.014")
L 05/12/2022 - 23:47:54: [basecommands.smx] "Console<0><Console><Console>" changed cvar (cvar "net_splitpacket_maxrate") (value "50000")
L 05/12/2022 - 23:47:54: [basecommands.smx] "Console<0><Console><Console>" changed cvar (cvar "fps_max") (value "0")
L 05/12/2022 - 23:47:54: [basecommands.smx] "Console<0><Console><Console>" changed cvar (cvar "tick_door_speed") (value "1.30")
L 05/12/2022 - 23:47:54: [basecommands.smx] "Console<0><Console><Console>" changed cvar (cvar "sb_all_bot_game") (value "1")
L 05/12/2022 - 23:47:54: [basecommands.smx] "Console<0><Console><Console>" changed cvar (cvar "allow_all_bot_survivor_team") (value "0")
L 05/12/2022 - 23:47:54: [rcon_lock.smx] Got half-connected command from client 3 (ip unknown): setpause 
L 05/12/2022 - 23:47:54: [rcon_lock.smx] Got half-connected command from client 10 (ip unknown): setpause 
L 05/12/2022 - 23:47:54: [rcon_lock.smx] Got half-connected command from client 2 (ip unknown): setpause 
L 05/12/2022 - 23:47:54: [rcon_lock.smx] Got half-connected command from client 4 (ip unknown): setpause 
L 05/12/2022 - 23:47:54: [rcon_lock.smx] Got half-connected command from client 8 (ip unknown): setpause 
L 05/12/2022 - 23:47:54: [rcon_lock.smx] Got half-connected command from client 1 (ip unknown): setpause 
L 05/12/2022 - 23:47:54: [rcon_lock.smx] Got half-connected command from client 6 (ip unknown): setpause 
L 05/13/2022 - 00:11:43: Log file closed.
