L 03/19/2022 - 00:01:28: SourceMod log file session started (file "/home/steam/l4d2/left4dead2/addons/sourcemod/logs/L20220319.log") (Version "1.10.0.6528")
L 03/19/2022 - 00:01:28: [basecommands.smx] "Console<0><Console><Console>" changed cvar (cvar "sb_all_bot_game") (value "1")
L 03/19/2022 - 00:01:28: [basecommands.smx] "Console<0><Console><Console>" changed cvar (cvar "allow_all_bot_survivor_team") (value "0")
L 03/19/2022 - 00:02:32: -------- Mapchange to c8m1_apartment --------
L 03/19/2022 - 00:02:35: [basecommands.smx] "Console<0><Console><Console>" changed cvar (cvar "sb_all_bot_game") (value "1")
L 03/19/2022 - 00:02:35: [basecommands.smx] "Console<0><Console><Console>" changed cvar (cvar "allow_all_bot_survivor_team") (value "0")
L 03/19/2022 - 00:07:01: -------- Mapchange to c8m1_apartment --------
L 03/19/2022 - 00:07:01: [basecommands.smx] "Console<0><Console><Console>" changed cvar (cvar "sb_all_bot_game") (value "1")
L 03/19/2022 - 00:07:01: [basecommands.smx] "Console<0><Console><Console>" changed cvar (cvar "allow_all_bot_survivor_team") (value "0")
L 03/19/2022 - 00:20:55: -------- Mapchange to c8m2_subway --------
L 03/19/2022 - 00:20:56: [basecommands.smx] "Console<0><Console><Console>" changed cvar (cvar "sb_all_bot_game") (value "1")
L 03/19/2022 - 00:20:56: [basecommands.smx] "Console<0><Console><Console>" changed cvar (cvar "allow_all_bot_survivor_team") (value "0")
L 03/19/2022 - 00:37:36: -------- Mapchange to c8m3_sewers --------
L 03/19/2022 - 00:37:37: [basecommands.smx] "Console<0><Console><Console>" changed cvar (cvar "sb_all_bot_game") (value "1")
L 03/19/2022 - 00:37:37: [basecommands.smx] "Console<0><Console><Console>" changed cvar (cvar "allow_all_bot_survivor_team") (value "0")
L 03/19/2022 - 00:55:41: -------- Mapchange to c8m4_interior --------
L 03/19/2022 - 00:55:43: [basecommands.smx] "Console<0><Console><Console>" changed cvar (cvar "sb_all_bot_game") (value "1")
L 03/19/2022 - 00:55:43: [basecommands.smx] "Console<0><Console><Console>" changed cvar (cvar "allow_all_bot_survivor_team") (value "0")
L 03/19/2022 - 01:13:08: -------- Mapchange to c8m5_rooftop --------
L 03/19/2022 - 01:13:09: [basecommands.smx] "Console<0><Console><Console>" changed cvar (cvar "sb_all_bot_game") (value "1")
L 03/19/2022 - 01:13:09: [basecommands.smx] "Console<0><Console><Console>" changed cvar (cvar "allow_all_bot_survivor_team") (value "0")
L 03/19/2022 - 01:24:02: [basecommands.smx] "Altair<5><STEAM_1:0:90628109><>" changed map to "c4m1_milltown_a"
L 03/19/2022 - 01:24:05: [SM] Changed map to "c4m1_milltown_a"
L 03/19/2022 - 01:24:07: -------- Mapchange to c4m1_milltown_a --------
L 03/19/2022 - 01:24:10: [basecommands.smx] "Console<0><Console><Console>" changed cvar (cvar "sb_all_bot_game") (value "1")
L 03/19/2022 - 01:24:10: [basecommands.smx] "Console<0><Console><Console>" changed cvar (cvar "allow_all_bot_survivor_team") (value "0")
L 03/19/2022 - 01:27:55: [basecommands.smx] "Altair<5><STEAM_1:0:90628109><>" kicked "hard, bind or skill?<46><STEAM_1:1:598701106><>" (reason "")
L 03/19/2022 - 01:28:16: -------- Mapchange to c4m1_milltown_a --------
L 03/19/2022 - 01:28:17: [basecommands.smx] "Console<0><Console><Console>" changed cvar (cvar "sb_all_bot_game") (value "1")
L 03/19/2022 - 01:28:17: [basecommands.smx] "Console<0><Console><Console>" changed cvar (cvar "allow_all_bot_survivor_team") (value "0")
L 03/19/2022 - 01:31:17: -------- Mapchange to c5m1_waterfront --------
L 03/19/2022 - 01:31:18: [basecommands.smx] "Console<0><Console><Console>" changed cvar (cvar "sb_all_bot_game") (value "1")
L 03/19/2022 - 01:31:18: [basecommands.smx] "Console<0><Console><Console>" changed cvar (cvar "allow_all_bot_survivor_team") (value "0")
L 03/19/2022 - 01:38:38: [basecommands.smx] "Altair<5><STEAM_1:0:90628109><>" changed map to "c1m1_hotel"
L 03/19/2022 - 01:38:41: [SM] Changed map to "c1m1_hotel"
L 03/19/2022 - 01:38:42: -------- Mapchange to c1m1_hotel --------
L 03/19/2022 - 01:38:43: [basecommands.smx] "Console<0><Console><Console>" changed cvar (cvar "sb_all_bot_game") (value "1")
L 03/19/2022 - 01:38:43: [basecommands.smx] "Console<0><Console><Console>" changed cvar (cvar "allow_all_bot_survivor_team") (value "0")
L 03/19/2022 - 01:43:43: [basecommands.smx] "Altair<5><STEAM_1:0:90628109><>" changed map to "c1m1_hotel"
L 03/19/2022 - 01:43:46: [SM] Changed map to "c1m1_hotel"
L 03/19/2022 - 01:43:46: -------- Mapchange to c1m1_hotel --------
L 03/19/2022 - 01:43:47: [basecommands.smx] "Console<0><Console><Console>" changed cvar (cvar "sb_all_bot_game") (value "1")
L 03/19/2022 - 01:43:47: [basecommands.smx] "Console<0><Console><Console>" changed cvar (cvar "allow_all_bot_survivor_team") (value "0")
L 03/19/2022 - 01:46:51: -------- Mapchange to c1m1_hotel --------
L 03/19/2022 - 01:46:52: [basecommands.smx] "Console<0><Console><Console>" changed cvar (cvar "sb_all_bot_game") (value "1")
L 03/19/2022 - 01:46:52: [basecommands.smx] "Console<0><Console><Console>" changed cvar (cvar "allow_all_bot_survivor_team") (value "0")
L 03/19/2022 - 01:55:44: -------- Mapchange to c1m2_streets --------
L 03/19/2022 - 01:55:45: [basecommands.smx] "Console<0><Console><Console>" changed cvar (cvar "sb_all_bot_game") (value "1")
L 03/19/2022 - 01:55:45: [basecommands.smx] "Console<0><Console><Console>" changed cvar (cvar "allow_all_bot_survivor_team") (value "0")
L 03/19/2022 - 02:11:01: -------- Mapchange to c1m3_mall --------
L 03/19/2022 - 02:11:03: [basecommands.smx] "Console<0><Console><Console>" changed cvar (cvar "sb_all_bot_game") (value "1")
L 03/19/2022 - 02:11:03: [basecommands.smx] "Console<0><Console><Console>" changed cvar (cvar "allow_all_bot_survivor_team") (value "0")
L 03/19/2022 - 20:07:45: SourceMod log file session started (file "/home/steam/l4d2/left4dead2/addons/sourcemod/logs/L20220319.log") (Version "1.10.0.6528")
L 03/19/2022 - 20:07:45: [basecommands.smx] "Console<0><Console><Console>" changed cvar (cvar "sb_all_bot_game") (value "1")
L 03/19/2022 - 20:07:45: [basecommands.smx] "Console<0><Console><Console>" changed cvar (cvar "allow_all_bot_survivor_team") (value "0")
L 03/19/2022 - 20:08:28: -------- Mapchange to c8m1_apartment --------
L 03/19/2022 - 20:08:31: [basecommands.smx] "Console<0><Console><Console>" changed cvar (cvar "sb_all_bot_game") (value "1")
L 03/19/2022 - 20:08:31: [basecommands.smx] "Console<0><Console><Console>" changed cvar (cvar "allow_all_bot_survivor_team") (value "0")
L 03/19/2022 - 20:20:52: -------- Mapchange to c8m2_subway --------
L 03/19/2022 - 20:20:53: [basecommands.smx] "Console<0><Console><Console>" changed cvar (cvar "sb_all_bot_game") (value "1")
L 03/19/2022 - 20:20:53: [basecommands.smx] "Console<0><Console><Console>" changed cvar (cvar "allow_all_bot_survivor_team") (value "0")
L 03/19/2022 - 20:43:49: -------- Mapchange to c8m3_sewers --------
L 03/19/2022 - 20:43:50: [basecommands.smx] "Console<0><Console><Console>" changed cvar (cvar "sb_all_bot_game") (value "1")
L 03/19/2022 - 20:43:50: [basecommands.smx] "Console<0><Console><Console>" changed cvar (cvar "allow_all_bot_survivor_team") (value "0")
L 03/19/2022 - 21:05:26: -------- Mapchange to c8m4_interior --------
L 03/19/2022 - 21:05:27: [basecommands.smx] "Console<0><Console><Console>" changed cvar (cvar "sb_all_bot_game") (value "1")
L 03/19/2022 - 21:05:27: [basecommands.smx] "Console<0><Console><Console>" changed cvar (cvar "allow_all_bot_survivor_team") (value "0")
L 03/19/2022 - 21:24:52: -------- Mapchange to c8m5_rooftop --------
L 03/19/2022 - 21:24:53: [basecommands.smx] "Console<0><Console><Console>" changed cvar (cvar "sb_all_bot_game") (value "1")
L 03/19/2022 - 21:24:53: [basecommands.smx] "Console<0><Console><Console>" changed cvar (cvar "allow_all_bot_survivor_team") (value "0")
