L 02/06/2022 - 21:24:20: SourceMod log file session started (file "/home/steam/l4d2/left4dead2/addons/sourcemod/logs/L20220206.log") (Version "1.10.0.6528")
L 02/06/2022 - 21:24:20: [basecommands.smx] "Console<0><Console><Console>" changed cvar (cvar "sb_all_bot_game") (value "1")
L 02/06/2022 - 21:24:20: [basecommands.smx] "Console<0><Console><Console>" changed cvar (cvar "allow_all_bot_survivor_team") (value "0")
L 02/06/2022 - 21:25:23: -------- Mapchange to c8m1_apartment --------
L 02/06/2022 - 21:25:25: [basecommands.smx] "Console<0><Console><Console>" changed cvar (cvar "sb_all_bot_game") (value "1")
L 02/06/2022 - 21:25:25: [basecommands.smx] "Console<0><Console><Console>" changed cvar (cvar "allow_all_bot_survivor_team") (value "0")
L 02/06/2022 - 21:40:10: -------- Mapchange to c8m2_subway --------
L 02/06/2022 - 21:40:11: [basecommands.smx] "Console<0><Console><Console>" changed cvar (cvar "sb_all_bot_game") (value "1")
L 02/06/2022 - 21:40:11: [basecommands.smx] "Console<0><Console><Console>" changed cvar (cvar "allow_all_bot_survivor_team") (value "0")
L 02/06/2022 - 22:02:09: -------- Mapchange to c8m3_sewers --------
L 02/06/2022 - 22:02:10: [basecommands.smx] "Console<0><Console><Console>" changed cvar (cvar "sb_all_bot_game") (value "1")
L 02/06/2022 - 22:02:10: [basecommands.smx] "Console<0><Console><Console>" changed cvar (cvar "allow_all_bot_survivor_team") (value "0")
L 02/06/2022 - 22:04:16: -------- Mapchange to c8m3_sewers --------
L 02/06/2022 - 22:04:17: [basecommands.smx] "Console<0><Console><Console>" changed cvar (cvar "sb_all_bot_game") (value "1")
L 02/06/2022 - 22:04:17: [basecommands.smx] "Console<0><Console><Console>" changed cvar (cvar "allow_all_bot_survivor_team") (value "0")
L 02/06/2022 - 22:30:07: -------- Mapchange to c8m4_interior --------
L 02/06/2022 - 22:30:09: [basecommands.smx] "Console<0><Console><Console>" changed cvar (cvar "sb_all_bot_game") (value "1")
L 02/06/2022 - 22:30:09: [basecommands.smx] "Console<0><Console><Console>" changed cvar (cvar "allow_all_bot_survivor_team") (value "0")
L 02/06/2022 - 22:46:08: -------- Mapchange to c8m5_rooftop --------
L 02/06/2022 - 22:46:09: [basecommands.smx] "Console<0><Console><Console>" changed cvar (cvar "sb_all_bot_game") (value "1")
L 02/06/2022 - 22:46:09: [basecommands.smx] "Console<0><Console><Console>" changed cvar (cvar "allow_all_bot_survivor_team") (value "0")
