L 02/13/2022 - 20:42:56: SourceMod log file session started (file "/home/steam/l4d2/left4dead2/addons/sourcemod/logs/L20220213.log") (Version "1.10.0.6528")
L 02/13/2022 - 20:42:56: [basecommands.smx] "Console<0><Console><Console>" changed cvar (cvar "sb_all_bot_game") (value "1")
L 02/13/2022 - 20:42:56: [basecommands.smx] "Console<0><Console><Console>" changed cvar (cvar "allow_all_bot_survivor_team") (value "0")
L 02/13/2022 - 20:45:26: SourceMod log file session started (file "/home/steam/l4d2/left4dead2/addons/sourcemod/logs/L20220213.log") (Version "1.10.0.6528")
L 02/13/2022 - 20:45:26: [basecommands.smx] "Console<0><Console><Console>" changed cvar (cvar "sb_all_bot_game") (value "1")
L 02/13/2022 - 20:45:26: [basecommands.smx] "Console<0><Console><Console>" changed cvar (cvar "allow_all_bot_survivor_team") (value "0")
L 02/13/2022 - 20:45:42: -------- Mapchange to c8m1_apartment --------
L 02/13/2022 - 20:45:44: [basecommands.smx] "Console<0><Console><Console>" changed cvar (cvar "sb_all_bot_game") (value "1")
L 02/13/2022 - 20:45:44: [basecommands.smx] "Console<0><Console><Console>" changed cvar (cvar "allow_all_bot_survivor_team") (value "0")
L 02/13/2022 - 20:47:50: -------- Mapchange to c8m1_apartment --------
L 02/13/2022 - 20:47:50: [basecommands.smx] "Console<0><Console><Console>" changed cvar (cvar "sb_all_bot_game") (value "1")
L 02/13/2022 - 20:47:50: [basecommands.smx] "Console<0><Console><Console>" changed cvar (cvar "allow_all_bot_survivor_team") (value "0")
L 02/13/2022 - 20:57:47: -------- Mapchange to c8m2_subway --------
L 02/13/2022 - 20:57:48: [basecommands.smx] "Console<0><Console><Console>" changed cvar (cvar "sb_all_bot_game") (value "1")
L 02/13/2022 - 20:57:48: [basecommands.smx] "Console<0><Console><Console>" changed cvar (cvar "allow_all_bot_survivor_team") (value "0")
L 02/13/2022 - 21:11:44: -------- Mapchange to c8m3_sewers --------
L 02/13/2022 - 21:11:45: [basecommands.smx] "Console<0><Console><Console>" changed cvar (cvar "sb_all_bot_game") (value "1")
L 02/13/2022 - 21:11:45: [basecommands.smx] "Console<0><Console><Console>" changed cvar (cvar "allow_all_bot_survivor_team") (value "0")
L 02/13/2022 - 21:35:37: -------- Mapchange to c8m4_interior --------
L 02/13/2022 - 21:35:38: [basecommands.smx] "Console<0><Console><Console>" changed cvar (cvar "sb_all_bot_game") (value "1")
L 02/13/2022 - 21:35:38: [basecommands.smx] "Console<0><Console><Console>" changed cvar (cvar "allow_all_bot_survivor_team") (value "0")
L 02/13/2022 - 21:39:40: -------- Mapchange to c8m4_interior --------
L 02/13/2022 - 21:39:41: [basecommands.smx] "Console<0><Console><Console>" changed cvar (cvar "sb_all_bot_game") (value "1")
L 02/13/2022 - 21:39:41: [basecommands.smx] "Console<0><Console><Console>" changed cvar (cvar "allow_all_bot_survivor_team") (value "0")
L 02/13/2022 - 21:54:50: -------- Mapchange to c8m5_rooftop --------
L 02/13/2022 - 21:54:51: [basecommands.smx] "Console<0><Console><Console>" changed cvar (cvar "sb_all_bot_game") (value "1")
L 02/13/2022 - 21:54:51: [basecommands.smx] "Console<0><Console><Console>" changed cvar (cvar "allow_all_bot_survivor_team") (value "0")
L 02/13/2022 - 21:58:49: -------- Mapchange to c5m1_waterfront --------
L 02/13/2022 - 21:58:50: [basecommands.smx] "Console<0><Console><Console>" changed cvar (cvar "sb_all_bot_game") (value "1")
L 02/13/2022 - 21:58:50: [basecommands.smx] "Console<0><Console><Console>" changed cvar (cvar "allow_all_bot_survivor_team") (value "0")
L 02/13/2022 - 22:09:22: -------- Mapchange to c5m2_park --------
L 02/13/2022 - 22:09:23: [basecommands.smx] "Console<0><Console><Console>" changed cvar (cvar "sb_all_bot_game") (value "1")
L 02/13/2022 - 22:09:23: [basecommands.smx] "Console<0><Console><Console>" changed cvar (cvar "allow_all_bot_survivor_team") (value "0")
L 02/13/2022 - 22:28:49: -------- Mapchange to c5m3_cemetery --------
L 02/13/2022 - 22:28:50: [basecommands.smx] "Console<0><Console><Console>" changed cvar (cvar "sb_all_bot_game") (value "1")
L 02/13/2022 - 22:28:50: [basecommands.smx] "Console<0><Console><Console>" changed cvar (cvar "allow_all_bot_survivor_team") (value "0")
L 02/13/2022 - 22:48:15: -------- Mapchange to c5m4_quarter --------
L 02/13/2022 - 22:48:16: [basecommands.smx] "Console<0><Console><Console>" changed cvar (cvar "sb_all_bot_game") (value "1")
L 02/13/2022 - 22:48:16: [basecommands.smx] "Console<0><Console><Console>" changed cvar (cvar "allow_all_bot_survivor_team") (value "0")
L 02/13/2022 - 23:04:02: -------- Mapchange to c5m5_bridge --------
L 02/13/2022 - 23:04:05: [basecommands.smx] "Console<0><Console><Console>" changed cvar (cvar "sb_all_bot_game") (value "1")
L 02/13/2022 - 23:04:05: [basecommands.smx] "Console<0><Console><Console>" changed cvar (cvar "allow_all_bot_survivor_team") (value "0")
