L 01/27/2022 - 00:33:26: SourceMod log file session started (file "/home/steam/l4d2/left4dead2/addons/sourcemod/logs/L20220127.log") (Version "1.10.0.6528")
L 01/27/2022 - 00:33:26: -------- Mapchange to c1m1_hotel --------
L 01/27/2022 - 00:48:11: SourceMod log file session started (file "/home/steam/l4d2/left4dead2/addons/sourcemod/logs/L20220127.log") (Version "1.10.0.6528")
L 01/27/2022 - 00:48:11: -------- Mapchange to c1m1_hotel --------
L 01/27/2022 - 00:50:28: SourceMod log file session started (file "/home/steam/l4d2/left4dead2/addons/sourcemod/logs/L20220127.log") (Version "1.10.0.6528")
L 01/27/2022 - 00:50:28: -------- Mapchange to c1m1_hotel --------
L 01/27/2022 - 00:55:00: -------- Mapchange to c1m2_streets --------
L 01/27/2022 - 01:00:31: SourceMod log file session started (file "/home/steam/l4d2/left4dead2/addons/sourcemod/logs/L20220127.log") (Version "1.10.0.6528")
L 01/27/2022 - 01:00:31: -------- Mapchange to c8m1_apartment --------
L 01/27/2022 - 01:04:29: -------- Mapchange to c8m1_apartment --------
L 01/27/2022 - 01:05:18: [funcommands.smx] "Altair<37><STEAM_1:0:90628109><>" toggled noclip on "Nine<40><STEAM_1:0:33772581><>"
L 01/27/2022 - 01:05:31: [funcommands.smx] "Altair<37><STEAM_1:0:90628109><>" toggled noclip on "Altair<37><STEAM_1:0:90628109><>"
L 01/27/2022 - 01:05:47: [funcommands.smx] "Altair<37><STEAM_1:0:90628109><>" toggled noclip on "Nine<40><STEAM_1:0:33772581><>"
L 01/27/2022 - 01:05:59: [funcommands.smx] "Altair<37><STEAM_1:0:90628109><>" set blind on "Altair<37><STEAM_1:0:90628109><>" (amount "255")
L 01/27/2022 - 01:06:11: [funcommands.smx] "Altair<37><STEAM_1:0:90628109><>" set blind on "Altair<37><STEAM_1:0:90628109><>" (amount "0")
L 01/27/2022 - 01:16:21: SourceMod log file session started (file "/home/steam/l4d2/left4dead2/addons/sourcemod/logs/L20220127.log") (Version "1.10.0.6528")
L 01/27/2022 - 01:16:21: -------- Mapchange to c8m1_apartment --------
L 01/27/2022 - 01:18:55: [playercommands.smx] "Miguel<10><STEAM_1:1:452964136><>" slapped "mind<15><STEAM_1:1:53759167><>" (damage "99")
L 01/27/2022 - 01:18:57: [playercommands.smx] "Miguel<10><STEAM_1:1:452964136><>" slapped "mind<15><STEAM_1:1:53759167><>" (damage "99")
L 01/27/2022 - 01:18:57: [playercommands.smx] "Miguel<10><STEAM_1:1:452964136><>" slapped "mind<15><STEAM_1:1:53759167><>" (damage "99")
L 01/27/2022 - 01:18:57: [playercommands.smx] "Miguel<10><STEAM_1:1:452964136><>" slapped "mind<15><STEAM_1:1:53759167><>" (damage "99")
L 01/27/2022 - 01:18:57: [playercommands.smx] "Miguel<10><STEAM_1:1:452964136><>" slapped "mind<15><STEAM_1:1:53759167><>" (damage "99")
L 01/27/2022 - 01:19:08: [basevotes.smx] "mind<15><STEAM_1:1:53759167><>" initiated a kick vote against "Miguel<10><STEAM_1:1:452964136><>"
L 01/27/2022 - 01:19:21: [basevotes.smx] Vote failed.
L 01/27/2022 - 01:19:54: [playercommands.smx] "mind<15><STEAM_1:1:53759167><>" slapped "Miguel<10><STEAM_1:1:452964136><>" (damage "0")
L 01/27/2022 - 01:19:55: [playercommands.smx] "mind<15><STEAM_1:1:53759167><>" slapped "Miguel<10><STEAM_1:1:452964136><>" (damage "0")
L 01/27/2022 - 01:19:55: [playercommands.smx] "mind<15><STEAM_1:1:53759167><>" slapped "Miguel<10><STEAM_1:1:452964136><>" (damage "0")
L 01/27/2022 - 01:19:55: [playercommands.smx] "mind<15><STEAM_1:1:53759167><>" slapped "Miguel<10><STEAM_1:1:452964136><>" (damage "0")
L 01/27/2022 - 01:19:56: [playercommands.smx] "mind<15><STEAM_1:1:53759167><>" slapped "Miguel<10><STEAM_1:1:452964136><>" (damage "0")
L 01/27/2022 - 01:19:56: [playercommands.smx] "mind<15><STEAM_1:1:53759167><>" slapped "Miguel<10><STEAM_1:1:452964136><>" (damage "0")
L 01/27/2022 - 01:19:56: [playercommands.smx] "mind<15><STEAM_1:1:53759167><>" slapped "Miguel<10><STEAM_1:1:452964136><>" (damage "0")
L 01/27/2022 - 01:19:56: [playercommands.smx] "mind<15><STEAM_1:1:53759167><>" slapped "Miguel<10><STEAM_1:1:452964136><>" (damage "0")
L 01/27/2022 - 01:19:56: [playercommands.smx] "mind<15><STEAM_1:1:53759167><>" slapped "Miguel<10><STEAM_1:1:452964136><>" (damage "0")
L 01/27/2022 - 01:19:56: [playercommands.smx] "mind<15><STEAM_1:1:53759167><>" slapped "Miguel<10><STEAM_1:1:452964136><>" (damage "0")
L 01/27/2022 - 01:19:57: [playercommands.smx] "mind<15><STEAM_1:1:53759167><>" slapped "Miguel<10><STEAM_1:1:452964136><>" (damage "0")
L 01/27/2022 - 01:19:57: [playercommands.smx] "mind<15><STEAM_1:1:53759167><>" slapped "Miguel<10><STEAM_1:1:452964136><>" (damage "0")
L 01/27/2022 - 01:19:57: [playercommands.smx] "mind<15><STEAM_1:1:53759167><>" slapped "Miguel<10><STEAM_1:1:452964136><>" (damage "0")
L 01/27/2022 - 01:19:58: [playercommands.smx] "mind<15><STEAM_1:1:53759167><>" slapped "Miguel<10><STEAM_1:1:452964136><>" (damage "0")
L 01/27/2022 - 01:19:58: [playercommands.smx] "mind<15><STEAM_1:1:53759167><>" slapped "Miguel<10><STEAM_1:1:452964136><>" (damage "0")
L 01/27/2022 - 01:19:58: [playercommands.smx] "mind<15><STEAM_1:1:53759167><>" slapped "Miguel<10><STEAM_1:1:452964136><>" (damage "0")
L 01/27/2022 - 01:19:58: [playercommands.smx] "mind<15><STEAM_1:1:53759167><>" slapped "Miguel<10><STEAM_1:1:452964136><>" (damage "0")
L 01/27/2022 - 01:20:02: [playercommands.smx] "mind<15><STEAM_1:1:53759167><>" slapped "Altair<2><STEAM_1:0:90628109><>" (damage "0")
L 01/27/2022 - 01:20:02: [playercommands.smx] "mind<15><STEAM_1:1:53759167><>" slapped "Altair<2><STEAM_1:0:90628109><>" (damage "0")
L 01/27/2022 - 01:20:02: [playercommands.smx] "mind<15><STEAM_1:1:53759167><>" slapped "Altair<2><STEAM_1:0:90628109><>" (damage "0")
L 01/27/2022 - 01:20:06: [playercommands.smx] "mind<15><STEAM_1:1:53759167><>" slapped "MandaMenez ඞ<11><STEAM_1:0:217504163><>" (damage "0")
L 01/27/2022 - 01:20:06: [playercommands.smx] "mind<15><STEAM_1:1:53759167><>" slapped "MandaMenez ඞ<11><STEAM_1:0:217504163><>" (damage "0")
L 01/27/2022 - 01:20:06: [playercommands.smx] "mind<15><STEAM_1:1:53759167><>" slapped "MandaMenez ඞ<11><STEAM_1:0:217504163><>" (damage "0")
L 01/27/2022 - 01:20:07: [playercommands.smx] "mind<15><STEAM_1:1:53759167><>" slapped "MandaMenez ඞ<11><STEAM_1:0:217504163><>" (damage "0")
L 01/27/2022 - 01:20:07: [playercommands.smx] "mind<15><STEAM_1:1:53759167><>" slapped "MandaMenez ඞ<11><STEAM_1:0:217504163><>" (damage "0")
L 01/27/2022 - 01:20:07: [playercommands.smx] "mind<15><STEAM_1:1:53759167><>" slapped "MandaMenez ඞ<11><STEAM_1:0:217504163><>" (damage "0")
L 01/27/2022 - 01:20:07: [playercommands.smx] "mind<15><STEAM_1:1:53759167><>" slapped "MandaMenez ඞ<11><STEAM_1:0:217504163><>" (damage "0")
L 01/27/2022 - 01:20:07: [playercommands.smx] "mind<15><STEAM_1:1:53759167><>" slapped "MandaMenez ඞ<11><STEAM_1:0:217504163><>" (damage "0")
L 01/27/2022 - 01:20:08: [playercommands.smx] "mind<15><STEAM_1:1:53759167><>" slapped "MandaMenez ඞ<11><STEAM_1:0:217504163><>" (damage "0")
L 01/27/2022 - 01:20:08: [playercommands.smx] "mind<15><STEAM_1:1:53759167><>" slapped "MandaMenez ඞ<11><STEAM_1:0:217504163><>" (damage "0")
L 01/27/2022 - 01:20:08: [playercommands.smx] "mind<15><STEAM_1:1:53759167><>" slapped "MandaMenez ඞ<11><STEAM_1:0:217504163><>" (damage "0")
L 01/27/2022 - 01:20:08: [playercommands.smx] "mind<15><STEAM_1:1:53759167><>" slapped "MandaMenez ඞ<11><STEAM_1:0:217504163><>" (damage "0")
L 01/27/2022 - 01:20:08: [playercommands.smx] "mind<15><STEAM_1:1:53759167><>" slapped "MandaMenez ඞ<11><STEAM_1:0:217504163><>" (damage "0")
L 01/27/2022 - 01:20:08: [playercommands.smx] "mind<15><STEAM_1:1:53759167><>" slapped "MandaMenez ඞ<11><STEAM_1:0:217504163><>" (damage "0")
L 01/27/2022 - 01:20:08: [playercommands.smx] "mind<15><STEAM_1:1:53759167><>" slapped "MandaMenez ඞ<11><STEAM_1:0:217504163><>" (damage "0")
L 01/27/2022 - 01:20:09: [playercommands.smx] "mind<15><STEAM_1:1:53759167><>" slapped "MandaMenez ඞ<11><STEAM_1:0:217504163><>" (damage "0")
L 01/27/2022 - 01:20:09: [playercommands.smx] "mind<15><STEAM_1:1:53759167><>" slapped "MandaMenez ඞ<11><STEAM_1:0:217504163><>" (damage "0")
L 01/27/2022 - 01:20:22: [playercommands.smx] "mind<15><STEAM_1:1:53759167><>" slapped "Galaxy. ⚔<3><STEAM_1:0:427496453><>" (damage "0")
L 01/27/2022 - 01:20:22: [playercommands.smx] "mind<15><STEAM_1:1:53759167><>" slapped "Galaxy. ⚔<3><STEAM_1:0:427496453><>" (damage "0")
L 01/27/2022 - 01:20:24: [playercommands.smx] "mind<15><STEAM_1:1:53759167><>" slapped "Galaxy. ⚔<3><STEAM_1:0:427496453><>" (damage "0")
L 01/27/2022 - 01:20:24: [playercommands.smx] "mind<15><STEAM_1:1:53759167><>" slapped "Galaxy. ⚔<3><STEAM_1:0:427496453><>" (damage "0")
L 01/27/2022 - 01:20:24: [playercommands.smx] "mind<15><STEAM_1:1:53759167><>" slapped "Galaxy. ⚔<3><STEAM_1:0:427496453><>" (damage "0")
L 01/27/2022 - 01:20:24: [playercommands.smx] "mind<15><STEAM_1:1:53759167><>" slapped "Galaxy. ⚔<3><STEAM_1:0:427496453><>" (damage "0")
L 01/27/2022 - 01:20:24: [playercommands.smx] "mind<15><STEAM_1:1:53759167><>" slapped "Galaxy. ⚔<3><STEAM_1:0:427496453><>" (damage "0")
L 01/27/2022 - 01:20:25: [playercommands.smx] "mind<15><STEAM_1:1:53759167><>" slapped "Galaxy. ⚔<3><STEAM_1:0:427496453><>" (damage "0")
L 01/27/2022 - 01:20:25: [playercommands.smx] "mind<15><STEAM_1:1:53759167><>" slapped "Galaxy. ⚔<3><STEAM_1:0:427496453><>" (damage "0")
L 01/27/2022 - 01:20:25: [playercommands.smx] "mind<15><STEAM_1:1:53759167><>" slapped "Galaxy. ⚔<3><STEAM_1:0:427496453><>" (damage "0")
L 01/27/2022 - 01:20:25: [playercommands.smx] "mind<15><STEAM_1:1:53759167><>" slapped "Galaxy. ⚔<3><STEAM_1:0:427496453><>" (damage "0")
L 01/27/2022 - 01:20:25: [playercommands.smx] "mind<15><STEAM_1:1:53759167><>" slapped "Galaxy. ⚔<3><STEAM_1:0:427496453><>" (damage "0")
L 01/27/2022 - 01:20:25: [playercommands.smx] "mind<15><STEAM_1:1:53759167><>" slapped "Galaxy. ⚔<3><STEAM_1:0:427496453><>" (damage "0")
L 01/27/2022 - 01:20:29: [playercommands.smx] "mind<15><STEAM_1:1:53759167><>" slapped "Galaxy. ⚔<3><STEAM_1:0:427496453><>" (damage "0")
L 01/27/2022 - 01:20:30: [playercommands.smx] "mind<15><STEAM_1:1:53759167><>" slapped "Galaxy. ⚔<3><STEAM_1:0:427496453><>" (damage "0")
L 01/27/2022 - 01:20:30: [playercommands.smx] "mind<15><STEAM_1:1:53759167><>" slapped "Galaxy. ⚔<3><STEAM_1:0:427496453><>" (damage "0")
L 01/27/2022 - 01:20:30: [playercommands.smx] "mind<15><STEAM_1:1:53759167><>" slapped "Galaxy. ⚔<3><STEAM_1:0:427496453><>" (damage "0")
L 01/27/2022 - 01:20:30: [playercommands.smx] "mind<15><STEAM_1:1:53759167><>" slapped "Galaxy. ⚔<3><STEAM_1:0:427496453><>" (damage "0")
L 01/27/2022 - 01:20:30: [playercommands.smx] "mind<15><STEAM_1:1:53759167><>" slapped "Galaxy. ⚔<3><STEAM_1:0:427496453><>" (damage "0")
L 01/27/2022 - 01:20:32: [basebans.smx] "Miguel<10><STEAM_1:1:452964136><>" banned "mind<15><STEAM_1:1:53759167><>" (minutes "10") (reason "Aimbot")
L 01/27/2022 - 01:22:33: [funcommands.smx] "Altair<2><STEAM_1:0:90628109><>" toggled noclip on "MandaMenez ඞ<11><STEAM_1:0:217504163><>"
L 01/27/2022 - 01:22:35: [funcommands.smx] "Altair<2><STEAM_1:0:90628109><>" toggled noclip on "Altair<2><STEAM_1:0:90628109><>"
L 01/27/2022 - 01:23:51: -------- Mapchange to c8m1_apartment --------
L 01/27/2022 - 01:30:03: [basecommands.smx] "Miguel<10><STEAM_1:1:452964136><>" kicked "GLOCKEZ<48><STEAM_1:1:583342856><>" (reason "")
L 01/27/2022 - 01:31:43: [basecommands.smx] "Altair<49><STEAM_1:0:90628109><>" changed map to "c8m1_apartment"
L 01/27/2022 - 01:31:46: [SM] Changed map to "c8m1_apartment"
L 01/27/2022 - 01:31:46: -------- Mapchange to c8m1_apartment --------
L 01/27/2022 - 01:39:21: -------- Mapchange to c8m2_subway --------
L 01/27/2022 - 01:52:03: -------- Mapchange to c8m3_sewers --------
L 01/27/2022 - 02:12:57: -------- Mapchange to c8m4_interior --------
L 01/27/2022 - 02:21:48: [playercommands.smx] "Miguel<10><STEAM_1:1:452964136><>" slapped "mind<62><STEAM_1:1:53759167><>" (damage "1")
L 01/27/2022 - 02:21:50: [playercommands.smx] "Miguel<10><STEAM_1:1:452964136><>" slapped "mind<62><STEAM_1:1:53759167><>" (damage "1")
L 01/27/2022 - 02:21:53: [playercommands.smx] "Miguel<10><STEAM_1:1:452964136><>" slapped "mind<62><STEAM_1:1:53759167><>" (damage "1")
L 01/27/2022 - 02:28:38: -------- Mapchange to c8m5_rooftop --------
L 01/27/2022 - 02:36:09: -------- Mapchange to c2m1_highway --------
L 01/27/2022 - 02:39:19: [funcommands.smx] "Altair<49><STEAM_1:0:90628109><>" toggled noclip on "Altair<49><STEAM_1:0:90628109><>"
L 01/27/2022 - 02:39:36: [funcommands.smx] "Altair<49><STEAM_1:0:90628109><>" toggled noclip on "Altair<49><STEAM_1:0:90628109><>"
L 01/27/2022 - 02:39:55: [funcommands.smx] "Altair<49><STEAM_1:0:90628109><>" toggled noclip on "Rodrigo<102><STEAM_1:0:448626831><>"
L 01/27/2022 - 02:39:59: [funcommands.smx] "Altair<49><STEAM_1:0:90628109><>" toggled noclip on "Rodrigo<102><STEAM_1:0:448626831><>"
L 01/27/2022 - 02:40:12: [funcommands.smx] "Altair<49><STEAM_1:0:90628109><>" toggled noclip on "Mary_♥<39><STEAM_1:0:448052999><>"
L 01/27/2022 - 02:40:19: [funcommands.smx] "Altair<49><STEAM_1:0:90628109><>" toggled noclip on "Rodrigo<102><STEAM_1:0:448626831><>"
L 01/27/2022 - 02:40:19: [funcommands.smx] "Altair<49><STEAM_1:0:90628109><>" toggled noclip on "Rodrigo<102><STEAM_1:0:448626831><>"
L 01/27/2022 - 02:40:39: -------- Mapchange to c2m1_highway --------
L 01/27/2022 - 02:59:29: -------- Mapchange to c2m2_fairgrounds --------
L 01/27/2022 - 03:18:33: -------- Mapchange to c2m3_coaster --------
L 01/27/2022 - 03:36:26: -------- Mapchange to c2m4_barns --------
L 01/27/2022 - 03:42:45: -------- Mapchange to c2m4_barns --------
L 01/27/2022 - 03:45:06: [basecommands.smx] "Altair<49><STEAM_1:0:90628109><>" kicked "ƿenƮelho<164><STEAM_1:0:569704347><>" (reason "")
L 01/27/2022 - 04:04:23: -------- Mapchange to c2m5_concert --------
L 01/27/2022 - 04:19:39: -------- Mapchange to c2m1_highway --------
L 01/27/2022 - 20:22:56: SourceMod log file session started (file "/home/steam/l4d2/left4dead2/addons/sourcemod/logs/L20220127.log") (Version "1.10.0.6528")
L 01/27/2022 - 20:22:56: -------- Mapchange to c8m1_apartment --------
L 01/27/2022 - 20:28:19: [l4dready.smx] Ready plugin will not start while sv_search_key is ""
L 01/27/2022 - 20:28:24: -------- Mapchange to c8m1_apartment --------
L 01/27/2022 - 20:32:58: -------- Mapchange to c8m2_subway --------
L 01/27/2022 - 20:38:25: SourceMod log file session started (file "/home/steam/l4d2/left4dead2/addons/sourcemod/logs/L20220127.log") (Version "1.10.0.6528")
L 01/27/2022 - 20:38:25: -------- Mapchange to c8m1_apartment --------
L 01/27/2022 - 20:39:09: -------- Mapchange to c8m1_apartment --------
L 01/27/2022 - 20:39:46: -------- Mapchange to c8m1_apartment --------
L 01/27/2022 - 20:40:47: -------- Mapchange to c8m1_apartment --------
L 01/27/2022 - 20:43:49: -------- Mapchange to c8m1_apartment --------
L 01/27/2022 - 20:47:06: [funcommands.smx] "Altair<21><STEAM_1:0:90628109><>" toggled noclip on "I am Miky :D<31><STEAM_1:0:89698421><>"
L 01/27/2022 - 20:47:16: [funcommands.smx] "Altair<21><STEAM_1:0:90628109><>" toggled noclip on "I am Miky :D<31><STEAM_1:0:89698421><>"
L 01/27/2022 - 20:47:31: [funcommands.smx] "Altair<21><STEAM_1:0:90628109><>" toggled noclip on "Balanar<40><STEAM_1:1:192309521><>"
L 01/27/2022 - 20:47:40: [funcommands.smx] "Altair<21><STEAM_1:0:90628109><>" toggled noclip on "cr7gordo<36><STEAM_1:0:599495539><>"
L 01/27/2022 - 20:47:48: [funcommands.smx] "Altair<21><STEAM_1:0:90628109><>" toggled noclip on "Balanar<40><STEAM_1:1:192309521><>"
L 01/27/2022 - 20:47:51: [funcommands.smx] "Altair<21><STEAM_1:0:90628109><>" toggled noclip on "Balanar<40><STEAM_1:1:192309521><>"
L 01/27/2022 - 20:48:24: [funcommands.smx] "Altair<21><STEAM_1:0:90628109><>" toggled noclip on "Filebon<20><STEAM_1:0:617357903><>"
L 01/27/2022 - 20:48:24: [funcommands.smx] "Altair<21><STEAM_1:0:90628109><>" toggled noclip on "ferxpro2345<22><STEAM_1:1:500791590><>"
L 01/27/2022 - 20:48:25: [funcommands.smx] "Altair<21><STEAM_1:0:90628109><>" toggled noclip on "I am Miky :D<31><STEAM_1:0:89698421><>"
L 01/27/2022 - 20:48:25: [funcommands.smx] "Altair<21><STEAM_1:0:90628109><>" toggled noclip on "mayern<32><STEAM_1:0:556269440><>"
L 01/27/2022 - 20:48:25: [funcommands.smx] "Altair<21><STEAM_1:0:90628109><>" toggled noclip on "cr7gordo<36><STEAM_1:0:599495539><>"
L 01/27/2022 - 20:48:26: [funcommands.smx] "Altair<21><STEAM_1:0:90628109><>" toggled noclip on "Balanar<40><STEAM_1:1:192309521><>"
L 01/27/2022 - 20:48:31: [funcommands.smx] "Altair<21><STEAM_1:0:90628109><>" toggled noclip on "Altair<21><STEAM_1:0:90628109><>"
L 01/27/2022 - 20:48:37: [funcommands.smx] "Altair<21><STEAM_1:0:90628109><>" toggled noclip on "Filebon<20><STEAM_1:0:617357903><>"
L 01/27/2022 - 20:48:37: [funcommands.smx] "Altair<21><STEAM_1:0:90628109><>" toggled noclip on "Altair<21><STEAM_1:0:90628109><>"
L 01/27/2022 - 20:48:37: [funcommands.smx] "Altair<21><STEAM_1:0:90628109><>" toggled noclip on "ferxpro2345<22><STEAM_1:1:500791590><>"
L 01/27/2022 - 20:48:37: [funcommands.smx] "Altair<21><STEAM_1:0:90628109><>" toggled noclip on "I am Miky :D<31><STEAM_1:0:89698421><>"
L 01/27/2022 - 20:48:38: [funcommands.smx] "Altair<21><STEAM_1:0:90628109><>" toggled noclip on "Spitter<44><BOT><>"
L 01/27/2022 - 20:48:38: [funcommands.smx] "Altair<21><STEAM_1:0:90628109><>" toggled noclip on "cr7gordo<36><STEAM_1:0:599495539><>"
L 01/27/2022 - 20:48:38: [funcommands.smx] "Altair<21><STEAM_1:0:90628109><>" toggled noclip on "Balanar<40><STEAM_1:1:192309521><>"
L 01/27/2022 - 20:52:15: -------- Mapchange to c8m2_subway --------
L 01/27/2022 - 20:52:22: -------- Mapchange to c8m2_subway --------
L 01/27/2022 - 20:55:39: SourceMod log file session started (file "/home/steam/l4d2/left4dead2/addons/sourcemod/logs/L20220127.log") (Version "1.10.0.6528")
L 01/27/2022 - 20:55:39: -------- Mapchange to c1m1_hotel --------
L 01/27/2022 - 21:03:48: SourceMod log file session started (file "/home/steam/l4d2/left4dead2/addons/sourcemod/logs/L20220127.log") (Version "1.10.0.6528")
L 01/27/2022 - 21:03:48: -------- Mapchange to c1m1_hotel --------
L 01/27/2022 - 21:06:43: -------- Mapchange to c8m1_apartment --------
L 01/27/2022 - 21:17:55: SourceMod log file session started (file "/home/steam/l4d2/left4dead2/addons/sourcemod/logs/L20220127.log") (Version "1.10.0.6528")
L 01/27/2022 - 21:17:55: -------- Mapchange to c8m1_apartment --------
L 01/27/2022 - 21:22:12: SourceMod log file session started (file "/home/steam/l4d2/left4dead2/addons/sourcemod/logs/L20220127.log") (Version "1.10.0.6528")
L 01/27/2022 - 21:22:12: -------- Mapchange to c2m1_highway --------
