L 06/12/2022 - 02:00:34: SourceMod log file session started (file "/home/steam/l4d2/left4dead2/addons/sourcemod/logs/L20220612.log") (Version "1.10.0.6528")
L 06/12/2022 - 02:00:34: [basecommands.smx] "Console<0><Console><Console>" changed cvar (cvar "mp_gamemode") (value "versus")
L 06/12/2022 - 02:00:34: [basecommands.smx] "Console<0><Console><Console>" changed cvar (cvar "sv_minrate") (value "100000")
L 06/12/2022 - 02:00:34: [basecommands.smx] "Console<0><Console><Console>" changed cvar (cvar "sv_maxrate") (value "100000")
L 06/12/2022 - 02:00:34: [basecommands.smx] "Console<0><Console><Console>" changed cvar (cvar "sv_mincmdrate") (value "100")
L 06/12/2022 - 02:00:34: [basecommands.smx] "Console<0><Console><Console>" changed cvar (cvar "sv_maxcmdrate") (value "100")
L 06/12/2022 - 02:00:34: [basecommands.smx] "Console<0><Console><Console>" changed cvar (cvar "sv_maxupdaterate") (value "10sm_cvar")
L 06/12/2022 - 02:00:34: [basecommands.smx] "Console<0><Console><Console>" changed cvar (cvar "sv_maxrate") (value "100000")
L 06/12/2022 - 02:00:34: [basecommands.smx] "Console<0><Console><Console>" changed cvar (cvar "sv_minupdaterate") (value "100")
L 06/12/2022 - 02:00:34: [basecommands.smx] "Console<0><Console><Console>" changed cvar (cvar "sv_maxupdaterate") (value "100")
L 06/12/2022 - 02:00:34: [basecommands.smx] "Console<0><Console><Console>" changed cvar (cvar "sv_mincmdrate") (value "100")
L 06/12/2022 - 02:00:34: [basecommands.smx] "Console<0><Console><Console>" changed cvar (cvar "sv_maxcmdrate") (value "100")
L 06/12/2022 - 02:00:34: [basecommands.smx] "Console<0><Console><Console>" changed cvar (cvar "sv_client_min_interp_ratio") (value "-1")
L 06/12/2022 - 02:00:34: [basecommands.smx] "Console<0><Console><Console>" changed cvar (cvar "sv_client_max_interp_ratio") (value "0")
L 06/12/2022 - 02:00:34: [basecommands.smx] "Console<0><Console><Console>" changed cvar (cvar "nb_update_frequency") (value "0.014")
L 06/12/2022 - 02:00:34: [basecommands.smx] "Console<0><Console><Console>" changed cvar (cvar "net_splitpacket_maxrate") (value "50000")
L 06/12/2022 - 02:00:34: [basecommands.smx] "Console<0><Console><Console>" changed cvar (cvar "fps_max") (value "0")
L 06/12/2022 - 02:00:34: [basecommands.smx] "Console<0><Console><Console>" changed cvar (cvar "sv_allowupload") (value "0")
L 06/12/2022 - 02:00:34: [basecommands.smx] "Console<0><Console><Console>" changed cvar (cvar "sv_allowdownload") (value "0")
L 06/12/2022 - 02:00:34: [basecommands.smx] "Console<0><Console><Console>" changed cvar (cvar "tick_door_speed") (value "1.30")
L 06/12/2022 - 02:00:34: [basecommands.smx] "Console<0><Console><Console>" changed cvar (cvar "sb_all_bot_game") (value "1")
L 06/12/2022 - 02:00:34: [basecommands.smx] "Console<0><Console><Console>" changed cvar (cvar "allow_all_bot_survivor_team") (value "0")
L 06/12/2022 - 02:00:51: -------- Mapchange to c4m1_milltown_a --------
L 06/12/2022 - 02:00:53: [basecommands.smx] "Console<0><Console><Console>" changed cvar (cvar "mp_gamemode") (value "versus")
L 06/12/2022 - 02:00:53: [basecommands.smx] "Console<0><Console><Console>" changed cvar (cvar "sv_minrate") (value "100000")
L 06/12/2022 - 02:00:53: [basecommands.smx] "Console<0><Console><Console>" changed cvar (cvar "sv_maxrate") (value "100000")
L 06/12/2022 - 02:00:53: [basecommands.smx] "Console<0><Console><Console>" changed cvar (cvar "sv_mincmdrate") (value "100")
L 06/12/2022 - 02:00:53: [basecommands.smx] "Console<0><Console><Console>" changed cvar (cvar "sv_maxcmdrate") (value "100")
L 06/12/2022 - 02:00:53: [basecommands.smx] "Console<0><Console><Console>" changed cvar (cvar "sv_maxupdaterate") (value "10sm_cvar")
L 06/12/2022 - 02:00:53: [basecommands.smx] "Console<0><Console><Console>" changed cvar (cvar "sv_maxrate") (value "100000")
L 06/12/2022 - 02:00:53: [basecommands.smx] "Console<0><Console><Console>" changed cvar (cvar "sv_minupdaterate") (value "100")
L 06/12/2022 - 02:00:53: [basecommands.smx] "Console<0><Console><Console>" changed cvar (cvar "sv_maxupdaterate") (value "100")
L 06/12/2022 - 02:00:53: [basecommands.smx] "Console<0><Console><Console>" changed cvar (cvar "sv_mincmdrate") (value "100")
L 06/12/2022 - 02:00:53: [basecommands.smx] "Console<0><Console><Console>" changed cvar (cvar "sv_maxcmdrate") (value "100")
L 06/12/2022 - 02:00:53: [basecommands.smx] "Console<0><Console><Console>" changed cvar (cvar "sv_client_min_interp_ratio") (value "-1")
L 06/12/2022 - 02:00:53: [basecommands.smx] "Console<0><Console><Console>" changed cvar (cvar "sv_client_max_interp_ratio") (value "0")
L 06/12/2022 - 02:00:53: [basecommands.smx] "Console<0><Console><Console>" changed cvar (cvar "nb_update_frequency") (value "0.014")
L 06/12/2022 - 02:00:53: [basecommands.smx] "Console<0><Console><Console>" changed cvar (cvar "net_splitpacket_maxrate") (value "50000")
L 06/12/2022 - 02:00:53: [basecommands.smx] "Console<0><Console><Console>" changed cvar (cvar "fps_max") (value "0")
L 06/12/2022 - 02:00:53: [basecommands.smx] "Console<0><Console><Console>" changed cvar (cvar "sv_allowupload") (value "0")
L 06/12/2022 - 02:00:53: [basecommands.smx] "Console<0><Console><Console>" changed cvar (cvar "sv_allowdownload") (value "0")
L 06/12/2022 - 02:00:53: [basecommands.smx] "Console<0><Console><Console>" changed cvar (cvar "tick_door_speed") (value "1.30")
L 06/12/2022 - 02:00:53: [basecommands.smx] "Console<0><Console><Console>" changed cvar (cvar "sb_all_bot_game") (value "1")
L 06/12/2022 - 02:00:53: [basecommands.smx] "Console<0><Console><Console>" changed cvar (cvar "allow_all_bot_survivor_team") (value "0")
L 06/12/2022 - 02:03:04: [playercommands.smx] "Jetstream Galaxy.<6><STEAM_1:0:427496453><>" slapped "Fear<9><STEAM_1:0:87803377><>" (damage "0")
L 06/12/2022 - 02:12:54: -------- Mapchange to c4m2_sugarmill_a --------
L 06/12/2022 - 02:12:56: [basecommands.smx] "Console<0><Console><Console>" changed cvar (cvar "mp_gamemode") (value "versus")
L 06/12/2022 - 02:12:56: [basecommands.smx] "Console<0><Console><Console>" changed cvar (cvar "sv_minrate") (value "100000")
L 06/12/2022 - 02:12:56: [basecommands.smx] "Console<0><Console><Console>" changed cvar (cvar "sv_maxrate") (value "100000")
L 06/12/2022 - 02:12:56: [basecommands.smx] "Console<0><Console><Console>" changed cvar (cvar "sv_mincmdrate") (value "100")
L 06/12/2022 - 02:12:56: [basecommands.smx] "Console<0><Console><Console>" changed cvar (cvar "sv_maxcmdrate") (value "100")
L 06/12/2022 - 02:12:56: [basecommands.smx] "Console<0><Console><Console>" changed cvar (cvar "sv_maxupdaterate") (value "10sm_cvar")
L 06/12/2022 - 02:12:56: [basecommands.smx] "Console<0><Console><Console>" changed cvar (cvar "sv_maxrate") (value "100000")
L 06/12/2022 - 02:12:56: [basecommands.smx] "Console<0><Console><Console>" changed cvar (cvar "sv_minupdaterate") (value "100")
L 06/12/2022 - 02:12:56: [basecommands.smx] "Console<0><Console><Console>" changed cvar (cvar "sv_maxupdaterate") (value "100")
L 06/12/2022 - 02:12:56: [basecommands.smx] "Console<0><Console><Console>" changed cvar (cvar "sv_mincmdrate") (value "100")
L 06/12/2022 - 02:12:56: [basecommands.smx] "Console<0><Console><Console>" changed cvar (cvar "sv_maxcmdrate") (value "100")
L 06/12/2022 - 02:12:56: [basecommands.smx] "Console<0><Console><Console>" changed cvar (cvar "sv_client_min_interp_ratio") (value "-1")
L 06/12/2022 - 02:12:56: [basecommands.smx] "Console<0><Console><Console>" changed cvar (cvar "sv_client_max_interp_ratio") (value "0")
L 06/12/2022 - 02:12:56: [basecommands.smx] "Console<0><Console><Console>" changed cvar (cvar "nb_update_frequency") (value "0.014")
L 06/12/2022 - 02:12:56: [basecommands.smx] "Console<0><Console><Console>" changed cvar (cvar "net_splitpacket_maxrate") (value "50000")
L 06/12/2022 - 02:12:56: [basecommands.smx] "Console<0><Console><Console>" changed cvar (cvar "fps_max") (value "0")
L 06/12/2022 - 02:12:56: [basecommands.smx] "Console<0><Console><Console>" changed cvar (cvar "sv_allowupload") (value "0")
L 06/12/2022 - 02:12:56: [basecommands.smx] "Console<0><Console><Console>" changed cvar (cvar "sv_allowdownload") (value "0")
L 06/12/2022 - 02:12:56: [basecommands.smx] "Console<0><Console><Console>" changed cvar (cvar "tick_door_speed") (value "1.30")
L 06/12/2022 - 02:12:56: [basecommands.smx] "Console<0><Console><Console>" changed cvar (cvar "sb_all_bot_game") (value "1")
L 06/12/2022 - 02:12:56: [basecommands.smx] "Console<0><Console><Console>" changed cvar (cvar "allow_all_bot_survivor_team") (value "0")
L 06/12/2022 - 02:26:34: -------- Mapchange to c4m3_sugarmill_b --------
L 06/12/2022 - 02:26:35: [basecommands.smx] "Console<0><Console><Console>" changed cvar (cvar "mp_gamemode") (value "versus")
L 06/12/2022 - 02:26:35: [basecommands.smx] "Console<0><Console><Console>" changed cvar (cvar "sv_minrate") (value "100000")
L 06/12/2022 - 02:26:35: [basecommands.smx] "Console<0><Console><Console>" changed cvar (cvar "sv_maxrate") (value "100000")
L 06/12/2022 - 02:26:35: [basecommands.smx] "Console<0><Console><Console>" changed cvar (cvar "sv_mincmdrate") (value "100")
L 06/12/2022 - 02:26:35: [basecommands.smx] "Console<0><Console><Console>" changed cvar (cvar "sv_maxcmdrate") (value "100")
L 06/12/2022 - 02:26:35: [basecommands.smx] "Console<0><Console><Console>" changed cvar (cvar "sv_maxupdaterate") (value "10sm_cvar")
L 06/12/2022 - 02:26:35: [basecommands.smx] "Console<0><Console><Console>" changed cvar (cvar "sv_maxrate") (value "100000")
L 06/12/2022 - 02:26:35: [basecommands.smx] "Console<0><Console><Console>" changed cvar (cvar "sv_minupdaterate") (value "100")
L 06/12/2022 - 02:26:35: [basecommands.smx] "Console<0><Console><Console>" changed cvar (cvar "sv_maxupdaterate") (value "100")
L 06/12/2022 - 02:26:35: [basecommands.smx] "Console<0><Console><Console>" changed cvar (cvar "sv_mincmdrate") (value "100")
L 06/12/2022 - 02:26:35: [basecommands.smx] "Console<0><Console><Console>" changed cvar (cvar "sv_maxcmdrate") (value "100")
L 06/12/2022 - 02:26:35: [basecommands.smx] "Console<0><Console><Console>" changed cvar (cvar "sv_client_min_interp_ratio") (value "-1")
L 06/12/2022 - 02:26:35: [basecommands.smx] "Console<0><Console><Console>" changed cvar (cvar "sv_client_max_interp_ratio") (value "0")
L 06/12/2022 - 02:26:35: [basecommands.smx] "Console<0><Console><Console>" changed cvar (cvar "nb_update_frequency") (value "0.014")
L 06/12/2022 - 02:26:35: [basecommands.smx] "Console<0><Console><Console>" changed cvar (cvar "net_splitpacket_maxrate") (value "50000")
L 06/12/2022 - 02:26:35: [basecommands.smx] "Console<0><Console><Console>" changed cvar (cvar "fps_max") (value "0")
L 06/12/2022 - 02:26:35: [basecommands.smx] "Console<0><Console><Console>" changed cvar (cvar "sv_allowupload") (value "0")
L 06/12/2022 - 02:26:35: [basecommands.smx] "Console<0><Console><Console>" changed cvar (cvar "sv_allowdownload") (value "0")
L 06/12/2022 - 02:26:35: [basecommands.smx] "Console<0><Console><Console>" changed cvar (cvar "tick_door_speed") (value "1.30")
L 06/12/2022 - 02:26:35: [basecommands.smx] "Console<0><Console><Console>" changed cvar (cvar "sb_all_bot_game") (value "1")
L 06/12/2022 - 02:26:35: [basecommands.smx] "Console<0><Console><Console>" changed cvar (cvar "allow_all_bot_survivor_team") (value "0")
L 06/12/2022 - 02:35:32: -------- Mapchange to c4m4_milltown_b --------
L 06/12/2022 - 02:35:33: [basecommands.smx] "Console<0><Console><Console>" changed cvar (cvar "mp_gamemode") (value "versus")
L 06/12/2022 - 02:35:33: [basecommands.smx] "Console<0><Console><Console>" changed cvar (cvar "sv_minrate") (value "100000")
L 06/12/2022 - 02:35:33: [basecommands.smx] "Console<0><Console><Console>" changed cvar (cvar "sv_maxrate") (value "100000")
L 06/12/2022 - 02:35:33: [basecommands.smx] "Console<0><Console><Console>" changed cvar (cvar "sv_mincmdrate") (value "100")
L 06/12/2022 - 02:35:33: [basecommands.smx] "Console<0><Console><Console>" changed cvar (cvar "sv_maxcmdrate") (value "100")
L 06/12/2022 - 02:35:33: [basecommands.smx] "Console<0><Console><Console>" changed cvar (cvar "sv_maxupdaterate") (value "10sm_cvar")
L 06/12/2022 - 02:35:33: [basecommands.smx] "Console<0><Console><Console>" changed cvar (cvar "sv_maxrate") (value "100000")
L 06/12/2022 - 02:35:33: [basecommands.smx] "Console<0><Console><Console>" changed cvar (cvar "sv_minupdaterate") (value "100")
L 06/12/2022 - 02:35:33: [basecommands.smx] "Console<0><Console><Console>" changed cvar (cvar "sv_maxupdaterate") (value "100")
L 06/12/2022 - 02:35:33: [basecommands.smx] "Console<0><Console><Console>" changed cvar (cvar "sv_mincmdrate") (value "100")
L 06/12/2022 - 02:35:33: [basecommands.smx] "Console<0><Console><Console>" changed cvar (cvar "sv_maxcmdrate") (value "100")
L 06/12/2022 - 02:35:33: [basecommands.smx] "Console<0><Console><Console>" changed cvar (cvar "sv_client_min_interp_ratio") (value "-1")
L 06/12/2022 - 02:35:33: [basecommands.smx] "Console<0><Console><Console>" changed cvar (cvar "sv_client_max_interp_ratio") (value "0")
L 06/12/2022 - 02:35:33: [basecommands.smx] "Console<0><Console><Console>" changed cvar (cvar "nb_update_frequency") (value "0.014")
L 06/12/2022 - 02:35:33: [basecommands.smx] "Console<0><Console><Console>" changed cvar (cvar "net_splitpacket_maxrate") (value "50000")
L 06/12/2022 - 02:35:33: [basecommands.smx] "Console<0><Console><Console>" changed cvar (cvar "fps_max") (value "0")
L 06/12/2022 - 02:35:33: [basecommands.smx] "Console<0><Console><Console>" changed cvar (cvar "sv_allowupload") (value "0")
L 06/12/2022 - 02:35:33: [basecommands.smx] "Console<0><Console><Console>" changed cvar (cvar "sv_allowdownload") (value "0")
L 06/12/2022 - 02:35:33: [basecommands.smx] "Console<0><Console><Console>" changed cvar (cvar "tick_door_speed") (value "1.30")
L 06/12/2022 - 02:35:33: [basecommands.smx] "Console<0><Console><Console>" changed cvar (cvar "sb_all_bot_game") (value "1")
L 06/12/2022 - 02:35:33: [basecommands.smx] "Console<0><Console><Console>" changed cvar (cvar "allow_all_bot_survivor_team") (value "0")
L 06/12/2022 - 02:48:10: -------- Mapchange to c4m5_milltown_escape --------
L 06/12/2022 - 02:48:11: [basecommands.smx] "Console<0><Console><Console>" changed cvar (cvar "mp_gamemode") (value "versus")
L 06/12/2022 - 02:48:11: [basecommands.smx] "Console<0><Console><Console>" changed cvar (cvar "sv_minrate") (value "100000")
L 06/12/2022 - 02:48:11: [basecommands.smx] "Console<0><Console><Console>" changed cvar (cvar "sv_maxrate") (value "100000")
L 06/12/2022 - 02:48:11: [basecommands.smx] "Console<0><Console><Console>" changed cvar (cvar "sv_mincmdrate") (value "100")
L 06/12/2022 - 02:48:11: [basecommands.smx] "Console<0><Console><Console>" changed cvar (cvar "sv_maxcmdrate") (value "100")
L 06/12/2022 - 02:48:11: [basecommands.smx] "Console<0><Console><Console>" changed cvar (cvar "sv_maxupdaterate") (value "10sm_cvar")
L 06/12/2022 - 02:48:11: [basecommands.smx] "Console<0><Console><Console>" changed cvar (cvar "sv_maxrate") (value "100000")
L 06/12/2022 - 02:48:11: [basecommands.smx] "Console<0><Console><Console>" changed cvar (cvar "sv_minupdaterate") (value "100")
L 06/12/2022 - 02:48:11: [basecommands.smx] "Console<0><Console><Console>" changed cvar (cvar "sv_maxupdaterate") (value "100")
L 06/12/2022 - 02:48:11: [basecommands.smx] "Console<0><Console><Console>" changed cvar (cvar "sv_mincmdrate") (value "100")
L 06/12/2022 - 02:48:11: [basecommands.smx] "Console<0><Console><Console>" changed cvar (cvar "sv_maxcmdrate") (value "100")
L 06/12/2022 - 02:48:11: [basecommands.smx] "Console<0><Console><Console>" changed cvar (cvar "sv_client_min_interp_ratio") (value "-1")
L 06/12/2022 - 02:48:11: [basecommands.smx] "Console<0><Console><Console>" changed cvar (cvar "sv_client_max_interp_ratio") (value "0")
L 06/12/2022 - 02:48:11: [basecommands.smx] "Console<0><Console><Console>" changed cvar (cvar "nb_update_frequency") (value "0.014")
L 06/12/2022 - 02:48:11: [basecommands.smx] "Console<0><Console><Console>" changed cvar (cvar "net_splitpacket_maxrate") (value "50000")
L 06/12/2022 - 02:48:11: [basecommands.smx] "Console<0><Console><Console>" changed cvar (cvar "fps_max") (value "0")
L 06/12/2022 - 02:48:11: [basecommands.smx] "Console<0><Console><Console>" changed cvar (cvar "sv_allowupload") (value "0")
L 06/12/2022 - 02:48:11: [basecommands.smx] "Console<0><Console><Console>" changed cvar (cvar "sv_allowdownload") (value "0")
L 06/12/2022 - 02:48:11: [basecommands.smx] "Console<0><Console><Console>" changed cvar (cvar "tick_door_speed") (value "1.30")
L 06/12/2022 - 02:48:11: [basecommands.smx] "Console<0><Console><Console>" changed cvar (cvar "sb_all_bot_game") (value "1")
L 06/12/2022 - 02:48:11: [basecommands.smx] "Console<0><Console><Console>" changed cvar (cvar "allow_all_bot_survivor_team") (value "0")
L 06/12/2022 - 18:38:13: SourceMod log file session started (file "/home/steam/l4d2/left4dead2/addons/sourcemod/logs/L20220612.log") (Version "1.10.0.6528")
L 06/12/2022 - 18:38:13: [basecommands.smx] "Console<0><Console><Console>" changed cvar (cvar "mp_gamemode") (value "versus")
L 06/12/2022 - 18:38:13: [basecommands.smx] "Console<0><Console><Console>" changed cvar (cvar "sv_minrate") (value "100000")
L 06/12/2022 - 18:38:13: [basecommands.smx] "Console<0><Console><Console>" changed cvar (cvar "sv_maxrate") (value "100000")
L 06/12/2022 - 18:38:13: [basecommands.smx] "Console<0><Console><Console>" changed cvar (cvar "sv_mincmdrate") (value "100")
L 06/12/2022 - 18:38:13: [basecommands.smx] "Console<0><Console><Console>" changed cvar (cvar "sv_maxcmdrate") (value "100")
L 06/12/2022 - 18:38:13: [basecommands.smx] "Console<0><Console><Console>" changed cvar (cvar "sv_maxupdaterate") (value "10sm_cvar")
L 06/12/2022 - 18:38:13: [basecommands.smx] "Console<0><Console><Console>" changed cvar (cvar "sv_maxrate") (value "100000")
L 06/12/2022 - 18:38:13: [basecommands.smx] "Console<0><Console><Console>" changed cvar (cvar "sv_minupdaterate") (value "100")
L 06/12/2022 - 18:38:13: [basecommands.smx] "Console<0><Console><Console>" changed cvar (cvar "sv_maxupdaterate") (value "100")
L 06/12/2022 - 18:38:13: [basecommands.smx] "Console<0><Console><Console>" changed cvar (cvar "sv_mincmdrate") (value "100")
L 06/12/2022 - 18:38:13: [basecommands.smx] "Console<0><Console><Console>" changed cvar (cvar "sv_maxcmdrate") (value "100")
L 06/12/2022 - 18:38:13: [basecommands.smx] "Console<0><Console><Console>" changed cvar (cvar "sv_client_min_interp_ratio") (value "-1")
L 06/12/2022 - 18:38:13: [basecommands.smx] "Console<0><Console><Console>" changed cvar (cvar "sv_client_max_interp_ratio") (value "0")
L 06/12/2022 - 18:38:13: [basecommands.smx] "Console<0><Console><Console>" changed cvar (cvar "nb_update_frequency") (value "0.014")
L 06/12/2022 - 18:38:13: [basecommands.smx] "Console<0><Console><Console>" changed cvar (cvar "net_splitpacket_maxrate") (value "50000")
L 06/12/2022 - 18:38:13: [basecommands.smx] "Console<0><Console><Console>" changed cvar (cvar "fps_max") (value "0")
L 06/12/2022 - 18:38:13: [basecommands.smx] "Console<0><Console><Console>" changed cvar (cvar "sv_allowupload") (value "0")
L 06/12/2022 - 18:38:13: [basecommands.smx] "Console<0><Console><Console>" changed cvar (cvar "sv_allowdownload") (value "0")
L 06/12/2022 - 18:38:13: [basecommands.smx] "Console<0><Console><Console>" changed cvar (cvar "tick_door_speed") (value "1.30")
L 06/12/2022 - 18:38:13: [basecommands.smx] "Console<0><Console><Console>" changed cvar (cvar "sb_all_bot_game") (value "1")
L 06/12/2022 - 18:38:13: [basecommands.smx] "Console<0><Console><Console>" changed cvar (cvar "allow_all_bot_survivor_team") (value "0")
L 06/12/2022 - 18:38:58: -------- Mapchange to c5m1_waterfront --------
L 06/12/2022 - 18:38:59: [basecommands.smx] "Console<0><Console><Console>" changed cvar (cvar "mp_gamemode") (value "versus")
L 06/12/2022 - 18:38:59: [basecommands.smx] "Console<0><Console><Console>" changed cvar (cvar "sv_minrate") (value "100000")
L 06/12/2022 - 18:38:59: [basecommands.smx] "Console<0><Console><Console>" changed cvar (cvar "sv_maxrate") (value "100000")
L 06/12/2022 - 18:38:59: [basecommands.smx] "Console<0><Console><Console>" changed cvar (cvar "sv_mincmdrate") (value "100")
L 06/12/2022 - 18:38:59: [basecommands.smx] "Console<0><Console><Console>" changed cvar (cvar "sv_maxcmdrate") (value "100")
L 06/12/2022 - 18:38:59: [basecommands.smx] "Console<0><Console><Console>" changed cvar (cvar "sv_maxupdaterate") (value "10sm_cvar")
L 06/12/2022 - 18:38:59: [basecommands.smx] "Console<0><Console><Console>" changed cvar (cvar "sv_maxrate") (value "100000")
L 06/12/2022 - 18:38:59: [basecommands.smx] "Console<0><Console><Console>" changed cvar (cvar "sv_minupdaterate") (value "100")
L 06/12/2022 - 18:38:59: [basecommands.smx] "Console<0><Console><Console>" changed cvar (cvar "sv_maxupdaterate") (value "100")
L 06/12/2022 - 18:38:59: [basecommands.smx] "Console<0><Console><Console>" changed cvar (cvar "sv_mincmdrate") (value "100")
L 06/12/2022 - 18:38:59: [basecommands.smx] "Console<0><Console><Console>" changed cvar (cvar "sv_maxcmdrate") (value "100")
L 06/12/2022 - 18:38:59: [basecommands.smx] "Console<0><Console><Console>" changed cvar (cvar "sv_client_min_interp_ratio") (value "-1")
L 06/12/2022 - 18:38:59: [basecommands.smx] "Console<0><Console><Console>" changed cvar (cvar "sv_client_max_interp_ratio") (value "0")
L 06/12/2022 - 18:38:59: [basecommands.smx] "Console<0><Console><Console>" changed cvar (cvar "nb_update_frequency") (value "0.014")
L 06/12/2022 - 18:38:59: [basecommands.smx] "Console<0><Console><Console>" changed cvar (cvar "net_splitpacket_maxrate") (value "50000")
L 06/12/2022 - 18:38:59: [basecommands.smx] "Console<0><Console><Console>" changed cvar (cvar "fps_max") (value "0")
L 06/12/2022 - 18:38:59: [basecommands.smx] "Console<0><Console><Console>" changed cvar (cvar "sv_allowupload") (value "0")
L 06/12/2022 - 18:38:59: [basecommands.smx] "Console<0><Console><Console>" changed cvar (cvar "sv_allowdownload") (value "0")
L 06/12/2022 - 18:38:59: [basecommands.smx] "Console<0><Console><Console>" changed cvar (cvar "tick_door_speed") (value "1.30")
L 06/12/2022 - 18:38:59: [basecommands.smx] "Console<0><Console><Console>" changed cvar (cvar "sb_all_bot_game") (value "1")
L 06/12/2022 - 18:38:59: [basecommands.smx] "Console<0><Console><Console>" changed cvar (cvar "allow_all_bot_survivor_team") (value "0")
L 06/12/2022 - 18:52:35: -------- Mapchange to c5m2_park --------
L 06/12/2022 - 18:52:37: [basecommands.smx] "Console<0><Console><Console>" changed cvar (cvar "mp_gamemode") (value "versus")
L 06/12/2022 - 18:52:37: [basecommands.smx] "Console<0><Console><Console>" changed cvar (cvar "sv_minrate") (value "100000")
L 06/12/2022 - 18:52:37: [basecommands.smx] "Console<0><Console><Console>" changed cvar (cvar "sv_maxrate") (value "100000")
L 06/12/2022 - 18:52:37: [basecommands.smx] "Console<0><Console><Console>" changed cvar (cvar "sv_mincmdrate") (value "100")
L 06/12/2022 - 18:52:37: [basecommands.smx] "Console<0><Console><Console>" changed cvar (cvar "sv_maxcmdrate") (value "100")
L 06/12/2022 - 18:52:37: [basecommands.smx] "Console<0><Console><Console>" changed cvar (cvar "sv_maxupdaterate") (value "10sm_cvar")
L 06/12/2022 - 18:52:37: [basecommands.smx] "Console<0><Console><Console>" changed cvar (cvar "sv_maxrate") (value "100000")
L 06/12/2022 - 18:52:37: [basecommands.smx] "Console<0><Console><Console>" changed cvar (cvar "sv_minupdaterate") (value "100")
L 06/12/2022 - 18:52:37: [basecommands.smx] "Console<0><Console><Console>" changed cvar (cvar "sv_maxupdaterate") (value "100")
L 06/12/2022 - 18:52:37: [basecommands.smx] "Console<0><Console><Console>" changed cvar (cvar "sv_mincmdrate") (value "100")
L 06/12/2022 - 18:52:37: [basecommands.smx] "Console<0><Console><Console>" changed cvar (cvar "sv_maxcmdrate") (value "100")
L 06/12/2022 - 18:52:37: [basecommands.smx] "Console<0><Console><Console>" changed cvar (cvar "sv_client_min_interp_ratio") (value "-1")
L 06/12/2022 - 18:52:37: [basecommands.smx] "Console<0><Console><Console>" changed cvar (cvar "sv_client_max_interp_ratio") (value "0")
L 06/12/2022 - 18:52:37: [basecommands.smx] "Console<0><Console><Console>" changed cvar (cvar "nb_update_frequency") (value "0.014")
L 06/12/2022 - 18:52:37: [basecommands.smx] "Console<0><Console><Console>" changed cvar (cvar "net_splitpacket_maxrate") (value "50000")
L 06/12/2022 - 18:52:37: [basecommands.smx] "Console<0><Console><Console>" changed cvar (cvar "fps_max") (value "0")
L 06/12/2022 - 18:52:37: [basecommands.smx] "Console<0><Console><Console>" changed cvar (cvar "sv_allowupload") (value "0")
L 06/12/2022 - 18:52:37: [basecommands.smx] "Console<0><Console><Console>" changed cvar (cvar "sv_allowdownload") (value "0")
L 06/12/2022 - 18:52:37: [basecommands.smx] "Console<0><Console><Console>" changed cvar (cvar "tick_door_speed") (value "1.30")
L 06/12/2022 - 18:52:37: [basecommands.smx] "Console<0><Console><Console>" changed cvar (cvar "sb_all_bot_game") (value "1")
L 06/12/2022 - 18:52:37: [basecommands.smx] "Console<0><Console><Console>" changed cvar (cvar "allow_all_bot_survivor_team") (value "0")
L 06/12/2022 - 19:14:41: -------- Mapchange to c5m3_cemetery --------
L 06/12/2022 - 19:14:43: [basecommands.smx] "Console<0><Console><Console>" changed cvar (cvar "mp_gamemode") (value "versus")
L 06/12/2022 - 19:14:43: [basecommands.smx] "Console<0><Console><Console>" changed cvar (cvar "sv_minrate") (value "100000")
L 06/12/2022 - 19:14:43: [basecommands.smx] "Console<0><Console><Console>" changed cvar (cvar "sv_maxrate") (value "100000")
L 06/12/2022 - 19:14:43: [basecommands.smx] "Console<0><Console><Console>" changed cvar (cvar "sv_mincmdrate") (value "100")
L 06/12/2022 - 19:14:43: [basecommands.smx] "Console<0><Console><Console>" changed cvar (cvar "sv_maxcmdrate") (value "100")
L 06/12/2022 - 19:14:43: [basecommands.smx] "Console<0><Console><Console>" changed cvar (cvar "sv_maxupdaterate") (value "10sm_cvar")
L 06/12/2022 - 19:14:43: [basecommands.smx] "Console<0><Console><Console>" changed cvar (cvar "sv_maxrate") (value "100000")
L 06/12/2022 - 19:14:43: [basecommands.smx] "Console<0><Console><Console>" changed cvar (cvar "sv_minupdaterate") (value "100")
L 06/12/2022 - 19:14:43: [basecommands.smx] "Console<0><Console><Console>" changed cvar (cvar "sv_maxupdaterate") (value "100")
L 06/12/2022 - 19:14:43: [basecommands.smx] "Console<0><Console><Console>" changed cvar (cvar "sv_mincmdrate") (value "100")
L 06/12/2022 - 19:14:43: [basecommands.smx] "Console<0><Console><Console>" changed cvar (cvar "sv_maxcmdrate") (value "100")
L 06/12/2022 - 19:14:43: [basecommands.smx] "Console<0><Console><Console>" changed cvar (cvar "sv_client_min_interp_ratio") (value "-1")
L 06/12/2022 - 19:14:43: [basecommands.smx] "Console<0><Console><Console>" changed cvar (cvar "sv_client_max_interp_ratio") (value "0")
L 06/12/2022 - 19:14:43: [basecommands.smx] "Console<0><Console><Console>" changed cvar (cvar "nb_update_frequency") (value "0.014")
L 06/12/2022 - 19:14:43: [basecommands.smx] "Console<0><Console><Console>" changed cvar (cvar "net_splitpacket_maxrate") (value "50000")
L 06/12/2022 - 19:14:43: [basecommands.smx] "Console<0><Console><Console>" changed cvar (cvar "fps_max") (value "0")
L 06/12/2022 - 19:14:43: [basecommands.smx] "Console<0><Console><Console>" changed cvar (cvar "sv_allowupload") (value "0")
L 06/12/2022 - 19:14:43: [basecommands.smx] "Console<0><Console><Console>" changed cvar (cvar "sv_allowdownload") (value "0")
L 06/12/2022 - 19:14:43: [basecommands.smx] "Console<0><Console><Console>" changed cvar (cvar "tick_door_speed") (value "1.30")
L 06/12/2022 - 19:14:43: [basecommands.smx] "Console<0><Console><Console>" changed cvar (cvar "sb_all_bot_game") (value "1")
L 06/12/2022 - 19:14:43: [basecommands.smx] "Console<0><Console><Console>" changed cvar (cvar "allow_all_bot_survivor_team") (value "0")
L 06/12/2022 - 19:32:36: -------- Mapchange to c5m4_quarter --------
L 06/12/2022 - 19:32:38: [basecommands.smx] "Console<0><Console><Console>" changed cvar (cvar "mp_gamemode") (value "versus")
L 06/12/2022 - 19:32:38: [basecommands.smx] "Console<0><Console><Console>" changed cvar (cvar "sv_minrate") (value "100000")
L 06/12/2022 - 19:32:38: [basecommands.smx] "Console<0><Console><Console>" changed cvar (cvar "sv_maxrate") (value "100000")
L 06/12/2022 - 19:32:38: [basecommands.smx] "Console<0><Console><Console>" changed cvar (cvar "sv_mincmdrate") (value "100")
L 06/12/2022 - 19:32:38: [basecommands.smx] "Console<0><Console><Console>" changed cvar (cvar "sv_maxcmdrate") (value "100")
L 06/12/2022 - 19:32:38: [basecommands.smx] "Console<0><Console><Console>" changed cvar (cvar "sv_maxupdaterate") (value "10sm_cvar")
L 06/12/2022 - 19:32:38: [basecommands.smx] "Console<0><Console><Console>" changed cvar (cvar "sv_maxrate") (value "100000")
L 06/12/2022 - 19:32:38: [basecommands.smx] "Console<0><Console><Console>" changed cvar (cvar "sv_minupdaterate") (value "100")
L 06/12/2022 - 19:32:38: [basecommands.smx] "Console<0><Console><Console>" changed cvar (cvar "sv_maxupdaterate") (value "100")
L 06/12/2022 - 19:32:38: [basecommands.smx] "Console<0><Console><Console>" changed cvar (cvar "sv_mincmdrate") (value "100")
L 06/12/2022 - 19:32:38: [basecommands.smx] "Console<0><Console><Console>" changed cvar (cvar "sv_maxcmdrate") (value "100")
L 06/12/2022 - 19:32:38: [basecommands.smx] "Console<0><Console><Console>" changed cvar (cvar "sv_client_min_interp_ratio") (value "-1")
L 06/12/2022 - 19:32:38: [basecommands.smx] "Console<0><Console><Console>" changed cvar (cvar "sv_client_max_interp_ratio") (value "0")
L 06/12/2022 - 19:32:38: [basecommands.smx] "Console<0><Console><Console>" changed cvar (cvar "nb_update_frequency") (value "0.014")
L 06/12/2022 - 19:32:38: [basecommands.smx] "Console<0><Console><Console>" changed cvar (cvar "net_splitpacket_maxrate") (value "50000")
L 06/12/2022 - 19:32:38: [basecommands.smx] "Console<0><Console><Console>" changed cvar (cvar "fps_max") (value "0")
L 06/12/2022 - 19:32:38: [basecommands.smx] "Console<0><Console><Console>" changed cvar (cvar "sv_allowupload") (value "0")
L 06/12/2022 - 19:32:38: [basecommands.smx] "Console<0><Console><Console>" changed cvar (cvar "sv_allowdownload") (value "0")
L 06/12/2022 - 19:32:38: [basecommands.smx] "Console<0><Console><Console>" changed cvar (cvar "tick_door_speed") (value "1.30")
L 06/12/2022 - 19:32:38: [basecommands.smx] "Console<0><Console><Console>" changed cvar (cvar "sb_all_bot_game") (value "1")
L 06/12/2022 - 19:32:38: [basecommands.smx] "Console<0><Console><Console>" changed cvar (cvar "allow_all_bot_survivor_team") (value "0")
L 06/12/2022 - 19:57:45: -------- Mapchange to c5m5_bridge --------
L 06/12/2022 - 19:57:48: [basecommands.smx] "Console<0><Console><Console>" changed cvar (cvar "mp_gamemode") (value "versus")
L 06/12/2022 - 19:57:48: [basecommands.smx] "Console<0><Console><Console>" changed cvar (cvar "sv_minrate") (value "100000")
L 06/12/2022 - 19:57:48: [basecommands.smx] "Console<0><Console><Console>" changed cvar (cvar "sv_maxrate") (value "100000")
L 06/12/2022 - 19:57:48: [basecommands.smx] "Console<0><Console><Console>" changed cvar (cvar "sv_mincmdrate") (value "100")
L 06/12/2022 - 19:57:48: [basecommands.smx] "Console<0><Console><Console>" changed cvar (cvar "sv_maxcmdrate") (value "100")
L 06/12/2022 - 19:57:48: [basecommands.smx] "Console<0><Console><Console>" changed cvar (cvar "sv_maxupdaterate") (value "10sm_cvar")
L 06/12/2022 - 19:57:48: [basecommands.smx] "Console<0><Console><Console>" changed cvar (cvar "sv_maxrate") (value "100000")
L 06/12/2022 - 19:57:48: [basecommands.smx] "Console<0><Console><Console>" changed cvar (cvar "sv_minupdaterate") (value "100")
L 06/12/2022 - 19:57:48: [basecommands.smx] "Console<0><Console><Console>" changed cvar (cvar "sv_maxupdaterate") (value "100")
L 06/12/2022 - 19:57:48: [basecommands.smx] "Console<0><Console><Console>" changed cvar (cvar "sv_mincmdrate") (value "100")
L 06/12/2022 - 19:57:48: [basecommands.smx] "Console<0><Console><Console>" changed cvar (cvar "sv_maxcmdrate") (value "100")
L 06/12/2022 - 19:57:48: [basecommands.smx] "Console<0><Console><Console>" changed cvar (cvar "sv_client_min_interp_ratio") (value "-1")
L 06/12/2022 - 19:57:48: [basecommands.smx] "Console<0><Console><Console>" changed cvar (cvar "sv_client_max_interp_ratio") (value "0")
L 06/12/2022 - 19:57:48: [basecommands.smx] "Console<0><Console><Console>" changed cvar (cvar "nb_update_frequency") (value "0.014")
L 06/12/2022 - 19:57:48: [basecommands.smx] "Console<0><Console><Console>" changed cvar (cvar "net_splitpacket_maxrate") (value "50000")
L 06/12/2022 - 19:57:48: [basecommands.smx] "Console<0><Console><Console>" changed cvar (cvar "fps_max") (value "0")
L 06/12/2022 - 19:57:48: [basecommands.smx] "Console<0><Console><Console>" changed cvar (cvar "sv_allowupload") (value "0")
L 06/12/2022 - 19:57:48: [basecommands.smx] "Console<0><Console><Console>" changed cvar (cvar "sv_allowdownload") (value "0")
L 06/12/2022 - 19:57:48: [basecommands.smx] "Console<0><Console><Console>" changed cvar (cvar "tick_door_speed") (value "1.30")
L 06/12/2022 - 19:57:48: [basecommands.smx] "Console<0><Console><Console>" changed cvar (cvar "sb_all_bot_game") (value "1")
L 06/12/2022 - 19:57:48: [basecommands.smx] "Console<0><Console><Console>" changed cvar (cvar "allow_all_bot_survivor_team") (value "0")
L 06/12/2022 - 20:03:21: -------- Mapchange to c10m1_caves --------
L 06/12/2022 - 20:03:23: [basecommands.smx] "Console<0><Console><Console>" changed cvar (cvar "mp_gamemode") (value "versus")
L 06/12/2022 - 20:03:23: [basecommands.smx] "Console<0><Console><Console>" changed cvar (cvar "sv_minrate") (value "100000")
L 06/12/2022 - 20:03:23: [basecommands.smx] "Console<0><Console><Console>" changed cvar (cvar "sv_maxrate") (value "100000")
L 06/12/2022 - 20:03:23: [basecommands.smx] "Console<0><Console><Console>" changed cvar (cvar "sv_mincmdrate") (value "100")
L 06/12/2022 - 20:03:23: [basecommands.smx] "Console<0><Console><Console>" changed cvar (cvar "sv_maxcmdrate") (value "100")
L 06/12/2022 - 20:03:23: [basecommands.smx] "Console<0><Console><Console>" changed cvar (cvar "sv_maxupdaterate") (value "10sm_cvar")
L 06/12/2022 - 20:03:23: [basecommands.smx] "Console<0><Console><Console>" changed cvar (cvar "sv_maxrate") (value "100000")
L 06/12/2022 - 20:03:23: [basecommands.smx] "Console<0><Console><Console>" changed cvar (cvar "sv_minupdaterate") (value "100")
L 06/12/2022 - 20:03:23: [basecommands.smx] "Console<0><Console><Console>" changed cvar (cvar "sv_maxupdaterate") (value "100")
L 06/12/2022 - 20:03:23: [basecommands.smx] "Console<0><Console><Console>" changed cvar (cvar "sv_mincmdrate") (value "100")
L 06/12/2022 - 20:03:23: [basecommands.smx] "Console<0><Console><Console>" changed cvar (cvar "sv_maxcmdrate") (value "100")
L 06/12/2022 - 20:03:23: [basecommands.smx] "Console<0><Console><Console>" changed cvar (cvar "sv_client_min_interp_ratio") (value "-1")
L 06/12/2022 - 20:03:23: [basecommands.smx] "Console<0><Console><Console>" changed cvar (cvar "sv_client_max_interp_ratio") (value "0")
L 06/12/2022 - 20:03:23: [basecommands.smx] "Console<0><Console><Console>" changed cvar (cvar "nb_update_frequency") (value "0.014")
L 06/12/2022 - 20:03:23: [basecommands.smx] "Console<0><Console><Console>" changed cvar (cvar "net_splitpacket_maxrate") (value "50000")
L 06/12/2022 - 20:03:23: [basecommands.smx] "Console<0><Console><Console>" changed cvar (cvar "fps_max") (value "0")
L 06/12/2022 - 20:03:23: [basecommands.smx] "Console<0><Console><Console>" changed cvar (cvar "sv_allowupload") (value "0")
L 06/12/2022 - 20:03:23: [basecommands.smx] "Console<0><Console><Console>" changed cvar (cvar "sv_allowdownload") (value "0")
L 06/12/2022 - 20:03:23: [basecommands.smx] "Console<0><Console><Console>" changed cvar (cvar "tick_door_speed") (value "1.30")
L 06/12/2022 - 20:03:23: [basecommands.smx] "Console<0><Console><Console>" changed cvar (cvar "sb_all_bot_game") (value "1")
L 06/12/2022 - 20:03:23: [basecommands.smx] "Console<0><Console><Console>" changed cvar (cvar "allow_all_bot_survivor_team") (value "0")
L 06/12/2022 - 20:05:28: -------- Mapchange to c1m1_hotel --------
L 06/12/2022 - 20:05:29: [basecommands.smx] "Console<0><Console><Console>" changed cvar (cvar "mp_gamemode") (value "versus")
L 06/12/2022 - 20:05:29: [basecommands.smx] "Console<0><Console><Console>" changed cvar (cvar "sv_minrate") (value "100000")
L 06/12/2022 - 20:05:29: [basecommands.smx] "Console<0><Console><Console>" changed cvar (cvar "sv_maxrate") (value "100000")
L 06/12/2022 - 20:05:29: [basecommands.smx] "Console<0><Console><Console>" changed cvar (cvar "sv_mincmdrate") (value "100")
L 06/12/2022 - 20:05:29: [basecommands.smx] "Console<0><Console><Console>" changed cvar (cvar "sv_maxcmdrate") (value "100")
L 06/12/2022 - 20:05:29: [basecommands.smx] "Console<0><Console><Console>" changed cvar (cvar "sv_maxupdaterate") (value "10sm_cvar")
L 06/12/2022 - 20:05:29: [basecommands.smx] "Console<0><Console><Console>" changed cvar (cvar "sv_maxrate") (value "100000")
L 06/12/2022 - 20:05:29: [basecommands.smx] "Console<0><Console><Console>" changed cvar (cvar "sv_minupdaterate") (value "100")
L 06/12/2022 - 20:05:29: [basecommands.smx] "Console<0><Console><Console>" changed cvar (cvar "sv_maxupdaterate") (value "100")
L 06/12/2022 - 20:05:29: [basecommands.smx] "Console<0><Console><Console>" changed cvar (cvar "sv_mincmdrate") (value "100")
L 06/12/2022 - 20:05:29: [basecommands.smx] "Console<0><Console><Console>" changed cvar (cvar "sv_maxcmdrate") (value "100")
L 06/12/2022 - 20:05:29: [basecommands.smx] "Console<0><Console><Console>" changed cvar (cvar "sv_client_min_interp_ratio") (value "-1")
L 06/12/2022 - 20:05:29: [basecommands.smx] "Console<0><Console><Console>" changed cvar (cvar "sv_client_max_interp_ratio") (value "0")
L 06/12/2022 - 20:05:29: [basecommands.smx] "Console<0><Console><Console>" changed cvar (cvar "nb_update_frequency") (value "0.014")
L 06/12/2022 - 20:05:29: [basecommands.smx] "Console<0><Console><Console>" changed cvar (cvar "net_splitpacket_maxrate") (value "50000")
L 06/12/2022 - 20:05:29: [basecommands.smx] "Console<0><Console><Console>" changed cvar (cvar "fps_max") (value "0")
L 06/12/2022 - 20:05:29: [basecommands.smx] "Console<0><Console><Console>" changed cvar (cvar "sv_allowupload") (value "0")
L 06/12/2022 - 20:05:29: [basecommands.smx] "Console<0><Console><Console>" changed cvar (cvar "sv_allowdownload") (value "0")
L 06/12/2022 - 20:05:29: [basecommands.smx] "Console<0><Console><Console>" changed cvar (cvar "tick_door_speed") (value "1.30")
L 06/12/2022 - 20:05:29: [basecommands.smx] "Console<0><Console><Console>" changed cvar (cvar "sb_all_bot_game") (value "1")
L 06/12/2022 - 20:05:29: [basecommands.smx] "Console<0><Console><Console>" changed cvar (cvar "allow_all_bot_survivor_team") (value "0")
L 06/12/2022 - 20:15:04: -------- Mapchange to c1m2_streets --------
L 06/12/2022 - 20:15:06: [basecommands.smx] "Console<0><Console><Console>" changed cvar (cvar "mp_gamemode") (value "versus")
L 06/12/2022 - 20:15:06: [basecommands.smx] "Console<0><Console><Console>" changed cvar (cvar "sv_minrate") (value "100000")
L 06/12/2022 - 20:15:06: [basecommands.smx] "Console<0><Console><Console>" changed cvar (cvar "sv_maxrate") (value "100000")
L 06/12/2022 - 20:15:06: [basecommands.smx] "Console<0><Console><Console>" changed cvar (cvar "sv_mincmdrate") (value "100")
L 06/12/2022 - 20:15:06: [basecommands.smx] "Console<0><Console><Console>" changed cvar (cvar "sv_maxcmdrate") (value "100")
L 06/12/2022 - 20:15:06: [basecommands.smx] "Console<0><Console><Console>" changed cvar (cvar "sv_maxupdaterate") (value "10sm_cvar")
L 06/12/2022 - 20:15:06: [basecommands.smx] "Console<0><Console><Console>" changed cvar (cvar "sv_maxrate") (value "100000")
L 06/12/2022 - 20:15:06: [basecommands.smx] "Console<0><Console><Console>" changed cvar (cvar "sv_minupdaterate") (value "100")
L 06/12/2022 - 20:15:06: [basecommands.smx] "Console<0><Console><Console>" changed cvar (cvar "sv_maxupdaterate") (value "100")
L 06/12/2022 - 20:15:06: [basecommands.smx] "Console<0><Console><Console>" changed cvar (cvar "sv_mincmdrate") (value "100")
L 06/12/2022 - 20:15:06: [basecommands.smx] "Console<0><Console><Console>" changed cvar (cvar "sv_maxcmdrate") (value "100")
L 06/12/2022 - 20:15:06: [basecommands.smx] "Console<0><Console><Console>" changed cvar (cvar "sv_client_min_interp_ratio") (value "-1")
L 06/12/2022 - 20:15:06: [basecommands.smx] "Console<0><Console><Console>" changed cvar (cvar "sv_client_max_interp_ratio") (value "0")
L 06/12/2022 - 20:15:06: [basecommands.smx] "Console<0><Console><Console>" changed cvar (cvar "nb_update_frequency") (value "0.014")
L 06/12/2022 - 20:15:06: [basecommands.smx] "Console<0><Console><Console>" changed cvar (cvar "net_splitpacket_maxrate") (value "50000")
L 06/12/2022 - 20:15:06: [basecommands.smx] "Console<0><Console><Console>" changed cvar (cvar "fps_max") (value "0")
L 06/12/2022 - 20:15:06: [basecommands.smx] "Console<0><Console><Console>" changed cvar (cvar "sv_allowupload") (value "0")
L 06/12/2022 - 20:15:06: [basecommands.smx] "Console<0><Console><Console>" changed cvar (cvar "sv_allowdownload") (value "0")
L 06/12/2022 - 20:15:06: [basecommands.smx] "Console<0><Console><Console>" changed cvar (cvar "tick_door_speed") (value "1.30")
L 06/12/2022 - 20:15:06: [basecommands.smx] "Console<0><Console><Console>" changed cvar (cvar "sb_all_bot_game") (value "1")
L 06/12/2022 - 20:15:06: [basecommands.smx] "Console<0><Console><Console>" changed cvar (cvar "allow_all_bot_survivor_team") (value "0")
L 06/12/2022 - 20:43:03: -------- Mapchange to c1m3_mall --------
L 06/12/2022 - 20:43:05: [basecommands.smx] "Console<0><Console><Console>" changed cvar (cvar "mp_gamemode") (value "versus")
L 06/12/2022 - 20:43:05: [basecommands.smx] "Console<0><Console><Console>" changed cvar (cvar "sv_minrate") (value "100000")
L 06/12/2022 - 20:43:05: [basecommands.smx] "Console<0><Console><Console>" changed cvar (cvar "sv_maxrate") (value "100000")
L 06/12/2022 - 20:43:05: [basecommands.smx] "Console<0><Console><Console>" changed cvar (cvar "sv_mincmdrate") (value "100")
L 06/12/2022 - 20:43:05: [basecommands.smx] "Console<0><Console><Console>" changed cvar (cvar "sv_maxcmdrate") (value "100")
L 06/12/2022 - 20:43:05: [basecommands.smx] "Console<0><Console><Console>" changed cvar (cvar "sv_maxupdaterate") (value "10sm_cvar")
L 06/12/2022 - 20:43:05: [basecommands.smx] "Console<0><Console><Console>" changed cvar (cvar "sv_maxrate") (value "100000")
L 06/12/2022 - 20:43:05: [basecommands.smx] "Console<0><Console><Console>" changed cvar (cvar "sv_minupdaterate") (value "100")
L 06/12/2022 - 20:43:05: [basecommands.smx] "Console<0><Console><Console>" changed cvar (cvar "sv_maxupdaterate") (value "100")
L 06/12/2022 - 20:43:05: [basecommands.smx] "Console<0><Console><Console>" changed cvar (cvar "sv_mincmdrate") (value "100")
L 06/12/2022 - 20:43:05: [basecommands.smx] "Console<0><Console><Console>" changed cvar (cvar "sv_maxcmdrate") (value "100")
L 06/12/2022 - 20:43:05: [basecommands.smx] "Console<0><Console><Console>" changed cvar (cvar "sv_client_min_interp_ratio") (value "-1")
L 06/12/2022 - 20:43:05: [basecommands.smx] "Console<0><Console><Console>" changed cvar (cvar "sv_client_max_interp_ratio") (value "0")
L 06/12/2022 - 20:43:05: [basecommands.smx] "Console<0><Console><Console>" changed cvar (cvar "nb_update_frequency") (value "0.014")
L 06/12/2022 - 20:43:05: [basecommands.smx] "Console<0><Console><Console>" changed cvar (cvar "net_splitpacket_maxrate") (value "50000")
L 06/12/2022 - 20:43:05: [basecommands.smx] "Console<0><Console><Console>" changed cvar (cvar "fps_max") (value "0")
L 06/12/2022 - 20:43:05: [basecommands.smx] "Console<0><Console><Console>" changed cvar (cvar "sv_allowupload") (value "0")
L 06/12/2022 - 20:43:05: [basecommands.smx] "Console<0><Console><Console>" changed cvar (cvar "sv_allowdownload") (value "0")
L 06/12/2022 - 20:43:05: [basecommands.smx] "Console<0><Console><Console>" changed cvar (cvar "tick_door_speed") (value "1.30")
L 06/12/2022 - 20:43:05: [basecommands.smx] "Console<0><Console><Console>" changed cvar (cvar "sb_all_bot_game") (value "1")
L 06/12/2022 - 20:43:05: [basecommands.smx] "Console<0><Console><Console>" changed cvar (cvar "allow_all_bot_survivor_team") (value "0")
L 06/12/2022 - 20:57:06: -------- Mapchange to c1m4_atrium --------
L 06/12/2022 - 20:57:07: [basecommands.smx] "Console<0><Console><Console>" changed cvar (cvar "mp_gamemode") (value "versus")
L 06/12/2022 - 20:57:07: [basecommands.smx] "Console<0><Console><Console>" changed cvar (cvar "sv_minrate") (value "100000")
L 06/12/2022 - 20:57:07: [basecommands.smx] "Console<0><Console><Console>" changed cvar (cvar "sv_maxrate") (value "100000")
L 06/12/2022 - 20:57:07: [basecommands.smx] "Console<0><Console><Console>" changed cvar (cvar "sv_mincmdrate") (value "100")
L 06/12/2022 - 20:57:07: [basecommands.smx] "Console<0><Console><Console>" changed cvar (cvar "sv_maxcmdrate") (value "100")
L 06/12/2022 - 20:57:07: [basecommands.smx] "Console<0><Console><Console>" changed cvar (cvar "sv_maxupdaterate") (value "10sm_cvar")
L 06/12/2022 - 20:57:07: [basecommands.smx] "Console<0><Console><Console>" changed cvar (cvar "sv_maxrate") (value "100000")
L 06/12/2022 - 20:57:07: [basecommands.smx] "Console<0><Console><Console>" changed cvar (cvar "sv_minupdaterate") (value "100")
L 06/12/2022 - 20:57:07: [basecommands.smx] "Console<0><Console><Console>" changed cvar (cvar "sv_maxupdaterate") (value "100")
L 06/12/2022 - 20:57:07: [basecommands.smx] "Console<0><Console><Console>" changed cvar (cvar "sv_mincmdrate") (value "100")
L 06/12/2022 - 20:57:07: [basecommands.smx] "Console<0><Console><Console>" changed cvar (cvar "sv_maxcmdrate") (value "100")
L 06/12/2022 - 20:57:07: [basecommands.smx] "Console<0><Console><Console>" changed cvar (cvar "sv_client_min_interp_ratio") (value "-1")
L 06/12/2022 - 20:57:07: [basecommands.smx] "Console<0><Console><Console>" changed cvar (cvar "sv_client_max_interp_ratio") (value "0")
L 06/12/2022 - 20:57:07: [basecommands.smx] "Console<0><Console><Console>" changed cvar (cvar "nb_update_frequency") (value "0.014")
L 06/12/2022 - 20:57:07: [basecommands.smx] "Console<0><Console><Console>" changed cvar (cvar "net_splitpacket_maxrate") (value "50000")
L 06/12/2022 - 20:57:07: [basecommands.smx] "Console<0><Console><Console>" changed cvar (cvar "fps_max") (value "0")
L 06/12/2022 - 20:57:07: [basecommands.smx] "Console<0><Console><Console>" changed cvar (cvar "sv_allowupload") (value "0")
L 06/12/2022 - 20:57:07: [basecommands.smx] "Console<0><Console><Console>" changed cvar (cvar "sv_allowdownload") (value "0")
L 06/12/2022 - 20:57:07: [basecommands.smx] "Console<0><Console><Console>" changed cvar (cvar "tick_door_speed") (value "1.30")
L 06/12/2022 - 20:57:07: [basecommands.smx] "Console<0><Console><Console>" changed cvar (cvar "sb_all_bot_game") (value "1")
L 06/12/2022 - 20:57:07: [basecommands.smx] "Console<0><Console><Console>" changed cvar (cvar "allow_all_bot_survivor_team") (value "0")
L 06/12/2022 - 21:06:38: -------- Mapchange to c1m1_hotel --------
L 06/12/2022 - 21:06:38: [basecommands.smx] "Console<0><Console><Console>" changed cvar (cvar "mp_gamemode") (value "versus")
L 06/12/2022 - 21:06:38: [basecommands.smx] "Console<0><Console><Console>" changed cvar (cvar "sv_minrate") (value "100000")
L 06/12/2022 - 21:06:38: [basecommands.smx] "Console<0><Console><Console>" changed cvar (cvar "sv_maxrate") (value "100000")
L 06/12/2022 - 21:06:38: [basecommands.smx] "Console<0><Console><Console>" changed cvar (cvar "sv_mincmdrate") (value "100")
L 06/12/2022 - 21:06:38: [basecommands.smx] "Console<0><Console><Console>" changed cvar (cvar "sv_maxcmdrate") (value "100")
L 06/12/2022 - 21:06:38: [basecommands.smx] "Console<0><Console><Console>" changed cvar (cvar "sv_maxupdaterate") (value "10sm_cvar")
L 06/12/2022 - 21:06:38: [basecommands.smx] "Console<0><Console><Console>" changed cvar (cvar "sv_maxrate") (value "100000")
L 06/12/2022 - 21:06:38: [basecommands.smx] "Console<0><Console><Console>" changed cvar (cvar "sv_minupdaterate") (value "100")
L 06/12/2022 - 21:06:38: [basecommands.smx] "Console<0><Console><Console>" changed cvar (cvar "sv_maxupdaterate") (value "100")
L 06/12/2022 - 21:06:38: [basecommands.smx] "Console<0><Console><Console>" changed cvar (cvar "sv_mincmdrate") (value "100")
L 06/12/2022 - 21:06:38: [basecommands.smx] "Console<0><Console><Console>" changed cvar (cvar "sv_maxcmdrate") (value "100")
L 06/12/2022 - 21:06:38: [basecommands.smx] "Console<0><Console><Console>" changed cvar (cvar "sv_client_min_interp_ratio") (value "-1")
L 06/12/2022 - 21:06:38: [basecommands.smx] "Console<0><Console><Console>" changed cvar (cvar "sv_client_max_interp_ratio") (value "0")
L 06/12/2022 - 21:06:38: [basecommands.smx] "Console<0><Console><Console>" changed cvar (cvar "nb_update_frequency") (value "0.014")
L 06/12/2022 - 21:06:38: [basecommands.smx] "Console<0><Console><Console>" changed cvar (cvar "net_splitpacket_maxrate") (value "50000")
L 06/12/2022 - 21:06:38: [basecommands.smx] "Console<0><Console><Console>" changed cvar (cvar "fps_max") (value "0")
L 06/12/2022 - 21:06:38: [basecommands.smx] "Console<0><Console><Console>" changed cvar (cvar "sv_allowupload") (value "0")
L 06/12/2022 - 21:06:38: [basecommands.smx] "Console<0><Console><Console>" changed cvar (cvar "sv_allowdownload") (value "0")
L 06/12/2022 - 21:06:38: [basecommands.smx] "Console<0><Console><Console>" changed cvar (cvar "tick_door_speed") (value "1.30")
L 06/12/2022 - 21:06:38: [basecommands.smx] "Console<0><Console><Console>" changed cvar (cvar "sb_all_bot_game") (value "1")
L 06/12/2022 - 21:06:38: [basecommands.smx] "Console<0><Console><Console>" changed cvar (cvar "allow_all_bot_survivor_team") (value "0")
L 06/12/2022 - 21:15:14: -------- Mapchange to c11m1_greenhouse --------
L 06/12/2022 - 21:15:16: [basecommands.smx] "Console<0><Console><Console>" changed cvar (cvar "mp_gamemode") (value "versus")
L 06/12/2022 - 21:15:16: [basecommands.smx] "Console<0><Console><Console>" changed cvar (cvar "sv_minrate") (value "100000")
L 06/12/2022 - 21:15:16: [basecommands.smx] "Console<0><Console><Console>" changed cvar (cvar "sv_maxrate") (value "100000")
L 06/12/2022 - 21:15:16: [basecommands.smx] "Console<0><Console><Console>" changed cvar (cvar "sv_mincmdrate") (value "100")
L 06/12/2022 - 21:15:16: [basecommands.smx] "Console<0><Console><Console>" changed cvar (cvar "sv_maxcmdrate") (value "100")
L 06/12/2022 - 21:15:16: [basecommands.smx] "Console<0><Console><Console>" changed cvar (cvar "sv_maxupdaterate") (value "10sm_cvar")
L 06/12/2022 - 21:15:16: [basecommands.smx] "Console<0><Console><Console>" changed cvar (cvar "sv_maxrate") (value "100000")
L 06/12/2022 - 21:15:16: [basecommands.smx] "Console<0><Console><Console>" changed cvar (cvar "sv_minupdaterate") (value "100")
L 06/12/2022 - 21:15:16: [basecommands.smx] "Console<0><Console><Console>" changed cvar (cvar "sv_maxupdaterate") (value "100")
L 06/12/2022 - 21:15:16: [basecommands.smx] "Console<0><Console><Console>" changed cvar (cvar "sv_mincmdrate") (value "100")
L 06/12/2022 - 21:15:16: [basecommands.smx] "Console<0><Console><Console>" changed cvar (cvar "sv_maxcmdrate") (value "100")
L 06/12/2022 - 21:15:16: [basecommands.smx] "Console<0><Console><Console>" changed cvar (cvar "sv_client_min_interp_ratio") (value "-1")
L 06/12/2022 - 21:15:16: [basecommands.smx] "Console<0><Console><Console>" changed cvar (cvar "sv_client_max_interp_ratio") (value "0")
L 06/12/2022 - 21:15:16: [basecommands.smx] "Console<0><Console><Console>" changed cvar (cvar "nb_update_frequency") (value "0.014")
L 06/12/2022 - 21:15:16: [basecommands.smx] "Console<0><Console><Console>" changed cvar (cvar "net_splitpacket_maxrate") (value "50000")
L 06/12/2022 - 21:15:16: [basecommands.smx] "Console<0><Console><Console>" changed cvar (cvar "fps_max") (value "0")
L 06/12/2022 - 21:15:16: [basecommands.smx] "Console<0><Console><Console>" changed cvar (cvar "sv_allowupload") (value "0")
L 06/12/2022 - 21:15:16: [basecommands.smx] "Console<0><Console><Console>" changed cvar (cvar "sv_allowdownload") (value "0")
L 06/12/2022 - 21:15:16: [basecommands.smx] "Console<0><Console><Console>" changed cvar (cvar "tick_door_speed") (value "1.30")
L 06/12/2022 - 21:15:16: [basecommands.smx] "Console<0><Console><Console>" changed cvar (cvar "sb_all_bot_game") (value "1")
L 06/12/2022 - 21:15:16: [basecommands.smx] "Console<0><Console><Console>" changed cvar (cvar "allow_all_bot_survivor_team") (value "0")
