L 03/06/2022 - 13:04:00: SourceMod log file session started (file "/home/steam/l4d2/left4dead2/addons/sourcemod/logs/L20220306.log") (Version "1.10.0.6528")
L 03/06/2022 - 13:04:00: [basecommands.smx] "Console<0><Console><Console>" changed cvar (cvar "sb_all_bot_game") (value "1")
L 03/06/2022 - 13:04:00: [basecommands.smx] "Console<0><Console><Console>" changed cvar (cvar "allow_all_bot_survivor_team") (value "0")
L 03/06/2022 - 13:05:33: -------- Mapchange to c1m1_hotel --------
L 03/06/2022 - 13:05:34: [basecommands.smx] "Console<0><Console><Console>" changed cvar (cvar "sb_all_bot_game") (value "1")
L 03/06/2022 - 13:05:34: [basecommands.smx] "Console<0><Console><Console>" changed cvar (cvar "allow_all_bot_survivor_team") (value "0")
L 03/06/2022 - 13:16:44: [basecommands.smx] "Altair<3><STEAM_1:0:90628109><>" kicked "DIBUJITOS DE MRD<24><STEAM_1:0:507584211><>" (reason "")
L 03/06/2022 - 13:17:04: -------- Mapchange to c1m2_streets --------
L 03/06/2022 - 13:17:06: [basecommands.smx] "Console<0><Console><Console>" changed cvar (cvar "sb_all_bot_game") (value "1")
L 03/06/2022 - 13:17:06: [basecommands.smx] "Console<0><Console><Console>" changed cvar (cvar "allow_all_bot_survivor_team") (value "0")
L 03/06/2022 - 13:45:26: -------- Mapchange to c1m3_mall --------
L 03/06/2022 - 13:45:28: [basecommands.smx] "Console<0><Console><Console>" changed cvar (cvar "sb_all_bot_game") (value "1")
L 03/06/2022 - 13:45:28: [basecommands.smx] "Console<0><Console><Console>" changed cvar (cvar "allow_all_bot_survivor_team") (value "0")
L 03/06/2022 - 13:59:57: -------- Mapchange to c1m4_atrium --------
L 03/06/2022 - 13:59:58: [basecommands.smx] "Console<0><Console><Console>" changed cvar (cvar "sb_all_bot_game") (value "1")
L 03/06/2022 - 13:59:58: [basecommands.smx] "Console<0><Console><Console>" changed cvar (cvar "allow_all_bot_survivor_team") (value "0")
L 03/06/2022 - 14:10:33: -------- Mapchange to c8m1_apartment --------
L 03/06/2022 - 14:10:36: [basecommands.smx] "Console<0><Console><Console>" changed cvar (cvar "sb_all_bot_game") (value "1")
L 03/06/2022 - 14:10:36: [basecommands.smx] "Console<0><Console><Console>" changed cvar (cvar "allow_all_bot_survivor_team") (value "0")
L 03/06/2022 - 14:12:03: -------- Mapchange to c8m1_apartment --------
L 03/06/2022 - 14:12:03: [basecommands.smx] "Console<0><Console><Console>" changed cvar (cvar "sb_all_bot_game") (value "1")
L 03/06/2022 - 14:12:03: [basecommands.smx] "Console<0><Console><Console>" changed cvar (cvar "allow_all_bot_survivor_team") (value "0")
L 03/06/2022 - 14:15:28: [basecomm.smx] "Altair<3><STEAM_1:0:90628109><>" muted "Tochii.<115><STEAM_1:1:200009827><>"
L 03/06/2022 - 20:18:11: SourceMod log file session started (file "/home/steam/l4d2/left4dead2/addons/sourcemod/logs/L20220306.log") (Version "1.10.0.6528")
L 03/06/2022 - 20:18:11: [basecommands.smx] "Console<0><Console><Console>" changed cvar (cvar "sb_all_bot_game") (value "1")
L 03/06/2022 - 20:18:11: [basecommands.smx] "Console<0><Console><Console>" changed cvar (cvar "allow_all_bot_survivor_team") (value "0")
L 03/06/2022 - 20:18:29: -------- Mapchange to c8m1_apartment --------
L 03/06/2022 - 20:18:32: [basecommands.smx] "Console<0><Console><Console>" changed cvar (cvar "sb_all_bot_game") (value "1")
L 03/06/2022 - 20:18:32: [basecommands.smx] "Console<0><Console><Console>" changed cvar (cvar "allow_all_bot_survivor_team") (value "0")
L 03/06/2022 - 20:29:54: -------- Mapchange to c8m2_subway --------
L 03/06/2022 - 20:29:55: [basecommands.smx] "Console<0><Console><Console>" changed cvar (cvar "sb_all_bot_game") (value "1")
L 03/06/2022 - 20:29:55: [basecommands.smx] "Console<0><Console><Console>" changed cvar (cvar "allow_all_bot_survivor_team") (value "0")
L 03/06/2022 - 20:48:38: -------- Mapchange to c8m3_sewers --------
L 03/06/2022 - 20:48:39: [basecommands.smx] "Console<0><Console><Console>" changed cvar (cvar "sb_all_bot_game") (value "1")
L 03/06/2022 - 20:48:39: [basecommands.smx] "Console<0><Console><Console>" changed cvar (cvar "allow_all_bot_survivor_team") (value "0")
L 03/06/2022 - 21:05:16: -------- Mapchange to c8m4_interior --------
L 03/06/2022 - 21:05:18: [basecommands.smx] "Console<0><Console><Console>" changed cvar (cvar "sb_all_bot_game") (value "1")
L 03/06/2022 - 21:05:18: [basecommands.smx] "Console<0><Console><Console>" changed cvar (cvar "allow_all_bot_survivor_team") (value "0")
L 03/06/2022 - 21:22:33: -------- Mapchange to c8m5_rooftop --------
L 03/06/2022 - 21:22:33: [basecommands.smx] "Console<0><Console><Console>" changed cvar (cvar "sb_all_bot_game") (value "1")
L 03/06/2022 - 21:22:33: [basecommands.smx] "Console<0><Console><Console>" changed cvar (cvar "allow_all_bot_survivor_team") (value "0")
L 03/06/2022 - 21:28:06: [basebans.smx] "Altair<4><STEAM_1:0:90628109><>" banned "Riddick<44><STEAM_1:0:644256181><>" (minutes "0") (reason "Aimbot")
L 03/06/2022 - 21:45:13: -------- Mapchange to c5m1_waterfront --------
L 03/06/2022 - 21:45:15: [basecommands.smx] "Console<0><Console><Console>" changed cvar (cvar "sb_all_bot_game") (value "1")
L 03/06/2022 - 21:45:15: [basecommands.smx] "Console<0><Console><Console>" changed cvar (cvar "allow_all_bot_survivor_team") (value "0")
